  385:15  error  '_language' is defined but never used  @typescript-eslint/no-unused-vars
  13:3  error  'PENDING' is defined but never used    no-unused-vars
  15:3  error  'RUNNING' is defined but never used    no-unused-vars
  17:3  error  'PAUSED' is defined but never used     no-unused-vars
  19:3  error  'COMPLETED' is defined but never used  no-unused-vars
  21:3  error  'FAILED' is defined but never used     no-unused-vars
  23:3  error  'BLOCKED' is defined but never used    no-unused-vars
  25:3  error  'KILLED' is defined but never used     no-unused-vars
  13:3  error  'PENDING' is defined but never used            no-unused-vars
  15:3  error  'IN_PROGRESS' is defined but never used        no-unused-vars
  17:3  error  'BLOCKED' is defined but never used            no-unused-vars
  19:3  error  'PAUSED' is defined but never used             no-unused-vars
  21:3  error  'AWAITING_APPROVAL' is defined but never used  no-unused-vars
  23:3  error  'CANCELLED' is defined but never used          no-unused-vars
  25:3  error  'FAILED' is defined but never used             no-unused-vars
  27:3  error  'COMPLETED' is defined but never used          no-unused-vars
âœ– 16 problems (16 errors, 0 warnings)
