{"total": {"lines":{"total":1529,"covered":1006,"skipped":0,"pct":65.79},"statements":{"total":1633,"covered":1046,"skipped":0,"pct":64.05},"functions":{"total":262,"covered":187,"skipped":0,"pct":71.37},"branches":{"total":655,"covered":295,"skipped":0,"pct":45.03},"branchesTrue":{"total":0,"covered":0,"skipped":0,"pct":100}}
,"/Users/jasontang/clawd/projects/mission-control/src/context/dependencies.ts": {"lines":{"total":334,"covered":277,"skipped":0,"pct":82.93},"functions":{"total":45,"covered":35,"skipped":0,"pct":77.77},"statements":{"total":341,"covered":280,"skipped":0,"pct":82.11},"branches":{"total":103,"covered":68,"skipped":0,"pct":66.01}}
,"/Users/jasontang/clawd/projects/mission-control/src/context/parser.ts": {"lines":{"total":73,"covered":68,"skipped":0,"pct":93.15},"functions":{"total":10,"covered":6,"skipped":0,"pct":60},"statements":{"total":74,"covered":68,"skipped":0,"pct":91.89},"branches":{"total":31,"covered":26,"skipped":0,"pct":83.87}}
,"/Users/jasontang/clawd/projects/mission-control/src/context/tree.ts": {"lines":{"total":160,"covered":119,"skipped":0,"pct":74.37},"functions":{"total":40,"covered":31,"skipped":0,"pct":77.5},"statements":{"total":167,"covered":125,"skipped":0,"pct":74.85},"branches":{"total":60,"covered":36,"skipped":0,"pct":60}}
,"/Users/jasontang/clawd/projects/mission-control/src/models/agent.ts": {"lines":{"total":13,"covered":13,"skipped":0,"pct":100},"functions":{"total":2,"covered":2,"skipped":0,"pct":100},"statements":{"total":13,"covered":13,"skipped":0,"pct":100},"branches":{"total":10,"covered":10,"skipped":0,"pct":100}}
,"/Users/jasontang/clawd/projects/mission-control/src/models/event.ts": {"lines":{"total":14,"covered":14,"skipped":0,"pct":100},"functions":{"total":6,"covered":6,"skipped":0,"pct":100},"statements":{"total":14,"covered":14,"skipped":0,"pct":100},"branches":{"total":10,"covered":10,"skipped":0,"pct":100}}
,"/Users/jasontang/clawd/projects/mission-control/src/models/index.ts": {"lines":{"total":3,"covered":3,"skipped":0,"pct":100},"functions":{"total":0,"covered":0,"skipped":0,"pct":100},"statements":{"total":3,"covered":3,"skipped":0,"pct":100},"branches":{"total":0,"covered":0,"skipped":0,"pct":100}}
,"/Users/jasontang/clawd/projects/mission-control/src/models/task.ts": {"lines":{"total":17,"covered":17,"skipped":0,"pct":100},"functions":{"total":4,"covered":4,"skipped":0,"pct":100},"statements":{"total":17,"covered":17,"skipped":0,"pct":100},"branches":{"total":10,"covered":10,"skipped":0,"pct":100}}
,"/Users/jasontang/clawd/projects/mission-control/src/quality/gates.ts": {"lines":{"total":171,"covered":142,"skipped":0,"pct":83.04},"functions":{"total":32,"covered":23,"skipped":0,"pct":71.87},"statements":{"total":193,"covered":155,"skipped":0,"pct":80.31},"branches":{"total":99,"covered":54,"skipped":0,"pct":54.54}}
,"/Users/jasontang/clawd/projects/mission-control/src/storage/memory.ts": {"lines":{"total":224,"covered":174,"skipped":0,"pct":77.67},"functions":{"total":58,"covered":51,"skipped":0,"pct":87.93},"statements":{"total":248,"covered":182,"skipped":0,"pct":73.38},"branches":{"total":62,"covered":25,"skipped":0,"pct":40.32}}
,"/Users/jasontang/clawd/projects/mission-control/src/testing/coverage.ts": {"lines":{"total":227,"covered":62,"skipped":0,"pct":27.31},"functions":{"total":26,"covered":9,"skipped":0,"pct":34.61},"statements":{"total":240,"covered":66,"skipped":0,"pct":27.5},"branches":{"total":119,"covered":27,"skipped":0,"pct":22.68}}
,"/Users/jasontang/clawd/projects/mission-control/src/testing/runner.ts": {"lines":{"total":256,"covered":86,"skipped":0,"pct":33.59},"functions":{"total":30,"covered":12,"skipped":0,"pct":40},"statements":{"total":283,"covered":89,"skipped":0,"pct":31.44},"branches":{"total":143,"covered":23,"skipped":0,"pct":16.08}}
,"/Users/jasontang/clawd/projects/mission-control/src/testing/templates.ts": {"lines":{"total":37,"covered":31,"skipped":0,"pct":83.78},"functions":{"total":9,"covered":8,"skipped":0,"pct":88.88},"statements":{"total":40,"covered":34,"skipped":0,"pct":85},"branches":{"total":8,"covered":6,"skipped":0,"pct":75}}
}
