{"/Users/jasontang/clawd/projects/mission-control/src/cli/commands/agents.ts": {"path":"/Users/jasontang/clawd/projects/mission-control/src/cli/commands/agents.ts","statementMap":{"0":{"start":{"line":27,"column":0},"end":{"line":27,"column":16}},"1":{"start":{"line":9,"column":0},"end":{"line":9,"column":36}},"2":{"start":{"line":11,"column":0},"end":{"line":11,"column":49}},"3":{"start":{"line":12,"column":0},"end":{"line":12,"column":44}},"4":{"start":{"line":13,"column":0},"end":{"line":13,"column":44}},"5":{"start":{"line":14,"column":0},"end":{"line":14,"column":58}},"6":{"start":{"line":15,"column":0},"end":{"line":15,"column":68}},"7":{"start":{"line":21,"column":2},"end":{"line":21,"column":34}},"8":{"start":{"line":21,"column":17},"end":{"line":21,"column":34}},"9":{"start":{"line":22,"column":2},"end":{"line":22,"column":54}},"10":{"start":{"line":22,"column":18},"end":{"line":22,"column":54}},"11":{"start":{"line":23,"column":2},"end":{"line":23,"column":57}},"12":{"start":{"line":23,"column":20},"end":{"line":23,"column":57}},"13":{"start":{"line":24,"column":2},"end":{"line":24,"column":41}},"14":{"start":{"line":28,"column":18},"end":{"line":28,"column":39}},"15":{"start":{"line":30,"column":2},"end":{"line":32,"column":20}},"16":{"start":{"line":35,"column":2},"end":{"line":59,"column":7}},"17":{"start":{"line":42,"column":21},"end":{"line":42,"column":49}},"18":{"start":{"line":44,"column":6},"end":{"line":58,"column":7}},"19":{"start":{"line":45,"column":23},"end":{"line":45,"column":48}},"20":{"start":{"line":48,"column":25},"end":{"line":50,"column":18}},"21":{"start":{"line":49,"column":53},"end":{"line":49,"column":80}},"22":{"start":{"line":53,"column":8},"end":{"line":53,"column":93}},"23":{"start":{"line":53,"column":46},"end":{"line":53,"column":91}},"24":{"start":{"line":55,"column":8},"end":{"line":55,"column":52}},"25":{"start":{"line":57,"column":8},"end":{"line":57,"column":27}},"26":{"start":{"line":62,"column":2},"end":{"line":79,"column":7}},"27":{"start":{"line":68,"column":21},"end":{"line":68,"column":51}},"28":{"start":{"line":70,"column":6},"end":{"line":78,"column":7}},"29":{"start":{"line":71,"column":22},"end":{"line":71,"column":53}},"30":{"start":{"line":72,"column":8},"end":{"line":74,"column":9}},"31":{"start":{"line":73,"column":10},"end":{"line":73,"column":53}},"32":{"start":{"line":75,"column":8},"end":{"line":75,"column":48}},"33":{"start":{"line":77,"column":8},"end":{"line":77,"column":27}},"34":{"start":{"line":82,"column":2},"end":{"line":145,"column":7}},"35":{"start":{"line":86,"column":6},"end":{"line":144,"column":7}},"36":{"start":{"line":87,"column":22},"end":{"line":87,"column":53}},"37":{"start":{"line":88,"column":8},"end":{"line":90,"column":9}},"38":{"start":{"line":89,"column":10},"end":{"line":89,"column":53}},"39":{"start":{"line":92,"column":8},"end":{"line":92,"column":68}},"40":{"start":{"line":93,"column":8},"end":{"line":93,"column":25}},"41":{"start":{"line":96,"column":27},"end":{"line":97,"column":96}},"42":{"start":{"line":97,"column":10},"end":{"line":97,"column":96}},"43":{"start":{"line":99,"column":8},"end":{"line":99,"column":111}},"44":{"start":{"line":102,"column":25},"end":{"line":133,"column":16}},"45":{"start":{"line":103,"column":31},"end":{"line":103,"column":62}},"46":{"start":{"line":105,"column":10},"end":{"line":109,"column":11}},"47":{"start":{"line":106,"column":12},"end":{"line":106,"column":65}},"48":{"start":{"line":107,"column":12},"end":{"line":107,"column":36}},"49":{"start":{"line":108,"column":12},"end":{"line":108,"column":28}},"50":{"start":{"line":111,"column":32},"end":{"line":111,"column":51}},"51":{"start":{"line":114,"column":10},"end":{"line":118,"column":11}},"52":{"start":{"line":115,"column":12},"end":{"line":115,"column":71}},"53":{"start":{"line":116,"column":12},"end":{"line":116,"column":36}},"54":{"start":{"line":117,"column":12},"end":{"line":117,"column":28}},"55":{"start":{"line":120,"column":10},"end":{"line":127,"column":11}},"56":{"start":{"line":121,"column":12},"end":{"line":121,"column":66}},"57":{"start":{"line":122,"column":12},"end":{"line":124,"column":13}},"58":{"start":{"line":123,"column":14},"end":{"line":123,"column":65}},"59":{"start":{"line":125,"column":12},"end":{"line":125,"column":36}},"60":{"start":{"line":126,"column":12},"end":{"line":126,"column":28}},"61":{"start":{"line":130,"column":30},"end":{"line":130,"column":47}},"62":{"start":{"line":131,"column":29},"end":{"line":131,"column":120}},"63":{"start":{"line":132,"column":10},"end":{"line":132,"column":34}},"64":{"start":{"line":136,"column":8},"end":{"line":140,"column":11}},"65":{"start":{"line":137,"column":10},"end":{"line":137,"column":47}},"66":{"start":{"line":138,"column":10},"end":{"line":138,"column":34}},"67":{"start":{"line":139,"column":10},"end":{"line":139,"column":26}},"68":{"start":{"line":143,"column":8},"end":{"line":143,"column":27}},"69":{"start":{"line":148,"column":2},"end":{"line":231,"column":7}},"70":{"start":{"line":154,"column":6},"end":{"line":230,"column":7}},"71":{"start":{"line":155,"column":22},"end":{"line":155,"column":53}},"72":{"start":{"line":156,"column":8},"end":{"line":158,"column":9}},"73":{"start":{"line":157,"column":10},"end":{"line":157,"column":53}},"74":{"start":{"line":160,"column":24},"end":{"line":160,"column":58}},"75":{"start":{"line":163,"column":23},"end":{"line":163,"column":72}},"76":{"start":{"line":166,"column":29},"end":{"line":166,"column":51}},"77":{"start":{"line":169,"column":27},"end":{"line":172,"column":9}},"78":{"start":{"line":170,"column":20},"end":{"line":170,"column":34}},"79":{"start":{"line":171,"column":10},"end":{"line":171,"column":101}},"80":{"start":{"line":174,"column":8},"end":{"line":177,"column":9}},"81":{"start":{"line":175,"column":10},"end":{"line":175,"column":60}},"82":{"start":{"line":176,"column":10},"end":{"line":176,"column":17}},"83":{"start":{"line":180,"column":8},"end":{"line":183,"column":9}},"84":{"start":{"line":181,"column":29},"end":{"line":181,"column":58}},"85":{"start":{"line":182,"column":10},"end":{"line":182,"column":87}},"86":{"start":{"line":186,"column":8},"end":{"line":226,"column":9}},"87":{"start":{"line":187,"column":10},"end":{"line":187,"column":82}},"88":{"start":{"line":189,"column":30},"end":{"line":189,"column":103}},"89":{"start":{"line":191,"column":27},"end":{"line":219,"column":18}},"90":{"start":{"line":192,"column":30},"end":{"line":192,"column":79}},"91":{"start":{"line":193,"column":30},"end":{"line":195,"column":25}},"92":{"start":{"line":194,"column":38},"end":{"line":194,"column":56}},"93":{"start":{"line":197,"column":12},"end":{"line":202,"column":13}},"94":{"start":{"line":198,"column":14},"end":{"line":201,"column":15}},"95":{"start":{"line":199,"column":35},"end":{"line":199,"column":64}},"96":{"start":{"line":200,"column":16},"end":{"line":200,"column":93}},"97":{"start":{"line":205,"column":33},"end":{"line":205,"column":64}},"98":{"start":{"line":206,"column":12},"end":{"line":210,"column":13}},"99":{"start":{"line":207,"column":14},"end":{"line":207,"column":67}},"100":{"start":{"line":208,"column":14},"end":{"line":208,"column":38}},"101":{"start":{"line":209,"column":14},"end":{"line":209,"column":30}},"102":{"start":{"line":213,"column":12},"end":{"line":218,"column":13}},"103":{"start":{"line":216,"column":14},"end":{"line":216,"column":38}},"104":{"start":{"line":221,"column":10},"end":{"line":225,"column":13}},"105":{"start":{"line":222,"column":12},"end":{"line":222,"column":55}},"106":{"start":{"line":223,"column":12},"end":{"line":223,"column":36}},"107":{"start":{"line":224,"column":12},"end":{"line":224,"column":28}},"108":{"start":{"line":229,"column":8},"end":{"line":229,"column":27}},"109":{"start":{"line":234,"column":2},"end":{"line":317,"column":7}},"110":{"start":{"line":239,"column":21},"end":{"line":239,"column":51}},"111":{"start":{"line":241,"column":6},"end":{"line":316,"column":7}},"112":{"start":{"line":242,"column":22},"end":{"line":242,"column":53}},"113":{"start":{"line":243,"column":8},"end":{"line":245,"column":9}},"114":{"start":{"line":244,"column":10},"end":{"line":244,"column":53}},"115":{"start":{"line":248,"column":20},"end":{"line":248,"column":30}},"116":{"start":{"line":249,"column":24},"end":{"line":251,"column":25}},"117":{"start":{"line":254,"column":23},"end":{"line":254,"column":72}},"118":{"start":{"line":255,"column":26},"end":{"line":255,"column":51}},"119":{"start":{"line":256,"column":29},"end":{"line":256,"column":68}},"120":{"start":{"line":259,"column":28},"end":{"line":261,"column":null}},"121":{"start":{"line":260,"column":10},"end":{"line":261,"column":75}},"122":{"start":{"line":263,"column":27},"end":{"line":263,"column":71}},"123":{"start":{"line":266,"column":29},"end":{"line":268,"column":13}},"124":{"start":{"line":271,"column":26},"end":{"line":271,"column":29}},"125":{"start":{"line":274,"column":8},"end":{"line":274,"column":55}},"126":{"start":{"line":277,"column":8},"end":{"line":277,"column":50}},"127":{"start":{"line":277,"column":31},"end":{"line":277,"column":50}},"128":{"start":{"line":278,"column":8},"end":{"line":278,"column":50}},"129":{"start":{"line":278,"column":31},"end":{"line":278,"column":50}},"130":{"start":{"line":281,"column":8},"end":{"line":285,"column":9}},"131":{"start":{"line":282,"column":31},"end":{"line":282,"column":79}},"132":{"start":{"line":283,"column":10},"end":{"line":283,"column":56}},"133":{"start":{"line":283,"column":37},"end":{"line":283,"column":56}},"134":{"start":{"line":284,"column":10},"end":{"line":284,"column":56}},"135":{"start":{"line":284,"column":37},"end":{"line":284,"column":56}},"136":{"start":{"line":288,"column":8},"end":{"line":288,"column":60}},"137":{"start":{"line":290,"column":27},"end":{"line":298,"column":10}},"138":{"start":{"line":300,"column":8},"end":{"line":312,"column":9}},"139":{"start":{"line":301,"column":10},"end":{"line":301,"column":59}},"140":{"start":{"line":303,"column":30},"end":{"line":303,"column":87}},"141":{"start":{"line":304,"column":10},"end":{"line":304,"column":54}},"142":{"start":{"line":305,"column":10},"end":{"line":305,"column":64}},"143":{"start":{"line":306,"column":10},"end":{"line":306,"column":77}},"144":{"start":{"line":307,"column":10},"end":{"line":307,"column":69}},"145":{"start":{"line":308,"column":10},"end":{"line":308,"column":85}},"146":{"start":{"line":309,"column":10},"end":{"line":309,"column":70}},"147":{"start":{"line":310,"column":10},"end":{"line":310,"column":67}},"148":{"start":{"line":311,"column":10},"end":{"line":311,"column":88}},"149":{"start":{"line":315,"column":8},"end":{"line":315,"column":27}},"150":{"start":{"line":320,"column":2},"end":{"line":356,"column":7}},"151":{"start":{"line":327,"column":21},"end":{"line":327,"column":49}},"152":{"start":{"line":329,"column":6},"end":{"line":355,"column":7}},"153":{"start":{"line":331,"column":32},"end":{"line":331,"column":66}},"154":{"start":{"line":333,"column":22},"end":{"line":338,"column":10}},"155":{"start":{"line":340,"column":8},"end":{"line":340,"column":41}},"156":{"start":{"line":343,"column":32},"end":{"line":343,"column":66}},"157":{"start":{"line":344,"column":22},"end":{"line":349,"column":10}},"158":{"start":{"line":350,"column":8},"end":{"line":350,"column":41}},"159":{"start":{"line":352,"column":8},"end":{"line":352,"column":48}},"160":{"start":{"line":354,"column":8},"end":{"line":354,"column":27}},"161":{"start":{"line":359,"column":2},"end":{"line":392,"column":7}},"162":{"start":{"line":363,"column":21},"end":{"line":363,"column":49}},"163":{"start":{"line":365,"column":6},"end":{"line":391,"column":7}},"164":{"start":{"line":366,"column":22},"end":{"line":366,"column":53}},"165":{"start":{"line":367,"column":8},"end":{"line":369,"column":9}},"166":{"start":{"line":368,"column":10},"end":{"line":368,"column":53}},"167":{"start":{"line":371,"column":8},"end":{"line":374,"column":11}},"168":{"start":{"line":377,"column":32},"end":{"line":377,"column":66}},"169":{"start":{"line":378,"column":22},"end":{"line":383,"column":10}},"170":{"start":{"line":384,"column":8},"end":{"line":384,"column":41}},"171":{"start":{"line":386,"column":29},"end":{"line":386,"column":61}},"172":{"start":{"line":387,"column":8},"end":{"line":387,"column":55}},"173":{"start":{"line":388,"column":8},"end":{"line":388,"column":55}},"174":{"start":{"line":390,"column":8},"end":{"line":390,"column":27}},"175":{"start":{"line":395,"column":2},"end":{"line":430,"column":7}},"176":{"start":{"line":400,"column":6},"end":{"line":429,"column":7}},"177":{"start":{"line":401,"column":22},"end":{"line":401,"column":53}},"178":{"start":{"line":402,"column":8},"end":{"line":404,"column":9}},"179":{"start":{"line":403,"column":10},"end":{"line":403,"column":53}},"180":{"start":{"line":406,"column":8},"end":{"line":408,"column":9}},"181":{"start":{"line":407,"column":10},"end":{"line":407,"column":60}},"182":{"start":{"line":410,"column":8},"end":{"line":412,"column":9}},"183":{"start":{"line":411,"column":10},"end":{"line":411,"column":70}},"184":{"start":{"line":415,"column":8},"end":{"line":419,"column":11}},"185":{"start":{"line":422,"column":37},"end":{"line":422,"column":73}},"186":{"start":{"line":423,"column":8},"end":{"line":423,"column":68}},"187":{"start":{"line":425,"column":29},"end":{"line":425,"column":61}},"188":{"start":{"line":426,"column":8},"end":{"line":426,"column":93}},"189":{"start":{"line":428,"column":8},"end":{"line":428,"column":27}},"190":{"start":{"line":433,"column":2},"end":{"line":463,"column":7}},"191":{"start":{"line":437,"column":6},"end":{"line":462,"column":7}},"192":{"start":{"line":438,"column":22},"end":{"line":438,"column":53}},"193":{"start":{"line":439,"column":8},"end":{"line":441,"column":9}},"194":{"start":{"line":440,"column":10},"end":{"line":440,"column":53}},"195":{"start":{"line":443,"column":8},"end":{"line":445,"column":9}},"196":{"start":{"line":444,"column":10},"end":{"line":444,"column":90}},"197":{"start":{"line":448,"column":8},"end":{"line":453,"column":11}},"198":{"start":{"line":456,"column":37},"end":{"line":456,"column":73}},"199":{"start":{"line":457,"column":8},"end":{"line":457,"column":53}},"200":{"start":{"line":459,"column":8},"end":{"line":459,"column":50}},"201":{"start":{"line":461,"column":8},"end":{"line":461,"column":27}},"202":{"start":{"line":466,"column":2},"end":{"line":513,"column":7}},"203":{"start":{"line":472,"column":6},"end":{"line":512,"column":7}},"204":{"start":{"line":473,"column":22},"end":{"line":473,"column":53}},"205":{"start":{"line":474,"column":8},"end":{"line":476,"column":9}},"206":{"start":{"line":475,"column":10},"end":{"line":475,"column":53}},"207":{"start":{"line":478,"column":8},"end":{"line":480,"column":9}},"208":{"start":{"line":479,"column":10},"end":{"line":479,"column":73}},"209":{"start":{"line":483,"column":8},"end":{"line":485,"column":9}},"210":{"start":{"line":484,"column":10},"end":{"line":484,"column":89}},"211":{"start":{"line":488,"column":30},"end":{"line":488,"column":91}},"212":{"start":{"line":489,"column":8},"end":{"line":495,"column":11}},"213":{"start":{"line":498,"column":37},"end":{"line":498,"column":73}},"214":{"start":{"line":499,"column":8},"end":{"line":507,"column":24}},"215":{"start":{"line":509,"column":8},"end":{"line":509,"column":105}},"216":{"start":{"line":511,"column":8},"end":{"line":511,"column":27}},"217":{"start":{"line":516,"column":2},"end":{"line":545,"column":7}},"218":{"start":{"line":520,"column":6},"end":{"line":544,"column":7}},"219":{"start":{"line":521,"column":22},"end":{"line":521,"column":53}},"220":{"start":{"line":522,"column":8},"end":{"line":524,"column":9}},"221":{"start":{"line":523,"column":10},"end":{"line":523,"column":53}},"222":{"start":{"line":526,"column":8},"end":{"line":529,"column":11}},"223":{"start":{"line":532,"column":32},"end":{"line":532,"column":66}},"224":{"start":{"line":533,"column":22},"end":{"line":538,"column":10}},"225":{"start":{"line":539,"column":8},"end":{"line":539,"column":41}},"226":{"start":{"line":541,"column":8},"end":{"line":541,"column":50}},"227":{"start":{"line":543,"column":8},"end":{"line":543,"column":27}},"228":{"start":{"line":547,"column":2},"end":{"line":547,"column":17}},"229":{"start":{"line":550,"column":0},"end":{"line":550,"column":29}}},"fnMap":{"0":{"name":"formatDuration","decl":{"start":{"line":20,"column":9},"end":{"line":20,"column":23}},"loc":{"start":{"line":20,"column":34},"end":{"line":25,"column":1}}},"1":{"name":"agentsCommand","decl":{"start":{"line":27,"column":16},"end":{"line":27,"column":29}},"loc":{"start":{"line":27,"column":29},"end":{"line":548,"column":1}}},"2":{"name":"(anonymous_11)","decl":{"start":{"line":41,"column":12},"end":{"line":41,"column":21}},"loc":{"start":{"line":41,"column":65},"end":{"line":59,"column":5}}},"3":{"name":"(anonymous_12)","decl":{"start":{"line":49,"column":26},"end":{"line":49,"column":27}},"loc":{"start":{"line":49,"column":53},"end":{"line":49,"column":80}}},"4":{"name":"(anonymous_13)","decl":{"start":{"line":53,"column":22},"end":{"line":53,"column":23}},"loc":{"start":{"line":53,"column":46},"end":{"line":53,"column":91}}},"5":{"name":"(anonymous_14)","decl":{"start":{"line":67,"column":12},"end":{"line":67,"column":17}},"loc":{"start":{"line":67,"column":67},"end":{"line":79,"column":5}}},"6":{"name":"(anonymous_15)","decl":{"start":{"line":85,"column":12},"end":{"line":85,"column":17}},"loc":{"start":{"line":85,"column":38},"end":{"line":145,"column":5}}},"7":{"name":"(anonymous_16)","decl":{"start":{"line":96,"column":27},"end":{"line":96,"column":28}},"loc":{"start":{"line":97,"column":10},"end":{"line":97,"column":96}}},"8":{"name":"(anonymous_17)","decl":{"start":{"line":102,"column":37},"end":{"line":102,"column":40}},"loc":{"start":{"line":102,"column":42},"end":{"line":133,"column":9}}},"9":{"name":"(anonymous_18)","decl":{"start":{"line":136,"column":29},"end":{"line":136,"column":32}},"loc":{"start":{"line":136,"column":34},"end":{"line":140,"column":9}}},"10":{"name":"(anonymous_19)","decl":{"start":{"line":153,"column":12},"end":{"line":153,"column":17}},"loc":{"start":{"line":153,"column":84},"end":{"line":231,"column":5}}},"11":{"name":"(anonymous_20)","decl":{"start":{"line":169,"column":27},"end":{"line":169,"column":28}},"loc":{"start":{"line":169,"column":51},"end":{"line":172,"column":9}}},"12":{"name":"(anonymous_21)","decl":{"start":{"line":191,"column":39},"end":{"line":191,"column":42}},"loc":{"start":{"line":191,"column":44},"end":{"line":219,"column":11}}},"13":{"name":"(anonymous_22)","decl":{"start":{"line":194,"column":33},"end":{"line":194,"column":34}},"loc":{"start":{"line":194,"column":38},"end":{"line":194,"column":56}}},"14":{"name":"(anonymous_23)","decl":{"start":{"line":221,"column":31},"end":{"line":221,"column":34}},"loc":{"start":{"line":221,"column":36},"end":{"line":225,"column":11}}},"15":{"name":"(anonymous_24)","decl":{"start":{"line":238,"column":12},"end":{"line":238,"column":17}},"loc":{"start":{"line":238,"column":67},"end":{"line":317,"column":5}}},"16":{"name":"(anonymous_25)","decl":{"start":{"line":259,"column":42},"end":{"line":259,"column":43}},"loc":{"start":{"line":260,"column":10},"end":{"line":261,"column":75}}},"17":{"name":"(anonymous_26)","decl":{"start":{"line":326,"column":12},"end":{"line":326,"column":17}},"loc":{"start":{"line":326,"column":96},"end":{"line":356,"column":5}}},"18":{"name":"(anonymous_27)","decl":{"start":{"line":331,"column":32},"end":{"line":331,"column":45}},"loc":{"start":{"line":331,"column":32},"end":{"line":331,"column":66}}},"19":{"name":"(anonymous_28)","decl":{"start":{"line":343,"column":32},"end":{"line":343,"column":45}},"loc":{"start":{"line":343,"column":32},"end":{"line":343,"column":66}}},"20":{"name":"(anonymous_29)","decl":{"start":{"line":362,"column":12},"end":{"line":362,"column":17}},"loc":{"start":{"line":362,"column":38},"end":{"line":392,"column":5}}},"21":{"name":"(anonymous_30)","decl":{"start":{"line":377,"column":32},"end":{"line":377,"column":45}},"loc":{"start":{"line":377,"column":32},"end":{"line":377,"column":66}}},"22":{"name":"(anonymous_31)","decl":{"start":{"line":399,"column":12},"end":{"line":399,"column":17}},"loc":{"start":{"line":399,"column":68},"end":{"line":430,"column":5}}},"23":{"name":"(anonymous_32)","decl":{"start":{"line":422,"column":37},"end":{"line":422,"column":50}},"loc":{"start":{"line":422,"column":37},"end":{"line":422,"column":73}}},"24":{"name":"(anonymous_33)","decl":{"start":{"line":436,"column":12},"end":{"line":436,"column":17}},"loc":{"start":{"line":436,"column":38},"end":{"line":463,"column":5}}},"25":{"name":"(anonymous_34)","decl":{"start":{"line":456,"column":37},"end":{"line":456,"column":50}},"loc":{"start":{"line":456,"column":37},"end":{"line":456,"column":73}}},"26":{"name":"(anonymous_35)","decl":{"start":{"line":471,"column":12},"end":{"line":471,"column":17}},"loc":{"start":{"line":471,"column":90},"end":{"line":513,"column":5}}},"27":{"name":"(anonymous_36)","decl":{"start":{"line":498,"column":37},"end":{"line":498,"column":50}},"loc":{"start":{"line":498,"column":37},"end":{"line":498,"column":73}}},"28":{"name":"(anonymous_37)","decl":{"start":{"line":519,"column":12},"end":{"line":519,"column":17}},"loc":{"start":{"line":519,"column":38},"end":{"line":545,"column":5}}},"29":{"name":"(anonymous_38)","decl":{"start":{"line":532,"column":32},"end":{"line":532,"column":45}},"loc":{"start":{"line":532,"column":32},"end":{"line":532,"column":66}}}},"branchMap":{"0":{"loc":{"start":{"line":21,"column":2},"end":{"line":21,"column":34}},"type":"if","locations":[{"start":{"line":21,"column":2},"end":{"line":21,"column":34}}]},"1":{"loc":{"start":{"line":22,"column":2},"end":{"line":22,"column":54}},"type":"if","locations":[{"start":{"line":22,"column":2},"end":{"line":22,"column":54}}]},"2":{"loc":{"start":{"line":23,"column":2},"end":{"line":23,"column":57}},"type":"if","locations":[{"start":{"line":23,"column":2},"end":{"line":23,"column":57}}]},"3":{"loc":{"start":{"line":48,"column":25},"end":{"line":50,"column":18}},"type":"cond-expr","locations":[{"start":{"line":49,"column":12},"end":{"line":49,"column":81}},{"start":{"line":50,"column":12},"end":{"line":50,"column":18}}]},"4":{"loc":{"start":{"line":72,"column":8},"end":{"line":74,"column":9}},"type":"if","locations":[{"start":{"line":72,"column":8},"end":{"line":74,"column":9}}]},"5":{"loc":{"start":{"line":88,"column":8},"end":{"line":90,"column":9}},"type":"if","locations":[{"start":{"line":88,"column":8},"end":{"line":90,"column":9}}]},"6":{"loc":{"start":{"line":105,"column":10},"end":{"line":109,"column":11}},"type":"if","locations":[{"start":{"line":105,"column":10},"end":{"line":109,"column":11}}]},"7":{"loc":{"start":{"line":114,"column":10},"end":{"line":118,"column":11}},"type":"if","locations":[{"start":{"line":114,"column":10},"end":{"line":118,"column":11}}]},"8":{"loc":{"start":{"line":120,"column":10},"end":{"line":127,"column":11}},"type":"if","locations":[{"start":{"line":120,"column":10},"end":{"line":127,"column":11}}]},"9":{"loc":{"start":{"line":120,"column":14},"end":{"line":120,"column":90}},"type":"binary-expr","locations":[{"start":{"line":120,"column":14},"end":{"line":120,"column":50}},{"start":{"line":120,"column":54},"end":{"line":120,"column":90}}]},"10":{"loc":{"start":{"line":122,"column":12},"end":{"line":124,"column":13}},"type":"if","locations":[{"start":{"line":122,"column":12},"end":{"line":124,"column":13}}]},"11":{"loc":{"start":{"line":156,"column":8},"end":{"line":158,"column":9}},"type":"if","locations":[{"start":{"line":156,"column":8},"end":{"line":158,"column":9}}]},"12":{"loc":{"start":{"line":160,"column":33},"end":{"line":160,"column":53}},"type":"binary-expr","locations":[{"start":{"line":160,"column":33},"end":{"line":160,"column":45}},{"start":{"line":160,"column":49},"end":{"line":160,"column":53}}]},"13":{"loc":{"start":{"line":174,"column":8},"end":{"line":177,"column":9}},"type":"if","locations":[{"start":{"line":174,"column":8},"end":{"line":177,"column":9}}]},"14":{"loc":{"start":{"line":186,"column":8},"end":{"line":226,"column":9}},"type":"if","locations":[{"start":{"line":186,"column":8},"end":{"line":226,"column":9}}]},"15":{"loc":{"start":{"line":189,"column":30},"end":{"line":189,"column":103}},"type":"cond-expr","locations":[{"start":{"line":189,"column":56},"end":{"line":189,"column":96}},{"start":{"line":189,"column":99},"end":{"line":189,"column":103}}]},"16":{"loc":{"start":{"line":193,"column":30},"end":{"line":195,"column":25}},"type":"cond-expr","locations":[{"start":{"line":194,"column":16},"end":{"line":194,"column":57}},{"start":{"line":195,"column":16},"end":{"line":195,"column":25}}]},"17":{"loc":{"start":{"line":197,"column":12},"end":{"line":202,"column":13}},"type":"if","locations":[{"start":{"line":197,"column":12},"end":{"line":202,"column":13}}]},"18":{"loc":{"start":{"line":206,"column":12},"end":{"line":210,"column":13}},"type":"if","locations":[{"start":{"line":206,"column":12},"end":{"line":210,"column":13}}]},"19":{"loc":{"start":{"line":213,"column":12},"end":{"line":218,"column":13}},"type":"if","locations":[{"start":{"line":213,"column":12},"end":{"line":218,"column":13}}]},"20":{"loc":{"start":{"line":213,"column":16},"end":{"line":215,"column":58}},"type":"binary-expr","locations":[{"start":{"line":213,"column":16},"end":{"line":213,"column":61}},{"start":{"line":214,"column":16},"end":{"line":214,"column":58}},{"start":{"line":215,"column":16},"end":{"line":215,"column":58}}]},"21":{"loc":{"start":{"line":243,"column":8},"end":{"line":245,"column":9}},"type":"if","locations":[{"start":{"line":243,"column":8},"end":{"line":245,"column":9}}]},"22":{"loc":{"start":{"line":249,"column":24},"end":{"line":251,"column":25}},"type":"cond-expr","locations":[{"start":{"line":250,"column":12},"end":{"line":250,"column":69}},{"start":{"line":251,"column":12},"end":{"line":251,"column":25}}]},"23":{"loc":{"start":{"line":256,"column":29},"end":{"line":256,"column":68}},"type":"binary-expr","locations":[{"start":{"line":256,"column":29},"end":{"line":256,"column":49}},{"start":{"line":256,"column":53},"end":{"line":256,"column":68}}]},"24":{"loc":{"start":{"line":260,"column":10},"end":{"line":261,"column":75}},"type":"binary-expr","locations":[{"start":{"line":260,"column":10},"end":{"line":260,"column":35}},{"start":{"line":261,"column":11},"end":{"line":261,"column":26}},{"start":{"line":261,"column":30},"end":{"line":261,"column":74}}]},"25":{"loc":{"start":{"line":263,"column":49},"end":{"line":263,"column":70}},"type":"binary-expr","locations":[{"start":{"line":263,"column":49},"end":{"line":263,"column":65}},{"start":{"line":263,"column":69},"end":{"line":263,"column":70}}]},"26":{"loc":{"start":{"line":266,"column":29},"end":{"line":268,"column":13}},"type":"cond-expr","locations":[{"start":{"line":267,"column":12},"end":{"line":267,"column":75}},{"start":{"line":268,"column":12},"end":{"line":268,"column":13}}]},"27":{"loc":{"start":{"line":277,"column":8},"end":{"line":277,"column":50}},"type":"if","locations":[{"start":{"line":277,"column":8},"end":{"line":277,"column":50}}]},"28":{"loc":{"start":{"line":278,"column":8},"end":{"line":278,"column":50}},"type":"if","locations":[{"start":{"line":278,"column":8},"end":{"line":278,"column":50}}]},"29":{"loc":{"start":{"line":281,"column":8},"end":{"line":285,"column":9}},"type":"if","locations":[{"start":{"line":281,"column":8},"end":{"line":285,"column":9}}]},"30":{"loc":{"start":{"line":283,"column":10},"end":{"line":283,"column":56}},"type":"if","locations":[{"start":{"line":283,"column":10},"end":{"line":283,"column":56}}]},"31":{"loc":{"start":{"line":284,"column":10},"end":{"line":284,"column":56}},"type":"if","locations":[{"start":{"line":284,"column":10},"end":{"line":284,"column":56}}]},"32":{"loc":{"start":{"line":300,"column":8},"end":{"line":312,"column":9}},"type":"if","locations":[{"start":{"line":300,"column":8},"end":{"line":312,"column":9}},{"start":{"line":302,"column":15},"end":{"line":312,"column":9}}]},"33":{"loc":{"start":{"line":303,"column":30},"end":{"line":303,"column":87}},"type":"cond-expr","locations":[{"start":{"line":303,"column":51},"end":{"line":303,"column":54}},{"start":{"line":303,"column":57},"end":{"line":303,"column":87}}]},"34":{"loc":{"start":{"line":303,"column":57},"end":{"line":303,"column":87}},"type":"cond-expr","locations":[{"start":{"line":303,"column":78},"end":{"line":303,"column":81}},{"start":{"line":303,"column":84},"end":{"line":303,"column":87}}]},"35":{"loc":{"start":{"line":335,"column":17},"end":{"line":335,"column":44}},"type":"binary-expr","locations":[{"start":{"line":335,"column":17},"end":{"line":335,"column":30}},{"start":{"line":335,"column":34},"end":{"line":335,"column":44}}]},"36":{"loc":{"start":{"line":367,"column":8},"end":{"line":369,"column":9}},"type":"if","locations":[{"start":{"line":367,"column":8},"end":{"line":369,"column":9}}]},"37":{"loc":{"start":{"line":402,"column":8},"end":{"line":404,"column":9}},"type":"if","locations":[{"start":{"line":402,"column":8},"end":{"line":404,"column":9}}]},"38":{"loc":{"start":{"line":406,"column":8},"end":{"line":408,"column":9}},"type":"if","locations":[{"start":{"line":406,"column":8},"end":{"line":408,"column":9}}]},"39":{"loc":{"start":{"line":410,"column":8},"end":{"line":412,"column":9}},"type":"if","locations":[{"start":{"line":410,"column":8},"end":{"line":412,"column":9}}]},"40":{"loc":{"start":{"line":410,"column":12},"end":{"line":410,"column":88}},"type":"binary-expr","locations":[{"start":{"line":410,"column":12},"end":{"line":410,"column":48}},{"start":{"line":410,"column":52},"end":{"line":410,"column":88}}]},"41":{"loc":{"start":{"line":439,"column":8},"end":{"line":441,"column":9}},"type":"if","locations":[{"start":{"line":439,"column":8},"end":{"line":441,"column":9}}]},"42":{"loc":{"start":{"line":443,"column":8},"end":{"line":445,"column":9}},"type":"if","locations":[{"start":{"line":443,"column":8},"end":{"line":445,"column":9}}]},"43":{"loc":{"start":{"line":474,"column":8},"end":{"line":476,"column":9}},"type":"if","locations":[{"start":{"line":474,"column":8},"end":{"line":476,"column":9}}]},"44":{"loc":{"start":{"line":478,"column":8},"end":{"line":480,"column":9}},"type":"if","locations":[{"start":{"line":478,"column":8},"end":{"line":480,"column":9}}]},"45":{"loc":{"start":{"line":483,"column":8},"end":{"line":485,"column":9}},"type":"if","locations":[{"start":{"line":483,"column":8},"end":{"line":485,"column":9}}]},"46":{"loc":{"start":{"line":488,"column":30},"end":{"line":488,"column":91}},"type":"cond-expr","locations":[{"start":{"line":488,"column":52},"end":{"line":488,"column":68}},{"start":{"line":488,"column":71},"end":{"line":488,"column":91}}]},"47":{"loc":{"start":{"line":522,"column":8},"end":{"line":524,"column":9}},"type":"if","locations":[{"start":{"line":522,"column":8},"end":{"line":524,"column":9}}]}},"s":{"0":1,"1":1,"2":1,"3":1,"4":1,"5":1,"6":1,"7":0,"8":0,"9":0,"10":0,"11":0,"12":0,"13":0,"14":25,"15":25,"16":25,"17":0,"18":0,"19":0,"20":0,"21":0,"22":0,"23":0,"24":0,"25":0,"26":25,"27":0,"28":0,"29":0,"30":0,"31":0,"32":0,"33":0,"34":25,"35":0,"36":0,"37":0,"38":0,"39":0,"40":0,"41":0,"42":0,"43":0,"44":0,"45":0,"46":0,"47":0,"48":0,"49":0,"50":0,"51":0,"52":0,"53":0,"54":0,"55":0,"56":0,"57":0,"58":0,"59":0,"60":0,"61":0,"62":0,"63":0,"64":0,"65":0,"66":0,"67":0,"68":0,"69":25,"70":0,"71":0,"72":0,"73":0,"74":0,"75":0,"76":0,"77":0,"78":0,"79":0,"80":0,"81":0,"82":0,"83":0,"84":0,"85":0,"86":0,"87":0,"88":0,"89":0,"90":0,"91":0,"92":0,"93":0,"94":0,"95":0,"96":0,"97":0,"98":0,"99":0,"100":0,"101":0,"102":0,"103":0,"104":0,"105":0,"106":0,"107":0,"108":0,"109":25,"110":0,"111":0,"112":0,"113":0,"114":0,"115":0,"116":0,"117":0,"118":0,"119":0,"120":0,"121":0,"122":0,"123":0,"124":0,"125":0,"126":0,"127":0,"128":0,"129":0,"130":0,"131":0,"132":0,"133":0,"134":0,"135":0,"136":0,"137":0,"138":0,"139":0,"140":0,"141":0,"142":0,"143":0,"144":0,"145":0,"146":0,"147":0,"148":0,"149":0,"150":25,"151":0,"152":0,"153":0,"154":0,"155":0,"156":0,"157":0,"158":0,"159":0,"160":0,"161":25,"162":0,"163":0,"164":0,"165":0,"166":0,"167":0,"168":0,"169":0,"170":0,"171":0,"172":0,"173":0,"174":0,"175":25,"176":0,"177":0,"178":0,"179":0,"180":0,"181":0,"182":0,"183":0,"184":0,"185":0,"186":0,"187":0,"188":0,"189":0,"190":25,"191":0,"192":0,"193":0,"194":0,"195":0,"196":0,"197":0,"198":0,"199":0,"200":0,"201":0,"202":25,"203":0,"204":0,"205":0,"206":0,"207":0,"208":0,"209":0,"210":0,"211":0,"212":0,"213":0,"214":0,"215":0,"216":0,"217":25,"218":0,"219":0,"220":0,"221":0,"222":0,"223":0,"224":0,"225":0,"226":0,"227":0,"228":25,"229":1},"f":{"0":0,"1":25,"2":0,"3":0,"4":0,"5":0,"6":0,"7":0,"8":0,"9":0,"10":0,"11":0,"12":0,"13":0,"14":0,"15":0,"16":0,"17":0,"18":0,"19":0,"20":0,"21":0,"22":0,"23":0,"24":0,"25":0,"26":0,"27":0,"28":0,"29":0},"b":{"0":[0],"1":[0],"2":[0],"3":[0,0],"4":[0],"5":[0],"6":[0],"7":[0],"8":[0],"9":[0,0],"10":[0],"11":[0],"12":[0,0],"13":[0],"14":[0],"15":[0,0],"16":[0,0],"17":[0],"18":[0],"19":[0],"20":[0,0,0],"21":[0],"22":[0,0],"23":[0,0],"24":[0,0,0],"25":[0,0],"26":[0,0],"27":[0],"28":[0],"29":[0],"30":[0],"31":[0],"32":[0,0],"33":[0,0],"34":[0,0],"35":[0,0],"36":[0],"37":[0],"38":[0],"39":[0],"40":[0,0],"41":[0],"42":[0],"43":[0],"44":[0],"45":[0],"46":[0,0],"47":[0]}}
,"/Users/jasontang/clawd/projects/mission-control/src/cli/commands/quality.ts": {"path":"/Users/jasontang/clawd/projects/mission-control/src/cli/commands/quality.ts","statementMap":{"0":{"start":{"line":81,"column":0},"end":{"line":81,"column":16}},"1":{"start":{"line":162,"column":0},"end":{"line":162,"column":16}},"2":{"start":{"line":242,"column":0},"end":{"line":242,"column":16}},"3":{"start":{"line":323,"column":0},"end":{"line":323,"column":16}},"4":{"start":{"line":386,"column":0},"end":{"line":386,"column":16}},"5":{"start":{"line":9,"column":0},"end":{"line":9,"column":25}},"6":{"start":{"line":10,"column":0},"end":{"line":10,"column":29}},"7":{"start":{"line":12,"column":0},"end":{"line":12,"column":36}},"8":{"start":{"line":14,"column":0},"end":{"line":14,"column":201}},"9":{"start":{"line":15,"column":0},"end":{"line":15,"column":44}},"10":{"start":{"line":21,"column":2},"end":{"line":21,"column":38}},"11":{"start":{"line":44,"column":20},"end":{"line":44,"column":60}},"12":{"start":{"line":46,"column":2},"end":{"line":48,"column":3}},"13":{"start":{"line":47,"column":4},"end":{"line":47,"column":16}},"14":{"start":{"line":50,"column":20},"end":{"line":50,"column":45}},"15":{"start":{"line":52,"column":2},"end":{"line":73,"column":3}},"16":{"start":{"line":54,"column":4},"end":{"line":59,"column":5}},"17":{"start":{"line":55,"column":24},"end":{"line":55,"column":49}},"18":{"start":{"line":56,"column":6},"end":{"line":58,"column":7}},"19":{"start":{"line":57,"column":8},"end":{"line":57,"column":44}},"20":{"start":{"line":62,"column":21},"end":{"line":62,"column":57}},"21":{"start":{"line":63,"column":4},"end":{"line":72,"column":5}},"22":{"start":{"line":64,"column":6},"end":{"line":71,"column":7}},"23":{"start":{"line":65,"column":24},"end":{"line":65,"column":58}},"24":{"start":{"line":66,"column":8},"end":{"line":68,"column":9}},"25":{"start":{"line":67,"column":10},"end":{"line":67,"column":62}},"26":{"start":{"line":75,"column":2},"end":{"line":75,"column":14}},"27":{"start":{"line":82,"column":14},"end":{"line":82,"column":27}},"28":{"start":{"line":84,"column":2},"end":{"line":154,"column":7}},"29":{"start":{"line":92,"column":6},"end":{"line":153,"column":7}},"30":{"start":{"line":93,"column":22},"end":{"line":93,"column":40}},"31":{"start":{"line":95,"column":8},"end":{"line":99,"column":9}},"32":{"start":{"line":96,"column":10},"end":{"line":96,"column":54}},"33":{"start":{"line":97,"column":10},"end":{"line":97,"column":79}},"34":{"start":{"line":98,"column":10},"end":{"line":98,"column":26}},"35":{"start":{"line":101,"column":8},"end":{"line":101,"column":60}},"36":{"start":{"line":102,"column":8},"end":{"line":102,"column":43}},"37":{"start":{"line":103,"column":8},"end":{"line":103,"column":25}},"38":{"start":{"line":105,"column":24},"end":{"line":111,"column":10}},"39":{"start":{"line":114,"column":24},"end":{"line":114,"column":60}},"40":{"start":{"line":116,"column":8},"end":{"line":147,"column":9}},"41":{"start":{"line":117,"column":10},"end":{"line":128,"column":14}},"42":{"start":{"line":119,"column":151},"end":{"line":124,"column":14}},"43":{"start":{"line":130,"column":10},"end":{"line":130,"column":48}},"44":{"start":{"line":132,"column":10},"end":{"line":139,"column":11}},"45":{"start":{"line":133,"column":27},"end":{"line":133,"column":53}},"46":{"start":{"line":134,"column":12},"end":{"line":134,"column":66}},"47":{"start":{"line":135,"column":12},"end":{"line":135,"column":63}},"48":{"start":{"line":136,"column":12},"end":{"line":136,"column":67}},"49":{"start":{"line":137,"column":12},"end":{"line":137,"column":79}},"50":{"start":{"line":138,"column":12},"end":{"line":138,"column":29}},"51":{"start":{"line":141,"column":10},"end":{"line":141,"column":41}},"52":{"start":{"line":142,"column":10},"end":{"line":142,"column":67}},"53":{"start":{"line":143,"column":10},"end":{"line":143,"column":71}},"54":{"start":{"line":144,"column":10},"end":{"line":144,"column":86}},"55":{"start":{"line":145,"column":10},"end":{"line":145,"column":77}},"56":{"start":{"line":146,"column":10},"end":{"line":146,"column":77}},"57":{"start":{"line":149,"column":8},"end":{"line":149,"column":45}},"58":{"start":{"line":151,"column":8},"end":{"line":151,"column":104}},"59":{"start":{"line":152,"column":8},"end":{"line":152,"column":24}},"60":{"start":{"line":156,"column":2},"end":{"line":156,"column":13}},"61":{"start":{"line":163,"column":14},"end":{"line":163,"column":27}},"62":{"start":{"line":165,"column":2},"end":{"line":234,"column":7}},"63":{"start":{"line":172,"column":6},"end":{"line":233,"column":7}},"64":{"start":{"line":173,"column":22},"end":{"line":173,"column":40}},"65":{"start":{"line":175,"column":8},"end":{"line":178,"column":9}},"66":{"start":{"line":176,"column":10},"end":{"line":176,"column":54}},"67":{"start":{"line":177,"column":10},"end":{"line":177,"column":26}},"68":{"start":{"line":180,"column":8},"end":{"line":180,"column":66}},"69":{"start":{"line":181,"column":8},"end":{"line":181,"column":25}},"70":{"start":{"line":183,"column":27},"end":{"line":183,"column":53}},"71":{"start":{"line":184,"column":29},"end":{"line":184,"column":92}},"72":{"start":{"line":184,"column":50},"end":{"line":184,"column":91}},"73":{"start":{"line":185,"column":25},"end":{"line":185,"column":64}},"74":{"start":{"line":185,"column":46},"end":{"line":185,"column":63}},"75":{"start":{"line":189,"column":8},"end":{"line":196,"column":9}},"76":{"start":{"line":190,"column":10},"end":{"line":190,"column":60}},"77":{"start":{"line":191,"column":15},"end":{"line":196,"column":9}},"78":{"start":{"line":192,"column":10},"end":{"line":192,"column":49}},"79":{"start":{"line":194,"column":10},"end":{"line":194,"column":78}},"80":{"start":{"line":195,"column":10},"end":{"line":195,"column":26}},"81":{"start":{"line":198,"column":22},"end":{"line":198,"column":80}},"82":{"start":{"line":200,"column":8},"end":{"line":227,"column":9}},"83":{"start":{"line":201,"column":10},"end":{"line":209,"column":14}},"84":{"start":{"line":211,"column":10},"end":{"line":211,"column":54}},"85":{"start":{"line":212,"column":10},"end":{"line":212,"column":77}},"86":{"start":{"line":213,"column":10},"end":{"line":213,"column":54}},"87":{"start":{"line":214,"column":10},"end":{"line":214,"column":58}},"88":{"start":{"line":215,"column":10},"end":{"line":215,"column":61}},"89":{"start":{"line":216,"column":10},"end":{"line":216,"column":86}},"90":{"start":{"line":218,"column":10},"end":{"line":226,"column":11}},"91":{"start":{"line":219,"column":12},"end":{"line":219,"column":37}},"92":{"start":{"line":220,"column":12},"end":{"line":222,"column":13}},"93":{"start":{"line":221,"column":14},"end":{"line":221,"column":78}},"94":{"start":{"line":223,"column":12},"end":{"line":225,"column":13}},"95":{"start":{"line":224,"column":14},"end":{"line":224,"column":77}},"96":{"start":{"line":229,"column":8},"end":{"line":229,"column":54}},"97":{"start":{"line":231,"column":8},"end":{"line":231,"column":110}},"98":{"start":{"line":232,"column":8},"end":{"line":232,"column":24}},"99":{"start":{"line":236,"column":2},"end":{"line":236,"column":13}},"100":{"start":{"line":243,"column":14},"end":{"line":243,"column":27}},"101":{"start":{"line":245,"column":2},"end":{"line":315,"column":7}},"102":{"start":{"line":252,"column":6},"end":{"line":314,"column":7}},"103":{"start":{"line":253,"column":22},"end":{"line":253,"column":40}},"104":{"start":{"line":255,"column":8},"end":{"line":258,"column":9}},"105":{"start":{"line":256,"column":10},"end":{"line":256,"column":54}},"106":{"start":{"line":257,"column":10},"end":{"line":257,"column":26}},"107":{"start":{"line":260,"column":8},"end":{"line":260,"column":67}},"108":{"start":{"line":261,"column":8},"end":{"line":261,"column":57}},"109":{"start":{"line":262,"column":8},"end":{"line":262,"column":25}},"110":{"start":{"line":264,"column":23},"end":{"line":264,"column":56}},"111":{"start":{"line":267,"column":25},"end":{"line":267,"column":118}},"112":{"start":{"line":267,"column":85},"end":{"line":267,"column":110}},"113":{"start":{"line":268,"column":21},"end":{"line":268,"column":110}},"114":{"start":{"line":268,"column":81},"end":{"line":268,"column":102}},"115":{"start":{"line":269,"column":23},"end":{"line":269,"column":114}},"116":{"start":{"line":269,"column":83},"end":{"line":269,"column":106}},"117":{"start":{"line":270,"column":20},"end":{"line":270,"column":108}},"118":{"start":{"line":270,"column":80},"end":{"line":270,"column":100}},"119":{"start":{"line":272,"column":23},"end":{"line":272,"column":51}},"120":{"start":{"line":274,"column":8},"end":{"line":308,"column":9}},"121":{"start":{"line":275,"column":10},"end":{"line":281,"column":14}},"122":{"start":{"line":283,"column":10},"end":{"line":283,"column":57}},"123":{"start":{"line":285,"column":10},"end":{"line":305,"column":11}},"124":{"start":{"line":286,"column":12},"end":{"line":286,"column":64}},"125":{"start":{"line":288,"column":12},"end":{"line":288,"column":56}},"126":{"start":{"line":289,"column":12},"end":{"line":289,"column":51}},"127":{"start":{"line":290,"column":12},"end":{"line":290,"column":43}},"128":{"start":{"line":291,"column":12},"end":{"line":291,"column":47}},"129":{"start":{"line":292,"column":12},"end":{"line":292,"column":41}},"130":{"start":{"line":293,"column":12},"end":{"line":293,"column":29}},"131":{"start":{"line":296,"column":34},"end":{"line":296,"column":145}},"132":{"start":{"line":296,"column":94},"end":{"line":296,"column":144}},"133":{"start":{"line":297,"column":12},"end":{"line":304,"column":13}},"134":{"start":{"line":298,"column":14},"end":{"line":298,"column":60}},"135":{"start":{"line":299,"column":14},"end":{"line":303,"column":15}},"136":{"start":{"line":300,"column":16},"end":{"line":300,"column":77}},"137":{"start":{"line":301,"column":16},"end":{"line":301,"column":49}},"138":{"start":{"line":302,"column":16},"end":{"line":302,"column":83}},"139":{"start":{"line":307,"column":10},"end":{"line":307,"column":71}},"140":{"start":{"line":310,"column":8},"end":{"line":310,"column":37}},"141":{"start":{"line":312,"column":8},"end":{"line":312,"column":113}},"142":{"start":{"line":313,"column":8},"end":{"line":313,"column":24}},"143":{"start":{"line":317,"column":2},"end":{"line":317,"column":13}},"144":{"start":{"line":324,"column":14},"end":{"line":324,"column":27}},"145":{"start":{"line":326,"column":2},"end":{"line":378,"column":7}},"146":{"start":{"line":333,"column":6},"end":{"line":377,"column":7}},"147":{"start":{"line":334,"column":8},"end":{"line":334,"column":67}},"148":{"start":{"line":335,"column":8},"end":{"line":335,"column":25}},"149":{"start":{"line":339,"column":8},"end":{"line":348,"column":9}},"150":{"start":{"line":340,"column":10},"end":{"line":340,"column":49}},"151":{"start":{"line":341,"column":10},"end":{"line":341,"column":68}},"152":{"start":{"line":342,"column":15},"end":{"line":348,"column":9}},"153":{"start":{"line":343,"column":10},"end":{"line":343,"column":78}},"154":{"start":{"line":344,"column":10},"end":{"line":344,"column":47}},"155":{"start":{"line":346,"column":10},"end":{"line":346,"column":39}},"156":{"start":{"line":347,"column":10},"end":{"line":347,"column":49}},"157":{"start":{"line":352,"column":26},"end":{"line":359,"column":10}},"158":{"start":{"line":361,"column":23},"end":{"line":364,"column":10}},"159":{"start":{"line":366,"column":23},"end":{"line":369,"column":10}},"160":{"start":{"line":371,"column":8},"end":{"line":371,"column":28}},"161":{"start":{"line":373,"column":8},"end":{"line":373,"column":44}},"162":{"start":{"line":375,"column":8},"end":{"line":375,"column":115}},"163":{"start":{"line":376,"column":8},"end":{"line":376,"column":24}},"164":{"start":{"line":380,"column":2},"end":{"line":380,"column":13}},"165":{"start":{"line":387,"column":14},"end":{"line":387,"column":27}},"166":{"start":{"line":389,"column":2},"end":{"line":395,"column":38}},"167":{"start":{"line":397,"column":2},"end":{"line":397,"column":13}},"168":{"start":{"line":402,"column":17},"end":{"line":402,"column":38}},"169":{"start":{"line":403,"column":19},"end":{"line":403,"column":42}},"170":{"start":{"line":404,"column":16},"end":{"line":404,"column":63}},"171":{"start":{"line":405,"column":2},"end":{"line":405,"column":33}},"172":{"start":{"line":409,"column":16},"end":{"line":409,"column":63}},"173":{"start":{"line":410,"column":2},"end":{"line":410,"column":39}}},"fnMap":{"0":{"name":"formatJson","decl":{"start":{"line":20,"column":9},"end":{"line":20,"column":19}},"loc":{"start":{"line":20,"column":29},"end":{"line":22,"column":1}}},"1":{"name":"findAgent","decl":{"start":{"line":43,"column":9},"end":{"line":43,"column":18}},"loc":{"start":{"line":43,"column":34},"end":{"line":76,"column":1}}},"2":{"name":"qualityLintCommand","decl":{"start":{"line":81,"column":16},"end":{"line":81,"column":34}},"loc":{"start":{"line":81,"column":34},"end":{"line":157,"column":1}}},"3":{"name":"(anonymous_12)","decl":{"start":{"line":91,"column":12},"end":{"line":91,"column":17}},"loc":{"start":{"line":91,"column":63},"end":{"line":154,"column":5}}},"4":{"name":"(anonymous_13)","decl":{"start":{"line":119,"column":41},"end":{"line":119,"column":42}},"loc":{"start":{"line":119,"column":151},"end":{"line":124,"column":14}}},"5":{"name":"qualityTypesCommand","decl":{"start":{"line":162,"column":16},"end":{"line":162,"column":35}},"loc":{"start":{"line":162,"column":35},"end":{"line":237,"column":1}}},"6":{"name":"(anonymous_15)","decl":{"start":{"line":171,"column":12},"end":{"line":171,"column":17}},"loc":{"start":{"line":171,"column":86},"end":{"line":234,"column":5}}},"7":{"name":"(anonymous_16)","decl":{"start":{"line":184,"column":45},"end":{"line":184,"column":46}},"loc":{"start":{"line":184,"column":50},"end":{"line":184,"column":91}}},"8":{"name":"(anonymous_17)","decl":{"start":{"line":185,"column":41},"end":{"line":185,"column":42}},"loc":{"start":{"line":185,"column":46},"end":{"line":185,"column":63}}},"9":{"name":"qualitySecurityCommand","decl":{"start":{"line":242,"column":16},"end":{"line":242,"column":38}},"loc":{"start":{"line":242,"column":38},"end":{"line":318,"column":1}}},"10":{"name":"(anonymous_19)","decl":{"start":{"line":251,"column":12},"end":{"line":251,"column":17}},"loc":{"start":{"line":251,"column":101},"end":{"line":315,"column":5}}},"11":{"name":"(anonymous_20)","decl":{"start":{"line":267,"column":55},"end":{"line":267,"column":56}},"loc":{"start":{"line":267,"column":85},"end":{"line":267,"column":110}}},"12":{"name":"(anonymous_21)","decl":{"start":{"line":268,"column":51},"end":{"line":268,"column":52}},"loc":{"start":{"line":268,"column":81},"end":{"line":268,"column":102}}},"13":{"name":"(anonymous_22)","decl":{"start":{"line":269,"column":53},"end":{"line":269,"column":54}},"loc":{"start":{"line":269,"column":83},"end":{"line":269,"column":106}}},"14":{"name":"(anonymous_23)","decl":{"start":{"line":270,"column":50},"end":{"line":270,"column":51}},"loc":{"start":{"line":270,"column":80},"end":{"line":270,"column":100}}},"15":{"name":"(anonymous_24)","decl":{"start":{"line":296,"column":64},"end":{"line":296,"column":65}},"loc":{"start":{"line":296,"column":94},"end":{"line":296,"column":144}}},"16":{"name":"qualityGateCommand","decl":{"start":{"line":323,"column":16},"end":{"line":323,"column":34}},"loc":{"start":{"line":323,"column":34},"end":{"line":381,"column":1}}},"17":{"name":"(anonymous_26)","decl":{"start":{"line":332,"column":12},"end":{"line":332,"column":17}},"loc":{"start":{"line":332,"column":86},"end":{"line":378,"column":5}}},"18":{"name":"qualityCommand","decl":{"start":{"line":386,"column":16},"end":{"line":386,"column":30}},"loc":{"start":{"line":386,"column":30},"end":{"line":398,"column":1}}},"19":{"name":"calculateLintScoreFromResults","decl":{"start":{"line":401,"column":9},"end":{"line":401,"column":38}},"loc":{"start":{"line":401,"column":96},"end":{"line":406,"column":1}}},"20":{"name":"calculateTypeScore","decl":{"start":{"line":408,"column":9},"end":{"line":408,"column":27}},"loc":{"start":{"line":408,"column":60},"end":{"line":411,"column":1}}}},"branchMap":{"0":{"loc":{"start":{"line":46,"column":2},"end":{"line":48,"column":3}},"type":"if","locations":[{"start":{"line":46,"column":2},"end":{"line":48,"column":3}}]},"1":{"loc":{"start":{"line":54,"column":4},"end":{"line":59,"column":5}},"type":"if","locations":[{"start":{"line":54,"column":4},"end":{"line":59,"column":5}}]},"2":{"loc":{"start":{"line":54,"column":8},"end":{"line":54,"column":70}},"type":"binary-expr","locations":[{"start":{"line":54,"column":8},"end":{"line":54,"column":23}},{"start":{"line":54,"column":27},"end":{"line":54,"column":70}}]},"3":{"loc":{"start":{"line":56,"column":6},"end":{"line":58,"column":7}},"type":"if","locations":[{"start":{"line":56,"column":6},"end":{"line":58,"column":7}}]},"4":{"loc":{"start":{"line":63,"column":4},"end":{"line":72,"column":5}},"type":"if","locations":[{"start":{"line":63,"column":4},"end":{"line":72,"column":5}}]},"5":{"loc":{"start":{"line":66,"column":8},"end":{"line":68,"column":9}},"type":"if","locations":[{"start":{"line":66,"column":8},"end":{"line":68,"column":9}}]},"6":{"loc":{"start":{"line":66,"column":12},"end":{"line":66,"column":86}},"type":"binary-expr","locations":[{"start":{"line":66,"column":12},"end":{"line":66,"column":46}},{"start":{"line":66,"column":50},"end":{"line":66,"column":86}}]},"7":{"loc":{"start":{"line":95,"column":8},"end":{"line":99,"column":9}},"type":"if","locations":[{"start":{"line":95,"column":8},"end":{"line":99,"column":9}}]},"8":{"loc":{"start":{"line":116,"column":8},"end":{"line":147,"column":9}},"type":"if","locations":[{"start":{"line":116,"column":8},"end":{"line":147,"column":9}},{"start":{"line":129,"column":15},"end":{"line":147,"column":9}}]},"9":{"loc":{"start":{"line":133,"column":27},"end":{"line":133,"column":53}},"type":"cond-expr","locations":[{"start":{"line":133,"column":44},"end":{"line":133,"column":47}},{"start":{"line":133,"column":50},"end":{"line":133,"column":53}}]},"10":{"loc":{"start":{"line":146,"column":33},"end":{"line":146,"column":73}},"type":"cond-expr","locations":[{"start":{"line":146,"column":50},"end":{"line":146,"column":60}},{"start":{"line":146,"column":63},"end":{"line":146,"column":73}}]},"11":{"loc":{"start":{"line":149,"column":21},"end":{"line":149,"column":43}},"type":"cond-expr","locations":[{"start":{"line":149,"column":38},"end":{"line":149,"column":39}},{"start":{"line":149,"column":42},"end":{"line":149,"column":43}}]},"12":{"loc":{"start":{"line":151,"column":46},"end":{"line":151,"column":100}},"type":"cond-expr","locations":[{"start":{"line":151,"column":71},"end":{"line":151,"column":84}},{"start":{"line":151,"column":87},"end":{"line":151,"column":100}}]},"13":{"loc":{"start":{"line":175,"column":8},"end":{"line":178,"column":9}},"type":"if","locations":[{"start":{"line":175,"column":8},"end":{"line":178,"column":9}}]},"14":{"loc":{"start":{"line":184,"column":50},"end":{"line":184,"column":91}},"type":"binary-expr","locations":[{"start":{"line":184,"column":50},"end":{"line":184,"column":67}},{"start":{"line":184,"column":71},"end":{"line":184,"column":91}}]},"15":{"loc":{"start":{"line":189,"column":8},"end":{"line":196,"column":9}},"type":"if","locations":[{"start":{"line":189,"column":8},"end":{"line":196,"column":9}},{"start":{"line":191,"column":15},"end":{"line":196,"column":9}}]},"16":{"loc":{"start":{"line":191,"column":15},"end":{"line":196,"column":9}},"type":"if","locations":[{"start":{"line":191,"column":15},"end":{"line":196,"column":9}},{"start":{"line":193,"column":15},"end":{"line":196,"column":9}}]},"17":{"loc":{"start":{"line":200,"column":8},"end":{"line":227,"column":9}},"type":"if","locations":[{"start":{"line":200,"column":8},"end":{"line":227,"column":9}},{"start":{"line":210,"column":15},"end":{"line":227,"column":9}}]},"18":{"loc":{"start":{"line":203,"column":22},"end":{"line":203,"column":60}},"type":"cond-expr","locations":[{"start":{"line":203,"column":37},"end":{"line":203,"column":49}},{"start":{"line":203,"column":52},"end":{"line":203,"column":60}}]},"19":{"loc":{"start":{"line":212,"column":35},"end":{"line":212,"column":73}},"type":"cond-expr","locations":[{"start":{"line":212,"column":50},"end":{"line":212,"column":62}},{"start":{"line":212,"column":65},"end":{"line":212,"column":73}}]},"20":{"loc":{"start":{"line":216,"column":33},"end":{"line":216,"column":82}},"type":"cond-expr","locations":[{"start":{"line":216,"column":59},"end":{"line":216,"column":69}},{"start":{"line":216,"column":72},"end":{"line":216,"column":82}}]},"21":{"loc":{"start":{"line":218,"column":10},"end":{"line":226,"column":11}},"type":"if","locations":[{"start":{"line":218,"column":10},"end":{"line":226,"column":11}}]},"22":{"loc":{"start":{"line":223,"column":12},"end":{"line":225,"column":13}},"type":"if","locations":[{"start":{"line":223,"column":12},"end":{"line":225,"column":13}}]},"23":{"loc":{"start":{"line":229,"column":21},"end":{"line":229,"column":52}},"type":"cond-expr","locations":[{"start":{"line":229,"column":47},"end":{"line":229,"column":48}},{"start":{"line":229,"column":51},"end":{"line":229,"column":52}}]},"24":{"loc":{"start":{"line":231,"column":52},"end":{"line":231,"column":106}},"type":"cond-expr","locations":[{"start":{"line":231,"column":77},"end":{"line":231,"column":90}},{"start":{"line":231,"column":93},"end":{"line":231,"column":106}}]},"25":{"loc":{"start":{"line":255,"column":8},"end":{"line":258,"column":9}},"type":"if","locations":[{"start":{"line":255,"column":8},"end":{"line":258,"column":9}}]},"26":{"loc":{"start":{"line":261,"column":29},"end":{"line":261,"column":53}},"type":"binary-expr","locations":[{"start":{"line":261,"column":29},"end":{"line":261,"column":41}},{"start":{"line":261,"column":45},"end":{"line":261,"column":53}}]},"27":{"loc":{"start":{"line":272,"column":23},"end":{"line":272,"column":51}},"type":"binary-expr","locations":[{"start":{"line":272,"column":23},"end":{"line":272,"column":37}},{"start":{"line":272,"column":41},"end":{"line":272,"column":51}}]},"28":{"loc":{"start":{"line":274,"column":8},"end":{"line":308,"column":9}},"type":"if","locations":[{"start":{"line":274,"column":8},"end":{"line":308,"column":9}},{"start":{"line":282,"column":15},"end":{"line":308,"column":9}}]},"29":{"loc":{"start":{"line":285,"column":10},"end":{"line":305,"column":11}},"type":"if","locations":[{"start":{"line":285,"column":10},"end":{"line":305,"column":11}},{"start":{"line":287,"column":17},"end":{"line":305,"column":11}}]},"30":{"loc":{"start":{"line":296,"column":94},"end":{"line":296,"column":144}},"type":"binary-expr","locations":[{"start":{"line":296,"column":94},"end":{"line":296,"column":119}},{"start":{"line":296,"column":123},"end":{"line":296,"column":144}}]},"31":{"loc":{"start":{"line":297,"column":12},"end":{"line":304,"column":13}},"type":"if","locations":[{"start":{"line":297,"column":12},"end":{"line":304,"column":13}}]},"32":{"loc":{"start":{"line":302,"column":47},"end":{"line":302,"column":79}},"type":"cond-expr","locations":[{"start":{"line":302,"column":59},"end":{"line":302,"column":74}},{"start":{"line":302,"column":77},"end":{"line":302,"column":79}}]},"33":{"loc":{"start":{"line":307,"column":35},"end":{"line":307,"column":67}},"type":"cond-expr","locations":[{"start":{"line":307,"column":44},"end":{"line":307,"column":54}},{"start":{"line":307,"column":57},"end":{"line":307,"column":67}}]},"34":{"loc":{"start":{"line":310,"column":21},"end":{"line":310,"column":35}},"type":"cond-expr","locations":[{"start":{"line":310,"column":30},"end":{"line":310,"column":31}},{"start":{"line":310,"column":34},"end":{"line":310,"column":35}}]},"35":{"loc":{"start":{"line":312,"column":55},"end":{"line":312,"column":109}},"type":"cond-expr","locations":[{"start":{"line":312,"column":80},"end":{"line":312,"column":93}},{"start":{"line":312,"column":96},"end":{"line":312,"column":109}}]},"36":{"loc":{"start":{"line":339,"column":8},"end":{"line":348,"column":9}},"type":"if","locations":[{"start":{"line":339,"column":8},"end":{"line":348,"column":9}},{"start":{"line":342,"column":15},"end":{"line":348,"column":9}}]},"37":{"loc":{"start":{"line":339,"column":12},"end":{"line":339,"column":63}},"type":"binary-expr","locations":[{"start":{"line":339,"column":12},"end":{"line":339,"column":28}},{"start":{"line":339,"column":32},"end":{"line":339,"column":63}}]},"38":{"loc":{"start":{"line":342,"column":15},"end":{"line":348,"column":9}},"type":"if","locations":[{"start":{"line":342,"column":15},"end":{"line":348,"column":9}},{"start":{"line":345,"column":15},"end":{"line":348,"column":9}}]},"39":{"loc":{"start":{"line":373,"column":21},"end":{"line":373,"column":42}},"type":"cond-expr","locations":[{"start":{"line":373,"column":37},"end":{"line":373,"column":38}},{"start":{"line":373,"column":41},"end":{"line":373,"column":42}}]},"40":{"loc":{"start":{"line":375,"column":57},"end":{"line":375,"column":111}},"type":"cond-expr","locations":[{"start":{"line":375,"column":82},"end":{"line":375,"column":95}},{"start":{"line":375,"column":98},"end":{"line":375,"column":111}}]}},"s":{"0":1,"1":1,"2":1,"3":1,"4":1,"5":1,"6":1,"7":1,"8":1,"9":1,"10":0,"11":0,"12":0,"13":0,"14":0,"15":0,"16":0,"17":0,"18":0,"19":0,"20":0,"21":0,"22":0,"23":0,"24":0,"25":0,"26":0,"27":12,"28":12,"29":0,"30":0,"31":0,"32":0,"33":0,"34":0,"35":0,"36":0,"37":0,"38":0,"39":0,"40":0,"41":0,"42":0,"43":0,"44":0,"45":0,"46":0,"47":0,"48":0,"49":0,"50":0,"51":0,"52":0,"53":0,"54":0,"55":0,"56":0,"57":0,"58":0,"59":0,"60":12,"61":11,"62":11,"63":0,"64":0,"65":0,"66":0,"67":0,"68":0,"69":0,"70":0,"71":0,"72":0,"73":0,"74":0,"75":0,"76":0,"77":0,"78":0,"79":0,"80":0,"81":0,"82":0,"83":0,"84":0,"85":0,"86":0,"87":0,"88":0,"89":0,"90":0,"91":0,"92":0,"93":0,"94":0,"95":0,"96":0,"97":0,"98":0,"99":11,"100":11,"101":11,"102":0,"103":0,"104":0,"105":0,"106":0,"107":0,"108":0,"109":0,"110":0,"111":0,"112":0,"113":0,"114":0,"115":0,"116":0,"117":0,"118":0,"119":0,"120":0,"121":0,"122":0,"123":0,"124":0,"125":0,"126":0,"127":0,"128":0,"129":0,"130":0,"131":0,"132":0,"133":0,"134":0,"135":0,"136":0,"137":0,"138":0,"139":0,"140":0,"141":0,"142":0,"143":11,"144":11,"145":11,"146":0,"147":0,"148":0,"149":0,"150":0,"151":0,"152":0,"153":0,"154":0,"155":0,"156":0,"157":0,"158":0,"159":0,"160":0,"161":0,"162":0,"163":0,"164":11,"165":7,"166":7,"167":7,"168":0,"169":0,"170":0,"171":0,"172":0,"173":0},"f":{"0":0,"1":0,"2":12,"3":0,"4":0,"5":11,"6":0,"7":0,"8":0,"9":11,"10":0,"11":0,"12":0,"13":0,"14":0,"15":0,"16":11,"17":0,"18":7,"19":0,"20":0},"b":{"0":[0],"1":[0],"2":[0,0],"3":[0],"4":[0],"5":[0],"6":[0,0],"7":[0],"8":[0,0],"9":[0,0],"10":[0,0],"11":[0,0],"12":[0,0],"13":[0],"14":[0,0],"15":[0,0],"16":[0,0],"17":[0,0],"18":[0,0],"19":[0,0],"20":[0,0],"21":[0],"22":[0],"23":[0,0],"24":[0,0],"25":[0],"26":[0,0],"27":[0,0],"28":[0,0],"29":[0,0],"30":[0,0],"31":[0],"32":[0,0],"33":[0,0],"34":[0,0],"35":[0,0],"36":[0,0],"37":[0,0],"38":[0,0],"39":[0,0],"40":[0,0]}}
,"/Users/jasontang/clawd/projects/mission-control/src/cli/commands/tests.ts": {"path":"/Users/jasontang/clawd/projects/mission-control/src/cli/commands/tests.ts","statementMap":{"0":{"start":{"line":35,"column":0},"end":{"line":35,"column":16}},"1":{"start":{"line":11,"column":0},"end":{"line":11,"column":38}},"2":{"start":{"line":12,"column":0},"end":{"line":12,"column":25}},"3":{"start":{"line":13,"column":0},"end":{"line":13,"column":29}},"4":{"start":{"line":15,"column":0},"end":{"line":15,"column":36}},"5":{"start":{"line":17,"column":0},"end":{"line":17,"column":null}},"6":{"start":{"line":22,"column":0},"end":{"line":22,"column":null}},"7":{"start":{"line":28,"column":0},"end":{"line":28,"column":44}},"8":{"start":{"line":29,"column":0},"end":{"line":29,"column":68}},"9":{"start":{"line":36,"column":18},"end":{"line":36,"column":38}},"10":{"start":{"line":38,"column":2},"end":{"line":40,"column":19}},"11":{"start":{"line":43,"column":2},"end":{"line":158,"column":7}},"12":{"start":{"line":57,"column":21},"end":{"line":57,"column":49}},"13":{"start":{"line":59,"column":6},"end":{"line":157,"column":7}},"14":{"start":{"line":61,"column":25},"end":{"line":61,"column":68}},"15":{"start":{"line":63,"column":8},"end":{"line":65,"column":9}},"16":{"start":{"line":64,"column":10},"end":{"line":64,"column":64}},"17":{"start":{"line":69,"column":8},"end":{"line":73,"column":9}},"18":{"start":{"line":70,"column":10},"end":{"line":70,"column":57}},"19":{"start":{"line":72,"column":10},"end":{"line":72,"column":58}},"20":{"start":{"line":75,"column":35},"end":{"line":80,"column":10}},"21":{"start":{"line":83,"column":29},"end":{"line":83,"column":47}},"22":{"start":{"line":85,"column":8},"end":{"line":85,"column":61}},"23":{"start":{"line":86,"column":8},"end":{"line":86,"column":47}},"24":{"start":{"line":87,"column":8},"end":{"line":87,"column":50}},"25":{"start":{"line":90,"column":8},"end":{"line":108,"column":9}},"26":{"start":{"line":92,"column":29},"end":{"line":92,"column":70}},"27":{"start":{"line":93,"column":24},"end":{"line":93,"column":34}},"28":{"start":{"line":94,"column":10},"end":{"line":104,"column":11}},"29":{"start":{"line":95,"column":29},"end":{"line":95,"column":42}},"30":{"start":{"line":96,"column":25},"end":{"line":96,"column":38}},"31":{"start":{"line":97,"column":12},"end":{"line":97,"column":43}},"32":{"start":{"line":97,"column":36},"end":{"line":97,"column":43}},"33":{"start":{"line":98,"column":26},"end":{"line":98,"column":48}},"34":{"start":{"line":99,"column":12},"end":{"line":103,"column":13}},"35":{"start":{"line":100,"column":14},"end":{"line":100,"column":55}},"36":{"start":{"line":101,"column":19},"end":{"line":103,"column":13}},"37":{"start":{"line":102,"column":14},"end":{"line":102,"column":59}},"38":{"start":{"line":105,"column":10},"end":{"line":105,"column":74}},"39":{"start":{"line":107,"column":10},"end":{"line":107,"column":56}},"40":{"start":{"line":111,"column":8},"end":{"line":137,"column":9}},"41":{"start":{"line":112,"column":10},"end":{"line":112,"column":55}},"42":{"start":{"line":114,"column":10},"end":{"line":114,"column":45}},"43":{"start":{"line":115,"column":10},"end":{"line":115,"column":38}},"44":{"start":{"line":116,"column":10},"end":{"line":116,"column":38}},"45":{"start":{"line":117,"column":10},"end":{"line":117,"column":56}},"46":{"start":{"line":118,"column":10},"end":{"line":118,"column":58}},"47":{"start":{"line":119,"column":10},"end":{"line":119,"column":58}},"48":{"start":{"line":120,"column":10},"end":{"line":120,"column":60}},"49":{"start":{"line":121,"column":10},"end":{"line":121,"column":64}},"50":{"start":{"line":122,"column":10},"end":{"line":122,"column":55}},"51":{"start":{"line":124,"column":10},"end":{"line":136,"column":11}},"52":{"start":{"line":125,"column":12},"end":{"line":125,"column":43}},"53":{"start":{"line":126,"column":12},"end":{"line":135,"column":13}},"54":{"start":{"line":127,"column":14},"end":{"line":134,"column":15}},"55":{"start":{"line":128,"column":16},"end":{"line":133,"column":17}},"56":{"start":{"line":129,"column":18},"end":{"line":129,"column":66}},"57":{"start":{"line":130,"column":18},"end":{"line":132,"column":19}},"58":{"start":{"line":131,"column":20},"end":{"line":131,"column":60}},"59":{"start":{"line":140,"column":8},"end":{"line":152,"column":9}},"60":{"start":{"line":141,"column":10},"end":{"line":141,"column":45}},"61":{"start":{"line":142,"column":10},"end":{"line":142,"column":43}},"62":{"start":{"line":143,"column":10},"end":{"line":143,"column":38}},"63":{"start":{"line":145,"column":33},"end":{"line":145,"column":73}},"64":{"start":{"line":147,"column":10},"end":{"line":151,"column":11}},"65":{"start":{"line":148,"column":12},"end":{"line":148,"column":65}},"66":{"start":{"line":150,"column":12},"end":{"line":150,"column":71}},"67":{"start":{"line":154,"column":8},"end":{"line":154,"column":45}},"68":{"start":{"line":156,"column":8},"end":{"line":156,"column":27}},"69":{"start":{"line":161,"column":2},"end":{"line":201,"column":7}},"70":{"start":{"line":173,"column":21},"end":{"line":173,"column":49}},"71":{"start":{"line":175,"column":6},"end":{"line":200,"column":7}},"72":{"start":{"line":176,"column":25},"end":{"line":176,"column":68}},"73":{"start":{"line":178,"column":8},"end":{"line":180,"column":9}},"74":{"start":{"line":179,"column":10},"end":{"line":179,"column":64}},"75":{"start":{"line":183,"column":27},"end":{"line":183,"column":101}},"76":{"start":{"line":185,"column":25},"end":{"line":185,"column":85}},"77":{"start":{"line":186,"column":27},"end":{"line":186,"column":110}},"78":{"start":{"line":188,"column":8},"end":{"line":188,"column":66}},"79":{"start":{"line":190,"column":8},"end":{"line":197,"column":9}},"80":{"start":{"line":191,"column":10},"end":{"line":191,"column":73}},"81":{"start":{"line":193,"column":10},"end":{"line":193,"column":67}},"82":{"start":{"line":194,"column":10},"end":{"line":194,"column":49}},"83":{"start":{"line":195,"column":10},"end":{"line":195,"column":47}},"84":{"start":{"line":196,"column":10},"end":{"line":196,"column":64}},"85":{"start":{"line":199,"column":8},"end":{"line":199,"column":27}},"86":{"start":{"line":204,"column":2},"end":{"line":231,"column":7}},"87":{"start":{"line":209,"column":21},"end":{"line":209,"column":49}},"88":{"start":{"line":211,"column":6},"end":{"line":230,"column":7}},"89":{"start":{"line":212,"column":25},"end":{"line":212,"column":68}},"90":{"start":{"line":214,"column":8},"end":{"line":216,"column":9}},"91":{"start":{"line":215,"column":10},"end":{"line":215,"column":64}},"92":{"start":{"line":218,"column":23},"end":{"line":218,"column":69}},"93":{"start":{"line":220,"column":8},"end":{"line":227,"column":9}},"94":{"start":{"line":221,"column":10},"end":{"line":221,"column":55}},"95":{"start":{"line":223,"column":10},"end":{"line":223,"column":71}},"96":{"start":{"line":224,"column":10},"end":{"line":226,"column":11}},"97":{"start":{"line":225,"column":12},"end":{"line":225,"column":97}},"98":{"start":{"line":229,"column":8},"end":{"line":229,"column":27}},"99":{"start":{"line":234,"column":2},"end":{"line":274,"column":7}},"100":{"start":{"line":239,"column":21},"end":{"line":239,"column":49}},"101":{"start":{"line":241,"column":6},"end":{"line":273,"column":7}},"102":{"start":{"line":242,"column":25},"end":{"line":242,"column":68}},"103":{"start":{"line":244,"column":8},"end":{"line":246,"column":9}},"104":{"start":{"line":245,"column":10},"end":{"line":245,"column":64}},"105":{"start":{"line":248,"column":26},"end":{"line":248,"column":61}},"106":{"start":{"line":249,"column":23},"end":{"line":249,"column":63}},"107":{"start":{"line":251,"column":8},"end":{"line":270,"column":9}},"108":{"start":{"line":252,"column":10},"end":{"line":252,"column":55}},"109":{"start":{"line":254,"column":10},"end":{"line":254,"column":61}},"110":{"start":{"line":256,"column":10},"end":{"line":269,"column":11}},"111":{"start":{"line":257,"column":31},"end":{"line":257,"column":60}},"112":{"start":{"line":258,"column":26},"end":{"line":258,"column":77}},"113":{"start":{"line":260,"column":12},"end":{"line":260,"column":47}},"114":{"start":{"line":261,"column":12},"end":{"line":268,"column":13}},"115":{"start":{"line":262,"column":14},"end":{"line":262,"column":63}},"116":{"start":{"line":264,"column":14},"end":{"line":264,"column":59}},"117":{"start":{"line":265,"column":14},"end":{"line":267,"column":15}},"118":{"start":{"line":266,"column":16},"end":{"line":266,"column":46}},"119":{"start":{"line":272,"column":8},"end":{"line":272,"column":27}},"120":{"start":{"line":276,"column":2},"end":{"line":276,"column":17}},"121":{"start":{"line":283,"column":52},"end":{"line":290,"column":4}},"122":{"start":{"line":291,"column":2},"end":{"line":291,"column":39}},"123":{"start":{"line":298,"column":73},"end":{"line":521,"column":4}},"124":{"start":{"line":523,"column":19},"end":{"line":523,"column":55}},"125":{"start":{"line":524,"column":2},"end":{"line":524,"column":45}},"126":{"start":{"line":527,"column":0},"end":{"line":527,"column":28}}},"fnMap":{"0":{"name":"testsCommand","decl":{"start":{"line":35,"column":16},"end":{"line":35,"column":28}},"loc":{"start":{"line":35,"column":28},"end":{"line":277,"column":1}}},"1":{"name":"(anonymous_10)","decl":{"start":{"line":50,"column":12},"end":{"line":50,"column":17}},"loc":{"start":{"line":56,"column":9},"end":{"line":158,"column":5}}},"2":{"name":"(anonymous_11)","decl":{"start":{"line":167,"column":12},"end":{"line":167,"column":17}},"loc":{"start":{"line":172,"column":9},"end":{"line":201,"column":5}}},"3":{"name":"(anonymous_12)","decl":{"start":{"line":208,"column":12},"end":{"line":208,"column":17}},"loc":{"start":{"line":208,"column":69},"end":{"line":231,"column":5}}},"4":{"name":"(anonymous_13)","decl":{"start":{"line":238,"column":12},"end":{"line":238,"column":17}},"loc":{"start":{"line":238,"column":71},"end":{"line":274,"column":5}}},"5":{"name":"getExtension","decl":{"start":{"line":282,"column":9},"end":{"line":282,"column":21}},"loc":{"start":{"line":282,"column":46},"end":{"line":292,"column":1}}},"6":{"name":"generateTestTemplate","decl":{"start":{"line":297,"column":9},"end":{"line":297,"column":29}},"loc":{"start":{"line":297,"column":76},"end":{"line":525,"column":1}}}},"branchMap":{"0":{"loc":{"start":{"line":63,"column":8},"end":{"line":65,"column":9}},"type":"if","locations":[{"start":{"line":63,"column":8},"end":{"line":65,"column":9}}]},"1":{"loc":{"start":{"line":69,"column":8},"end":{"line":73,"column":9}},"type":"if","locations":[{"start":{"line":69,"column":8},"end":{"line":73,"column":9}},{"start":{"line":71,"column":15},"end":{"line":73,"column":9}}]},"2":{"loc":{"start":{"line":72,"column":22},"end":{"line":72,"column":57}},"type":"binary-expr","locations":[{"start":{"line":72,"column":22},"end":{"line":72,"column":47}},{"start":{"line":72,"column":51},"end":{"line":72,"column":57}}]},"3":{"loc":{"start":{"line":77,"column":19},"end":{"line":77,"column":66}},"type":"binary-expr","locations":[{"start":{"line":77,"column":19},"end":{"line":77,"column":34}},{"start":{"line":77,"column":38},"end":{"line":77,"column":66}}]},"4":{"loc":{"start":{"line":78,"column":20},"end":{"line":78,"column":45}},"type":"binary-expr","locations":[{"start":{"line":78,"column":20},"end":{"line":78,"column":36}},{"start":{"line":78,"column":40},"end":{"line":78,"column":45}}]},"5":{"loc":{"start":{"line":90,"column":8},"end":{"line":108,"column":9}},"type":"if","locations":[{"start":{"line":90,"column":8},"end":{"line":108,"column":9}},{"start":{"line":106,"column":15},"end":{"line":108,"column":9}}]},"6":{"loc":{"start":{"line":94,"column":10},"end":{"line":104,"column":11}},"type":"if","locations":[{"start":{"line":94,"column":10},"end":{"line":104,"column":11}}]},"7":{"loc":{"start":{"line":97,"column":12},"end":{"line":97,"column":43}},"type":"if","locations":[{"start":{"line":97,"column":12},"end":{"line":97,"column":43}}]},"8":{"loc":{"start":{"line":97,"column":16},"end":{"line":97,"column":34}},"type":"binary-expr","locations":[{"start":{"line":97,"column":16},"end":{"line":97,"column":25}},{"start":{"line":97,"column":29},"end":{"line":97,"column":34}}]},"9":{"loc":{"start":{"line":99,"column":12},"end":{"line":103,"column":13}},"type":"if","locations":[{"start":{"line":99,"column":12},"end":{"line":103,"column":13}},{"start":{"line":101,"column":19},"end":{"line":103,"column":13}}]},"10":{"loc":{"start":{"line":101,"column":19},"end":{"line":103,"column":13}},"type":"if","locations":[{"start":{"line":101,"column":19},"end":{"line":103,"column":13}}]},"11":{"loc":{"start":{"line":111,"column":8},"end":{"line":137,"column":9}},"type":"if","locations":[{"start":{"line":111,"column":8},"end":{"line":137,"column":9}},{"start":{"line":113,"column":15},"end":{"line":137,"column":9}}]},"12":{"loc":{"start":{"line":124,"column":10},"end":{"line":136,"column":11}},"type":"if","locations":[{"start":{"line":124,"column":10},"end":{"line":136,"column":11}}]},"13":{"loc":{"start":{"line":128,"column":16},"end":{"line":133,"column":17}},"type":"if","locations":[{"start":{"line":128,"column":16},"end":{"line":133,"column":17}}]},"14":{"loc":{"start":{"line":130,"column":18},"end":{"line":132,"column":19}},"type":"if","locations":[{"start":{"line":130,"column":18},"end":{"line":132,"column":19}}]},"15":{"loc":{"start":{"line":140,"column":8},"end":{"line":152,"column":9}},"type":"if","locations":[{"start":{"line":140,"column":8},"end":{"line":152,"column":9}}]},"16":{"loc":{"start":{"line":147,"column":10},"end":{"line":151,"column":11}},"type":"if","locations":[{"start":{"line":147,"column":10},"end":{"line":151,"column":11}},{"start":{"line":149,"column":17},"end":{"line":151,"column":11}}]},"17":{"loc":{"start":{"line":154,"column":21},"end":{"line":154,"column":43}},"type":"cond-expr","locations":[{"start":{"line":154,"column":38},"end":{"line":154,"column":39}},{"start":{"line":154,"column":42},"end":{"line":154,"column":43}}]},"18":{"loc":{"start":{"line":178,"column":8},"end":{"line":180,"column":9}},"type":"if","locations":[{"start":{"line":178,"column":8},"end":{"line":180,"column":9}}]},"19":{"loc":{"start":{"line":183,"column":27},"end":{"line":183,"column":101}},"type":"binary-expr","locations":[{"start":{"line":183,"column":27},"end":{"line":183,"column":62}},{"start":{"line":183,"column":66},"end":{"line":183,"column":91}},{"start":{"line":183,"column":95},"end":{"line":183,"column":101}}]},"20":{"loc":{"start":{"line":185,"column":57},"end":{"line":185,"column":84}},"type":"binary-expr","locations":[{"start":{"line":185,"column":57},"end":{"line":185,"column":73}},{"start":{"line":185,"column":77},"end":{"line":185,"column":84}}]},"21":{"loc":{"start":{"line":186,"column":27},"end":{"line":186,"column":110}},"type":"binary-expr","locations":[{"start":{"line":186,"column":27},"end":{"line":186,"column":41}},{"start":{"line":186,"column":45},"end":{"line":186,"column":110}}]},"22":{"loc":{"start":{"line":190,"column":8},"end":{"line":197,"column":9}},"type":"if","locations":[{"start":{"line":190,"column":8},"end":{"line":197,"column":9}},{"start":{"line":192,"column":15},"end":{"line":197,"column":9}}]},"23":{"loc":{"start":{"line":214,"column":8},"end":{"line":216,"column":9}},"type":"if","locations":[{"start":{"line":214,"column":8},"end":{"line":216,"column":9}}]},"24":{"loc":{"start":{"line":220,"column":8},"end":{"line":227,"column":9}},"type":"if","locations":[{"start":{"line":220,"column":8},"end":{"line":227,"column":9}},{"start":{"line":222,"column":15},"end":{"line":227,"column":9}}]},"25":{"loc":{"start":{"line":225,"column":65},"end":{"line":225,"column":86}},"type":"binary-expr","locations":[{"start":{"line":225,"column":65},"end":{"line":225,"column":79}},{"start":{"line":225,"column":83},"end":{"line":225,"column":86}}]},"26":{"loc":{"start":{"line":244,"column":8},"end":{"line":246,"column":9}},"type":"if","locations":[{"start":{"line":244,"column":8},"end":{"line":246,"column":9}}]},"27":{"loc":{"start":{"line":248,"column":26},"end":{"line":248,"column":61}},"type":"binary-expr","locations":[{"start":{"line":248,"column":26},"end":{"line":248,"column":51}},{"start":{"line":248,"column":55},"end":{"line":248,"column":61}}]},"28":{"loc":{"start":{"line":251,"column":8},"end":{"line":270,"column":9}},"type":"if","locations":[{"start":{"line":251,"column":8},"end":{"line":270,"column":9}},{"start":{"line":253,"column":15},"end":{"line":270,"column":9}}]},"29":{"loc":{"start":{"line":256,"column":10},"end":{"line":269,"column":11}},"type":"if","locations":[{"start":{"line":256,"column":10},"end":{"line":269,"column":11}}]},"30":{"loc":{"start":{"line":261,"column":12},"end":{"line":268,"column":13}},"type":"if","locations":[{"start":{"line":261,"column":12},"end":{"line":268,"column":13}},{"start":{"line":263,"column":19},"end":{"line":268,"column":13}}]},"31":{"loc":{"start":{"line":291,"column":9},"end":{"line":291,"column":38}},"type":"binary-expr","locations":[{"start":{"line":291,"column":9},"end":{"line":291,"column":30}},{"start":{"line":291,"column":34},"end":{"line":291,"column":38}}]},"32":{"loc":{"start":{"line":524,"column":9},"end":{"line":524,"column":44}},"type":"binary-expr","locations":[{"start":{"line":524,"column":9},"end":{"line":524,"column":17}},{"start":{"line":524,"column":21},"end":{"line":524,"column":44}}]}},"s":{"0":1,"1":1,"2":1,"3":1,"4":1,"5":1,"6":1,"7":1,"8":1,"9":17,"10":17,"11":17,"12":0,"13":0,"14":0,"15":0,"16":0,"17":0,"18":0,"19":0,"20":0,"21":0,"22":0,"23":0,"24":0,"25":0,"26":0,"27":0,"28":0,"29":0,"30":0,"31":0,"32":0,"33":0,"34":0,"35":0,"36":0,"37":0,"38":0,"39":0,"40":0,"41":0,"42":0,"43":0,"44":0,"45":0,"46":0,"47":0,"48":0,"49":0,"50":0,"51":0,"52":0,"53":0,"54":0,"55":0,"56":0,"57":0,"58":0,"59":0,"60":0,"61":0,"62":0,"63":0,"64":0,"65":0,"66":0,"67":0,"68":0,"69":17,"70":0,"71":0,"72":0,"73":0,"74":0,"75":0,"76":0,"77":0,"78":0,"79":0,"80":0,"81":0,"82":0,"83":0,"84":0,"85":0,"86":17,"87":0,"88":0,"89":0,"90":0,"91":0,"92":0,"93":0,"94":0,"95":0,"96":0,"97":0,"98":0,"99":17,"100":0,"101":0,"102":0,"103":0,"104":0,"105":0,"106":0,"107":0,"108":0,"109":0,"110":0,"111":0,"112":0,"113":0,"114":0,"115":0,"116":0,"117":0,"118":0,"119":0,"120":17,"121":0,"122":0,"123":0,"124":0,"125":0,"126":1},"f":{"0":17,"1":0,"2":0,"3":0,"4":0,"5":0,"6":0},"b":{"0":[0],"1":[0,0],"2":[0,0],"3":[0,0],"4":[0,0],"5":[0,0],"6":[0],"7":[0],"8":[0,0],"9":[0,0],"10":[0],"11":[0,0],"12":[0],"13":[0],"14":[0],"15":[0],"16":[0,0],"17":[0,0],"18":[0],"19":[0,0,0],"20":[0,0],"21":[0,0],"22":[0,0],"23":[0],"24":[0,0],"25":[0,0],"26":[0],"27":[0,0],"28":[0,0],"29":[0],"30":[0,0],"31":[0,0],"32":[0,0]}}
[...]
column":8},"end":{"line":469,"column":56}},"146":{"start":{"line":470,"column":8},"end":{"line":470,"column":24}},"147":{"start":{"line":474,"column":2},"end":{"line":474,"column":17}},"148":{"start":{"line":477,"column":0},"end":{"line":477,"column":28}}},"fnMap":{"0":{"name":"getDefaultPatterns","decl":{"start":{"line":34,"column":16},"end":{"line":34,"column":34}},"loc":{"start":{"line":34,"column":66},"end":{"line":45,"column":1}}},"1":{"name":"formatTestSummary","decl":{"start":{"line":50,"column":16},"end":{"line":50,"column":33}},"loc":{"start":{"line":50,"column":61},"end":{"line":61,"column":1}}},"2":{"name":"findAndParseCoverage","decl":{"start":{"line":66,"column":15},"end":{"line":66,"column":35}},"loc":{"start":{"line":66,"column":64},"end":{"line":73,"column":1}}},"3":{"name":"listTestTemplates","decl":{"start":{"line":78,"column":16},"end":{"line":78,"column":33}},"loc":{"start":{"line":78,"column":33},"end":{"line":91,"column":1}}},"4":{"name":"generateTestTemplate","decl":{"start":{"line":96,"column":16},"end":{"line":96,"column":36}},"loc":{"start":{"line":101,"column":1},"end":{"line":201,"column":1}}},"5":{"name":"testsCommand","decl":{"start":{"line":206,"column":16},"end":{"line":206,"column":28}},"loc":{"start":{"line":206,"column":28},"end":{"line":475,"column":1}}},"6":{"name":"(anonymous_15)","decl":{"start":{"line":221,"column":69},"end":{"line":221,"column":70}},"loc":{"start":{"line":221,"column":84},"end":{"line":221,"column":96}}},"7":{"name":"(anonymous_16)","decl":{"start":{"line":222,"column":12},"end":{"line":222,"column":17}},"loc":{"start":{"line":229,"column":9},"end":{"line":293,"column":5}}},"8":{"name":"(anonymous_17)","decl":{"start":{"line":253,"column":27},"end":{"line":253,"column":28}},"loc":{"start":{"line":253,"column":32},"end":{"line":253,"column":55}}},"9":{"name":"(anonymous_18)","decl":{"start":{"line":269,"column":32},"end":{"line":269,"column":45}},"loc":{"start":{"line":269,"column":32},"end":{"line":269,"column":69}}},"10":{"name":"(anonymous_19)","decl":{"start":{"line":302,"column":12},"end":{"line":302,"column":17}},"loc":{"start":{"line":306,"column":9},"end":{"line":356,"column":5}}},"11":{"name":"(anonymous_20)","decl":{"start":{"line":364,"column":12},"end":{"line":364,"column":17}},"loc":{"start":{"line":364,"column":38},"end":{"line":384,"column":5}}},"12":{"name":"(anonymous_21)","decl":{"start":{"line":392,"column":12},"end":{"line":392,"column":17}},"loc":{"start":{"line":392,"column":88},"end":{"line":435,"column":5}}},"13":{"name":"(anonymous_22)","decl":{"start":{"line":442,"column":12},"end":{"line":442,"column":17}},"loc":{"start":{"line":442,"column":54},"end":{"line":472,"column":5}}}},"branchMap":{"0":{"loc":{"start":{"line":44,"column":9},"end":{"line":44,"column":73}},"type":"cond-expr","locations":[{"start":{"line":44,"column":21},"end":{"line":44,"column":40}},{"start":{"line":44,"column":43},"end":{"line":44,"column":73}}]},"1":{"loc":{"start":{"line":54,"column":23},"end":{"line":54,"column":49}},"type":"binary-expr","locations":[{"start":{"line":54,"column":23},"end":{"line":54,"column":44}},{"start":{"line":54,"column":48},"end":{"line":54,"column":49}}]},"2":{"loc":{"start":{"line":55,"column":24},"end":{"line":55,"column":51}},"type":"binary-expr","locations":[{"start":{"line":55,"column":24},"end":{"line":55,"column":46}},{"start":{"line":55,"column":50},"end":{"line":55,"column":51}}]},"3":{"loc":{"start":{"line":56,"column":24},"end":{"line":56,"column":51}},"type":"binary-expr","locations":[{"start":{"line":56,"column":24},"end":{"line":56,"column":46}},{"start":{"line":56,"column":50},"end":{"line":56,"column":51}}]},"4":{"loc":{"start":{"line":57,"column":25},"end":{"line":57,"column":53}},"type":"binary-expr","locations":[{"start":{"line":57,"column":25},"end":{"line":57,"column":48}},{"start":{"line":57,"column":52},"end":{"line":57,"column":53}}]},"5":{"loc":{"start":{"line":58,"column":26},"end":{"line":58,"column":46}},"type":"binary-expr","locations":[{"start":{"line":58,"column":26},"end":{"line":58,"column":41}},{"start":{"line":58,"column":45},"end":{"line":58,"column":46}}]},"6":{"loc":{"start":{"line":68,"column":27},"end":{"line":68,"column":82}},"type":"cond-expr","locations":[{"start":{"line":68,"column":47},"end":{"line":68,"column":56}},{"start":{"line":68,"column":59},"end":{"line":68,"column":82}}]},"7":{"loc":{"start":{"line":69,"column":36},"end":{"line":69,"column":60}},"type":"binary-expr","locations":[{"start":{"line":69,"column":36},"end":{"line":69,"column":50}},{"start":{"line":69,"column":54},"end":{"line":69,"column":60}}]},"8":{"loc":{"start":{"line":193,"column":20},"end":{"line":193,"column":47}},"type":"binary-expr","locations":[{"start":{"line":193,"column":20},"end":{"line":193,"column":37}},{"start":{"line":193,"column":41},"end":{"line":193,"column":47}}]},"9":{"loc":{"start":{"line":196,"column":2},"end":{"line":198,"column":3}},"type":"if","locations":[{"start":{"line":196,"column":2},"end":{"line":198,"column":3}}]},"10":{"loc":{"start":{"line":232,"column":8},"end":{"line":234,"column":9}},"type":"if","locations":[{"start":{"line":232,"column":8},"end":{"line":234,"column":9}}]},"11":{"loc":{"start":{"line":245,"column":42},"end":{"line":245,"column":108}},"type":"binary-expr","locations":[{"start":{"line":245,"column":42},"end":{"line":245,"column":77}},{"start":{"line":245,"column":81},"end":{"line":245,"column":98}},{"start":{"line":245,"column":102},"end":{"line":245,"column":108}}]},"12":{"loc":{"start":{"line":249,"column":8},"end":{"line":254,"column":9}},"type":"if","locations":[{"start":{"line":249,"column":8},"end":{"line":254,"column":9}},{"start":{"line":251,"column":15},"end":{"line":254,"column":9}}]},"13":{"loc":{"start":{"line":260,"column":19},"end":{"line":260,"column":49}},"type":"binary-expr","locations":[{"start":{"line":260,"column":19},"end":{"line":260,"column":34}},{"start":{"line":260,"column":38},"end":{"line":260,"column":49}}]},"14":{"loc":{"start":{"line":276,"column":19},"end":{"line":276,"column":45}},"type":"binary-expr","locations":[{"start":{"line":276,"column":19},"end":{"line":276,"column":40}},{"start":{"line":276,"column":44},"end":{"line":276,"column":45}}]},"15":{"loc":{"start":{"line":277,"column":20},"end":{"line":277,"column":47}},"type":"binary-expr","locations":[{"start":{"line":277,"column":20},"end":{"line":277,"column":42}},{"start":{"line":277,"column":46},"end":{"line":277,"column":47}}]},"16":{"loc":{"start":{"line":278,"column":20},"end":{"line":278,"column":47}},"type":"binary-expr","locations":[{"start":{"line":278,"column":20},"end":{"line":278,"column":42}},{"start":{"line":278,"column":46},"end":{"line":278,"column":47}}]},"17":{"loc":{"start":{"line":285,"column":8},"end":{"line":287,"column":9}},"type":"if","locations":[{"start":{"line":285,"column":8},"end":{"line":287,"column":9}}]},"18":{"loc":{"start":{"line":310,"column":8},"end":{"line":318,"column":9}},"type":"if","locations":[{"start":{"line":310,"column":8},"end":{"line":318,"column":9}}]},"19":{"loc":{"start":{"line":320,"column":8},"end":{"line":322,"column":9}},"type":"if","locations":[{"start":{"line":320,"column":8},"end":{"line":322,"column":9}}]},"20":{"loc":{"start":{"line":326,"column":26},"end":{"line":326,"column":69}},"type":"binary-expr","locations":[{"start":{"line":326,"column":26},"end":{"line":326,"column":40}},{"start":{"line":326,"column":44},"end":{"line":326,"column":69}}]},"21":{"loc":{"start":{"line":329,"column":34},"end":{"line":329,"column":56}},"type":"binary-expr","locations":[{"start":{"line":329,"column":34},"end":{"line":329,"column":43}},{"start":{"line":329,"column":47},"end":{"line":329,"column":56}}]},"22":{"loc":{"start":{"line":341,"column":8},"end":{"line":343,"column":9}},"type":"if","locations":[{"start":{"line":341,"column":8},"end":{"line":343,"column":9}}]},"23":{"loc":{"start":{"line":367,"column":8},"end":{"line":369,"column":9}},"type":"if","locations":[{"start":{"line":367,"column":8},"end":{"line":369,"column":9}}]},"24":{"loc":{"start":{"line":395,"column":8},"end":{"line":397,"column":9}},"type":"if","locations":[{"start":{"line":395,"column":8},"end":{"line":397,"column":9}}]},"25":{"loc":{"start":{"line":406,"column":8},"end":{"line":410,"column":9}},"type":"if","locations":[{"start":{"line":406,"column":8},"end":{"line":410,"column":9}}]},"26":{"loc":{"start":{"line":414,"column":8},"end":{"line":429,"column":9}},"type":"if","locations":[{"start":{"line":414,"column":8},"end":{"line":429,"column":9}}]},"27":{"loc":{"start":{"line":420,"column":10},"end":{"line":428,"column":11}},"type":"if","locations":[{"start":{"line":420,"column":10},"end":{"line":428,"column":11}},{"start":{"line":422,"column":17},"end":{"line":428,"column":11}}]},"28":{"loc":{"start":{"line":445,"column":46},"end":{"line":445,"column":88}},"type":"binary-expr","locations":[{"start":{"line":445,"column":46},"end":{"line":445,"column":80}},{"start":{"line":445,"column":84},"end":{"line":445,"column":88}}]},"29":{"loc":{"start":{"line":447,"column":8},"end":{"line":449,"column":9}},"type":"if","locations":[{"start":{"line":447,"column":8},"end":{"line":449,"column":9}}]},"30":{"loc":{"start":{"line":453,"column":49},"end":{"line":453,"column":77}},"type":"binary-expr","locations":[{"start":{"line":453,"column":49},"end":{"line":453,"column":58}},{"start":{"line":453,"column":62},"end":{"line":453,"column":77}}]},"31":{"loc":{"start":{"line":458,"column":8},"end":{"line":464,"column":9}},"type":"if","locations":[{"start":{"line":458,"column":8},"end":{"line":464,"column":9}},{"start":{"line":460,"column":15},"end":{"line":464,"column":9}}]}},"s":{"0":1,"1":1,"2":1,"3":1,"4":1,"5":1,"6":1,"7":1,"8":1,"9":1,"10":1,"11":7,"12":7,"13":4,"14":4,"15":4,"16":4,"17":4,"18":4,"19":4,"20":4,"21":4,"22":0,"23":0,"24":0,"25":0,"26":2,"27":9,"28":9,"29":9,"30":9,"31":1,"32":8,"33":17,"34":17,"35":17,"36":0,"37":0,"38":0,"39":0,"40":0,"41":0,"42":0,"43":0,"44":0,"45":0,"46":0,"47":0,"48":0,"49":0,"50":0,"51":0,"52":0,"53":0,"54":0,"55":0,"56":0,"57":0,"58":0,"59":0,"60":0,"61":0,"62":0,"63":17,"64":0,"65":0,"66":0,"67":0,"68":0,"69":0,"70":0,"71":0,"72":0,"73":0,"74":0,"75":0,"76":0,"77":0,"78":0,"79":0,"80":0,"81":0,"82":0,"83":0,"84":0,"85":0,"86":0,"87":0,"88":0,"89":0,"90":0,"91":0,"92":17,"93":0,"94":0,"95":0,"96":0,"97":0,"98":0,"99":0,"100":0,"101":0,"102":0,"103":0,"104":17,"105":0,"106":0,"107":0,"108":0,"109":0,"110":0,"111":0,"112":0,"113":0,"114":0,"115":0,"116":0,"117":0,"118":0,"119":0,"120":0,"121":0,"122":0,"123":0,"124":0,"125":0,"126":0,"127":0,"128":0,"129":0,"130":17,"131":0,"132":0,"133":0,"134":0,"135":0,"136":0,"137":0,"138":0,"139":0,"140":0,"141":0,"142":0,"143":0,"144":0,"145":0,"146":0,"147":17,"148":1},"f":{"0":7,"1":4,"2":0,"3":2,"4":9,"5":17,"6":0,"7":0,"8":0,"9":0,"10":0,"11":0,"12":0,"13":0},"b":{"0":[6,1],"1":[4,1],"2":[4,2],"3":[4,2],"4":[4,3],"5":[4,1],"6":[0,0],"7":[0,0],"8":[9,2],"9":[1],"10":[0],"11":[0,0,0],"12":[0,0],"13":[0,0],"14":[0,0],"15":[0,0],"16":[0,0],"17":[0],"18":[0],"19":[0],"20":[0,0],"21":[0,0],"22":[0],"23":[0],"24":[0],"25":[0],"26":[0],"27":[0,0],"28":[0,0],"29":[0],"30":[0,0],"31":[0,0]}}
,"/Users/jasontang/clawd/projects/mission-control/src/utils/logger.ts": {"path":"/Users/jasontang/clawd/projects/mission-control/src/utils/logger.ts","statementMap":{"0":{"start":{"line":141,"column":0},"end":{"line":141,"column":16}},"1":{"start":{"line":21,"column":10},"end":{"line":21,"column":35}},"2":{"start":{"line":22,"column":10},"end":{"line":22,"column":47}},"3":{"start":{"line":28,"column":4},"end":{"line":28,"column":23}},"4":{"start":{"line":35,"column":4},"end":{"line":35,"column":25}},"5":{"start":{"line":42,"column":4},"end":{"line":42,"column":22}},"6":{"start":{"line":49,"column":4},"end":{"line":49,"column":23}},"7":{"start":{"line":56,"column":31},"end":{"line":56,"column":65}},"8":{"start":{"line":57,"column":25},"end":{"line":57,"column":51}},"9":{"start":{"line":58,"column":24},"end":{"line":58,"column":45}},"10":{"start":{"line":59,"column":4},"end":{"line":59,"column":39}},"11":{"start":{"line":70,"column":4},"end":{"line":75,"column":6}},"12":{"start":{"line":82,"column":4},"end":{"line":84,"column":5}},"13":{"start":{"line":83,"column":6},"end":{"line":83,"column":35}},"14":{"start":{"line":86,"column":51},"end":{"line":86,"column":56}},"15":{"start":{"line":87,"column":23},"end":{"line":87,"column":52}},"16":{"start":{"line":88,"column":17},"end":{"line":88,"column":57}},"17":{"start":{"line":90,"column":17},"end":{"line":90,"column":53}},"18":{"start":{"line":92,"column":4},"end":{"line":95,"column":5}},"19":{"start":{"line":93,"column":25},"end":{"line":93,"column":48}},"20":{"start":{"line":94,"column":6},"end":{"line":94,"column":33}},"21":{"start":{"line":97,"column":4},"end":{"line":97,"column":18}},"22":{"start":{"line":104,"column":4},"end":{"line":104,"column":41}},"23":{"start":{"line":104,"column":34},"end":{"line":104,"column":41}},"24":{"start":{"line":105,"column":18},"end":{"line":105,"column":61}},"25":{"start":{"line":106,"column":4},"end":{"line":106,"column":43}},"26":{"start":{"line":113,"column":4},"end":{"line":113,"column":40}},"27":{"start":{"line":113,"column":33},"end":{"line":113,"column":40}},"28":{"start":{"line":114,"column":18},"end":{"line":114,"column":60}},"29":{"start":{"line":115,"column":4},"end":{"line":115,"column":41}},"30":{"start":{"line":122,"column":4},"end":{"line":122,"column":40}},"31":{"start":{"line":122,"column":33},"end":{"line":122,"column":40}},"32":{"start":{"line":123,"column":18},"end":{"line":123,"column":60}},"33":{"start":{"line":124,"column":4},"end":{"line":124,"column":42}},"34":{"start":{"line":131,"column":4},"end":{"line":131,"column":41}},"35":{"start":{"line":131,"column":34},"end":{"line":131,"column":41}},"36":{"start":{"line":132,"column":18},"end":{"line":132,"column":61}},"37":{"start":{"line":133,"column":4},"end":{"line":133,"column":43}},"38":{"start":{"line":20,"column":0},"end":{"line":20,"column":13}},"39":{"start":{"line":138,"column":13},"end":{"line":138,"column":35}},"40":{"start":{"line":142,"column":16},"end":{"line":142,"column":28}},"41":{"start":{"line":143,"column":2},"end":{"line":143,"column":36}},"42":{"start":{"line":144,"column":2},"end":{"line":144,"column":38}},"43":{"start":{"line":147,"column":24},"end":{"line":147,"column":47}},"44":{"start":{"line":148,"column":23},"end":{"line":148,"column":45}},"45":{"start":{"line":149,"column":23},"end":{"line":149,"column":45}},"46":{"start":{"line":150,"column":24},"end":{"line":150,"column":47}},"47":{"start":{"line":152,"column":2},"end":{"line":154,"column":4}},"48":{"start":{"line":153,"column":4},"end":{"line":153,"column":59}},"49":{"start":{"line":156,"column":2},"end":{"line":158,"column":4}},"50":{"start":{"line":157,"column":4},"end":{"line":157,"column":58}},"51":{"start":{"line":160,"column":2},"end":{"line":162,"column":4}},"52":{"start":{"line":161,"column":4},"end":{"line":161,"column":58}},"53":{"start":{"line":164,"column":2},"end":{"line":166,"column":4}},"54":{"start":{"line":165,"column":4},"end":{"line":165,"column":59}},"55":{"start":{"line":168,"column":2},"end":{"line":168,"column":15}}},"fnMap":{"0":{"name":"(anonymous_0)","decl":{"start":{"line":20,"column":0},"end":{"line":20,"column":13}},"loc":{"start":{"line":20,"column":0},"end":{"line":135,"column":1}}},"1":{"name":"(anonymous_1)","decl":{"start":{"line":27,"column":2},"end":{"line":27,"column":10}},"loc":{"start":{"line":27,"column":26},"end":{"line":29,"column":3}}},"2":{"name":"(anonymous_2)","decl":{"start":{"line":34,"column":2},"end":{"line":34,"column":11}},"loc":{"start":{"line":34,"column":37},"end":{"line":36,"column":3}}},"3":{"name":"(anonymous_3)","decl":{"start":{"line":41,"column":2},"end":{"line":41,"column":10}},"loc":{"start":{"line":41,"column":10},"end":{"line":43,"column":3}}},"4":{"name":"(anonymous_4)","decl":{"start":{"line":48,"column":2},"end":{"line":48,"column":11}},"loc":{"start":{"line":48,"column":11},"end":{"line":50,"column":3}}},"5":{"name":"(anonymous_5)","decl":{"start":{"line":55,"column":10},"end":{"line":55,"column":19}},"loc":{"start":{"line":55,"column":35},"end":{"line":60,"column":3}}},"6":{"name":"(anonymous_6)","decl":{"start":{"line":65,"column":10},"end":{"line":65,"column":21}},"loc":{"start":{"line":68,"column":37},"end":{"line":76,"column":3}}},"7":{"name":"(anonymous_7)","decl":{"start":{"line":81,"column":10},"end":{"line":81,"column":21}},"loc":{"start":{"line":81,"column":37},"end":{"line":98,"column":3}}},"8":{"name":"(anonymous_8)","decl":{"start":{"line":103,"column":2},"end":{"line":103,"column":7}},"loc":{"start":{"line":103,"column":58},"end":{"line":107,"column":3}}},"9":{"name":"(anonymous_9)","decl":{"start":{"line":112,"column":2},"end":{"line":112,"column":6}},"loc":{"start":{"line":112,"column":57},"end":{"line":116,"column":3}}},"10":{"name":"(anonymous_10)","decl":{"start":{"line":121,"column":2},"end":{"line":121,"column":6}},"loc":{"start":{"line":121,"column":57},"end":{"line":125,"column":3}}},"11":{"name":"(anonymous_11)","decl":{"start":{"line":130,"column":2},"end":{"line":130,"column":7}},"loc":{"start":{"line":130,"column":58},"end":{"line":134,"column":3}}},"12":{"name":"createLogger","decl":{"start":{"line":141,"column":16},"end":{"line":141,"column":28}},"loc":{"start":{"line":141,"column":65},"end":{"line":169,"column":1}}},"13":{"name":"(anonymous_13)","decl":{"start":{"line":152,"column":16},"end":{"line":152,"column":17}},"loc":{"start":{"line":152,"column":71},"end":{"line":154,"column":3}}},"14":{"name":"(anonymous_14)","decl":{"start":{"line":156,"column":15},"end":{"line":156,"column":16}},"loc":{"start":{"line":156,"column":70},"end":{"line":158,"column":3}}},"15":{"name":"(anonymous_15)","decl":{"start":{"line":160,"column":15},"end":{"line":160,"column":16}},"loc":{"start":{"line":160,"column":70},"end":{"line":162,"column":3}}},"16":{"name":"(anonymous_16)","decl":{"start":{"line":164,"column":16},"end":{"line":164,"column":17}},"loc":{"start":{"line":164,"column":71},"end":{"line":166,"column":3}}}},"branchMap":{"0":{"loc":{"start":{"line":82,"column":4},"end":{"line":84,"column":5}},"type":"if","locations":[{"start":{"line":82,"column":4},"end":{"line":84,"column":5}}]},"1":{"loc":{"start":{"line":92,"column":4},"end":{"line":95,"column":5}},"type":"if","locations":[{"start":{"line":92,"column":4},"end":{"line":95,"column":5}}]},"2":{"loc":{"start":{"line":92,"column":8},"end":{"line":92,"column":50}},"type":"binary-expr","locations":[{"start":{"line":92,"column":8},"end":{"line":92,"column":15}},{"start":{"line":92,"column":19},"end":{"line":92,"column":50}}]},"3":{"loc":{"start":{"line":104,"column":4},"end":{"line":104,"column":41}},"type":"if","locations":[{"start":{"line":104,"column":4},"end":{"line":104,"column":41}}]},"4":{"loc":{"start":{"line":113,"column":4},"end":{"line":113,"column":40}},"type":"if","locations":[{"start":{"line":113,"column":4},"end":{"line":113,"column":40}}]},"5":{"loc":{"start":{"line":122,"column":4},"end":{"line":122,"column":40}},"type":"if","locations":[{"start":{"line":122,"column":4},"end":{"line":122,"column":40}}]},"6":{"loc":{"start":{"line":131,"column":4},"end":{"line":131,"column":41}},"type":"if","locations":[{"start":{"line":131,"column":4},"end":{"line":131,"column":41}}]}},"s":{"0":5,"1":5,"2":5,"3":0,"4":0,"5":0,"6":0,"7":0,"8":0,"9":0,"10":0,"11":0,"12":0,"13":0,"14":0,"15":0,"16":0,"17":0,"18":0,"19":0,"20":0,"21":0,"22":0,"23":0,"24":0,"25":0,"26":0,"27":0,"28":0,"29":0,"30":0,"31":0,"32":0,"33":0,"34":0,"35":0,"36":0,"37":0,"38":5,"39":5,"40":0,"41":0,"42":0,"43":0,"44":0,"45":0,"46":0,"47":0,"48":0,"49":0,"50":0,"51":0,"52":0,"53":0,"54":0,"55":0},"f":{"0":5,"1":0,"2":0,"3":0,"4":0,"5":0,"6":0,"7":0,"8":0,"9":0,"10":0,"11":0,"12":0,"13":0,"14":0,"15":0,"16":0},"b":{"0":[0],"1":[0],"2":[0,0],"3":[0],"4":[0],"5":[0],"6":[0]}}
}
