TN:
SF:src/cli/commands/agents.ts
FN:20,formatDuration
FN:27,agentsCommand
FN:41,(anonymous_11)
FN:49,(anonymous_12)
FN:53,(anonymous_13)
FN:67,(anonymous_14)
FN:85,(anonymous_15)
FN:96,(anonymous_16)
FN:102,(anonymous_17)
FN:136,(anonymous_18)
FN:153,(anonymous_19)
FN:169,(anonymous_20)
FN:191,(anonymous_21)
FN:194,(anonymous_22)
FN:221,(anonymous_23)
FN:238,(anonymous_24)
FN:259,(anonymous_25)
FN:326,(anonymous_26)
FN:331,(anonymous_27)
FN:343,(anonymous_28)
FN:362,(anonymous_29)
FN:377,(anonymous_30)
FN:399,(anonymous_31)
FN:422,(anonymous_32)
FN:436,(anonymous_33)
FN:456,(anonymous_34)
FN:471,(anonymous_35)
FN:498,(anonymous_36)
FN:519,(anonymous_37)
FN:532,(anonymous_38)
FNF:30
FNH:1
FNDA:0,formatDuration
FNDA:25,agentsCommand
FNDA:0,(anonymous_11)
FNDA:0,(anonymous_12)
FNDA:0,(anonymous_13)
FNDA:0,(anonymous_14)
FNDA:0,(anonymous_15)
FNDA:0,(anonymous_16)
FNDA:0,(anonymous_17)
FNDA:0,(anonymous_18)
FNDA:0,(anonymous_19)
FNDA:0,(anonymous_20)
FNDA:0,(anonymous_21)
FNDA:0,(anonymous_22)
FNDA:0,(anonymous_23)
FNDA:0,(anonymous_24)
FNDA:0,(anonymous_25)
FNDA:0,(anonymous_26)
FNDA:0,(anonymous_27)
FNDA:0,(anonymous_28)
FNDA:0,(anonymous_29)
FNDA:0,(anonymous_30)
FNDA:0,(anonymous_31)
FNDA:0,(anonymous_32)
FNDA:0,(anonymous_33)
FNDA:0,(anonymous_34)
FNDA:0,(anonymous_35)
FNDA:0,(anonymous_36)
FNDA:0,(anonymous_37)
FNDA:0,(anonymous_38)
DA:9,1
DA:11,1
DA:12,1
DA:13,1
DA:14,1
DA:15,1
DA:21,0
DA:22,0
DA:23,0
DA:24,0
DA:27,1
DA:28,25
DA:30,25
DA:35,25
DA:42,0
DA:44,0
DA:45,0
DA:48,0
DA:49,0
DA:53,0
DA:55,0
DA:57,0
DA:62,25
DA:68,0
DA:70,0
DA:71,0
DA:72,0
DA:73,0
DA:75,0
DA:77,0
DA:82,25
DA:86,0
DA:87,0
DA:88,0
DA:89,0
DA:92,0
DA:93,0
DA:96,0
DA:97,0
DA:99,0
DA:102,0
DA:103,0
DA:105,0
DA:106,0
DA:107,0
DA:108,0
DA:111,0
DA:114,0
DA:115,0
DA:116,0
DA:117,0
DA:120,0
DA:121,0
DA:122,0
DA:123,0
DA:125,0
DA:126,0
DA:130,0
DA:131,0
DA:132,0
DA:136,0
DA:137,0
DA:138,0
DA:139,0
DA:143,0
DA:148,25
DA:154,0
DA:155,0
DA:156,0
DA:157,0
DA:160,0
DA:163,0
DA:166,0
DA:169,0
DA:170,0
DA:171,0
DA:174,0
DA:175,0
DA:176,0
DA:180,0
DA:181,0
DA:182,0
DA:186,0
DA:187,0
DA:189,0
DA:191,0
DA:192,0
DA:193,0
DA:194,0
DA:197,0
DA:198,0
DA:199,0
DA:200,0
DA:205,0
DA:206,0
DA:207,0
DA:208,0
DA:209,0
DA:213,0
DA:216,0
DA:221,0
DA:222,0
DA:223,0
DA:224,0
DA:229,0
DA:234,25
DA:239,0
DA:241,0
DA:242,0
DA:243,0
DA:244,0
DA:248,0
DA:249,0
DA:254,0
DA:255,0
DA:256,0
DA:259,0
DA:260,0
DA:263,0
DA:266,0
DA:271,0
DA:274,0
DA:277,0
DA:278,0
DA:281,0
DA:282,0
DA:283,0
DA:284,0
DA:288,0
DA:290,0
DA:300,0
DA:301,0
DA:303,0
DA:304,0
DA:305,0
DA:306,0
DA:307,0
DA:308,0
DA:309,0
DA:310,0
DA:311,0
DA:315,0
DA:320,25
DA:327,0
DA:329,0
DA:331,0
DA:333,0
DA:340,0
DA:343,0
DA:344,0
DA:350,0
DA:352,0
DA:354,0
DA:359,25
DA:363,0
DA:365,0
DA:366,0
DA:367,0
DA:368,0
DA:371,0
DA:377,0
DA:378,0
DA:384,0
DA:386,0
DA:387,0
DA:388,0
DA:390,0
DA:395,25
DA:400,0
DA:401,0
DA:402,0
DA:403,0
DA:406,0
DA:407,0
DA:410,0
DA:411,0
DA:415,0
DA:422,0
DA:423,0
DA:425,0
DA:426,0
DA:428,0
DA:433,25
DA:437,0
DA:438,0
DA:439,0
DA:440,0
DA:443,0
DA:444,0
DA:448,0
DA:456,0
DA:457,0
DA:459,0
DA:461,0
DA:466,25
DA:472,0
DA:473,0
DA:474,0
DA:475,0
DA:478,0
DA:479,0
DA:483,0
DA:484,0
DA:488,0
DA:489,0
DA:498,0
DA:499,0
DA:509,0
DA:511,0
DA:516,25
DA:520,0
DA:521,0
DA:522,0
DA:523,0
DA:526,0
DA:532,0
DA:533,0
DA:539,0
DA:541,0
DA:543,0
DA:547,25
DA:550,1
LF:222
LH:22
BRDA:21,0,0,0
BRDA:22,1,0,0
BRDA:23,2,0,0
BRDA:48,3,0,0
BRDA:48,3,1,0
BRDA:72,4,0,0
BRDA:88,5,0,0
BRDA:105,6,0,0
BRDA:114,7,0,0
BRDA:120,8,0,0
BRDA:120,9,0,0
BRDA:120,9,1,0
BRDA:122,10,0,0
BRDA:156,11,0,0
BRDA:160,12,0,0
BRDA:160,12,1,0
BRDA:174,13,0,0
BRDA:186,14,0,0
BRDA:189,15,0,0
BRDA:189,15,1,0
BRDA:193,16,0,0
BRDA:193,16,1,0
BRDA:197,17,0,0
BRDA:206,18,0,0
BRDA:213,19,0,0
BRDA:213,20,0,0
BRDA:213,20,1,0
BRDA:213,20,2,0
BRDA:243,21,0,0
BRDA:249,22,0,0
BRDA:249,22,1,0
BRDA:256,23,0,0
BRDA:256,23,1,0
BRDA:260,24,0,0
BRDA:260,24,1,0
BRDA:260,24,2,0
BRDA:263,25,0,0
BRDA:263,25,1,0
BRDA:266,26,0,0
BRDA:266,26,1,0
BRDA:277,27,0,0
BRDA:278,28,0,0
BRDA:281,29,0,0
BRDA:283,30,0,0
BRDA:284,31,0,0
BRDA:300,32,0,0
BRDA:300,32,1,0
BRDA:303,33,0,0
BRDA:303,33,1,0
BRDA:303,34,0,0
BRDA:303,34,1,0
BRDA:335,35,0,0
BRDA:335,35,1,0
BRDA:367,36,0,0
BRDA:402,37,0,0
BRDA:406,38,0,0
BRDA:410,39,0,0
BRDA:410,40,0,0
BRDA:410,40,1,0
BRDA:439,41,0,0
BRDA:443,42,0,0
BRDA:474,43,0,0
BRDA:478,44,0,0
BRDA:483,45,0,0
BRDA:488,46,0,0
BRDA:488,46,1,0
BRDA:522,47,0,0
BRF:67
BRH:0
end_of_record
TN:
SF:src/cli/commands/quality.ts
FN:20,formatJson
FN:43,findAgent
FN:81,qualityLintCommand
FN:91,(anonymous_12)
FN:119,(anonymous_13)
FN:162,qualityTypesCommand
FN:171,(anonymous_15)
FN:184,(anonymous_16)
FN:185,(anonymous_17)
FN:242,qualitySecurityCommand
FN:251,(anonymous_19)
FN:267,(anonymous_20)
FN:268,(anonymous_21)
FN:269,(anonymous_22)
FN:270,(anonymous_23)
FN:296,(anonymous_24)
FN:323,qualityGateCommand
FN:332,(anonymous_26)
FN:386,qualityCommand
FN:401,calculateLintScoreFromResults
FN:408,calculateTypeScore
FNF:21
FNH:5
FNDA:0,formatJson
FNDA:0,findAgent
FNDA:12,qualityLintCommand
FNDA:0,(anonymous_12)
FNDA:0,(anonymous_13)
FNDA:11,qualityTypesCommand
FNDA:0,(anonymous_15)
FNDA:0,(anonymous_16)
FNDA:0,(anonymous_17)
FNDA:11,qualitySecurityCommand
FNDA:0,(anonymous_19)
FNDA:0,(anonymous_20)
FNDA:0,(anonymous_21)
FNDA:0,(anonymous_22)
FNDA:0,(anonymous_23)
FNDA:0,(anonymous_24)
FNDA:11,qualityGateCommand
FNDA:0,(anonymous_26)
FNDA:7,qualityCommand
FNDA:0,calculateLintScoreFromResults
FNDA:0,calculateTypeScore
DA:9,1
DA:10,1
DA:12,1
DA:14,1
DA:15,1
DA:21,0
DA:44,0
DA:46,0
DA:47,0
DA:50,0
DA:52,0
DA:54,0
DA:55,0
DA:56,0
DA:57,0
DA:62,0
DA:63,0
DA:64,0
DA:65,0
DA:66,0
DA:67,0
DA:75,0
DA:81,1
DA:82,12
DA:84,12
DA:92,0
DA:93,0
DA:95,0
DA:96,0
DA:97,0
DA:98,0
DA:101,0
DA:102,0
DA:103,0
DA:105,0
DA:114,0
DA:116,0
DA:117,0
DA:119,0
DA:130,0
DA:132,0
DA:133,0
DA:134,0
DA:135,0
DA:136,0
DA:137,0
DA:138,0
DA:141,0
DA:142,0
DA:143,0
DA:144,0
DA:145,0
DA:146,0
DA:149,0
DA:151,0
DA:152,0
DA:156,12
DA:162,1
DA:163,11
DA:165,11
DA:172,0
DA:173,0
DA:175,0
DA:176,0
DA:177,0
DA:180,0
DA:181,0
DA:183,0
DA:184,0
DA:185,0
DA:189,0
DA:190,0
DA:191,0
DA:192,0
DA:194,0
DA:195,0
DA:198,0
DA:200,0
DA:201,0
DA:211,0
DA:212,0
DA:213,0
DA:214,0
DA:215,0
DA:216,0
DA:218,0
DA:219,0
DA:220,0
DA:221,0
DA:223,0
DA:224,0
DA:229,0
DA:231,0
DA:232,0
DA:236,11
DA:242,1
DA:243,11
DA:245,11
DA:252,0
DA:253,0
DA:255,0
DA:256,0
DA:257,0
DA:260,0
DA:261,0
DA:262,0
DA:264,0
DA:267,0
DA:268,0
DA:269,0
DA:270,0
DA:272,0
DA:274,0
DA:275,0
DA:283,0
DA:285,0
DA:286,0
DA:288,0
DA:289,0
DA:290,0
DA:291,0
DA:292,0
DA:293,0
DA:296,0
DA:297,0
DA:298,0
DA:299,0
DA:300,0
DA:301,0
DA:302,0
DA:307,0
DA:310,0
DA:312,0
DA:313,0
DA:317,11
DA:323,1
DA:324,11
DA:326,11
DA:333,0
DA:334,0
DA:335,0
DA:339,0
DA:340,0
DA:341,0
DA:342,0
DA:343,0
DA:344,0
DA:346,0
DA:347,0
DA:352,0
DA:361,0
DA:366,0
DA:371,0
DA:373,0
DA:375,0
DA:376,0
DA:380,11
DA:386,1
DA:387,7
DA:389,7
DA:397,7
DA:402,0
DA:403,0
DA:404,0
DA:405,0
DA:409,0
DA:410,0
LF:167
LH:25
BRDA:46,0,0,0
BRDA:54,1,0,0
BRDA:54,2,0,0
BRDA:54,2,1,0
BRDA:56,3,0,0
BRDA:63,4,0,0
BRDA:66,5,0,0
BRDA:66,6,0,0
BRDA:66,6,1,0
BRDA:95,7,0,0
BRDA:116,8,0,0
BRDA:116,8,1,0
BRDA:133,9,0,0
BRDA:133,9,1,0
BRDA:146,10,0,0
BRDA:146,10,1,0
BRDA:149,11,0,0
BRDA:149,11,1,0
BRDA:151,12,0,0
BRDA:151,12,1,0
BRDA:175,13,0,0
BRDA:184,14,0,0
BRDA:184,14,1,0
BRDA:189,15,0,0
BRDA:189,15,1,0
BRDA:191,16,0,0
BRDA:191,16,1,0
BRDA:200,17,0,0
BRDA:200,17,1,0
BRDA:203,18,0,0
BRDA:203,18,1,0
BRDA:212,19,0,0
BRDA:212,19,1,0
BRDA:216,20,0,0
BRDA:216,20,1,0
BRDA:218,21,0,0
BRDA:223,22,0,0
BRDA:229,23,0,0
BRDA:229,23,1,0
BRDA:231,24,0,0
BRDA:231,24,1,0
BRDA:255,25,0,0
BRDA:261,26,0,0
BRDA:261,26,1,0
BRDA:272,27,0,0
BRDA:272,27,1,0
BRDA:274,28,0,0
BRDA:274,28,1,0
BRDA:285,29,0,0
BRDA:285,29,1,0
BRDA:296,30,0,0
BRDA:296,30,1,0
BRDA:297,31,0,0
BRDA:302,32,0,0
BRDA:302,32,1,0
BRDA:307,33,0,0
BRDA:307,33,1,0
BRDA:310,34,0,0
BRDA:310,34,1,0
BRDA:312,35,0,0
BRDA:312,35,1,0
BRDA:339,36,0,0
BRDA:339,36,1,0
BRDA:339,37,0,0
BRDA:339,37,1,0
BRDA:342,38,0,0
BRDA:342,38,1,0
BRDA:373,39,0,0
BRDA:373,39,1,0
BRDA:375,40,0,0
BRDA:375,40,1,0
BRF:71
BRH:0
end_of_record
TN:
SF:src/cli/commands/tests.ts
FN:35,testsCommand
FN:50,(anonymous_10)
FN:167,(anonymous_11)
FN:208,(anonymous_12)
FN:238,(anonymous_13)
FN:282,getExtension
FN:297,generateTestTemplate
FNF:7
FNH:1
FNDA:17,testsCommand
FNDA:0,(anonymous_10)
FNDA:0,(anonymous_11)
FNDA:0,(anonymous_12)
FNDA:0,(anonymous_13)
FNDA:0,getExtension
FNDA:0,generateTestTemplate
DA:11,1
DA:12,1
DA:13,1
DA:15,1
DA:17,1
DA:22,1
DA:28,1
DA:29,1
DA:35,1
DA:36,17
DA:38,17
DA:43,17
DA:57,0
DA:59,0
DA:61,0
DA:63,0
DA:64,0
DA:69,0
DA:70,0
DA:72,0
DA:75,0
DA:83,0
DA:85,0
DA:86,0
DA:87,0
DA:90,0
DA:92,0
DA:93,0
DA:94,0
DA:95,0
DA:96,0
DA:97,0
DA:98,0
DA:99,0
DA:100,0
DA:101,0
DA:102,0
DA:105,0
DA:107,0
DA:111,0
DA:112,0
DA:114,0
DA:115,0
DA:116,0
DA:117,0
DA:118,0
DA:119,0
DA:120,0
DA:121,0
DA:122,0
DA:124,0
DA:125,0
DA:126,0
DA:127,0
DA:128,0
DA:129,0
DA:130,0
DA:131,0
DA:140,0
DA:141,0
DA:142,0
DA:143,0
DA:145,0
DA:147,0
DA:148,0
DA:150,0
DA:154,0
DA:156,0
DA:161,17
DA:173,0
DA:175,0
DA:176,0
DA:178,0
DA:179,0
DA:183,0
DA:185,0
DA:186,0
DA:188,0
DA:190,0
DA:191,0
DA:193,0
DA:194,0
DA:195,0
DA:196,0
DA:199,0
DA:204,17
DA:209,0
DA:211,0
DA:212,0
DA:214,0
DA:215,0
DA:218,0
DA:220,0
DA:221,0
DA:223,0
DA:224,0
DA:225,0
DA:229,0
DA:234,17
DA:239,0
DA:241,0
DA:242,0
DA:244,0
DA:245,0
DA:248,0
DA:249,0
DA:251,0
DA:252,0
DA:254,0
DA:256,0
DA:257,0
DA:258,0
DA:260,0
DA:261,0
DA:262,0
DA:264,0
DA:265,0
DA:266,0
DA:272,0
DA:276,17
DA:283,0
DA:291,0
DA:298,0
DA:523,0
DA:524,0
DA:527,1
LF:126
LH:17
BRDA:63,0,0,0
BRDA:69,1,0,0
BRDA:69,1,1,0
BRDA:72,2,0,0
BRDA:72,2,1,0
BRDA:77,3,0,0
BRDA:77,3,1,0
BRDA:78,4,0,0
BRDA:78,4,1,0
BRDA:90,5,0,0
BRDA:90,5,1,0
BRDA:94,6,0,0
BRDA:97,7,0,0
BRDA:97,8,0,0
BRDA:97,8,1,0
BRDA:99,9,0,0
BRDA:99,9,1,0
BRDA:101,10,0,0
BRDA:111,11,0,0
BRDA:111,11,1,0
BRDA:124,12,0,0
BRDA:128,13,0,0
BRDA:130,14,0,0
BRDA:140,15,0,0
BRDA:147,16,0,0
BRDA:147,16,1,0
BRDA:154,17,0,0
BRDA:154,17,1,0
BRDA:178,18,0,0
BRDA:183,19,0,0
BRDA:183,19,1,0
BRDA:183,19,2,0
BRDA:185,20,0,0
BRDA:185,20,1,0
BRDA:186,21,0,0
BRDA:186,21,1,0
BRDA:190,22,0,0
BRDA:190,22,1,0
BRDA:214,23,0,0
BRDA:220,24,0,0
BRDA:220,24,1,0
BRDA:225,25,0,0
BRDA:225,25,1,0
BRDA:244,26,0,0
BRDA:248,27,0,0
BRDA:248,27,1,0
BRDA:251,28,0,0
BRDA:251,28,1,0
BRDA:256,29,0,0
BRDA:261,30,0,0
BRDA:261,30,1,0
BRDA:291,31,0,0
BRDA:291,31,1,0
BRDA:524,32,0,0
BRDA:524,32,1,0
BRF:55
BRH:0
end_of_record
TN:
SF:src/context/dependencies.ts
FN:21,createParser
FN:23,(anonymous_1)
FN:26,(anonymous_2)
FN:61,(anonymous_3)
FN:70,(anonymous_4)
FN:78,(anonymous_5)
FN:83,(anonymous_6)
FN:94,(anonymous_7)
FN:122,(anonymous_8)
FN:128,(anonymous_9)
FN:169,(anonymous_10)
FN:189,(anonymous_11)
FN:200,(anonymous_12)
FN:222,(anonymous_13)
FN:267,(anonymous_14)
FN:332,(anonymous_15)
FN:336,(anonymous_16)
FN:367,(anonymous_17)
FN:378,(anonymous_18)
FN:385,(anonymous_19)
FN:394,(anonymous_20)
FN:423,(anonymous_21)
FN:430,(anonymous_22)
FN:453,(anonymous_23)
FN:462,(anonymous_24)
FN:478,(anonymous_25)
FN:533,(anonymous_26)
FN:559,(anonymous_27)
FN:583,(anonymous_28)
FN:591,(anonymous_29)
FN:601,(anonymous_30)
FN:619,(anonymous_31)
FN:631,(anonymous_32)
FN:639,(anonymous_33)
FN:657,(anonymous_34)
FN:680,(anonymous_35)
FN:702,(anonymous_36)
FN:723,(anonymous_37)
FN:731,buildDependencyGraph
FN:760,detectCycles
FN:773,getDependencies
FN:787,getDependents
FN:801,getFileDependencies
FN:827,analyzeDependencyHealth
FN:893,(anonymous_44)
FNF:45
FNH:35
FNDA:12,createParser
FNDA:22,(anonymous_1)
FNDA:18,(anonymous_2)
FNDA:22,(anonymous_3)
FNDA:224,(anonymous_4)
FNDA:16,(anonymous_5)
FNDA:22,(anonymous_6)
FNDA:16,(anonymous_7)
FNDA:15,(anonymous_8)
FNDA:48,(anonymous_9)
FNDA:7,(anonymous_10)
FNDA:7,(anonymous_11)
FNDA:84,(anonymous_12)
FNDA:3,(anonymous_13)
FNDA:3,(anonymous_14)
FNDA:256,(anonymous_15)
FNDA:22,(anonymous_16)
FNDA:33,(anonymous_17)
FNDA:0,(anonymous_18)
FNDA:0,(anonymous_19)
FNDA:85,(anonymous_20)
FNDA:0,(anonymous_21)
FNDA:12,(anonymous_22)
FNDA:33,(anonymous_23)
FNDA:0,(anonymous_24)
FNDA:40,(anonymous_25)
FNDA:59,(anonymous_26)
FNDA:2,(anonymous_27)
FNDA:16,(anonymous_28)
FNDA:3,(anonymous_29)
FNDA:1,(anonymous_30)
FNDA:4,(anonymous_31)
FNDA:2,(anonymous_32)
FNDA:1,(anonymous_33)
FNDA:11,(anonymous_34)
FNDA:0,(anonymous_35)
FNDA:4,(anonymous_36)
FNDA:89,(anonymous_37)
FNDA:0,buildDependencyGraph
FNDA:0,detectCycles
FNDA:0,getDependencies
FNDA:0,getDependents
FNDA:3,getFileDependencies
FNDA:3,analyzeDependencyHealth
FNDA:0,(anonymous_44)
DA:6,2
DA:7,2
DA:22,12
DA:24,22
DA:25,22
DA:26,22
DA:56,2
DA:62,22
DA:63,22
DA:64,22
DA:71,224
DA:72,224
DA:79,16
DA:80,16
DA:82,16
DA:83,55
DA:84,9
DA:88,16
DA:95,16
DA:96,16
DA:97,16
DA:99,16
DA:100,75
DA:102,75
DA:103,0
DA:105,75
DA:107,75
DA:108,75
DA:109,59
DA:110,59
DA:111,59
DA:116,16
DA:123,15
DA:124,15
DA:125,15
DA:126,15
DA:128,15
DA:129,48
DA:130,48
DA:131,48
DA:133,48
DA:135,48
DA:136,36
DA:137,31
DA:138,0
DA:140,5
DA:142,5
DA:143,5
DA:144,5
DA:148,48
DA:149,48
DA:150,48
DA:153,15
DA:154,48
DA:155,17
DA:159,15
DA:170,7
DA:172,7
DA:174,22
DA:176,8
DA:177,8
DA:178,4
DA:183,7
DA:190,7
DA:192,7
DA:193,22
DA:194,22
DA:197,7
DA:201,84
DA:202,2
DA:204,82
DA:206,82
DA:207,82
DA:208,21
DA:211,61
DA:212,61
DA:213,62
DA:216,61
DA:223,3
DA:224,3
DA:225,3
DA:226,3
DA:227,3
DA:228,3
DA:231,3
DA:232,15
DA:236,3
DA:237,15
DA:241,3
DA:242,15
DA:243,15
DA:244,11
DA:245,11
DA:247,11
DA:251,3
DA:268,3
DA:269,3
DA:272,3
DA:273,7
DA:279,3
DA:280,3
DA:281,3
DA:282,3
DA:285,3
DA:288,3
DA:289,0
DA:294,3
DA:295,3
DA:296,7
DA:297,5
DA:301,3
DA:302,3
DA:304,3
DA:305,7
DA:306,7
DA:307,7
DA:310,7
DA:311,8
DA:312,8
DA:313,8
DA:314,8
DA:315,3
DA:316,3
DA:317,2
DA:324,3
DA:325,3
DA:326,0
DA:329,3
DA:333,256
DA:338,22
DA:339,22
DA:340,22
DA:341,22
DA:343,22
DA:344,109
DA:345,0
DA:346,109
DA:347,109
DA:351,22
DA:353,0
DA:360,2
DA:368,33
DA:369,33
DA:370,33
DA:371,33
DA:372,33
DA:379,0
DA:388,0
DA:395,85
DA:398,85
DA:400,85
DA:401,24
DA:405,85
DA:407,44
DA:409,44
DA:410,41
DA:414,41
DA:415,41
DA:424,0
DA:431,12
DA:433,12
DA:436,12
DA:437,22
DA:438,22
DA:439,22
DA:441,22
DA:442,18
DA:445,0
DA:454,33
DA:455,12
DA:463,0
DA:464,0
DA:466,0
DA:467,0
DA:468,0
DA:469,0
DA:472,0
DA:480,40
DA:481,7
DA:485,33
DA:488,33
DA:489,33
DA:492,33
DA:493,85
DA:494,85
DA:495,85
DA:496,85
DA:501,33
DA:502,59
DA:503,59
DA:504,59
DA:505,59
DA:506,59
DA:510,33
DA:511,59
DA:512,0
DA:514,59
DA:517,59
DA:518,5
DA:522,33
DA:527,33
DA:535,59
DA:536,0
DA:540,59
DA:541,1
DA:544,58
DA:545,58
DA:548,58
DA:549,57
DA:552,1
DA:553,1
DA:554,1
DA:555,1
DA:556,1
DA:557,1
DA:559,2
DA:560,1
DA:561,1
DA:565,58
DA:567,58
DA:568,58
DA:569,58
DA:570,54
DA:571,4
DA:572,0
DA:574,4
DA:577,0
DA:584,16
DA:585,16
DA:592,3
DA:594,3
DA:595,3
DA:602,1
DA:604,1
DA:605,1
DA:607,1
DA:608,3
DA:609,2
DA:613,1
DA:620,4
DA:621,4
DA:622,4
DA:632,2
DA:633,2
DA:640,1
DA:641,1
DA:644,1
DA:645,5
DA:646,5
DA:647,1
DA:651,1
DA:658,11
DA:659,0
DA:662,11
DA:663,11
DA:665,11
DA:666,5
DA:669,6
DA:670,6
DA:671,6
DA:672,6
DA:673,6
DA:677,6
DA:681,0
DA:682,0
DA:684,0
DA:686,0
DA:687,0
DA:688,0
DA:691,0
DA:692,0
DA:693,0
DA:696,0
DA:709,4
DA:710,4
DA:711,4
DA:712,4
DA:714,4
DA:724,89
DA:731,2
DA:736,0
DA:738,0
DA:739,0
DA:742,0
DA:743,0
DA:746,0
DA:747,0
DA:748,0
DA:752,0
DA:754,0
DA:760,2
DA:765,0
DA:766,0
DA:767,0
DA:773,2
DA:779,0
DA:780,0
DA:781,0
DA:787,2
DA:793,0
DA:794,0
DA:795,0
DA:801,2
DA:805,3
DA:807,3
DA:808,5
DA:809,5
DA:811,0
DA:815,3
DA:816,3
DA:818,3
DA:827,2
DA:840,3
DA:842,3
DA:843,15
DA:844,15
DA:846,0
DA:850,3
DA:851,3
DA:852,3
DA:853,3
DA:854,3
DA:860,3
DA:863,3
DA:864,1
DA:868,3
DA:869,1
DA:873,3
DA:874,0
DA:878,3
DA:879,15
DA:880,0
DA:881,0
DA:885,3
DA:893,0
LF:335
LH:278
BRDA:24,0,0,22
BRDA:24,0,1,0
BRDA:63,1,0,22
BRDA:63,1,1,0
BRDA:64,2,0,22
BRDA:64,2,1,21
BRDA:72,3,0,224
BRDA:72,3,1,1
BRDA:83,4,0,9
BRDA:83,5,0,55
BRDA:83,5,1,46
BRDA:102,6,0,0
BRDA:109,7,0,59
BRDA:136,8,0,31
BRDA:136,8,1,5
BRDA:137,9,0,0
BRDA:140,10,0,5
BRDA:154,11,0,17
BRDA:174,12,0,8
BRDA:177,13,0,4
BRDA:201,14,0,2
BRDA:207,15,0,21
BRDA:244,16,0,11
BRDA:282,17,0,0
BRDA:282,18,0,3
BRDA:282,18,1,3
BRDA:285,19,0,3
BRDA:285,19,1,2
BRDA:288,20,0,0
BRDA:296,21,0,5
BRDA:313,22,0,0
BRDA:313,23,0,8
BRDA:313,23,1,8
BRDA:314,24,0,3
BRDA:314,25,0,8
BRDA:314,25,1,3
BRDA:315,26,0,3
BRDA:315,26,1,0
BRDA:316,27,0,2
BRDA:325,28,0,0
BRDA:338,29,0,22
BRDA:338,30,0,22
BRDA:338,30,1,22
BRDA:344,31,0,0
BRDA:344,31,1,109
BRDA:346,32,0,109
BRDA:400,33,0,24
BRDA:405,34,0,44
BRDA:405,34,1,41
BRDA:414,35,0,41
BRDA:431,36,0,12
BRDA:454,37,0,12
BRDA:454,38,0,33
BRDA:454,38,1,13
BRDA:466,39,0,0
BRDA:466,39,1,0
BRDA:467,40,0,0
BRDA:480,41,0,7
BRDA:494,42,0,0
BRDA:495,43,0,85
BRDA:504,44,0,0
BRDA:504,45,0,59
BRDA:504,45,1,59
BRDA:511,46,0,0
BRDA:517,47,0,5
BRDA:535,48,0,0
BRDA:540,49,0,1
BRDA:548,50,0,57
BRDA:548,50,1,1
BRDA:552,51,0,1
BRDA:565,52,0,58
BRDA:569,53,0,54
BRDA:569,53,1,4
BRDA:571,54,0,0
BRDA:585,55,0,16
BRDA:585,55,1,15
BRDA:595,56,0,3
BRDA:595,56,1,0
BRDA:608,57,0,2
BRDA:646,58,0,1
BRDA:658,59,0,0
BRDA:663,60,0,11
BRDA:663,60,1,0
BRDA:665,61,0,5
BRDA:672,62,0,6
BRDA:681,63,0,0
BRDA:686,64,0,0
BRDA:686,64,1,0
BRDA:687,65,0,0
BRDA:738,66,0,0
BRDA:746,67,0,0
BRDA:808,68,0,5
BRDA:808,68,1,0
BRDA:811,69,0,0
BRDA:811,69,1,0
BRDA:843,70,0,15
BRDA:843,70,1,0
BRDA:846,71,0,0
BRDA:846,71,1,0
BRDA:863,72,0,1
BRDA:868,73,0,1
BRDA:873,74,0,0
BRDA:879,75,0,0
BRF:103
BRH:68
end_of_record
TN:
SF:src/context/parser.ts
FN:58,parseImports
FN:111,parseExports
FN:124,(anonymous_2)
FN:149,(anonymous_3)
FN:188,detectLanguage
FN:214,createParser
FN:216,(anonymous_6)
FN:217,(anonymous_7)
FN:218,(anonymous_8)
FN:225,parseFile
FNF:10
FNH:6
FNDA:43,parseImports
FNDA:15,parseExports
FNDA:0,(anonymous_2)
FNDA:2,(anonymous_3)
FNDA:44,detectLanguage
FNDA:1,createParser
FNDA:0,(anonymous_6)
FNDA:0,(anonymous_7)
FNDA:0,(anonymous_8)
FNDA:1,parseFile
DA:9,3
DA:58,3
DA:62,43
DA:63,43
DA:65,43
DA:68,241
DA:70,241
DA:71,84
DA:74,84
DA:77,84
DA:78,84
DA:79,3
DA:80,81
DA:81,5
DA:82,76
DA:83,44
DA:84,32
DA:85,2
DA:88,84
DA:98,43
DA:99,43
DA:100,84
DA:101,64
DA:105,43
DA:111,3
DA:115,15
DA:117,15
DA:121,12
DA:123,12
DA:124,0
DA:125,0
DA:129,12
DA:130,12
DA:131,10
DA:135,12
DA:136,12
DA:137,1
DA:139,12
DA:144,1
DA:146,1
DA:147,1
DA:149,2
DA:150,1
DA:152,1
DA:157,1
DA:159,1
DA:160,1
DA:164,1
DA:165,1
DA:166,2
DA:168,1
DA:173,1
DA:175,1
DA:176,1
DA:178,1
DA:182,15
DA:188,3
DA:189,44
DA:191,44
DA:194,33
DA:199,4
DA:201,2
DA:203,2
DA:205,2
DA:207,1
DA:214,3
DA:215,1
DA:216,0
DA:217,0
DA:218,0
DA:225,3
DA:229,1
DA:230,1
LF:73
LH:68
BRDA:63,0,0,43
BRDA:63,0,1,0
BRDA:71,1,0,84
BRDA:71,1,1,0
BRDA:78,2,0,3
BRDA:78,2,1,81
BRDA:80,3,0,5
BRDA:80,3,1,76
BRDA:82,4,0,44
BRDA:82,4,1,32
BRDA:84,5,0,2
BRDA:100,6,0,64
BRDA:117,7,0,12
BRDA:117,7,1,12
BRDA:117,7,2,1
BRDA:117,7,3,1
BRDA:117,7,4,1
BRDA:191,8,0,31
BRDA:191,8,1,33
BRDA:191,8,2,2
BRDA:191,8,3,3
BRDA:191,8,4,4
BRDA:191,8,5,4
BRDA:191,8,6,2
BRDA:191,8,7,2
BRDA:191,8,8,2
BRDA:191,8,9,1
BRDA:218,9,0,0
BRDA:218,9,1,0
BRDA:229,10,0,1
BRDA:229,10,1,0
BRF:31
BRH:26
end_of_record
TN:
SF:src/context/tree.ts
FN:12,(anonymous_0)
FN:22,(anonymous_1)
FN:37,(anonymous_2)
FN:39,(anonymous_3)
FN:48,(anonymous_4)
FN:75,(anonymous_5)
FN:84,(anonymous_6)
FN:91,(anonymous_7)
FN:98,(anonymous_8)
FN:105,(anonymous_9)
FN:112,(anonymous_10)
FN:114,(anonymous_11)
FN:115,(anonymous_12)
FN:121,(anonymous_13)
FN:145,(anonymous_14)
FN:158,(anonymous_15)
FN:165,(anonymous_16)
FN:172,(anonymous_17)
FN:183,(anonymous_18)
FN:192,(anonymous_19)
FN:202,(anonymous_20)
FN:212,(anonymous_21)
FN:222,(anonymous_22)
FN:246,(anonymous_23)
FN:261,(anonymous_24)
FN:266,(anonymous_25)
FN:274,(anonymous_26)
FN:295,(anonymous_27)
FN:303,(anonymous_28)
FN:307,(anonymous_29)
FN:310,(anonymous_30)
FN:311,(anonymous_31)
FN:320,formatTreeAsString
FN:369,buildFileTree
FN:386,buildFileTreeWithDeps
FN:406,treeToStructuredOutput
FN:428,buildTreeWithDependencyOutput
FN:464,createTreeParser
FN:476,indexSymbols
FN:484,(anonymous_39)
FNF:40
FNH:31
FNDA:7,(anonymous_0)
FNDA:29,(anonymous_1)
FNDA:23,(anonymous_2)
FNDA:73,(anonymous_3)
FNDA:13,(anonymous_4)
FNDA:28,(anonymous_5)
FNDA:8,(anonymous_6)
FNDA:0,(anonymous_7)
FNDA:3,(anonymous_8)
FNDA:2,(anonymous_9)
FNDA:3,(anonymous_10)
FNDA:12,(anonymous_11)
FNDA:5,(anonymous_12)
FNDA:10,(anonymous_13)
FNDA:3,(anonymous_14)
FNDA:1,(anonymous_15)
FNDA:1,(anonymous_16)
FNDA:6,(anonymous_17)
FNDA:1,(anonymous_18)
FNDA:1,(anonymous_19)
FNDA:1,(anonymous_20)
FNDA:1,(anonymous_21)
FNDA:1,(anonymous_22)
FNDA:1,(anonymous_23)
FNDA:5,(anonymous_24)
FNDA:4,(anonymous_25)
FNDA:0,(anonymous_26)
FNDA:0,(anonymous_27)
FNDA:60,(anonymous_28)
FNDA:30,(anonymous_29)
FNDA:22,(anonymous_30)
FNDA:22,(anonymous_31)
FNDA:9,formatTreeAsString
FNDA:5,buildFileTree
FNDA:0,buildFileTreeWithDeps
FNDA:0,treeToStructuredOutput
FNDA:0,buildTreeWithDependencyOutput
FNDA:0,createTreeParser
FNDA:0,indexSymbols
FNDA:0,(anonymous_39)
DA:6,1
DA:7,1
DA:12,8
DA:17,1
DA:23,29
DA:29,29
DA:30,29
DA:31,29
DA:38,23
DA:39,73
DA:41,23
DA:43,23
DA:44,50
DA:45,50
DA:46,50
DA:48,50
DA:50,50
DA:51,43
DA:59,43
DA:60,0
DA:62,43
DA:65,50
DA:66,50
DA:69,23
DA:76,28
DA:77,28
DA:78,28
DA:85,8
DA:92,0
DA:99,3
DA:106,2
DA:113,3
DA:114,12
DA:115,5
DA:122,10
DA:124,10
DA:126,1
DA:127,2
DA:128,2
DA:129,2
DA:134,9
DA:135,23
DA:139,10
DA:146,3
DA:147,3
DA:149,3
DA:159,1
DA:166,1
DA:173,6
DA:174,6
DA:175,18
DA:177,6
DA:184,1
DA:185,1
DA:186,1
DA:193,1
DA:194,1
DA:195,1
DA:196,1
DA:203,1
DA:204,1
DA:205,1
DA:206,1
DA:213,1
DA:214,1
DA:215,1
DA:216,1
DA:223,1
DA:224,1
DA:225,1
DA:226,1
DA:228,1
DA:229,1
DA:231,1
DA:232,3
DA:233,3
DA:234,3
DA:235,3
DA:236,3
DA:240,1
DA:247,1
DA:248,1
DA:250,1
DA:251,1
DA:252,1
DA:254,0
DA:262,5
DA:264,5
DA:265,8
DA:266,8
DA:268,8
DA:271,5
DA:280,0
DA:281,0
DA:284,0
DA:290,0
DA:291,0
DA:294,0
DA:295,0
DA:296,0
DA:300,0
DA:304,60
DA:308,30
DA:309,19
DA:310,22
DA:311,22
DA:313,30
DA:320,1
DA:328,9
DA:330,1
DA:333,8
DA:334,8
DA:336,8
DA:337,0
DA:338,0
DA:341,0
DA:344,8
DA:346,8
DA:347,5
DA:348,5
DA:349,6
DA:350,6
DA:363,8
DA:369,1
DA:373,5
DA:375,5
DA:376,8
DA:377,8
DA:380,5
DA:386,1
DA:389,0
DA:390,0
DA:391,0
DA:394,0
DA:395,0
DA:396,0
DA:397,0
DA:400,0
DA:406,1
DA:407,0
DA:408,0
DA:409,0
DA:428,1
DA:432,0
DA:434,0
DA:435,0
DA:438,0
DA:439,0
DA:441,0
DA:464,1
DA:465,0
DA:466,0
DA:476,1
DA:479,0
DA:481,0
DA:482,0
DA:483,0
DA:484,0
DA:486,0
DA:489,0
LF:160
LH:119
BRDA:50,0,0,43
BRDA:54,1,0,22
BRDA:54,1,1,21
BRDA:55,2,0,22
BRDA:55,2,1,21
BRDA:56,3,0,22
BRDA:56,3,1,21
BRDA:59,4,0,0
BRDA:77,5,0,28
BRDA:77,5,1,0
BRDA:91,6,0,0
BRDA:114,7,0,12
BRDA:114,7,1,9
BRDA:124,8,0,1
BRDA:124,8,1,9
BRDA:128,9,0,2
BRDA:233,10,0,3
BRDA:278,11,0,0
BRDA:280,12,0,0
BRDA:280,13,0,0
BRDA:280,13,1,0
BRDA:290,14,0,0
BRDA:290,15,0,0
BRDA:290,15,1,0
BRDA:294,16,0,0
BRDA:294,17,0,0
BRDA:294,17,1,0
BRDA:308,18,0,19
BRDA:310,19,0,22
BRDA:310,19,1,11
BRDA:310,19,2,11
BRDA:322,20,0,2
BRDA:323,21,0,2
BRDA:325,22,0,3
BRDA:326,23,0,3
BRDA:328,24,0,1
BRDA:328,25,0,9
BRDA:328,25,1,2
BRDA:330,26,0,1
BRDA:330,26,1,0
BRDA:330,27,0,1
BRDA:330,27,1,0
BRDA:333,28,0,7
BRDA:333,28,1,1
BRDA:334,29,0,5
BRDA:334,29,1,3
BRDA:336,30,0,0
BRDA:336,31,0,8
BRDA:336,31,1,0
BRDA:338,32,0,0
BRDA:338,32,1,0
BRDA:338,33,0,0
BRDA:338,33,1,0
BRDA:346,34,0,5
BRDA:346,35,0,8
BRDA:346,35,1,5
BRDA:347,36,0,5
BRDA:347,36,1,0
BRDA:482,37,0,0
BRDA:482,37,1,0
BRF:60
BRH:36
end_of_record
TN:
SF:src/models/agent.ts
FN:12,(anonymous_0)
FN:302,createAgent
FNF:2
FNH:2
FNDA:2,(anonymous_0)
FNDA:30,createAgent
DA:12,2
DA:14,2
DA:16,2
DA:18,2
DA:20,2
DA:22,2
DA:24,2
DA:26,2
DA:302,2
DA:303,30
DA:304,30
DA:306,30
DA:308,30
LF:13
LH:13
BRDA:12,0,0,2
BRDA:12,0,1,2
BRDA:303,1,0,30
BRDA:303,1,1,29
BRDA:306,2,0,30
BRDA:306,2,1,29
BRDA:327,3,0,1
BRDA:327,3,1,29
BRDA:344,4,0,30
BRDA:344,4,1,29
BRF:10
BRH:10
end_of_record
TN:
SF:src/models/event.ts
FN:252,createEvent
FN:276,createAgentStatusEvent
FN:304,createTaskStatusEvent
FN:334,createQualityGateEvent
FN:367,createTestResultEvent
FN:398,createSafetyEvent
FNF:6
FNH:6
FNDA:36,createEvent
FNDA:2,createAgentStatusEvent
FNDA:2,createTaskStatusEvent
FNDA:2,createQualityGateEvent
FNDA:3,createTestResultEvent
FNDA:2,createSafetyEvent
DA:252,2
DA:253,36
DA:255,36
DA:276,2
DA:282,2
DA:304,2
DA:310,2
DA:334,2
DA:342,2
DA:367,2
DA:374,3
DA:398,2
DA:405,2
DA:409,2
LF:14
LH:14
BRDA:258,0,0,36
BRDA:258,0,1,29
BRDA:261,1,0,36
BRDA:261,1,1,24
BRDA:343,2,0,1
BRDA:343,2,1,1
BRDA:375,3,0,1
BRDA:375,3,1,2
BRDA:405,4,0,1
BRDA:405,4,1,1
BRF:10
BRH:10
end_of_record
TN:
SF:src/models/index.ts
FNF:0
FNH:0
DA:7,1
DA:8,1
DA:9,1
LF:3
LH:3
BRF:0
BRH:0
end_of_record
TN:
SF:src/models/task.ts
FN:12,(anonymous_0)
FN:193,createTask
FN:223,createQualityGate
FN:244,createQualityCriterion
FNF:4
FNH:4
FNDA:2,(anonymous_0)
FNDA:22,createTask
FNDA:2,createQualityGate
FNDA:2,createQualityCriterion
DA:12,2
DA:14,2
DA:16,2
DA:18,2
DA:20,2
DA:22,2
DA:24,2
DA:26,2
DA:28,2
DA:193,2
DA:194,22
DA:195,22
DA:197,22
DA:223,2
DA:227,2
DA:244,2
DA:249,2
LF:17
LH:17
BRDA:12,0,0,2
BRDA:12,0,1,2
BRDA:194,1,0,22
BRDA:194,1,1,21
BRDA:203,2,0,22
BRDA:203,2,1,19
BRDA:211,3,0,22
BRDA:211,3,1,21
BRDA:225,4,0,1
BRDA:247,5,0,1
BRF:10
BRH:10
end_of_record
TN:
SF:src/quality/gates.ts
FN:41,calculateScore
FN:92,(anonymous_1)
FN:95,(anonymous_2)
FN:103,calculateLintScore
FN:126,calculateTypeScore
FN:140,calculateCoverageScore
FN:150,calculatePassRateScore
FN:158,calculateSecurityScore
FN:202,evaluateQualityGate
FN:217,(anonymous_9)
FN:232,(anonymous_10)
FN:239,(anonymous_11)
FN:246,(anonymous_12)
FN:247,(anonymous_13)
FN:259,(anonymous_14)
FN:260,(anonymous_15)
FN:269,(anonymous_16)
FN:270,(anonymous_17)
FN:330,calculateOverallScore
FN:333,(anonymous_19)
FN:336,(anonymous_20)
FN:347,generateLintSummary
FN:449,parseCriteriaJson
FN:453,(anonymous_23)
FN:460,(anonymous_24)
FN:469,(anonymous_25)
FN:483,createGateFromCriteria
FN:488,(anonymous_27)
FN:492,(anonymous_28)
FN:519,formatGateResult
FN:540,(anonymous_30)
FN:550,(anonymous_31)
FNF:32
FNH:23
FNDA:4,calculateScore
FNDA:20,(anonymous_1)
FNDA:20,(anonymous_2)
FNDA:18,calculateLintScore
FNDA:21,calculateTypeScore
FNDA:28,calculateCoverageScore
FNDA:10,calculatePassRateScore
FNDA:22,calculateSecurityScore
FNDA:8,evaluateQualityGate
FNDA:8,(anonymous_9)
FNDA:0,(anonymous_10)
FNDA:0,(anonymous_11)
FNDA:0,(anonymous_12)
FNDA:0,(anonymous_13)
FNDA:0,(anonymous_14)
FNDA:0,(anonymous_15)
FNDA:0,(anonymous_16)
FNDA:0,(anonymous_17)
FNDA:8,calculateOverallScore
FNDA:32,(anonymous_19)
FNDA:32,(anonymous_20)
FNDA:4,generateLintSummary
FNDA:13,parseCriteriaJson
FNDA:4,(anonymous_23)
FNDA:4,(anonymous_24)
FNDA:14,(anonymous_25)
FNDA:6,createGateFromCriteria
FNDA:8,(anonymous_27)
FNDA:4,(anonymous_28)
FNDA:3,formatGateResult
FNDA:0,(anonymous_30)
FNDA:3,(anonymous_31)
DA:41,2
DA:42,4
DA:43,4
DA:46,4
DA:47,4
DA:48,4
DA:49,4
DA:53,4
DA:54,4
DA:55,4
DA:56,4
DA:60,4
DA:61,4
DA:62,4
DA:63,4
DA:67,4
DA:68,4
DA:69,4
DA:70,4
DA:74,4
DA:75,4
DA:76,4
DA:77,4
DA:81,4
DA:82,0
DA:83,0
DA:84,0
DA:89,4
DA:92,20
DA:93,4
DA:95,20
DA:96,4
DA:103,2
DA:104,18
DA:105,18
DA:107,18
DA:108,20
DA:109,20
DA:113,18
DA:116,18
DA:119,18
DA:120,18
DA:126,2
DA:129,21
DA:130,21
DA:132,21
DA:133,21
DA:140,2
DA:141,28
DA:142,20
DA:143,14
DA:144,6
DA:150,2
DA:152,10
DA:158,2
DA:165,22
DA:168,20
DA:171,20
DA:174,20
DA:176,20
DA:177,20
DA:202,2
DA:203,8
DA:205,8
DA:206,8
DA:207,8
DA:210,8
DA:211,32
DA:212,32
DA:214,32
DA:217,8
DA:218,8
DA:219,8
DA:224,0
DA:225,0
DA:226,0
DA:227,0
DA:232,0
DA:233,0
DA:234,0
DA:239,0
DA:240,0
DA:241,0
DA:246,0
DA:247,0
DA:249,0
DA:250,0
DA:255,8
DA:256,8
DA:257,8
DA:259,0
DA:260,0
DA:262,0
DA:264,8
DA:269,0
DA:270,0
DA:272,0
DA:273,0
DA:278,8
DA:279,8
DA:280,8
DA:281,8
DA:286,8
DA:287,8
DA:291,32
DA:293,32
DA:301,32
DA:302,12
DA:303,12
DA:308,8
DA:309,8
DA:312,8
DA:313,0
DA:316,8
DA:331,8
DA:333,32
DA:334,8
DA:336,32
DA:337,8
DA:347,2
DA:348,4
DA:357,4
DA:358,6
DA:359,6
DA:360,6
DA:361,6
DA:362,6
DA:364,6
DA:365,4
DA:370,4
DA:373,4
DA:375,4
DA:390,2
DA:449,2
DA:450,13
DA:451,13
DA:452,4
DA:453,4
DA:458,2
DA:460,4
DA:466,0
DA:469,9
DA:470,14
DA:471,14
DA:483,2
DA:487,6
DA:488,8
DA:491,6
DA:492,4
DA:493,4
DA:497,6
DA:519,2
DA:520,3
DA:521,1
DA:524,2
DA:525,1
DA:526,1
DA:527,1
DA:529,1
DA:530,1
DA:531,1
DA:533,1
DA:534,3
DA:535,3
DA:538,1
DA:539,0
DA:540,0
DA:541,0
DA:545,1
DA:549,1
DA:550,3
LF:171
LH:142
BRDA:46,0,0,4
BRDA:46,1,0,4
BRDA:46,1,1,4
BRDA:53,2,0,4
BRDA:53,3,0,4
BRDA:53,3,1,0
BRDA:54,4,0,4
BRDA:54,4,1,0
BRDA:54,5,0,4
BRDA:54,5,1,0
BRDA:60,6,0,4
BRDA:67,7,0,4
BRDA:74,8,0,4
BRDA:81,9,0,0
BRDA:81,10,0,4
BRDA:81,10,1,0
BRDA:89,11,0,0
BRDA:93,12,0,0
BRDA:141,13,0,8
BRDA:142,14,0,6
BRDA:143,15,0,8
BRDA:165,16,0,2
BRDA:214,17,0,8
BRDA:214,17,1,0
BRDA:214,17,2,0
BRDA:214,17,3,0
BRDA:214,17,4,0
BRDA:214,17,5,8
BRDA:214,17,6,0
BRDA:214,17,7,8
BRDA:214,17,8,8
BRDA:217,18,0,8
BRDA:217,18,1,0
BRDA:218,19,0,6
BRDA:218,19,1,2
BRDA:224,20,0,0
BRDA:224,20,1,0
BRDA:225,21,0,0
BRDA:225,21,1,0
BRDA:232,22,0,0
BRDA:232,22,1,0
BRDA:239,23,0,0
BRDA:239,23,1,0
BRDA:246,24,0,0
BRDA:246,24,1,0
BRDA:256,25,0,8
BRDA:256,25,1,0
BRDA:259,26,0,0
BRDA:259,26,1,0
BRDA:269,27,0,0
BRDA:269,27,1,0
BRDA:270,28,0,0
BRDA:270,28,1,0
BRDA:278,29,0,8
BRDA:278,29,1,0
BRDA:279,30,0,8
BRDA:279,30,1,0
BRDA:286,31,0,8
BRDA:286,31,1,0
BRDA:301,32,0,12
BRDA:312,33,0,0
BRDA:312,34,0,8
BRDA:312,34,1,2
BRDA:331,35,0,0
BRDA:334,36,0,0
BRDA:452,37,0,2
BRDA:452,37,1,2
BRDA:455,38,0,4
BRDA:455,38,1,0
BRDA:456,39,0,4
BRDA:456,39,1,0
BRDA:458,40,0,2
BRDA:462,41,0,4
BRDA:462,41,1,0
BRDA:463,42,0,4
BRDA:463,42,1,0
BRDA:473,43,0,14
BRDA:473,43,1,0
BRDA:474,44,0,14
BRDA:474,44,1,10
BRDA:485,45,0,4
BRDA:491,46,0,4
BRDA:491,47,0,6
BRDA:491,47,1,6
BRDA:500,48,0,6
BRDA:500,48,1,4
BRDA:501,49,0,6
BRDA:501,49,1,4
BRDA:502,50,0,6
BRDA:502,50,1,4
BRDA:520,51,0,1
BRDA:524,52,0,1
BRDA:526,53,0,1
BRDA:526,53,1,0
BRDA:534,54,0,3
BRDA:534,54,1,0
BRDA:538,55,0,0
BRDA:549,56,0,1
BRDA:549,56,1,0
BRF:99
BRH:54
end_of_record
TN:
SF:src/quality/linter.ts
FN:19,generateIssueId
FN:23,parseSeverity
FN:35,countIssues
FN:46,runESLint
FN:82,(anonymous_13)
FN:83,(anonymous_14)
FN:97,runPrettier
FN:111,runPylint
FN:142,runMyPy
FN:160,(anonymous_18)
FN:160,(anonymous_19)
FN:163,runRustfmt
FN:174,runCargoCheck
FN:199,runGolangciLint
FN:221,runTypeScriptCheck
FN:247,(anonymous_24)
FN:247,(anonymous_25)
FN:250,runSecurityScan
FN:264,runLinters
FN:279,(anonymous_28)
FN:294,(anonymous_29)
FN:309,lintAgentCodebase
FN:315,(anonymous_31)
FN:316,(anonymous_32)
FN:317,(anonymous_33)
FN:318,(anonymous_34)
FN:319,(anonymous_35)
FNF:27
FNH:12
FNDA:0,generateIssueId
FNDA:0,parseSeverity
FNDA:6,countIssues
FNDA:6,runESLint
FNDA:0,(anonymous_13)
FNDA:0,(anonymous_14)
FNDA:1,runPrettier
FNDA:2,runPylint
FNDA:1,runMyPy
FNDA:0,(anonymous_18)
FNDA:0,(anonymous_19)
FNDA:2,runRustfmt
FNDA:2,runCargoCheck
FNDA:2,runGolangciLint
FNDA:1,runTypeScriptCheck
FNDA:0,(anonymous_24)
FNDA:0,(anonymous_25)
FNDA:1,runSecurityScan
FNDA:4,runLinters
FNDA:0,(anonymous_28)
FNDA:0,(anonymous_29)
FNDA:2,lintAgentCodebase
FNDA:0,(anonymous_31)
FNDA:0,(anonymous_32)
FNDA:0,(anonymous_33)
FNDA:0,(anonymous_34)
FNDA:0,(anonymous_35)
DA:5,1
DA:6,1
DA:7,1
DA:17,1
DA:20,0
DA:24,0
DA:25,0
DA:26,0
DA:27,0
DA:29,0
DA:30,0
DA:31,0
DA:32,0
DA:36,6
DA:37,6
DA:38,0
DA:39,0
DA:40,0
DA:41,0
DA:43,6
DA:46,1
DA:47,6
DA:48,6
DA:50,6
DA:51,6
DA:52,6
DA:54,6
DA:55,6
DA:56,0
DA:58,0
DA:59,0
DA:60,0
DA:77,6
DA:78,6
DA:80,6
DA:82,0
DA:83,0
DA:89,0
DA:97,1
DA:98,1
DA:99,1
DA:101,1
DA:102,1
DA:103,1
DA:105,0
DA:107,1
DA:111,1
DA:112,2
DA:113,2
DA:115,2
DA:116,2
DA:117,2
DA:118,0
DA:120,0
DA:121,0
DA:133,0
DA:134,0
DA:136,0
DA:138,2
DA:142,1
DA:143,1
DA:145,1
DA:146,1
DA:147,1
DA:148,0
DA:150,0
DA:151,0
DA:152,0
DA:153,0
DA:160,1
DA:163,1
DA:164,2
DA:166,2
DA:167,2
DA:168,0
DA:170,2
DA:174,1
DA:175,2
DA:176,2
DA:178,2
DA:179,2
DA:180,0
DA:182,0
DA:183,0
DA:184,0
DA:185,0
DA:186,0
DA:191,0
DA:192,0
DA:193,0
DA:195,2
DA:199,1
DA:200,2
DA:201,2
DA:203,2
DA:204,2
DA:205,0
DA:207,0
DA:208,0
DA:209,0
DA:213,0
DA:214,0
DA:215,0
DA:217,2
DA:221,1
DA:222,1
DA:224,1
DA:225,1
DA:226,0
DA:228,0
DA:229,0
DA:230,0
DA:231,0
DA:235,1
DA:236,1
DA:237,0
DA:238,0
DA:239,0
DA:240,0
DA:241,0
DA:247,1
DA:250,1
DA:252,1
DA:253,1
DA:264,1
DA:265,4
DA:267,4
DA:268,4
DA:271,4
DA:272,0
DA:275,4
DA:276,1
DA:277,1
DA:278,0
DA:279,0
DA:283,4
DA:284,1
DA:285,1
DA:288,4
DA:289,1
DA:292,4
DA:293,0
DA:294,0
DA:297,4
DA:309,1
DA:310,2
DA:312,2
DA:313,2
DA:314,0
DA:315,0
DA:316,0
DA:317,0
DA:318,0
DA:319,0
DA:321,2
DA:324,2
DA:326,2
DA:327,2
DA:329,2
DA:330,2
DA:331,2
DA:332,2
DA:333,2
DA:336,2
DA:337,2
DA:339,2
LF:166
LH:96
BRDA:24,0,0,0
BRDA:25,1,0,0
BRDA:26,2,0,0
BRDA:30,3,0,0
BRDA:31,4,0,0
BRDA:38,5,0,0
BRDA:38,5,1,0
BRDA:39,6,0,0
BRDA:39,6,1,0
BRDA:40,7,0,0
BRDA:40,7,1,0
BRDA:46,8,0,4
BRDA:62,9,0,0
BRDA:62,9,1,0
BRDA:82,10,0,0
BRDA:82,10,1,6
BRDA:97,11,0,0
BRDA:111,12,0,1
BRDA:123,13,0,0
BRDA:123,13,1,0
BRDA:136,14,0,0
BRDA:136,14,1,0
BRDA:142,15,0,0
BRDA:153,16,0,0
BRDA:153,16,1,0
BRDA:153,17,0,0
BRDA:153,17,1,0
BRDA:185,18,0,0
BRDA:185,19,0,0
BRDA:185,19,1,0
BRDA:186,20,0,0
BRDA:186,20,1,0
BRDA:186,21,0,0
BRDA:186,21,1,0
BRDA:186,22,0,0
BRDA:186,22,1,0
BRDA:186,23,0,0
BRDA:186,23,1,0
BRDA:186,24,0,0
BRDA:186,24,1,0
BRDA:193,25,0,0
BRDA:193,25,1,0
BRDA:199,26,0,1
BRDA:209,27,0,0
BRDA:209,27,1,0
BRDA:209,28,0,0
BRDA:209,28,1,0
BRDA:215,29,0,0
BRDA:215,29,1,0
BRDA:230,30,0,0
BRDA:231,31,0,0
BRDA:231,31,1,0
BRDA:236,32,0,0
BRDA:240,33,0,0
BRDA:241,34,0,0
BRDA:241,34,1,0
BRDA:267,35,0,4
BRDA:267,36,0,4
BRDA:267,36,1,4
BRDA:267,36,2,1
BRDA:271,37,0,0
BRDA:271,38,0,4
BRDA:271,38,1,0
BRDA:271,38,2,0
BRDA:271,38,3,0
BRDA:275,39,0,1
BRDA:275,40,0,4
BRDA:275,40,1,4
BRDA:277,41,0,0
BRDA:279,42,0,0
BRDA:279,42,1,0
BRDA:283,43,0,1
BRDA:283,44,0,4
BRDA:283,44,1,4
BRDA:288,45,0,1
BRDA:288,46,0,4
BRDA:288,46,1,4
BRDA:292,47,0,0
BRDA:292,48,0,4
BRDA:292,48,1,1
BRDA:292,48,2,4
BRDA:294,49,0,0
BRDA:294,49,1,0
BRDA:310,50,0,0
BRDA:310,51,0,0
BRDA:310,52,0,0
BRDA:313,53,0,0
BRDA:313,53,1,2
BRDA:315,54,0,0
BRDA:315,54,1,0
BRDA:315,55,0,0
BRDA:315,55,1,0
BRDA:316,56,0,0
BRDA:316,56,1,0
BRDA:316,57,0,0
BRDA:316,57,1,0
BRDA:317,58,0,0
BRDA:317,58,1,0
BRDA:318,59,0,0
BRDA:318,59,1,0
BRDA:319,60,0,0
BRDA:337,61,0,2
BRDA:337,61,1,0
BRF:103
BRH:23
end_of_record
TN:
SF:src/storage/memory.ts
FN:34,(anonymous_0)
FN:43,(anonymous_1)
FN:74,(anonymous_2)
FN:81,(anonymous_3)
FN:133,(anonymous_4)
FN:154,(anonymous_5)
FN:161,(anonymous_6)
FN:168,(anonymous_7)
FN:171,(anonymous_8)
FN:177,(anonymous_9)
FN:180,(anonymous_10)
FN:186,(anonymous_11)
FN:189,(anonymous_12)
FN:195,(anonymous_13)
FN:206,(anonymous_14)
FN:215,(anonymous_15)
FN:244,(anonymous_16)
FN:251,(anonymous_17)
FN:299,(anonymous_18)
FN:318,(anonymous_19)
FN:325,(anonymous_20)
FN:332,(anonymous_21)
FN:335,(anonymous_22)
FN:341,(anonymous_23)
FN:344,(anonymous_24)
FN:350,(anonymous_25)
FN:353,(anonymous_26)
FN:359,(anonymous_27)
FN:360,(anonymous_28)
FN:366,(anonymous_29)
FN:367,(anonymous_30)
FN:369,(anonymous_31)
FN:379,(anonymous_32)
FN:390,(anonymous_33)
FN:400,(anonymous_34)
FN:427,(anonymous_35)
FN:441,(anonymous_36)
FN:448,(anonymous_37)
FN:460,(anonymous_38)
FN:485,(anonymous_39)
FN:486,(anonymous_40)
FN:492,(anonymous_41)
FN:499,(anonymous_42)
FN:503,(anonymous_43)
FN:505,(anonymous_44)
FN:511,(anonymous_45)
FN:516,(anonymous_46)
FN:518,(anonymous_47)
FN:524,(anonymous_48)
FN:528,(anonymous_49)
FN:530,(anonymous_50)
FN:536,(anonymous_51)
FN:539,(anonymous_52)
FN:540,(anonymous_53)
FN:546,(anonymous_54)
FN:569,(anonymous_55)
FN:579,(anonymous_56)
FN:589,(anonymous_57)
FNF:58
FNH:51
FNDA:16,(anonymous_0)
FNDA:19,(anonymous_1)
FNDA:5,(anonymous_2)
FNDA:3,(anonymous_3)
FNDA:2,(anonymous_4)
FNDA:2,(anonymous_5)
FNDA:6,(anonymous_6)
FNDA:2,(anonymous_7)
FNDA:2,(anonymous_8)
FNDA:2,(anonymous_9)
FNDA:3,(anonymous_10)
FNDA:1,(anonymous_11)
FNDA:2,(anonymous_12)
FNDA:2,(anonymous_13)
FNDA:11,(anonymous_14)
FNDA:15,(anonymous_15)
FNDA:3,(anonymous_16)
FNDA:2,(anonymous_17)
FNDA:1,(anonymous_18)
FNDA:1,(anonymous_19)
FNDA:3,(anonymous_20)
FNDA:2,(anonymous_21)
FNDA:2,(anonymous_22)
FNDA:2,(anonymous_23)
FNDA:3,(anonymous_24)
FNDA:0,(anonymous_25)
FNDA:0,(anonymous_26)
FNDA:1,(anonymous_27)
FNDA:3,(anonymous_28)
FNDA:0,(anonymous_29)
FNDA:0,(anonymous_30)
FNDA:0,(anonymous_31)
FNDA:1,(anonymous_32)
FNDA:11,(anonymous_33)
FNDA:19,(anonymous_34)
FNDA:14,(anonymous_35)
FNDA:2,(anonymous_36)
FNDA:0,(anonymous_37)
FNDA:0,(anonymous_38)
FNDA:1,(anonymous_39)
FNDA:3,(anonymous_40)
FNDA:3,(anonymous_41)
FNDA:2,(anonymous_42)
FNDA:3,(anonymous_43)
FNDA:1,(anonymous_44)
FNDA:2,(anonymous_45)
FNDA:3,(anonymous_46)
FNDA:1,(anonymous_47)
FNDA:1,(anonymous_48)
FNDA:2,(anonymous_49)
FNDA:1,(anonymous_50)
FNDA:1,(anonymous_51)
FNDA:3,(anonymous_52)
FNDA:3,(anonymous_53)
FNDA:1,(anonymous_54)
FNDA:4,(anonymous_55)
FNDA:1,(anonymous_56)
FNDA:2,(anonymous_57)
DA:7,1
DA:34,1
DA:35,16
DA:36,16
DA:37,16
DA:38,16
DA:44,19
DA:47,19
DA:48,13
DA:50,19
DA:53,19
DA:54,3
DA:55,2
DA:57,3
DA:61,19
DA:62,2
DA:63,1
DA:65,2
DA:68,19
DA:75,5
DA:82,3
DA:83,3
DA:85,3
DA:86,3
DA:87,3
DA:89,3
DA:90,3
DA:93,3
DA:94,3
DA:95,3
DA:96,3
DA:98,3
DA:102,3
DA:103,0
DA:104,0
DA:106,0
DA:107,0
DA:108,0
DA:110,0
DA:115,3
DA:116,0
DA:117,0
DA:119,0
DA:120,0
DA:121,0
DA:123,0
DA:127,3
DA:134,2
DA:135,2
DA:137,1
DA:138,1
DA:140,1
DA:141,0
DA:144,1
DA:145,0
DA:148,1
DA:155,2
DA:162,6
DA:169,2
DA:170,2
DA:171,2
DA:178,2
DA:179,2
DA:180,3
DA:187,1
DA:188,1
DA:189,2
DA:196,2
DA:197,2
DA:198,2
DA:199,2
DA:206,1
DA:207,11
DA:208,11
DA:209,11
DA:210,11
DA:216,15
DA:219,15
DA:220,10
DA:222,15
DA:225,15
DA:226,3
DA:227,2
DA:229,3
DA:233,15
DA:234,10
DA:236,15
DA:238,15
DA:245,3
DA:252,2
DA:253,2
DA:255,2
DA:256,2
DA:257,2
DA:259,2
DA:260,2
DA:263,2
DA:264,2
DA:265,2
DA:266,2
DA:268,2
DA:272,2
DA:273,0
DA:274,0
DA:276,0
DA:277,0
DA:278,0
DA:280,0
DA:285,2
DA:286,0
DA:287,0
DA:288,0
DA:290,0
DA:293,2
DA:300,1
DA:301,1
DA:303,1
DA:304,1
DA:306,1
DA:307,0
DA:310,1
DA:312,1
DA:319,1
DA:326,3
DA:333,2
DA:334,2
DA:335,2
DA:342,2
DA:343,2
DA:344,3
DA:351,0
DA:352,0
DA:353,0
DA:360,3
DA:367,0
DA:368,0
DA:369,0
DA:370,0
DA:371,0
DA:380,1
DA:381,1
DA:382,1
DA:383,1
DA:390,1
DA:391,11
DA:392,11
DA:393,11
DA:394,11
DA:395,11
DA:401,19
DA:404,19
DA:405,17
DA:407,19
DA:410,19
DA:411,19
DA:412,12
DA:414,19
DA:417,19
DA:418,3
DA:419,2
DA:421,3
DA:425,19
DA:426,19
DA:427,14
DA:429,19
DA:430,18
DA:432,1
DA:435,19
DA:442,2
DA:449,0
DA:450,0
DA:452,0
DA:453,0
DA:454,0
DA:461,0
DA:462,0
DA:464,0
DA:465,0
DA:467,0
DA:468,0
DA:470,0
DA:471,0
DA:474,0
DA:475,0
DA:476,0
DA:479,0
DA:486,3
DA:493,3
DA:500,2
DA:501,2
DA:502,2
DA:503,3
DA:505,1
DA:512,2
DA:513,2
DA:514,2
DA:515,2
DA:516,3
DA:518,1
DA:525,1
DA:526,1
DA:527,1
DA:528,2
DA:530,1
DA:537,1
DA:538,1
DA:539,3
DA:540,3
DA:547,1
DA:548,1
DA:549,1
DA:550,1
DA:551,1
DA:559,1
DA:570,4
DA:571,4
DA:572,4
DA:573,4
DA:580,1
DA:581,1
DA:582,1
DA:583,1
DA:590,2
DA:601,1
LF:224
LH:174
BRDA:47,0,0,13
BRDA:53,1,0,3
BRDA:54,2,0,2
BRDA:61,3,0,2
BRDA:62,4,0,1
BRDA:83,5,0,0
BRDA:93,6,0,3
BRDA:93,7,0,3
BRDA:93,7,1,3
BRDA:95,8,0,3
BRDA:102,9,0,0
BRDA:103,10,0,0
BRDA:106,11,0,0
BRDA:107,12,0,0
BRDA:115,13,0,0
BRDA:116,14,0,0
BRDA:119,15,0,0
BRDA:120,16,0,0
BRDA:135,17,0,1
BRDA:140,18,0,0
BRDA:144,19,0,0
BRDA:170,20,0,0
BRDA:179,21,0,0
BRDA:188,22,0,0
BRDA:219,23,0,10
BRDA:225,24,0,3
BRDA:226,25,0,2
BRDA:233,26,0,10
BRDA:253,27,0,0
BRDA:263,28,0,2
BRDA:263,29,0,2
BRDA:263,29,1,2
BRDA:265,30,0,2
BRDA:272,31,0,0
BRDA:273,32,0,0
BRDA:276,33,0,0
BRDA:277,34,0,0
BRDA:285,35,0,0
BRDA:285,36,0,2
BRDA:285,36,1,0
BRDA:287,37,0,0
BRDA:301,38,0,0
BRDA:306,39,0,0
BRDA:334,40,0,0
BRDA:343,41,0,0
BRDA:352,42,0,0
BRDA:368,43,0,0
BRDA:371,44,0,0
BRDA:371,44,1,0
BRDA:404,45,0,17
BRDA:411,46,0,12
BRDA:417,47,0,3
BRDA:418,48,0,2
BRDA:429,49,0,18
BRDA:429,49,1,1
BRDA:450,50,0,0
BRDA:462,51,0,0
BRDA:470,52,0,0
BRDA:475,53,0,0
BRDA:501,54,0,0
BRDA:514,55,0,0
BRDA:526,56,0,0
BRF:62
BRH:25
end_of_record
TN:
SF:src/testing/coverage.ts
FN:22,detectCoverageFormat
FN:26,(anonymous_10)
FN:29,(anonymous_11)
FN:34,(anonymous_12)
FN:39,(anonymous_13)
FN:44,(anonymous_14)
FN:44,(anonymous_15)
FN:59,parseCoverage
FN:98,parseIstanbulCoverage
FN:130,(anonymous_18)
FN:157,parseIstanbulFileCoverage
FN:178,parseLcovContent
FN:248,parseCoveragePy
FN:286,parseCoverageXml
FN:343,parseGcovCoverage
FN:349,(anonymous_24)
FN:404,parseJacocoCoverage
FN:411,(anonymous_26)
FN:433,parseJacocoXml
FN:497,calculateAggregateMetrics
FN:534,createEmptyMetrics
FN:546,calculateMetric
FN:548,(anonymous_31)
FN:561,checkCoverageThresholds
FN:589,formatCoverageSummary
FN:605,generateCoverageBadge
FNF:26
FNH:9
FNDA:8,detectCoverageFormat
FNDA:35,(anonymous_10)
FNDA:0,(anonymous_11)
FNDA:0,(anonymous_12)
FNDA:0,(anonymous_13)
FNDA:0,(anonymous_14)
FNDA:0,(anonymous_15)
FNDA:3,parseCoverage
FNDA:2,parseIstanbulCoverage
FNDA:0,(anonymous_18)
FNDA:0,parseIstanbulFileCoverage
FNDA:0,parseLcovContent
FNDA:0,parseCoveragePy
FNDA:0,parseCoverageXml
FNDA:0,parseGcovCoverage
FNDA:0,(anonymous_24)
FNDA:0,parseJacocoCoverage
FNDA:0,(anonymous_26)
FNDA:0,parseJacocoXml
FNDA:2,calculateAggregateMetrics
FNDA:3,createEmptyMetrics
FNDA:0,calculateMetric
FNDA:0,(anonymous_31)
FNDA:3,checkCoverageThresholds
FNDA:2,formatCoverageSummary
FNDA:5,generateCoverageBadge
DA:8,2
DA:9,2
DA:22,2
DA:23,8
DA:26,35
DA:27,6
DA:29,2
DA:30,0
DA:34,2
DA:35,0
DA:39,2
DA:40,0
DA:44,2
DA:45,0
DA:49,2
DA:50,0
DA:53,2
DA:59,2
DA:63,3
DA:65,3
DA:66,1
DA:75,2
DA:77,2
DA:79,0
DA:81,0
DA:83,0
DA:85,0
DA:102,2
DA:103,2
DA:106,2
DA:107,2
DA:108,2
DA:110,2
DA:111,0
DA:112,0
DA:113,0
DA:115,0
DA:116,0
DA:120,0
DA:125,2
DA:126,0
DA:127,0
DA:128,2
DA:130,0
DA:131,0
DA:133,0
DA:143,2
DA:145,2
DA:161,0
DA:162,0
DA:163,0
DA:164,0
DA:166,0
DA:179,0
DA:180,0
DA:182,0
DA:184,0
DA:185,0
DA:186,0
DA:187,0
DA:189,0
DA:190,0
DA:199,0
DA:200,0
DA:201,0
DA:202,0
DA:203,0
DA:204,0
DA:205,0
DA:208,0
DA:209,0
DA:210,0
DA:211,0
DA:212,0
DA:213,0
DA:214,0
DA:215,0
DA:216,0
DA:222,0
DA:223,0
DA:227,0
DA:228,0
DA:231,0
DA:234,0
DA:237,0
DA:242,0
DA:252,0
DA:254,0
DA:255,0
DA:257,0
DA:258,0
DA:259,0
DA:260,0
DA:263,0
DA:272,0
DA:274,0
DA:287,0
DA:290,0
DA:291,0
DA:294,0
DA:296,0
DA:297,0
DA:298,0
DA:308,0
DA:310,0
DA:312,0
DA:313,0
DA:315,0
DA:316,0
DA:317,0
DA:320,0
DA:321,0
DA:322,0
DA:323,0
DA:325,0
DA:326,0
DA:330,0
DA:331,0
DA:334,0
DA:337,0
DA:347,0
DA:349,0
DA:351,0
DA:352,0
DA:353,0
DA:355,0
DA:363,0
DA:365,0
DA:366,0
DA:367,0
DA:368,0
DA:369,0
DA:374,0
DA:375,0
DA:376,0
DA:377,0
DA:378,0
DA:383,0
DA:387,0
DA:390,0
DA:392,0
DA:408,0
DA:410,0
DA:411,0
DA:414,0
DA:415,0
DA:416,0
DA:419,0
DA:421,0
DA:434,0
DA:437,0
DA:438,0
DA:439,0
DA:442,0
DA:443,0
DA:444,0
DA:447,0
DA:448,0
DA:449,0
DA:451,0
DA:460,0
DA:461,0
DA:462,0
DA:463,0
DA:464,0
DA:466,0
DA:467,0
DA:468,0
DA:471,0
DA:473,0
DA:474,0
DA:476,0
DA:477,0
DA:479,0
DA:480,0
DA:482,0
DA:483,0
DA:487,0
DA:491,0
DA:498,2
DA:500,2
DA:501,0
DA:502,0
DA:504,0
DA:505,0
DA:507,0
DA:508,0
DA:510,0
DA:511,0
DA:515,2
DA:518,2
DA:521,2
DA:524,2
DA:528,2
DA:535,3
DA:547,0
DA:548,0
DA:549,0
DA:551,0
DA:561,2
DA:565,3
DA:567,3
DA:568,1
DA:570,3
DA:571,0
DA:573,3
DA:574,0
DA:576,3
DA:577,1
DA:580,3
DA:589,2
DA:590,2
DA:592,2
DA:593,2
DA:594,2
DA:595,2
DA:596,2
DA:597,2
DA:599,2
DA:605,2
DA:609,5
DA:610,5
DA:613,5
DA:614,5
DA:615,3
DA:616,2
DA:618,5
LF:227
LH:62
BRDA:26,0,0,6
BRDA:26,1,0,35
BRDA:26,1,1,29
BRDA:29,2,0,0
BRDA:34,3,0,0
BRDA:34,4,0,0
BRDA:34,4,1,0
BRDA:39,5,0,0
BRDA:39,6,0,0
BRDA:39,6,1,0
BRDA:39,6,2,0
BRDA:44,7,0,0
BRDA:44,8,0,0
BRDA:44,8,1,0
BRDA:44,8,2,0
BRDA:49,9,0,0
BRDA:65,10,0,1
BRDA:75,11,0,2
BRDA:75,11,1,0
BRDA:75,11,2,0
BRDA:75,11,3,0
BRDA:75,11,4,0
BRDA:110,12,0,0
BRDA:110,12,1,2
BRDA:116,13,0,0
BRDA:116,13,1,0
BRDA:125,14,0,0
BRDA:125,14,1,2
BRDA:128,15,0,0
BRDA:161,16,0,0
BRDA:161,16,1,0
BRDA:161,16,2,0
BRDA:162,17,0,0
BRDA:162,17,1,0
BRDA:162,17,2,0
BRDA:163,18,0,0
BRDA:163,18,1,0
BRDA:163,18,2,0
BRDA:164,19,0,0
BRDA:164,19,1,0
BRDA:164,19,2,0
BRDA:185,20,0,0
BRDA:186,21,0,0
BRDA:191,22,0,0
BRDA:191,22,1,0
BRDA:199,23,0,0
BRDA:200,24,0,0
BRDA:200,24,1,0
BRDA:202,25,0,0
BRDA:204,26,0,0
BRDA:208,27,0,0
BRDA:208,27,1,0
BRDA:210,28,0,0
BRDA:210,28,1,0
BRDA:210,29,0,0
BRDA:210,29,1,0
BRDA:212,30,0,0
BRDA:215,31,0,0
BRDA:215,32,0,0
BRDA:215,32,1,0
BRDA:222,33,0,0
BRDA:228,34,0,0
BRDA:228,34,1,0
BRDA:231,35,0,0
BRDA:231,35,1,0
BRDA:234,36,0,0
BRDA:234,36,1,0
BRDA:237,37,0,0
BRDA:237,37,1,0
BRDA:257,38,0,0
BRDA:257,38,1,0
BRDA:260,39,0,0
BRDA:313,40,0,0
BRDA:317,41,0,0
BRDA:317,41,1,0
BRDA:322,42,0,0
BRDA:325,43,0,0
BRDA:330,44,0,0
BRDA:366,45,0,0
BRDA:368,46,0,0
BRDA:375,47,0,0
BRDA:377,48,0,0
BRDA:383,49,0,0
BRDA:383,49,1,0
BRDA:411,50,0,0
BRDA:411,50,1,0
BRDA:467,51,0,0
BRDA:471,52,0,0
BRDA:471,52,1,0
BRDA:471,52,2,0
BRDA:471,52,3,0
BRDA:515,53,0,0
BRDA:515,53,1,2
BRDA:518,54,0,0
BRDA:518,54,1,2
BRDA:521,55,0,0
BRDA:521,55,1,2
BRDA:524,56,0,0
BRDA:524,56,1,2
BRDA:554,57,0,0
BRDA:554,57,1,0
BRDA:567,58,0,1
BRDA:567,59,0,3
BRDA:567,59,1,2
BRDA:570,60,0,0
BRDA:570,61,0,3
BRDA:570,61,1,1
BRDA:573,62,0,0
BRDA:573,63,0,3
BRDA:573,63,1,2
BRDA:576,64,0,1
BRDA:576,65,0,3
BRDA:576,65,1,2
BRDA:607,66,0,1
BRDA:614,67,0,2
BRDA:614,67,1,3
BRDA:615,68,0,1
BRDA:615,68,1,2
BRDA:616,69,0,1
BRF:119
BRH:27
end_of_record
TN:
SF:src/testing/runner.ts
FN:28,detectFramework
FN:88,discoverTests
FN:120,(anonymous_11)
FN:131,getFrameworkPatterns
FN:149,detectFrameworkByFile
FN:168,estimateTestCount
FN:202,buildTestCommand
FN:257,runTests
FN:295,spawnProcess
FN:300,(anonymous_18)
FN:311,(anonymous_19)
FN:317,(anonymous_20)
FN:323,(anonymous_21)
FN:327,(anonymous_22)
FN:338,(anonymous_23)
FN:349,parseTestOutput
FN:378,parseJestOutput
FN:434,parsePythonOutput
FN:479,parseCargoOutput
FN:521,parseGoOutput
FN:563,calculateSummary
FN:597,getChangedFiles
FN:611,(anonymous_31)
FN:615,(anonymous_32)
FN:616,(anonymous_33)
FN:619,(anonymous_34)
FN:639,findAffectedTests
FN:662,(anonymous_36)
FN:678,runIncrementalTests
FNF:29
FNH:12
FNDA:44,detectFramework
FNDA:24,discoverTests
FNDA:25,(anonymous_11)
FNDA:24,getFrameworkPatterns
FNDA:50,detectFrameworkByFile
FNDA:25,estimateTestCount
FNDA:0,buildTestCommand
FNDA:0,runTests
FNDA:0,spawnProcess
FNDA:0,(anonymous_18)
FNDA:0,(anonymous_19)
FNDA:0,(anonymous_20)
FNDA:0,(anonymous_21)
FNDA:0,(anonymous_22)
FNDA:0,(anonymous_23)
FNDA:0,parseTestOutput
FNDA:0,parseJestOutput
FNDA:0,parsePythonOutput
FNDA:0,parseCargoOutput
FNDA:0,parseGoOutput
FNDA:0,calculateSummary
FNDA:2,getChangedFiles
FNDA:2,(anonymous_31)
FNDA:2,(anonymous_32)
FNDA:2,(anonymous_33)
FNDA:88,(anonymous_34)
FNDA:8,findAffectedTests
FNDA:0,(anonymous_36)
FNDA:0,runIncrementalTests
DA:8,3
DA:9,3
DA:10,3
DA:12,3
DA:28,3
DA:29,44
DA:30,44
DA:31,44
DA:32,44
DA:33,44
DA:34,44
DA:35,44
DA:36,44
DA:39,44
DA:40,3
DA:42,41
DA:43,4
DA:47,37
DA:48,0
DA:49,0
DA:50,0
DA:55,37
DA:56,2
DA:60,35
DA:61,2
DA:65,33
DA:66,8
DA:67,8
DA:68,7
DA:69,7
DA:70,7
DA:71,5
DA:72,4
DA:73,3
DA:74,3
DA:75,2
DA:82,27
DA:88,3
DA:93,24
DA:96,24
DA:98,24
DA:99,24
DA:101,24
DA:103,24
DA:104,24
DA:110,24
DA:111,25
DA:120,25
DA:122,24
DA:132,24
DA:141,24
DA:150,50
DA:151,50
DA:153,50
DA:154,34
DA:156,16
DA:157,8
DA:159,8
DA:160,4
DA:162,0
DA:169,25
DA:170,25
DA:173,25
DA:182,25
DA:183,25
DA:185,25
DA:186,25
DA:187,67
DA:188,67
DA:189,46
DA:193,25
DA:195,0
DA:206,0
DA:212,0
DA:214,0
DA:216,0
DA:217,0
DA:218,0
DA:219,0
DA:222,0
DA:223,0
DA:224,0
DA:225,0
DA:228,0
DA:229,0
DA:230,0
DA:231,0
DA:234,0
DA:235,0
DA:236,0
DA:239,0
DA:240,0
DA:241,0
DA:242,0
DA:245,0
DA:246,0
DA:247,0
DA:250,0
DA:257,3
DA:261,0
DA:262,0
DA:265,0
DA:266,0
DA:269,0
DA:272,0
DA:273,0
DA:275,0
DA:277,0
DA:285,0
DA:286,0
DA:289,0
DA:300,0
DA:301,0
DA:302,0
DA:303,0
DA:305,0
DA:311,0
DA:312,0
DA:313,0
DA:314,0
DA:317,0
DA:318,0
DA:319,0
DA:320,0
DA:323,0
DA:324,0
DA:327,0
DA:328,0
DA:329,0
DA:337,0
DA:338,0
DA:339,0
DA:340,0
DA:353,0
DA:355,0
DA:358,0
DA:359,0
DA:362,0
DA:363,0
DA:365,0
DA:366,0
DA:368,0
DA:369,0
DA:372,0
DA:379,0
DA:380,0
DA:382,0
DA:384,0
DA:386,0
DA:387,0
DA:388,0
DA:389,0
DA:391,0
DA:398,0
DA:402,0
DA:403,0
DA:404,0
DA:405,0
DA:407,0
DA:408,0
DA:418,0
DA:419,0
DA:420,0
DA:424,0
DA:425,0
DA:428,0
DA:435,0
DA:436,0
DA:438,0
DA:440,0
DA:442,0
DA:443,0
DA:444,0
DA:445,0
DA:447,0
DA:454,0
DA:458,0
DA:459,0
DA:460,0
DA:469,0
DA:470,0
DA:473,0
DA:480,0
DA:481,0
DA:483,0
DA:485,0
DA:487,0
DA:488,0
DA:489,0
DA:496,0
DA:500,0
DA:501,0
DA:502,0
DA:511,0
DA:512,0
DA:515,0
DA:522,0
DA:523,0
DA:525,0
DA:527,0
DA:529,0
DA:530,0
DA:531,0
DA:538,0
DA:542,0
DA:543,0
DA:544,0
DA:553,0
DA:554,0
DA:557,0
DA:564,0
DA:565,0
DA:566,0
DA:567,0
DA:568,0
DA:569,0
DA:571,0
DA:572,0
DA:573,0
DA:574,0
DA:575,0
DA:576,0
DA:577,0
DA:578,0
DA:581,0
DA:584,0
DA:597,3
DA:602,2
DA:604,2
DA:605,2
DA:610,2
DA:611,2
DA:612,2
DA:615,2
DA:616,2
DA:619,88
DA:621,2
DA:622,2
DA:623,0
DA:633,2
DA:639,3
DA:643,8
DA:645,8
DA:647,8
DA:652,8
DA:659,8
DA:660,32
DA:661,32
DA:662,0
DA:663,0
DA:672,8
DA:678,3
DA:684,0
LF:253
LH:91
BRDA:39,0,0,3
BRDA:39,1,0,44
BRDA:39,1,1,42
BRDA:42,2,0,4
BRDA:42,3,0,41
BRDA:42,3,1,38
BRDA:47,4,0,0
BRDA:47,5,0,37
BRDA:47,5,1,37
BRDA:48,6,0,0
BRDA:48,6,1,0
BRDA:49,7,0,0
BRDA:49,8,0,0
BRDA:49,8,1,0
BRDA:50,9,0,0
BRDA:50,9,1,0
BRDA:55,10,0,2
BRDA:60,11,0,2
BRDA:65,12,0,8
BRDA:69,13,0,7
BRDA:70,14,0,2
BRDA:71,15,0,1
BRDA:72,16,0,1
BRDA:73,17,0,0
BRDA:74,18,0,1
BRDA:75,19,0,1
BRDA:90,20,0,0
BRDA:91,21,0,22
BRDA:98,22,0,24
BRDA:98,22,1,0
BRDA:99,23,0,0
BRDA:99,23,1,24
BRDA:113,24,0,25
BRDA:113,24,1,25
BRDA:142,25,0,0
BRDA:142,25,1,24
BRDA:153,26,0,34
BRDA:153,27,0,50
BRDA:153,27,1,16
BRDA:153,27,2,16
BRDA:153,27,3,16
BRDA:154,28,0,34
BRDA:154,28,1,0
BRDA:154,29,0,34
BRDA:154,29,1,34
BRDA:156,30,0,8
BRDA:157,31,0,8
BRDA:157,31,1,0
BRDA:157,32,0,8
BRDA:157,32,1,0
BRDA:159,33,0,4
BRDA:160,34,0,4
BRDA:188,35,0,46
BRDA:214,36,0,0
BRDA:214,36,1,0
BRDA:214,36,2,0
BRDA:214,36,3,0
BRDA:214,36,4,0
BRDA:214,36,5,0
BRDA:214,36,6,0
BRDA:216,37,0,0
BRDA:216,37,1,0
BRDA:217,38,0,0
BRDA:218,39,0,0
BRDA:223,40,0,0
BRDA:224,41,0,0
BRDA:228,42,0,0
BRDA:229,43,0,0
BRDA:234,44,0,0
BRDA:240,45,0,0
BRDA:241,46,0,0
BRDA:246,47,0,0
BRDA:265,48,0,0
BRDA:272,49,0,0
BRDA:272,49,1,0
BRDA:272,49,2,0
BRDA:278,50,0,0
BRDA:278,50,1,0
BRDA:285,51,0,0
BRDA:308,52,0,0
BRDA:308,52,1,0
BRDA:328,53,0,0
BRDA:328,53,1,0
BRDA:337,54,0,0
BRDA:355,55,0,0
BRDA:355,55,1,0
BRDA:355,55,2,0
BRDA:355,55,3,0
BRDA:355,55,4,0
BRDA:355,55,5,0
BRDA:387,56,0,0
BRDA:388,57,0,0
BRDA:392,58,0,0
BRDA:392,58,1,0
BRDA:393,59,0,0
BRDA:393,59,1,0
BRDA:403,60,0,0
BRDA:404,61,0,0
BRDA:404,61,1,0
BRDA:407,62,0,0
BRDA:407,63,0,0
BRDA:407,63,1,0
BRDA:410,64,0,0
BRDA:410,64,1,0
BRDA:419,65,0,0
BRDA:419,66,0,0
BRDA:419,66,1,0
BRDA:424,67,0,0
BRDA:443,68,0,0
BRDA:444,69,0,0
BRDA:459,70,0,0
BRDA:459,71,0,0
BRDA:459,71,1,0
BRDA:462,72,0,0
BRDA:462,72,1,0
BRDA:469,73,0,0
BRDA:488,74,0,0
BRDA:501,75,0,0
BRDA:501,76,0,0
BRDA:501,76,1,0
BRDA:504,77,0,0
BRDA:504,77,1,0
BRDA:504,78,0,0
BRDA:504,78,1,0
BRDA:511,79,0,0
BRDA:511,80,0,0
BRDA:511,80,1,0
BRDA:530,81,0,0
BRDA:543,82,0,0
BRDA:543,83,0,0
BRDA:543,83,1,0
BRDA:546,84,0,0
BRDA:546,84,1,0
BRDA:546,85,0,0
BRDA:546,85,1,0
BRDA:553,86,0,0
BRDA:553,87,0,0
BRDA:553,87,1,0
BRDA:574,88,0,0
BRDA:574,88,1,0
BRDA:574,88,2,0
BRDA:574,88,3,0
BRDA:662,89,0,0
BRF:143
BRH:37
end_of_record
TN:
SF:src/testing/templates.ts
FN:293,getTemplates
FN:297,(anonymous_10)
FN:303,getTemplate
FN:305,(anonymous_12)
FN:311,listTemplateNames
FN:312,(anonymous_14)
FN:318,generateTest
FN:341,(anonymous_16)
FN:379,generateTestSuite
FNF:9
FNH:9
FNDA:52,getTemplates
FNDA:400,(anonymous_10)
FNDA:39,getTemplate
FNDA:78,(anonymous_12)
FNDA:6,listTemplateNames
FNDA:30,(anonymous_14)
FNDA:27,generateTest
FNDA:33,(anonymous_16)
FNDA:9,generateTestSuite
DA:7,2
DA:8,2
DA:35,2
DA:293,2
DA:294,52
DA:295,12
DA:297,400
DA:303,2
DA:304,39
DA:305,78
DA:311,2
DA:312,30
DA:318,2
DA:324,27
DA:325,27
DA:327,27
DA:328,2
DA:334,25
DA:335,25
DA:338,25
DA:339,25
DA:341,33
DA:345,25
DA:349,25
DA:352,25
DA:359,25
DA:361,25
DA:362,3
DA:365,24
DA:367,24
DA:369,1
DA:379,2
DA:382,9
DA:388,9
DA:390,9
DA:391,7
DA:394,9
LF:37
LH:37
BRDA:294,0,0,12
BRDA:324,1,0,27
BRDA:324,1,1,18
BRDA:327,2,0,2
BRDA:335,3,0,25
BRDA:335,3,1,0
BRDA:361,4,0,3
BRDA:390,5,0,7
BRF:8
BRH:7
end_of_record
TN:
SF:src/testing/cli/commands/tests.ts
FN:34,getDefaultPatterns
FN:50,formatTestSummary
FN:66,findAndParseCoverage
FN:78,listTestTemplates
FN:96,generateTestTemplate
FN:206,testsCommand
FN:221,(anonymous_15)
FN:222,(anonymous_16)
FN:253,(anonymous_17)
FN:269,(anonymous_18)
FN:302,(anonymous_19)
FN:364,(anonymous_20)
FN:392,(anonymous_21)
FN:442,(anonymous_22)
FNF:14
FNH:5
FNDA:7,getDefaultPatterns
FNDA:4,formatTestSummary
FNDA:0,findAndParseCoverage
FNDA:2,listTestTemplates
FNDA:9,generateTestTemplate
FNDA:17,testsCommand
FNDA:0,(anonymous_15)
FNDA:0,(anonymous_16)
FNDA:0,(anonymous_17)
FNDA:0,(anonymous_18)
FNDA:0,(anonymous_19)
FNDA:0,(anonymous_20)
FNDA:0,(anonymous_21)
FNDA:0,(anonymous_22)
DA:12,1
DA:14,1
DA:16,1
DA:17,1
DA:18,1
DA:23,1
DA:34,1
DA:35,7
DA:44,7
DA:50,1
DA:51,4
DA:52,4
DA:53,4
DA:54,4
DA:55,4
DA:56,4
DA:57,4
DA:58,4
DA:60,4
DA:67,0
DA:68,0
DA:69,0
DA:71,0
DA:78,1
DA:79,2
DA:96,1
DA:102,9
DA:193,9
DA:194,9
DA:196,9
DA:197,1
DA:200,8
DA:206,1
DA:207,17
DA:209,17
DA:214,17
DA:221,0
DA:230,0
DA:231,0
DA:232,0
DA:233,0
DA:236,0
DA:237,0
DA:238,0
DA:241,0
DA:244,0
DA:245,0
DA:248,0
DA:249,0
DA:250,0
DA:252,0
DA:253,0
DA:256,0
DA:259,0
DA:266,0
DA:269,0
DA:270,0
DA:282,0
DA:285,0
DA:286,0
DA:290,0
DA:291,0
DA:296,17
DA:307,0
DA:308,0
DA:310,0
DA:311,0
DA:312,0
DA:313,0
DA:314,0
DA:315,0
DA:317,0
DA:320,0
DA:321,0
DA:324,0
DA:325,0
DA:326,0
DA:328,0
DA:329,0
DA:330,0
DA:331,0
DA:332,0
DA:334,0
DA:341,0
DA:342,0
DA:345,0
DA:346,0
DA:347,0
DA:350,0
DA:353,0
DA:354,0
DA:359,17
DA:365,0
DA:366,0
DA:367,0
DA:368,0
DA:371,0
DA:372,0
DA:373,0
DA:374,0
DA:375,0
DA:381,0
DA:382,0
DA:387,17
DA:393,0
DA:394,0
DA:395,0
DA:396,0
DA:399,0
DA:401,0
DA:402,0
DA:404,0
DA:406,0
DA:407,0
DA:408,0
DA:409,0
DA:412,0
DA:414,0
DA:415,0
DA:417,0
DA:418,0
DA:420,0
DA:421,0
DA:423,0
DA:424,0
DA:425,0
DA:427,0
DA:432,0
DA:433,0
DA:438,17
DA:443,0
DA:444,0
DA:445,0
DA:447,0
DA:448,0
DA:451,0
DA:453,0
DA:454,0
DA:456,0
DA:458,0
DA:459,0
DA:461,0
DA:462,0
DA:466,0
DA:469,0
DA:470,0
DA:474,17
DA:477,1
LF:148
LH:38
BRDA:44,0,0,6
BRDA:44,0,1,1
BRDA:54,1,0,4
BRDA:54,1,1,1
BRDA:55,2,0,4
BRDA:55,2,1,2
BRDA:56,3,0,4
BRDA:56,3,1,2
BRDA:57,4,0,4
BRDA:57,4,1,3
BRDA:58,5,0,4
BRDA:58,5,1,1
BRDA:68,6,0,0
BRDA:68,6,1,0
BRDA:69,7,0,0
BRDA:69,7,1,0
BRDA:193,8,0,9
BRDA:193,8,1,2
BRDA:196,9,0,1
BRDA:232,10,0,0
BRDA:245,11,0,0
BRDA:245,11,1,0
BRDA:245,11,2,0
BRDA:249,12,0,0
BRDA:249,12,1,0
BRDA:260,13,0,0
BRDA:260,13,1,0
BRDA:276,14,0,0
BRDA:276,14,1,0
BRDA:277,15,0,0
BRDA:277,15,1,0
BRDA:278,16,0,0
BRDA:278,16,1,0
BRDA:285,17,0,0
BRDA:310,18,0,0
BRDA:320,19,0,0
BRDA:326,20,0,0
BRDA:326,20,1,0
BRDA:329,21,0,0
BRDA:329,21,1,0
BRDA:341,22,0,0
BRDA:367,23,0,0
BRDA:395,24,0,0
BRDA:406,25,0,0
BRDA:414,26,0,0
BRDA:420,27,0,0
BRDA:420,27,1,0
BRDA:445,28,0,0
BRDA:445,28,1,0
BRDA:447,29,0,0
BRDA:453,30,0,0
BRDA:453,30,1,0
BRDA:458,31,0,0
BRDA:458,31,1,0
BRF:54
BRH:15
end_of_record
TN:
SF:src/utils/logger.ts
FN:20,(anonymous_0)
FN:27,(anonymous_1)
FN:34,(anonymous_2)
FN:41,(anonymous_3)
FN:48,(anonymous_4)
FN:55,(anonymous_5)
FN:65,(anonymous_6)
FN:81,(anonymous_7)
FN:103,(anonymous_8)
FN:112,(anonymous_9)
FN:121,(anonymous_10)
FN:130,(anonymous_11)
FN:141,createLogger
FN:152,(anonymous_13)
FN:156,(anonymous_14)
FN:160,(anonymous_15)
FN:164,(anonymous_16)
FNF:17
FNH:1
FNDA:5,(anonymous_0)
FNDA:0,(anonymous_1)
FNDA:0,(anonymous_2)
FNDA:0,(anonymous_3)
FNDA:0,(anonymous_4)
FNDA:0,(anonymous_5)
FNDA:0,(anonymous_6)
FNDA:0,(anonymous_7)
FNDA:0,(anonymous_8)
FNDA:0,(anonymous_9)
FNDA:0,(anonymous_10)
FNDA:0,(anonymous_11)
FNDA:0,createLogger
FNDA:0,(anonymous_13)
FNDA:0,(anonymous_14)
FNDA:0,(anonymous_15)
FNDA:0,(anonymous_16)
DA:20,5
DA:21,5
DA:22,5
DA:28,0
DA:35,0
DA:42,0
DA:49,0
DA:56,0
DA:57,0
DA:58,0
DA:59,0
DA:70,0
DA:82,0
DA:83,0
DA:86,0
DA:87,0
DA:88,0
DA:90,0
DA:92,0
DA:93,0
DA:94,0
DA:97,0
DA:104,0
DA:105,0
DA:106,0
DA:113,0
DA:114,0
DA:115,0
DA:122,0
DA:123,0
DA:124,0
DA:131,0
DA:132,0
DA:133,0
DA:138,5
DA:141,5
DA:142,0
DA:143,0
DA:144,0
DA:147,0
DA:148,0
DA:149,0
DA:150,0
DA:152,0
DA:153,0
DA:156,0
DA:157,0
DA:160,0
DA:161,0
DA:164,0
DA:165,0
DA:168,0
LF:52
LH:5
BRDA:82,0,0,0
BRDA:92,1,0,0
BRDA:92,2,0,0
BRDA:92,2,1,0
BRDA:104,3,0,0
BRDA:113,4,0,0
BRDA:122,5,0,0
BRDA:131,6,0,0
BRF:8
BRH:0
end_of_record
