TN:
SF:src/index.ts
FN:27,getVersion
FN:42,main
FN:53,(anonymous_2)
FN:54,(anonymous_3)
FN:55,(anonymous_4)
FN:56,(anonymous_5)
FN:80,(anonymous_6)
FN:85,(anonymous_7)
FNF:8
FNH:0
FNDA:0,getVersion
FNDA:0,main
FNDA:0,(anonymous_2)
FNDA:0,(anonymous_3)
FNDA:0,(anonymous_4)
FNDA:0,(anonymous_5)
FNDA:0,(anonymous_6)
FNDA:0,(anonymous_7)
DA:15,0
DA:16,0
DA:17,0
DA:18,0
DA:28,0
DA:30,0
DA:31,0
DA:32,0
DA:34,0
DA:43,0
DA:45,0
DA:47,0
DA:53,0
DA:54,0
DA:55,0
DA:56,0
DA:60,0
DA:63,0
DA:66,0
DA:67,0
DA:70,0
DA:71,0
DA:80,0
DA:81,0
DA:82,0
DA:85,0
DA:86,0
DA:87,0
DA:91,0
LF:29
LH:0
BRDA:32,0,0,0
BRDA:32,0,1,0
BRDA:66,1,0,0
BRDA:70,2,0,0
BRDA:70,2,1,0
BRF:5
BRH:0
end_of_record
TN:
SF:src/api/index.ts
FNF:0
FNH:0
DA:1,0
DA:2,0
DA:3,0
DA:4,0
DA:5,0
DA:6,0
LF:6
LH:0
BRF:0
BRH:0
end_of_record
TN:
SF:src/api/server.ts
FN:36,parseCorsOrigins
FN:41,(anonymous_2)
FN:44,getIdParam
FN:49,createApp
FN:71,(anonymous_5)
FN:84,createApiRoutes
FN:91,(anonymous_7)
FN:101,(anonymous_8)
FN:115,(anonymous_9)
FN:126,(anonymous_10)
FN:135,(anonymous_11)
FN:144,(anonymous_12)
FN:158,(anonymous_13)
FN:169,(anonymous_14)
FN:174,(anonymous_15)
FN:180,(anonymous_16)
FN:183,(anonymous_17)
FN:187,(anonymous_18)
FN:193,(anonymous_19)
FN:212,startServer
FN:225,(anonymous_21)
FN:226,(anonymous_22)
FNF:22
FNH:0
FNDA:0,parseCorsOrigins
FNDA:0,(anonymous_2)
FNDA:0,getIdParam
FNDA:0,createApp
FNDA:0,(anonymous_5)
FNDA:0,createApiRoutes
FNDA:0,(anonymous_7)
FNDA:0,(anonymous_8)
FNDA:0,(anonymous_9)
FNDA:0,(anonymous_10)
FNDA:0,(anonymous_11)
FNDA:0,(anonymous_12)
FNDA:0,(anonymous_13)
FNDA:0,(anonymous_14)
FNDA:0,(anonymous_15)
FNDA:0,(anonymous_16)
FNDA:0,(anonymous_17)
FNDA:0,(anonymous_18)
FNDA:0,(anonymous_19)
FNDA:0,startServer
FNDA:0,(anonymous_21)
FNDA:0,(anonymous_22)
DA:7,0
DA:8,0
DA:9,0
DA:10,0
DA:11,0
DA:12,0
DA:13,0
DA:14,0
DA:15,0
DA:16,0
DA:17,0
DA:18,0
DA:28,0
DA:37,0
DA:38,0
DA:41,0
DA:45,0
DA:46,0
DA:49,0
DA:50,0
DA:51,0
DA:55,0
DA:61,0
DA:62,0
DA:65,0
DA:68,0
DA:71,0
DA:72,0
DA:76,0
DA:79,0
DA:81,0
DA:85,0
DA:86,0
DA:87,0
DA:88,0
DA:91,0
DA:92,0
DA:93,0
DA:94,0
DA:95,0
DA:97,0
DA:101,0
DA:102,0
DA:103,0
DA:104,0
DA:105,0
DA:106,0
DA:107,0
DA:109,0
DA:111,0
DA:115,0
DA:116,0
DA:117,0
DA:118,0
DA:119,0
DA:121,0
DA:126,0
DA:127,0
DA:128,0
DA:129,0
DA:131,0
DA:135,0
DA:136,0
DA:137,0
DA:138,0
DA:140,0
DA:144,0
DA:145,0
DA:146,0
DA:147,0
DA:148,0
DA:149,0
DA:150,0
DA:152,0
DA:154,0
DA:158,0
DA:159,0
DA:160,0
DA:161,0
DA:162,0
DA:164,0
DA:169,0
DA:170,0
DA:171,0
DA:172,0
DA:174,0
DA:175,0
DA:179,0
DA:180,0
DA:183,0
DA:184,0
DA:187,0
DA:188,0
DA:193,0
DA:194,0
DA:195,0
DA:196,0
DA:203,0
DA:205,0
DA:209,0
DA:212,0
DA:213,0
DA:216,0
DA:217,0
DA:219,0
DA:220,0
DA:223,0
DA:225,0
DA:226,0
DA:227,0
DA:232,0
DA:238,0
DA:239,0
LF:113
LH:0
BRDA:31,0,0,0
BRDA:31,0,1,0
BRDA:33,1,0,0
BRDA:33,1,1,0
BRDA:37,2,0,0
BRDA:46,3,0,0
BRDA:46,3,1,0
BRDA:46,4,0,0
BRDA:46,4,1,0
BRDA:49,5,0,0
BRDA:105,6,0,0
BRDA:148,7,0,0
BRDA:199,8,0,0
BRDA:199,8,1,0
BRDA:212,9,0,0
BRDA:238,10,0,0
BRF:16
BRH:0
end_of_record
TN:
SF:src/api/websocket.ts
FN:24,startWebSocketServer
FN:30,(anonymous_1)
FN:59,(anonymous_2)
FN:71,(anonymous_3)
FN:78,(anonymous_4)
FN:84,(anonymous_5)
FN:86,(anonymous_6)
FN:97,(anonymous_7)
FN:101,(anonymous_8)
FN:108,handleMessage
FN:115,(anonymous_10)
FN:125,(anonymous_11)
FN:141,broadcast
FN:144,(anonymous_13)
FN:149,(anonymous_14)
FN:159,matchesTopic
FN:175,publishEvent
FN:185,getConnectedClients
FNF:18
FNH:0
FNDA:0,startWebSocketServer
FNDA:0,(anonymous_1)
FNDA:0,(anonymous_2)
FNDA:0,(anonymous_3)
FNDA:0,(anonymous_4)
FNDA:0,(anonymous_5)
FNDA:0,(anonymous_6)
FNDA:0,(anonymous_7)
FNDA:0,(anonymous_8)
FNDA:0,handleMessage
FNDA:0,(anonymous_10)
FNDA:0,(anonymous_11)
FNDA:0,broadcast
FNDA:0,(anonymous_13)
FNDA:0,(anonymous_14)
FNDA:0,matchesTopic
FNDA:0,publishEvent
FNDA:0,getConnectedClients
DA:8,0
DA:9,0
DA:12,0
DA:21,0
DA:22,0
DA:24,0
DA:25,0
DA:30,0
DA:32,0
DA:33,0
DA:35,0
DA:42,0
DA:44,0
DA:45,0
DA:49,0
DA:50,0
DA:54,0
DA:59,0
DA:60,0
DA:61,0
DA:62,0
DA:64,0
DA:71,0
DA:72,0
DA:73,0
DA:74,0
DA:78,0
DA:79,0
DA:84,0
DA:85,0
DA:86,0
DA:87,0
DA:88,0
DA:89,0
DA:90,0
DA:92,0
DA:97,0
DA:98,0
DA:101,0
DA:102,0
DA:105,0
DA:109,0
DA:110,0
DA:112,0
DA:114,0
DA:115,0
DA:116,0
DA:121,0
DA:124,0
DA:125,0
DA:127,0
DA:130,0
DA:131,0
DA:134,0
DA:142,0
DA:144,0
DA:145,0
DA:148,0
DA:149,0
DA:150,0
DA:153,0
DA:154,0
DA:161,0
DA:162,0
DA:164,0
DA:165,0
DA:167,0
DA:168,0
DA:169,0
DA:172,0
DA:175,0
DA:182,0
DA:185,0
DA:186,0
LF:74
LH:0
BRDA:32,0,0,0
BRDA:32,0,1,0
BRDA:44,1,0,0
BRDA:73,2,0,0
BRDA:87,3,0,0
BRDA:110,4,0,0
BRDA:112,5,0,0
BRDA:112,5,1,0
BRDA:112,5,2,0
BRDA:112,5,3,0
BRDA:114,6,0,0
BRDA:124,7,0,0
BRDA:145,8,0,0
BRDA:148,9,0,0
BRDA:148,9,1,0
BRDA:153,10,0,0
BRDA:153,11,0,0
BRDA:153,11,1,0
BRDA:167,12,0,0
BRDA:168,13,0,0
BRDA:169,14,0,0
BRF:21
BRH:0
end_of_record
TN:
SF:src/api/middleware/auth.ts
FN:12,authMiddleware
FN:16,(anonymous_1)
FN:44,addApiKey
FN:48,revokeApiKey
FNF:4
FNH:0
FNDA:0,authMiddleware
FNDA:0,(anonymous_1)
FNDA:0,addApiKey
FNDA:0,revokeApiKey
DA:10,0
DA:12,0
DA:14,0
DA:16,0
DA:18,0
DA:19,0
DA:22,0
DA:24,0
DA:25,0
DA:31,0
DA:32,0
DA:39,0
DA:40,0
DA:44,0
DA:45,0
DA:48,0
DA:49,0
LF:17
LH:0
BRDA:18,0,0,0
BRDA:24,1,0,0
BRDA:31,2,0,0
BRF:3
BRH:0
end_of_record
TN:
SF:src/api/middleware/cors.ts
FN:9,corsMiddleware
FN:10,(anonymous_1)
FNF:2
FNH:0
FNDA:0,corsMiddleware
FNDA:0,(anonymous_1)
DA:9,0
DA:10,0
DA:11,0
DA:13,0
DA:14,0
DA:15,0
DA:16,0
DA:17,0
DA:20,0
DA:21,0
DA:22,0
DA:25,0
LF:12
LH:0
BRDA:13,0,0,0
BRDA:13,1,0,0
BRDA:13,1,1,0
BRDA:20,2,0,0
BRF:4
BRH:0
end_of_record
TN:
SF:src/api/middleware/error.ts
FN:9,errorHandler
FNF:1
FNH:0
FNDA:0,errorHandler
DA:9,0
DA:15,0
DA:18,0
DA:20,0
LF:4
LH:0
BRDA:22,0,0,0
BRDA:22,0,1,0
BRDA:23,1,0,0
BRDA:23,1,1,0
BRF:4
BRH:0
end_of_record
TN:
SF:src/api/middleware/ratelimit.ts
FN:16,rateLimitMiddleware
FN:17,(anonymous_1)
FNF:2
FNH:0
FNDA:0,rateLimitMiddleware
FNDA:0,(anonymous_1)
DA:14,0
DA:16,0
DA:17,0
DA:18,0
DA:19,0
DA:20,0
DA:22,0
DA:24,0
DA:26,0
DA:30,0
DA:33,0
DA:34,0
DA:35,0
DA:36,0
DA:43,0
DA:44,0
LF:16
LH:0
BRDA:18,0,0,0
BRDA:18,0,1,0
BRDA:18,0,2,0
BRDA:24,1,0,0
BRDA:24,2,0,0
BRDA:24,2,1,0
BRDA:33,3,0,0
BRF:7
BRH:0
end_of_record
TN:
SF:src/api/middleware/validation.ts
FN:31,validateBody
FN:32,(anonymous_1)
FN:51,(anonymous_2)
FN:66,validateField
FN:118,(anonymous_4)
FN:124,(anonymous_5)
FN:131,(anonymous_6)
FN:137,(anonymous_7)
FN:141,(anonymous_8)
FNF:9
FNH:0
FNDA:0,validateBody
FNDA:0,(anonymous_1)
FNDA:0,(anonymous_2)
FNDA:0,validateField
FNDA:0,(anonymous_4)
FNDA:0,(anonymous_5)
FNDA:0,(anonymous_6)
FNDA:0,(anonymous_7)
FNDA:0,(anonymous_8)
DA:31,0
DA:32,0
DA:33,0
DA:34,0
DA:36,0
DA:37,0
DA:38,0
DA:39,0
DA:40,0
DA:48,0
DA:49,0
DA:51,0
DA:56,0
DA:59,0
DA:68,0
DA:69,0
DA:73,0
DA:74,0
DA:78,0
DA:79,0
DA:80,0
DA:81,0
DA:86,0
DA:87,0
DA:88,0
DA:90,0
DA:91,0
DA:93,0
DA:94,0
DA:99,0
DA:100,0
DA:104,0
DA:105,0
DA:106,0
DA:107,0
DA:111,0
DA:117,0
DA:118,0
DA:124,0
DA:131,0
DA:137,0
DA:142,0
DA:143,0
DA:151,0
LF:44
LH:0
BRDA:39,0,0,0
BRDA:48,1,0,0
BRDA:68,2,0,0
BRDA:68,3,0,0
BRDA:68,3,1,0
BRDA:68,3,2,0
BRDA:68,3,3,0
BRDA:73,4,0,0
BRDA:73,5,0,0
BRDA:73,5,1,0
BRDA:73,5,2,0
BRDA:78,6,0,0
BRDA:78,7,0,0
BRDA:78,7,1,0
BRDA:79,8,0,0
BRDA:79,8,1,0
BRDA:80,9,0,0
BRDA:86,10,0,0
BRDA:86,11,0,0
BRDA:86,11,1,0
BRDA:87,12,0,0
BRDA:87,13,0,0
BRDA:87,13,1,0
BRDA:90,14,0,0
BRDA:90,15,0,0
BRDA:90,15,1,0
BRDA:93,16,0,0
BRDA:93,17,0,0
BRDA:93,17,1,0
BRDA:99,18,0,0
BRDA:99,19,0,0
BRDA:99,19,1,0
BRDA:104,20,0,0
BRDA:106,21,0,0
BRDA:107,22,0,0
BRDA:107,22,1,0
BRDA:118,23,0,0
BRDA:124,24,0,0
BRDA:131,25,0,0
BRDA:131,26,0,0
BRDA:137,27,0,0
BRDA:142,28,0,0
BRDA:143,29,0,0
BRDA:143,29,1,0
BRF:44
BRH:0
end_of_record
TN:
SF:src/api/routes/agents.ts
FN:19,(anonymous_0)
FN:39,(anonymous_1)
FN:56,(anonymous_2)
FN:85,(anonymous_3)
FN:109,(anonymous_4)
FN:127,(anonymous_5)
FN:160,(anonymous_6)
FN:178,(anonymous_7)
FNF:8
FNH:0
FNDA:0,(anonymous_0)
FNDA:0,(anonymous_1)
FNDA:0,(anonymous_2)
FNDA:0,(anonymous_3)
FNDA:0,(anonymous_4)
FNDA:0,(anonymous_5)
FNDA:0,(anonymous_6)
FNDA:0,(anonymous_7)
DA:1,0
DA:2,0
DA:3,0
DA:4,0
DA:13,0
DA:14,0
DA:16,0
DA:19,0
DA:20,0
DA:21,0
DA:23,0
DA:26,0
DA:27,0
DA:29,0
DA:32,0
DA:34,0
DA:39,0
DA:40,0
DA:41,0
DA:42,0
DA:43,0
DA:45,0
DA:46,0
DA:49,0
DA:51,0
DA:56,0
DA:57,0
DA:58,0
DA:59,0
DA:62,0
DA:63,0
DA:64,0
DA:65,0
DA:66,0
DA:70,0
DA:78,0
DA:80,0
DA:85,0
DA:86,0
DA:87,0
DA:88,0
DA:89,0
DA:91,0
DA:92,0
DA:93,0
DA:97,0
DA:98,0
DA:101,0
DA:102,0
DA:104,0
DA:109,0
DA:110,0
DA:111,0
DA:112,0
DA:114,0
DA:115,0
DA:116,0
DA:119,0
DA:120,0
DA:122,0
DA:127,0
DA:128,0
DA:129,0
DA:130,0
DA:131,0
DA:133,0
DA:134,0
DA:135,0
DA:138,0
DA:145,0
DA:146,0
DA:147,0
DA:148,0
DA:151,0
DA:153,0
DA:155,0
DA:160,0
DA:161,0
DA:162,0
DA:163,0
DA:165,0
DA:166,0
DA:167,0
DA:170,0
DA:171,0
DA:173,0
DA:178,0
DA:179,0
DA:180,0
DA:181,0
DA:183,0
DA:184,0
DA:185,0
DA:188,0
DA:189,0
DA:191,0
DA:195,0
LF:97
LH:0
BRDA:26,0,0,0
BRDA:26,0,1,0
BRDA:45,1,0,0
BRDA:62,2,0,0
BRDA:65,3,0,0
BRDA:92,4,0,0
BRDA:97,5,0,0
BRDA:115,6,0,0
BRDA:134,7,0,0
BRDA:146,8,0,0
BRDA:166,9,0,0
BRDA:184,10,0,0
BRF:12
BRH:0
end_of_record
TN:
SF:src/api/routes/events.ts
FN:9,(anonymous_0)
FN:40,(anonymous_1)
FN:60,(anonymous_2)
FN:69,(anonymous_3)
FN:74,(anonymous_4)
FN:80,setupWebSocketEvents
FN:81,(anonymous_6)
FN:91,(anonymous_7)
FN:104,(anonymous_8)
FN:108,(anonymous_9)
FNF:10
FNH:0
FNDA:0,(anonymous_0)
FNDA:0,(anonymous_1)
FNDA:0,(anonymous_2)
FNDA:0,(anonymous_3)
FNDA:0,(anonymous_4)
FNDA:0,setupWebSocketEvents
FNDA:0,(anonymous_6)
FNDA:0,(anonymous_7)
FNDA:0,(anonymous_8)
FNDA:0,(anonymous_9)
DA:1,0
DA:3,0
DA:4,0
DA:6,0
DA:9,0
DA:10,0
DA:11,0
DA:20,0
DA:22,0
DA:23,0
DA:24,0
DA:25,0
DA:26,0
DA:27,0
DA:29,0
DA:33,0
DA:35,0
DA:40,0
DA:41,0
DA:42,0
DA:43,0
DA:45,0
DA:53,0
DA:55,0
DA:60,0
DA:61,0
DA:62,0
DA:63,0
DA:66,0
DA:69,0
DA:70,0
DA:74,0
DA:75,0
DA:80,0
DA:81,0
DA:82,0
DA:85,0
DA:91,0
DA:92,0
DA:93,0
DA:95,0
DA:97,0
DA:104,0
DA:105,0
DA:108,0
DA:109,0
DA:114,0
LF:47
LH:0
BRDA:19,0,0,0
BRDA:23,1,0,0
BRDA:24,2,0,0
BRDA:25,3,0,0
BRDA:26,4,0,0
BRDA:27,5,0,0
BRDA:48,6,0,0
BRDA:48,6,1,0
BRDA:95,7,0,0
BRF:9
BRH:0
end_of_record
TN:
SF:src/api/routes/index.ts
FN:1,(anonymous_1)
FN:2,(anonymous_2)
FN:3,(anonymous_3)
FN:3,(anonymous_4)
FNF:4
FNH:0
FNDA:0,(anonymous_1)
FNDA:0,(anonymous_2)
FNDA:0,(anonymous_3)
FNDA:0,(anonymous_4)
DA:1,0
DA:2,0
DA:3,0
LF:3
LH:0
BRF:0
BRH:0
end_of_record
TN:
SF:src/api/routes/swarm.ts
FN:19,(anonymous_0)
FN:30,(anonymous_1)
FN:47,(anonymous_2)
FN:55,(anonymous_3)
FN:77,(anonymous_4)
FN:101,(anonymous_5)
FN:128,(anonymous_6)
FNF:7
FNH:0
FNDA:0,(anonymous_0)
FNDA:0,(anonymous_1)
FNDA:0,(anonymous_2)
FNDA:0,(anonymous_3)
FNDA:0,(anonymous_4)
FNDA:0,(anonymous_5)
FNDA:0,(anonymous_6)
DA:1,0
DA:2,0
DA:3,0
DA:4,0
DA:13,0
DA:14,0
DA:16,0
DA:19,0
DA:20,0
DA:21,0
DA:22,0
DA:23,0
DA:25,0
DA:30,0
DA:31,0
DA:32,0
DA:33,0
DA:34,0
DA:36,0
DA:37,0
DA:41,0
DA:42,0
DA:44,0
DA:47,0
DA:50,0
DA:55,0
DA:56,0
DA:57,0
DA:58,0
DA:60,0
DA:70,0
DA:72,0
DA:77,0
DA:78,0
DA:79,0
DA:80,0
DA:81,0
DA:83,0
DA:84,0
DA:85,0
DA:88,0
DA:94,0
DA:96,0
DA:101,0
DA:102,0
DA:103,0
DA:104,0
DA:105,0
DA:107,0
DA:108,0
DA:109,0
DA:113,0
DA:114,0
DA:115,0
DA:119,0
DA:121,0
DA:123,0
DA:128,0
DA:129,0
DA:130,0
DA:131,0
DA:133,0
DA:134,0
DA:136,0
DA:137,0
DA:138,0
DA:141,0
DA:142,0
DA:144,0
DA:146,0
DA:148,0
DA:149,0
DA:155,0
DA:157,0
DA:158,0
DA:159,0
DA:163,0
DA:164,0
DA:171,0
DA:175,0
LF:80
LH:0
BRDA:36,0,0,0
BRDA:84,1,0,0
BRDA:89,2,0,0
BRDA:89,2,1,0
BRDA:90,3,0,0
BRDA:90,3,1,0
BRDA:91,4,0,0
BRDA:91,4,1,0
BRDA:108,5,0,0
BRDA:137,6,0,0
BRDA:146,7,0,0
BRDA:146,7,1,0
BRDA:155,8,0,0
BRF:13
BRH:0
end_of_record
TN:
SF:src/bus/index.ts
FN:77,patternToRegex
FN:91,matchesPattern
FN:107,generateMessageId
FN:114,generateSubscriptionId
FN:125,(anonymous_4)
FN:131,(anonymous_5)
FN:145,(anonymous_6)
FN:150,(anonymous_7)
FN:156,(anonymous_8)
FN:160,(anonymous_9)
FN:185,(anonymous_10)
FN:204,(anonymous_11)
FN:229,(anonymous_12)
FN:235,(anonymous_13)
FN:240,(anonymous_14)
FN:262,(anonymous_15)
FN:274,(anonymous_16)
FN:285,(anonymous_17)
FN:296,(anonymous_18)
FN:346,(anonymous_19)
FN:351,(anonymous_20)
FN:364,(anonymous_21)
FN:371,(anonymous_22)
FN:381,(anonymous_23)
FN:391,(anonymous_24)
FN:398,(anonymous_25)
FN:405,(anonymous_26)
FN:417,(anonymous_27)
FN:427,(anonymous_28)
FN:431,(anonymous_29)
FN:435,(anonymous_30)
FN:442,(anonymous_31)
FN:449,(anonymous_32)
FN:456,(anonymous_33)
FN:466,getGlobalBus
FN:473,resetGlobalBus
FN:480,getAgentTopics
FN:495,subscribeDashboard
FN:555,createAgentMessage
FNF:39
FNH:0
FNDA:0,patternToRegex
FNDA:0,matchesPattern
FNDA:0,generateMessageId
FNDA:0,generateSubscriptionId
FNDA:0,(anonymous_4)
FNDA:0,(anonymous_5)
FNDA:0,(anonymous_6)
FNDA:0,(anonymous_7)
FNDA:0,(anonymous_8)
FNDA:0,(anonymous_9)
FNDA:0,(anonymous_10)
FNDA:0,(anonymous_11)
FNDA:0,(anonymous_12)
FNDA:0,(anonymous_13)
FNDA:0,(anonymous_14)
FNDA:0,(anonymous_15)
FNDA:0,(anonymous_16)
FNDA:0,(anonymous_17)
FNDA:0,(anonymous_18)
FNDA:0,(anonymous_19)
FNDA:0,(anonymous_20)
FNDA:0,(anonymous_21)
FNDA:0,(anonymous_22)
FNDA:0,(anonymous_23)
FNDA:0,(anonymous_24)
FNDA:0,(anonymous_25)
FNDA:0,(anonymous_26)
FNDA:0,(anonymous_27)
FNDA:0,(anonymous_28)
FNDA:0,(anonymous_29)
FNDA:0,(anonymous_30)
FNDA:0,(anonymous_31)
FNDA:0,(anonymous_32)
FNDA:0,(anonymous_33)
FNDA:0,getGlobalBus
FNDA:0,resetGlobalBus
FNDA:0,getAgentTopics
FNDA:0,subscribeDashboard
FNDA:0,createAgentMessage
DA:7,1
DA:77,1
DA:79,0
DA:85,0
DA:91,1
DA:93,0
DA:96,0
DA:97,0
DA:98,0
DA:101,0
DA:107,1
DA:108,0
DA:114,1
DA:115,0
DA:122,0
DA:123,0
DA:125,0
DA:126,0
DA:127,0
DA:132,0
DA:133,0
DA:136,0
DA:137,0
DA:140,0
DA:141,0
DA:146,0
DA:147,0
DA:151,0
DA:152,0
DA:153,0
DA:155,0
DA:156,0
DA:161,0
DA:162,0
DA:164,0
DA:172,1
DA:174,0
DA:177,0
DA:178,0
DA:186,0
DA:187,0
DA:188,0
DA:190,0
DA:191,0
DA:195,0
DA:196,0
DA:205,0
DA:214,0
DA:215,0
DA:219,0
DA:221,0
DA:223,0
DA:234,0
DA:235,0
DA:237,0
DA:245,0
DA:253,0
DA:254,0
DA:256,0
DA:263,0
DA:264,0
DA:265,0
DA:266,0
DA:268,0
DA:275,0
DA:276,0
DA:277,0
DA:279,0
DA:286,0
DA:287,0
DA:288,0
DA:298,0
DA:302,0
DA:305,0
DA:306,0
DA:309,0
DA:310,0
DA:311,0
DA:312,0
DA:317,0
DA:318,0
DA:319,0
DA:320,0
DA:325,0
DA:326,0
DA:327,0
DA:328,0
DA:329,0
DA:330,0
DA:335,0
DA:336,0
DA:340,0
DA:347,0
DA:349,0
DA:350,0
DA:351,0
DA:352,0
DA:355,0
DA:357,0
DA:365,0
DA:372,0
DA:373,0
DA:375,0
DA:382,0
DA:383,0
DA:385,0
DA:392,0
DA:399,0
DA:406,0
DA:418,0
DA:419,0
DA:420,0
DA:428,0
DA:432,0
DA:436,0
DA:443,0
DA:450,0
DA:457,0
DA:464,1
DA:466,1
DA:467,0
DA:468,0
DA:470,0
DA:473,1
DA:474,0
DA:480,1
DA:485,0
DA:495,1
DA:505,0
DA:506,0
DA:509,0
DA:510,0
DA:511,0
DA:512,0
DA:517,0
DA:518,0
DA:519,0
DA:524,0
DA:525,0
DA:526,0
DA:530,0
DA:531,0
DA:535,0
DA:536,0
DA:540,0
DA:545,0
DA:546,0
DA:549,0
DA:555,1
DA:560,0
DA:573,1
LF:151
LH:13
BRDA:93,0,0,0
BRDA:96,1,0,0
BRDA:96,2,0,0
BRDA:96,2,1,0
BRDA:96,2,2,0
BRDA:126,3,0,0
BRDA:132,4,0,0
BRDA:140,5,0,0
BRDA:145,6,0,0
BRDA:146,7,0,0
BRDA:146,7,1,0
BRDA:150,8,0,0
BRDA:161,9,0,0
BRDA:161,9,1,0
BRDA:185,10,0,0
BRDA:188,11,0,0
BRDA:188,11,1,0
BRDA:190,12,0,0
BRDA:195,13,0,0
BRDA:214,14,0,0
BRDA:234,15,0,0
BRDA:249,16,0,0
BRDA:249,16,1,0
BRDA:263,17,0,0
BRDA:263,17,1,0
BRDA:265,18,0,0
BRDA:277,19,0,0
BRDA:287,20,0,0
BRDA:298,21,0,0
BRDA:298,21,1,0
BRDA:302,22,0,0
BRDA:305,23,0,0
BRDA:309,24,0,0
BRDA:309,25,0,0
BRDA:309,25,1,0
BRDA:311,26,0,0
BRDA:311,27,0,0
BRDA:311,27,1,0
BRDA:317,28,0,0
BRDA:319,29,0,0
BRDA:325,30,0,0
BRDA:327,31,0,0
BRDA:327,31,1,0
BRDA:329,32,0,0
BRDA:335,33,0,0
BRDA:335,34,0,0
BRDA:335,34,1,0
BRDA:350,35,0,0
BRDA:365,36,0,0
BRDA:365,36,1,0
BRDA:365,36,2,0
BRDA:372,37,0,0
BRDA:382,38,0,0
BRDA:417,39,0,0
BRDA:419,40,0,0
BRDA:419,41,0,0
BRDA:419,41,1,0
BRDA:467,42,0,0
BRDA:509,43,0,0
BRDA:517,44,0,0
BRDA:524,45,0,0
BRDA:530,46,0,0
BRDA:535,47,0,0
BRDA:540,48,0,0
BRDA:540,48,1,0
BRF:65
BRH:0
end_of_record
TN:
SF:src/cli/index.ts
FN:13,lazyRegister
FN:18,(anonymous_10)
FN:35,registerCommands
FN:51,(anonymous_12)
FN:52,(anonymous_13)
FN:93,(anonymous_14)
FN:94,(anonymous_15)
FN:106,registerCoreCommands
FN:155,setupLazyCommand
FN:167,(anonymous_18)
FN:168,(anonymous_19)
FN:179,setupLazyCreateCommand
FN:189,(anonymous_21)
FN:190,(anonymous_22)
FNF:14
FNH:0
FNDA:0,lazyRegister
FNDA:0,(anonymous_10)
FNDA:0,registerCommands
FNDA:0,(anonymous_12)
FNDA:0,(anonymous_13)
FNDA:0,(anonymous_14)
FNDA:0,(anonymous_15)
FNDA:0,registerCoreCommands
FNDA:0,setupLazyCommand
FNDA:0,(anonymous_18)
FNDA:0,(anonymous_19)
FNDA:0,setupLazyCreateCommand
FNDA:0,(anonymous_21)
FNDA:0,(anonymous_22)
DA:8,0
DA:18,0
DA:19,0
DA:20,0
DA:21,0
DA:35,0
DA:41,0
DA:42,0
DA:43,0
DA:48,0
DA:52,0
DA:53,0
DA:54,0
DA:55,0
DA:59,0
DA:60,0
DA:61,0
DA:67,0
DA:68,0
DA:69,0
DA:75,0
DA:76,0
DA:77,0
DA:83,0
DA:84,0
DA:85,0
DA:90,0
DA:94,0
DA:95,0
DA:100,0
DA:111,0
DA:112,0
DA:113,0
DA:118,0
DA:119,0
DA:120,0
DA:126,0
DA:127,0
DA:128,0
DA:129,0
DA:132,0
DA:133,0
DA:134,0
DA:140,0
DA:141,0
DA:144,0
DA:145,0
DA:146,0
DA:163,0
DA:168,0
DA:169,0
DA:170,0
DA:171,0
DA:185,0
DA:190,0
DA:191,0
DA:192,0
DA:193,0
DA:196,0
DA:197,0
DA:198,0
LF:61
LH:0
BRDA:20,0,0,0
BRDA:170,1,0,0
BRDA:192,2,0,0
BRF:3
BRH:0
end_of_record
TN:
SF:src/cli/commands/agents.ts
FN:25,initDatabase
FN:29,registerAgentsCommand
FN:43,(anonymous_2)
FN:53,(anonymous_3)
FN:56,(anonymous_4)
FN:66,(anonymous_5)
FN:126,(anonymous_6)
FN:211,(anonymous_7)
FN:251,(anonymous_8)
FN:288,(anonymous_9)
FN:334,(anonymous_10)
FN:417,(anonymous_11)
FN:462,(anonymous_12)
FN:500,getStatusEmoji
FN:513,formatDuration
FNF:15
FNH:0
FNDA:0,initDatabase
FNDA:0,registerAgentsCommand
FNDA:0,(anonymous_2)
FNDA:0,(anonymous_3)
FNDA:0,(anonymous_4)
FNDA:0,(anonymous_5)
FNDA:0,(anonymous_6)
FNDA:0,(anonymous_7)
FNDA:0,(anonymous_8)
FNDA:0,(anonymous_9)
FNDA:0,(anonymous_10)
FNDA:0,(anonymous_11)
FNDA:0,(anonymous_12)
FNDA:0,getStatusEmoji
FNDA:0,formatDuration
DA:15,0
DA:16,0
DA:17,0
DA:18,0
DA:19,0
DA:20,0
DA:21,0
DA:22,0
DA:26,0
DA:29,0
DA:30,0
DA:37,0
DA:44,0
DA:46,0
DA:49,0
DA:52,0
DA:53,0
DA:55,0
DA:56,0
DA:59,0
DA:60,0
DA:61,0
DA:62,0
DA:65,0
DA:66,0
DA:77,0
DA:81,0
DA:82,0
DA:83,0
DA:85,0
DA:86,0
DA:90,0
DA:94,0
DA:104,0
DA:107,0
DA:108,0
DA:115,0
DA:127,0
DA:128,0
DA:130,0
DA:131,0
DA:132,0
DA:133,0
DA:134,0
DA:135,0
DA:136,0
DA:137,0
DA:138,0
DA:139,0
DA:143,0
DA:144,0
DA:146,0
DA:147,0
DA:148,0
DA:151,0
DA:154,0
DA:155,0
DA:156,0
DA:157,0
DA:158,0
DA:159,0
DA:164,0
DA:175,0
DA:176,0
DA:177,0
DA:189,0
DA:190,0
DA:191,0
DA:192,0
DA:193,0
DA:194,0
DA:196,0
DA:199,0
DA:200,0
DA:207,0
DA:212,0
DA:214,0
DA:215,0
DA:216,0
DA:218,0
DA:219,0
DA:220,0
DA:221,0
DA:224,0
DA:225,0
DA:226,0
DA:229,0
DA:230,0
DA:231,0
DA:234,0
DA:235,0
DA:236,0
DA:239,0
DA:240,0
DA:247,0
DA:252,0
DA:254,0
DA:255,0
DA:256,0
DA:258,0
DA:259,0
DA:260,0
DA:261,0
DA:264,0
DA:265,0
DA:266,0
DA:269,0
DA:270,0
DA:271,0
DA:274,0
DA:275,0
DA:282,0
DA:289,0
DA:291,0
DA:292,0
DA:293,0
DA:295,0
DA:296,0
DA:297,0
DA:298,0
DA:301,0
DA:302,0
DA:303,0
DA:306,0
DA:307,0
DA:308,0
DA:310,0
DA:311,0
DA:312,0
DA:315,0
DA:316,0
DA:317,0
DA:320,0
DA:321,0
DA:328,0
DA:335,0
DA:337,0
DA:338,0
DA:339,0
DA:340,0
DA:342,0
DA:343,0
DA:344,0
DA:345,0
DA:348,0
DA:349,0
DA:353,0
DA:354,0
DA:357,0
DA:358,0
DA:359,0
DA:360,0
DA:361,0
DA:363,0
DA:364,0
DA:365,0
DA:368,0
DA:369,0
DA:372,0
DA:373,0
DA:376,0
DA:377,0
DA:378,0
DA:379,0
DA:380,0
DA:381,0
DA:383,0
DA:384,0
DA:387,0
DA:389,0
DA:390,0
DA:393,0
DA:394,0
DA:397,0
DA:398,0
DA:399,0
DA:403,0
DA:404,0
DA:411,0
DA:418,0
DA:420,0
DA:421,0
DA:422,0
DA:424,0
DA:425,0
DA:426,0
DA:427,0
DA:430,0
DA:431,0
DA:432,0
DA:435,0
DA:437,0
DA:438,0
DA:439,0
DA:440,0
DA:442,0
DA:443,0
DA:446,0
DA:447,0
DA:450,0
DA:451,0
DA:458,0
DA:463,0
DA:465,0
DA:466,0
DA:467,0
DA:469,0
DA:471,0
DA:472,0
DA:473,0
DA:476,0
DA:477,0
DA:478,0
DA:479,0
DA:480,0
DA:481,0
DA:482,0
DA:484,0
DA:487,0
DA:490,0
DA:491,0
DA:501,0
DA:510,0
DA:514,0
DA:515,0
DA:516,0
DA:518,0
DA:519,0
DA:520,0
DA:521,0
DA:523,0
LF:231
LH:0
BRDA:52,0,0,0
BRDA:55,1,0,0
BRDA:59,2,0,0
BRDA:65,3,0,0
BRDA:86,4,0,0
BRDA:86,4,1,0
BRDA:90,5,0,0
BRDA:90,5,1,0
BRDA:107,6,0,0
BRDA:107,6,1,0
BRDA:130,7,0,0
BRDA:134,8,0,0
BRDA:134,8,1,0
BRDA:135,9,0,0
BRDA:135,9,1,0
BRDA:136,10,0,0
BRDA:136,10,1,0
BRDA:138,11,0,0
BRDA:146,12,0,0
BRDA:154,13,0,0
BRDA:157,14,0,0
BRDA:171,15,0,0
BRDA:171,15,1,0
BRDA:193,16,0,0
BRDA:199,17,0,0
BRDA:199,17,1,0
BRDA:219,18,0,0
BRDA:224,19,0,0
BRDA:229,20,0,0
BRDA:239,21,0,0
BRDA:239,21,1,0
BRDA:259,22,0,0
BRDA:264,23,0,0
BRDA:274,24,0,0
BRDA:274,24,1,0
BRDA:296,25,0,0
BRDA:301,26,0,0
BRDA:301,27,0,0
BRDA:301,27,1,0
BRDA:308,28,0,0
BRDA:308,28,1,0
BRDA:310,29,0,0
BRDA:310,30,0,0
BRDA:310,30,1,0
BRDA:320,31,0,0
BRDA:320,31,1,0
BRDA:343,32,0,0
BRDA:348,33,0,0
BRDA:351,34,0,0
BRDA:351,34,1,0
BRDA:363,35,0,0
BRDA:365,36,0,0
BRDA:365,36,1,0
BRDA:368,37,0,0
BRDA:372,38,0,0
BRDA:378,39,0,0
BRDA:379,40,0,0
BRDA:380,41,0,0
BRDA:381,42,0,0
BRDA:383,43,0,0
BRDA:389,44,0,0
BRDA:393,45,0,0
BRDA:397,46,0,0
BRDA:403,47,0,0
BRDA:403,47,1,0
BRDA:425,48,0,0
BRDA:430,49,0,0
BRDA:430,50,0,0
BRDA:430,50,1,0
BRDA:438,51,0,0
BRDA:442,52,0,0
BRDA:450,53,0,0
BRDA:450,53,1,0
BRDA:471,54,0,0
BRDA:484,55,0,0
BRDA:484,55,1,0
BRDA:490,56,0,0
BRDA:490,56,1,0
BRDA:510,57,0,0
BRDA:510,57,1,0
BRDA:518,58,0,0
BRDA:518,58,1,0
BRDA:520,59,0,0
BRDA:520,59,1,0
BRF:84
BRH:0
end_of_record
TN:
SF:src/cli/commands/approve.ts
FN:22,parseDate
FN:30,parseDuration
FN:50,createApprovalCommand
FN:66,createListCommand
FN:75,(anonymous_4)
FN:96,createGetCommand
FN:101,(anonymous_6)
FN:116,createRespondCommand
FN:124,(anonymous_8)
FN:163,createApproveAllCommand
FN:171,(anonymous_10)
FN:217,createAuditCommand
FN:225,(anonymous_12)
FN:283,createEscalateCommand
FN:288,(anonymous_14)
FN:313,createEmergencyCommand
FN:319,(anonymous_16)
FN:349,createMonitorCommand
FN:356,(anonymous_18)
FN:387,createStatsCommand
FN:393,(anonymous_20)
FNF:21
FNH:0
FNDA:0,parseDate
FNDA:0,parseDuration
FNDA:0,createApprovalCommand
FNDA:0,createListCommand
FNDA:0,(anonymous_4)
FNDA:0,createGetCommand
FNDA:0,(anonymous_6)
FNDA:0,createRespondCommand
FNDA:0,(anonymous_8)
FNDA:0,createApproveAllCommand
FNDA:0,(anonymous_10)
FNDA:0,createAuditCommand
FNDA:0,(anonymous_12)
FNDA:0,createEscalateCommand
FNDA:0,(anonymous_14)
FNDA:0,createEmergencyCommand
FNDA:0,(anonymous_16)
FNDA:0,createMonitorCommand
FNDA:0,(anonymous_18)
FNDA:0,createStatsCommand
FNDA:0,(anonymous_20)
DA:12,0
DA:13,0
DA:14,0
DA:15,0
DA:16,0
DA:23,0
DA:24,0
DA:25,0
DA:27,0
DA:32,0
DA:33,0
DA:34,0
DA:36,0
DA:37,0
DA:38,0
DA:39,0
DA:40,0
DA:41,0
DA:42,0
DA:50,0
DA:51,0
DA:52,0
DA:63,0
DA:67,0
DA:76,0
DA:77,0
DA:84,0
DA:85,0
DA:86,0
DA:87,0
DA:90,0
DA:91,0
DA:97,0
DA:102,0
DA:103,0
DA:104,0
DA:105,0
DA:106,0
DA:108,0
DA:110,0
DA:111,0
DA:117,0
DA:125,0
DA:126,0
DA:127,0
DA:128,0
DA:129,0
DA:131,0
DA:132,0
DA:133,0
DA:135,0
DA:137,0
DA:138,0
DA:139,0
DA:141,0
DA:146,0
DA:147,0
DA:148,0
DA:149,0
DA:150,0
DA:151,0
DA:153,0
DA:154,0
DA:157,0
DA:158,0
DA:164,0
DA:172,0
DA:173,0
DA:180,0
DA:181,0
DA:182,0
DA:184,0
DA:185,0
DA:186,0
DA:188,0
DA:189,0
DA:190,0
DA:192,0
DA:193,0
DA:194,0
DA:195,0
DA:200,0
DA:201,0
DA:202,0
DA:203,0
DA:205,0
DA:206,0
DA:209,0
DA:211,0
DA:212,0
DA:218,0
DA:226,0
DA:228,0
DA:229,0
DA:231,0
DA:232,0
DA:233,0
DA:234,0
DA:235,0
DA:236,0
DA:238,0
DA:241,0
DA:244,0
DA:249,0
DA:250,0
DA:251,0
DA:253,0
DA:254,0
DA:256,0
DA:257,0
DA:258,0
DA:259,0
DA:260,0
DA:261,0
DA:262,0
DA:263,0
DA:264,0
DA:265,0
DA:266,0
DA:268,0
DA:269,0
DA:270,0
DA:272,0
DA:274,0
DA:277,0
DA:278,0
DA:284,0
DA:289,0
DA:290,0
DA:291,0
DA:292,0
DA:293,0
DA:295,0
DA:296,0
DA:297,0
DA:299,0
DA:300,0
DA:301,0
DA:302,0
DA:303,0
DA:304,0
DA:307,0
DA:308,0
DA:314,0
DA:320,0
DA:321,0
DA:327,0
DA:333,0
DA:334,0
DA:335,0
DA:336,0
DA:337,0
DA:338,0
DA:340,0
DA:341,0
DA:343,0
DA:344,0
DA:350,0
DA:357,0
DA:358,0
DA:359,0
DA:360,0
DA:361,0
DA:362,0
DA:363,0
DA:364,0
DA:365,0
DA:366,0
DA:367,0
DA:369,0
DA:371,0
DA:372,0
DA:373,0
DA:374,0
DA:376,0
DA:377,0
DA:378,0
DA:381,0
DA:382,0
DA:388,0
DA:394,0
DA:395,0
DA:396,0
DA:397,0
DA:399,0
DA:400,0
DA:401,0
DA:402,0
DA:403,0
DA:404,0
DA:405,0
DA:406,0
DA:407,0
DA:408,0
DA:409,0
DA:410,0
DA:411,0
DA:412,0
DA:413,0
DA:414,0
DA:415,0
DA:416,0
DA:417,0
DA:418,0
DA:419,0
DA:420,0
DA:421,0
DA:422,0
DA:426,0
DA:427,0
DA:436,0
LF:211
LH:0
BRDA:24,0,0,0
BRDA:33,1,0,0
BRDA:38,2,0,0
BRDA:38,2,1,0
BRDA:38,2,2,0
BRDA:38,2,3,0
BRDA:78,3,0,0
BRDA:78,3,1,0
BRDA:82,4,0,0
BRDA:82,4,1,0
BRDA:85,5,0,0
BRDA:104,6,0,0
BRDA:127,7,0,0
BRDA:131,8,0,0
BRDA:135,9,0,0
BRDA:135,9,1,0
BRDA:137,10,0,0
BRDA:137,11,0,0
BRDA:137,11,1,0
BRDA:146,12,0,0
BRDA:146,12,1,0
BRDA:150,13,0,0
BRDA:153,14,0,0
BRDA:178,15,0,0
BRDA:178,15,1,0
BRDA:180,16,0,0
BRDA:188,17,0,0
BRDA:228,18,0,0
BRDA:229,19,0,0
BRDA:229,19,1,0
BRDA:232,20,0,0
BRDA:232,20,1,0
BRDA:235,21,0,0
BRDA:235,21,1,0
BRDA:235,22,0,0
BRDA:235,22,1,0
BRDA:248,23,0,0
BRDA:248,23,1,0
BRDA:249,24,0,0
BRDA:253,25,0,0
BRDA:253,25,1,0
BRDA:265,26,0,0
BRDA:268,27,0,0
BRDA:291,28,0,0
BRDA:295,29,0,0
BRDA:295,30,0,0
BRDA:295,30,1,0
BRDA:303,31,0,0
BRDA:358,32,0,0
BRDA:358,33,0,0
BRDA:358,33,1,0
BRDA:358,33,2,0
BRDA:363,34,0,0
BRDA:363,34,1,0
BRDA:364,35,0,0
BRDA:366,36,0,0
BRDA:366,36,1,0
BRDA:367,37,0,0
BRDA:367,37,1,0
BRDA:371,38,0,0
BRDA:372,39,0,0
BRDA:372,39,1,0
BRDA:376,40,0,0
BRDA:396,41,0,0
BRDA:396,41,1,0
BRDA:420,42,0,0
BRF:66
BRH:0
end_of_record
TN:
SF:src/cli/commands/budget.ts
FN:38,parseDuration
FN:65,formatCurrency
FN:69,formatTokens
FN:83,createBudgetCommand
FN:102,createSetCommand
FN:117,(anonymous_5)
FN:188,createStatusCommand
FN:194,(anonymous_7)
FN:266,(anonymous_8)
FN:267,(anonymous_9)
FN:283,(anonymous_10)
FN:299,createUsageCommand
FN:306,(anonymous_12)
FN:383,createAlertCommand
FN:397,(anonymous_14)
FN:429,(anonymous_15)
FN:467,(anonymous_16)
FN:490,createHistoryCommand
FN:496,(anonymous_18)
FN:533,createReportCommand
FN:539,(anonymous_20)
FN:583,createBlockedCommand
FN:592,(anonymous_22)
FN:627,(anonymous_23)
FN:650,createDashboardCommand
FN:654,(anonymous_25)
FN:678,(anonymous_26)
FN:679,(anonymous_27)
FN:703,(anonymous_28)
FN:704,(anonymous_29)
FN:705,(anonymous_30)
FN:706,(anonymous_31)
FNF:32
FNH:0
FNDA:0,parseDuration
FNDA:0,formatCurrency
FNDA:0,formatTokens
FNDA:0,createBudgetCommand
FNDA:0,createSetCommand
FNDA:0,(anonymous_5)
FNDA:0,createStatusCommand
FNDA:0,(anonymous_7)
FNDA:0,(anonymous_8)
FNDA:0,(anonymous_9)
FNDA:0,(anonymous_10)
FNDA:0,createUsageCommand
FNDA:0,(anonymous_12)
FNDA:0,createAlertCommand
FNDA:0,(anonymous_14)
FNDA:0,(anonymous_15)
FNDA:0,(anonymous_16)
FNDA:0,createHistoryCommand
FNDA:0,(anonymous_18)
FNDA:0,createReportCommand
FNDA:0,(anonymous_20)
FNDA:0,createBlockedCommand
FNDA:0,(anonymous_22)
FNDA:0,(anonymous_23)
FNDA:0,createDashboardCommand
FNDA:0,(anonymous_25)
FNDA:0,(anonymous_26)
FNDA:0,(anonymous_27)
FNDA:0,(anonymous_28)
FNDA:0,(anonymous_29)
FNDA:0,(anonymous_30)
FNDA:0,(anonymous_31)
DA:13,0
DA:14,0
DA:15,0
DA:31,0
DA:32,0
DA:39,0
DA:40,0
DA:41,0
DA:43,0
DA:44,0
DA:45,0
DA:47,0
DA:49,0
DA:50,0
DA:51,0
DA:53,0
DA:54,0
DA:56,0
DA:57,0
DA:59,0
DA:60,0
DA:62,0
DA:66,0
DA:70,0
DA:71,0
DA:73,0
DA:74,0
DA:76,0
DA:83,0
DA:84,0
DA:85,0
DA:95,0
DA:103,0
DA:118,0
DA:120,0
DA:121,0
DA:122,0
DA:123,0
DA:124,0
DA:125,0
DA:126,0
DA:129,0
DA:130,0
DA:131,0
DA:132,0
DA:133,0
DA:136,0
DA:137,0
DA:138,0
DA:141,0
DA:143,0
DA:144,0
DA:145,0
DA:147,0
DA:148,0
DA:149,0
DA:150,0
DA:153,0
DA:155,0
DA:156,0
DA:157,0
DA:158,0
DA:159,0
DA:161,0
DA:162,0
DA:163,0
DA:165,0
DA:171,0
DA:172,0
DA:173,0
DA:176,0
DA:177,0
DA:181,0
DA:189,0
DA:195,0
DA:196,0
DA:197,0
DA:198,0
DA:199,0
DA:200,0
DA:203,0
DA:204,0
DA:206,0
DA:207,0
DA:208,0
DA:209,0
DA:210,0
DA:211,0
DA:212,0
DA:213,0
DA:214,0
DA:215,0
DA:216,0
DA:217,0
DA:221,0
DA:222,0
DA:224,0
DA:225,0
DA:227,0
DA:228,0
DA:230,0
DA:231,0
DA:232,0
DA:233,0
DA:234,0
DA:236,0
DA:237,0
DA:240,0
DA:241,0
DA:242,0
DA:243,0
DA:244,0
DA:245,0
DA:248,0
DA:250,0
DA:251,0
DA:257,0
DA:259,0
DA:260,0
DA:262,0
DA:263,0
DA:264,0
DA:266,0
DA:267,0
DA:269,0
DA:270,0
DA:273,0
DA:274,0
DA:275,0
DA:276,0
DA:277,0
DA:280,0
DA:281,0
DA:282,0
DA:283,0
DA:284,0
DA:289,0
DA:290,0
DA:300,0
DA:307,0
DA:309,0
DA:310,0
DA:313,0
DA:314,0
DA:316,0
DA:317,0
DA:319,0
DA:320,0
DA:321,0
DA:322,0
DA:323,0
DA:324,0
DA:326,0
DA:327,0
DA:328,0
DA:329,0
DA:330,0
DA:331,0
DA:332,0
DA:342,0
DA:343,0
DA:344,0
DA:345,0
DA:346,0
DA:347,0
DA:348,0
DA:357,0
DA:358,0
DA:359,0
DA:360,0
DA:361,0
DA:362,0
DA:363,0
DA:364,0
DA:373,0
DA:374,0
DA:384,0
DA:388,0
DA:398,0
DA:399,0
DA:400,0
DA:401,0
DA:404,0
DA:410,0
DA:411,0
DA:412,0
DA:413,0
DA:414,0
DA:415,0
DA:417,0
DA:418,0
DA:424,0
DA:430,0
DA:431,0
DA:432,0
DA:433,0
DA:434,0
DA:436,0
DA:437,0
DA:438,0
DA:439,0
DA:441,0
DA:442,0
DA:443,0
DA:444,0
DA:445,0
DA:446,0
DA:447,0
DA:452,0
DA:455,0
DA:456,0
DA:462,0
DA:468,0
DA:469,0
DA:470,0
DA:471,0
DA:473,0
DA:474,0
DA:477,0
DA:478,0
DA:483,0
DA:491,0
DA:497,0
DA:498,0
DA:499,0
DA:501,0
DA:502,0
DA:504,0
DA:505,0
DA:506,0
DA:507,0
DA:509,0
DA:510,0
DA:511,0
DA:512,0
DA:513,0
DA:514,0
DA:515,0
DA:517,0
DA:518,0
DA:523,0
DA:524,0
DA:534,0
DA:540,0
DA:541,0
DA:543,0
DA:544,0
DA:546,0
DA:547,0
DA:548,0
DA:549,0
DA:550,0
DA:551,0
DA:552,0
DA:553,0
DA:554,0
DA:555,0
DA:556,0
DA:557,0
DA:559,0
DA:560,0
DA:561,0
DA:562,0
DA:563,0
DA:566,0
DA:567,0
DA:570,0
DA:573,0
DA:574,0
DA:584,0
DA:587,0
DA:593,0
DA:594,0
DA:596,0
DA:597,0
DA:599,0
DA:600,0
DA:601,0
DA:602,0
DA:604,0
DA:605,0
DA:606,0
DA:607,0
DA:608,0
DA:617,0
DA:618,0
DA:623,0
DA:628,0
DA:629,0
DA:630,0
DA:631,0
DA:633,0
DA:634,0
DA:637,0
DA:638,0
DA:643,0
DA:651,0
DA:655,0
DA:656,0
DA:657,0
DA:659,0
DA:660,0
DA:661,0
DA:663,0
DA:664,0
DA:665,0
DA:667,0
DA:668,0
DA:669,0
DA:670,0
DA:671,0
DA:672,0
DA:674,0
DA:675,0
DA:678,0
DA:679,0
DA:681,0
DA:682,0
DA:683,0
DA:684,0
DA:685,0
DA:688,0
DA:689,0
DA:690,0
DA:691,0
DA:692,0
DA:694,0
DA:695,0
DA:699,0
DA:702,0
DA:703,0
DA:704,0
DA:705,0
DA:706,0
DA:709,0
DA:710,0
DA:711,0
DA:712,0
DA:716,0
DA:717,0
DA:726,0
LF:341
LH:0
BRDA:41,0,0,0
BRDA:44,1,0,0
BRDA:51,2,0,0
BRDA:51,2,1,0
BRDA:51,2,2,0
BRDA:70,3,0,0
BRDA:73,4,0,0
BRDA:120,5,0,0
BRDA:120,6,0,0
BRDA:120,6,1,0
BRDA:129,7,0,0
BRDA:129,8,0,0
BRDA:129,8,1,0
BRDA:129,8,2,0
BRDA:136,9,0,0
BRDA:141,10,0,0
BRDA:143,11,0,0
BRDA:147,12,0,0
BRDA:147,12,1,0
BRDA:153,13,0,0
BRDA:155,14,0,0
BRDA:161,15,0,0
BRDA:196,16,0,0
BRDA:196,16,1,0
BRDA:198,17,0,0
BRDA:203,18,0,0
BRDA:203,18,1,0
BRDA:213,19,0,0
BRDA:213,19,1,0
BRDA:216,20,0,0
BRDA:221,21,0,0
BRDA:221,21,1,0
BRDA:224,22,0,0
BRDA:224,22,1,0
BRDA:230,23,0,0
BRDA:230,23,1,0
BRDA:241,24,0,0
BRDA:245,25,0,0
BRDA:245,25,1,0
BRDA:250,26,0,0
BRDA:259,27,0,0
BRDA:259,27,1,0
BRDA:275,28,0,0
BRDA:275,28,1,0
BRDA:309,29,0,0
BRDA:316,30,0,0
BRDA:316,30,1,0
BRDA:326,31,0,0
BRDA:342,32,0,0
BRDA:358,33,0,0
BRDA:399,34,0,0
BRDA:399,35,0,0
BRDA:399,35,1,0
BRDA:399,35,2,0
BRDA:413,36,0,0
BRDA:414,37,0,0
BRDA:415,38,0,0
BRDA:431,39,0,0
BRDA:431,39,1,0
BRDA:433,40,0,0
BRDA:433,40,1,0
BRDA:438,41,0,0
BRDA:438,41,1,0
BRDA:444,42,0,0
BRDA:444,42,1,0
BRDA:444,43,0,0
BRDA:444,43,1,0
BRDA:445,44,0,0
BRDA:445,44,1,0
BRDA:445,44,2,0
BRDA:470,45,0,0
BRDA:470,45,1,0
BRDA:501,46,0,0
BRDA:501,46,1,0
BRDA:509,47,0,0
BRDA:517,48,0,0
BRDA:543,49,0,0
BRDA:543,49,1,0
BRDA:566,50,0,0
BRDA:596,51,0,0
BRDA:596,51,1,0
BRDA:601,52,0,0
BRDA:601,52,1,0
BRDA:630,53,0,0
BRDA:630,53,1,0
BRDA:663,54,0,0
BRDA:663,54,1,0
BRDA:665,55,0,0
BRDA:665,55,1,0
BRDA:669,56,0,0
BRDA:669,56,1,0
BRDA:688,57,0,0
BRDA:694,58,0,0
BRDA:709,59,0,0
BRF:94
BRH:0
end_of_record
TN:
SF:src/cli/commands/clawhub.ts
FN:25,formatStars
FN:32,formatDownloads
FN:39,truncate
FN:44,formatVersion
FN:51,formatSkillLine
FN:67,registerClawhubCommand
FN:82,(anonymous_7)
FN:111,(anonymous_8)
FN:146,(anonymous_9)
FN:241,(anonymous_10)
FN:263,(anonymous_11)
FN:271,(anonymous_12)
FN:276,(anonymous_13)
FN:277,(anonymous_14)
FN:278,(anonymous_15)
FN:325,(anonymous_16)
FN:374,(anonymous_17)
FN:387,(anonymous_18)
FN:416,(anonymous_19)
FN:465,(anonymous_20)
FNF:20
FNH:0
FNDA:0,formatStars
FNDA:0,formatDownloads
FNDA:0,truncate
FNDA:0,formatVersion
FNDA:0,formatSkillLine
FNDA:0,registerClawhubCommand
FNDA:0,(anonymous_7)
FNDA:0,(anonymous_8)
FNDA:0,(anonymous_9)
FNDA:0,(anonymous_10)
FNDA:0,(anonymous_11)
FNDA:0,(anonymous_12)
FNDA:0,(anonymous_13)
FNDA:0,(anonymous_14)
FNDA:0,(anonymous_15)
FNDA:0,(anonymous_16)
FNDA:0,(anonymous_17)
FNDA:0,(anonymous_18)
FNDA:0,(anonymous_19)
FNDA:0,(anonymous_20)
DA:15,0
DA:16,0
DA:19,0
DA:26,0
DA:27,0
DA:29,0
DA:33,0
DA:34,0
DA:36,0
DA:40,0
DA:41,0
DA:45,0
DA:46,0
DA:48,0
DA:52,0
DA:53,0
DA:54,0
DA:55,0
DA:56,0
DA:60,0
DA:67,0
DA:68,0
DA:75,0
DA:83,0
DA:84,0
DA:86,0
DA:88,0
DA:96,0
DA:97,0
DA:98,0
DA:100,0
DA:101,0
DA:102,0
DA:103,0
DA:104,0
DA:105,0
DA:106,0
DA:110,0
DA:111,0
DA:113,0
DA:115,0
DA:116,0
DA:117,0
DA:118,0
DA:119,0
DA:120,0
DA:121,0
DA:124,0
DA:126,0
DA:127,0
DA:130,0
DA:131,0
DA:132,0
DA:139,0
DA:147,0
DA:148,0
DA:150,0
DA:151,0
DA:154,0
DA:155,0
DA:156,0
DA:157,0
DA:158,0
DA:162,0
DA:163,0
DA:164,0
DA:165,0
DA:166,0
DA:169,0
DA:170,0
DA:177,0
DA:179,0
DA:180,0
DA:181,0
DA:182,0
DA:184,0
DA:185,0
DA:186,0
DA:187,0
DA:191,0
DA:192,0
DA:193,0
DA:194,0
DA:199,0
DA:200,0
DA:202,0
DA:203,0
DA:204,0
DA:205,0
DA:208,0
DA:209,0
DA:212,0
DA:213,0
DA:214,0
DA:215,0
DA:218,0
DA:221,0
DA:222,0
DA:224,0
DA:225,0
DA:226,0
DA:229,0
DA:236,0
DA:242,0
DA:243,0
DA:244,0
DA:246,0
DA:248,0
DA:249,0
DA:250,0
DA:251,0
DA:252,0
DA:253,0
DA:254,0
DA:257,0
DA:258,0
DA:259,0
DA:263,0
DA:269,0
DA:271,0
DA:273,0
DA:276,0
DA:277,0
DA:278,0
DA:280,0
DA:281,0
DA:282,0
DA:283,0
DA:284,0
DA:286,0
DA:289,0
DA:290,0
DA:291,0
DA:292,0
DA:293,0
DA:296,0
DA:298,0
DA:301,0
DA:302,0
DA:303,0
DA:304,0
DA:305,0
DA:309,0
DA:310,0
DA:312,0
DA:313,0
DA:314,0
DA:321,0
DA:326,0
DA:327,0
DA:328,0
DA:331,0
DA:332,0
DA:333,0
DA:334,0
DA:338,0
DA:339,0
DA:340,0
DA:343,0
DA:344,0
DA:345,0
DA:348,0
DA:351,0
DA:352,0
DA:353,0
DA:357,0
DA:359,0
DA:361,0
DA:362,0
DA:363,0
DA:370,0
DA:375,0
DA:376,0
DA:377,0
DA:379,0
DA:382,0
DA:385,0
DA:386,0
DA:387,0
DA:391,0
DA:394,0
DA:395,0
DA:396,0
DA:398,0
DA:399,0
DA:401,0
DA:402,0
DA:403,0
DA:404,0
DA:405,0
DA:406,0
DA:408,0
DA:410,0
DA:411,0
DA:412,0
DA:414,0
DA:415,0
DA:416,0
DA:417,0
DA:421,0
DA:422,0
DA:423,0
DA:424,0
DA:425,0
DA:427,0
DA:428,0
DA:431,0
DA:432,0
DA:434,0
DA:437,0
DA:438,0
DA:439,0
DA:440,0
DA:441,0
DA:442,0
DA:443,0
DA:446,0
DA:447,0
DA:448,0
DA:449,0
DA:451,0
DA:452,0
DA:454,0
DA:461,0
DA:466,0
DA:467,0
DA:469,0
DA:470,0
DA:471,0
DA:472,0
DA:473,0
DA:476,0
DA:477,0
DA:479,0
DA:480,0
DA:482,0
DA:483,0
DA:484,0
DA:486,0
DA:487,0
DA:489,0
DA:490,0
DA:491,0
DA:494,0
DA:498,0
DA:499,0
DA:501,0
DA:503,0
DA:504,0
DA:506,0
DA:507,0
DA:508,0
DA:509,0
DA:512,0
DA:514,0
DA:515,0
DA:517,0
DA:518,0
DA:519,0
DA:523,0
DA:524,0
DA:525,0
DA:530,0
LF:263
LH:0
BRDA:26,0,0,0
BRDA:33,1,0,0
BRDA:40,2,0,0
BRDA:45,3,0,0
BRDA:51,4,0,0
BRDA:52,5,0,0
BRDA:52,5,1,0
BRDA:56,6,0,0
BRDA:56,6,1,0
BRDA:60,7,0,0
BRDA:60,7,1,0
BRDA:82,8,0,0
BRDA:89,9,0,0
BRDA:89,9,1,0
BRDA:92,10,0,0
BRDA:92,10,1,0
BRDA:100,11,0,0
BRDA:113,12,0,0
BRDA:113,12,1,0
BRDA:124,13,0,0
BRDA:124,13,1,0
BRDA:126,14,0,0
BRDA:131,15,0,0
BRDA:131,15,1,0
BRDA:155,16,0,0
BRDA:155,17,0,0
BRDA:155,17,1,0
BRDA:164,18,0,0
BRDA:164,18,1,0
BRDA:179,19,0,0
BRDA:179,19,1,0
BRDA:184,20,0,0
BRDA:191,21,0,0
BRDA:202,22,0,0
BRDA:202,22,1,0
BRDA:204,23,0,0
BRDA:213,24,0,0
BRDA:222,25,0,0
BRDA:222,25,1,0
BRDA:224,26,0,0
BRDA:224,27,0,0
BRDA:224,27,1,0
BRDA:248,28,0,0
BRDA:257,29,0,0
BRDA:269,30,0,0
BRDA:269,30,1,0
BRDA:271,31,0,0
BRDA:271,31,1,0
BRDA:280,32,0,0
BRDA:283,33,0,0
BRDA:283,33,1,0
BRDA:289,34,0,0
BRDA:290,35,0,0
BRDA:290,35,1,0
BRDA:291,36,0,0
BRDA:291,36,1,0
BRDA:293,37,0,0
BRDA:293,37,1,0
BRDA:301,38,0,0
BRDA:301,39,0,0
BRDA:301,39,1,0
BRDA:304,40,0,0
BRDA:304,40,1,0
BRDA:305,41,0,0
BRDA:305,41,1,0
BRDA:313,42,0,0
BRDA:313,42,1,0
BRDA:332,43,0,0
BRDA:338,44,0,0
BRDA:351,45,0,0
BRDA:362,46,0,0
BRDA:362,46,1,0
BRDA:385,47,0,0
BRDA:394,48,0,0
BRDA:394,48,1,0
BRDA:405,49,0,0
BRDA:405,50,0,0
BRDA:405,50,1,0
BRDA:414,51,0,0
BRDA:422,52,0,0
BRDA:422,52,1,0
BRDA:422,53,0,0
BRDA:422,53,1,0
BRDA:427,54,0,0
BRDA:437,55,0,0
BRDA:437,55,1,0
BRDA:437,56,0,0
BRDA:437,56,1,0
BRDA:442,57,0,0
BRDA:446,58,0,0
BRDA:446,58,1,0
BRDA:446,59,0,0
BRDA:446,59,1,0
BRDA:452,60,0,0
BRDA:452,60,1,0
BRDA:469,61,0,0
BRDA:469,62,0,0
BRDA:469,62,1,0
BRDA:476,63,0,0
BRDA:476,63,1,0
BRDA:486,64,0,0
BRDA:487,65,0,0
BRDA:487,65,1,0
BRDA:494,66,0,0
BRDA:494,66,1,0
BRDA:498,67,0,0
BRDA:498,67,1,0
BRDA:503,68,0,0
BRDA:507,69,0,0
BRDA:514,70,0,0
BRDA:514,70,1,0
BRDA:524,71,0,0
BRDA:524,71,1,0
BRF:113
BRH:0
end_of_record
TN:
SF:src/cli/commands/context.ts
FN:8,registerContextCommand
FN:18,(anonymous_1)
FN:32,(anonymous_2)
FN:44,(anonymous_3)
FN:54,(anonymous_4)
FNF:5
FNH:0
FNDA:0,registerContextCommand
FNDA:0,(anonymous_1)
FNDA:0,(anonymous_2)
FNDA:0,(anonymous_3)
FNDA:0,(anonymous_4)
DA:6,0
DA:8,0
DA:9,0
DA:13,0
DA:19,0
DA:20,0
DA:21,0
DA:22,0
DA:23,0
DA:24,0
DA:25,0
DA:28,0
DA:33,0
DA:34,0
DA:35,0
DA:36,0
DA:39,0
DA:45,0
DA:46,0
DA:47,0
DA:50,0
DA:55,0
DA:56,0
LF:23
LH:0
BRDA:20,0,0,0
BRDA:21,1,0,0
BRDA:46,2,0,0
BRF:3
BRH:0
end_of_record
TN:
SF:src/cli/commands/dashboard.ts
FN:17,registerDashboardCommand
FN:26,(anonymous_1)
FN:49,(anonymous_2)
FN:122,(anonymous_3)
FN:164,getStatusEmoji
FN:176,getEventEmoji
FN:191,keepAlive
FN:192,(anonymous_7)
FN:194,(anonymous_8)
FNF:9
FNH:0
FNDA:0,registerDashboardCommand
FNDA:0,(anonymous_1)
FNDA:0,(anonymous_2)
FNDA:0,(anonymous_3)
FNDA:0,getStatusEmoji
FNDA:0,getEventEmoji
FNDA:0,keepAlive
FNDA:0,(anonymous_7)
FNDA:0,(anonymous_8)
DA:11,0
DA:12,0
DA:13,0
DA:14,0
DA:15,0
DA:17,0
DA:18,0
DA:27,0
DA:29,0
DA:30,0
DA:31,0
DA:34,0
DA:35,0
DA:37,0
DA:38,0
DA:40,0
DA:42,0
DA:44,0
DA:45,0
DA:46,0
DA:49,0
DA:50,0
DA:51,0
DA:52,0
DA:57,0
DA:58,0
DA:62,0
DA:63,0
DA:64,0
DA:65,0
DA:66,0
DA:67,0
DA:68,0
DA:69,0
DA:70,0
DA:71,0
DA:72,0
DA:75,0
DA:76,0
DA:78,0
DA:79,0
DA:80,0
DA:81,0
DA:82,0
DA:83,0
DA:84,0
DA:85,0
DA:88,0
DA:89,0
DA:91,0
DA:92,0
DA:93,0
DA:95,0
DA:96,0
DA:98,0
DA:99,0
DA:102,0
DA:104,0
DA:112,0
DA:113,0
DA:117,0
DA:118,0
DA:119,0
DA:122,0
DA:123,0
DA:129,0
DA:132,0
DA:141,0
DA:142,0
DA:147,0
DA:148,0
DA:151,0
DA:154,0
DA:155,0
DA:165,0
DA:173,0
DA:177,0
DA:188,0
DA:192,0
DA:194,0
DA:195,0
DA:196,0
LF:82
LH:0
BRDA:42,0,0,0
BRDA:51,1,0,0
BRDA:91,2,0,0
BRDA:91,2,1,0
BRDA:99,3,0,0
BRDA:99,3,1,0
BRDA:100,4,0,0
BRDA:100,4,1,0
BRDA:112,5,0,0
BRDA:129,6,0,0
BRDA:141,7,0,0
BRDA:154,8,0,0
BRDA:154,8,1,0
BRDA:173,9,0,0
BRDA:173,9,1,0
BRDA:188,10,0,0
BRDA:188,10,1,0
BRF:17
BRH:0
end_of_record
TN:
SF:src/cli/commands/events.ts
FN:32,(anonymous_0)
FN:36,(anonymous_1)
FN:43,(anonymous_2)
FN:53,(anonymous_3)
FN:57,(anonymous_4)
FN:61,(anonymous_5)
FN:65,(anonymous_6)
FN:69,(anonymous_7)
FN:78,(anonymous_8)
FN:79,(anonymous_9)
FN:82,(anonymous_10)
FN:86,(anonymous_11)
FN:93,registerEventsCommand
FN:110,(anonymous_13)
FN:149,(anonymous_14)
FN:150,(anonymous_15)
FN:180,(anonymous_16)
FN:181,(anonymous_17)
FN:207,(anonymous_18)
FN:234,(anonymous_19)
FN:237,(anonymous_20)
FN:240,(anonymous_21)
FN:243,(anonymous_22)
FN:246,(anonymous_23)
FN:250,(anonymous_24)
FN:270,(anonymous_25)
FN:313,(anonymous_26)
FN:322,(anonymous_27)
FN:375,(anonymous_28)
FN:428,(anonymous_29)
FN:458,messageToEventRecord
FN:497,getEventDescription
FN:513,formatEvent
FN:522,getSeverityEmoji
FNF:34
FNH:0
FNDA:0,(anonymous_0)
FNDA:0,(anonymous_1)
FNDA:0,(anonymous_2)
FNDA:0,(anonymous_3)
FNDA:0,(anonymous_4)
FNDA:0,(anonymous_5)
FNDA:0,(anonymous_6)
FNDA:0,(anonymous_7)
FNDA:0,(anonymous_8)
FNDA:0,(anonymous_9)
FNDA:0,(anonymous_10)
FNDA:0,(anonymous_11)
FNDA:0,registerEventsCommand
FNDA:0,(anonymous_13)
FNDA:0,(anonymous_14)
FNDA:0,(anonymous_15)
FNDA:0,(anonymous_16)
FNDA:0,(anonymous_17)
FNDA:0,(anonymous_18)
FNDA:0,(anonymous_19)
FNDA:0,(anonymous_20)
FNDA:0,(anonymous_21)
FNDA:0,(anonymous_22)
FNDA:0,(anonymous_23)
FNDA:0,(anonymous_24)
FNDA:0,(anonymous_25)
FNDA:0,(anonymous_26)
FNDA:0,(anonymous_27)
FNDA:0,(anonymous_28)
FNDA:0,(anonymous_29)
FNDA:0,messageToEventRecord
FNDA:0,getEventDescription
FNDA:0,formatEvent
FNDA:0,getSeverityEmoji
DA:12,0
DA:13,0
DA:14,0
DA:15,0
DA:16,0
DA:33,0
DA:34,0
DA:37,0
DA:38,0
DA:39,0
DA:50,0
DA:52,0
DA:53,0
DA:56,0
DA:57,0
DA:60,0
DA:61,0
DA:64,0
DA:65,0
DA:69,0
DA:71,0
DA:72,0
DA:75,0
DA:79,0
DA:83,0
DA:87,0
DA:91,0
DA:93,0
DA:94,0
DA:101,0
DA:111,0
DA:113,0
DA:114,0
DA:115,0
DA:116,0
DA:118,0
DA:121,0
DA:125,0
DA:126,0
DA:130,0
DA:132,0
DA:133,0
DA:134,0
DA:136,0
DA:137,0
DA:140,0
DA:141,0
DA:143,0
DA:146,0
DA:149,0
DA:150,0
DA:151,0
DA:154,0
DA:157,0
DA:160,0
DA:161,0
DA:164,0
DA:167,0
DA:168,0
DA:170,0
DA:175,0
DA:176,0
DA:177,0
DA:180,0
DA:181,0
DA:182,0
DA:183,0
DA:184,0
DA:189,0
DA:190,0
DA:197,0
DA:208,0
DA:210,0
DA:211,0
DA:212,0
DA:213,0
DA:217,0
DA:218,0
DA:219,0
DA:220,0
DA:221,0
DA:222,0
DA:227,0
DA:230,0
DA:233,0
DA:234,0
DA:236,0
DA:237,0
DA:239,0
DA:240,0
DA:242,0
DA:243,0
DA:245,0
DA:246,0
DA:250,0
DA:253,0
DA:256,0
DA:265,0
DA:266,0
DA:267,0
DA:269,0
DA:270,0
DA:273,0
DA:274,0
DA:275,0
DA:276,0
DA:279,0
DA:280,0
DA:281,0
DA:285,0
DA:286,0
DA:287,0
DA:289,0
DA:290,0
DA:291,0
DA:292,0
DA:293,0
DA:295,0
DA:298,0
DA:301,0
DA:302,0
DA:309,0
DA:314,0
DA:316,0
DA:319,0
DA:320,0
DA:321,0
DA:322,0
DA:323,0
DA:324,0
DA:326,0
DA:327,0
DA:331,0
DA:332,0
DA:333,0
DA:336,0
DA:337,0
DA:338,0
DA:339,0
DA:340,0
DA:342,0
DA:343,0
DA:346,0
DA:347,0
DA:350,0
DA:351,0
DA:354,0
DA:355,0
DA:356,0
DA:360,0
DA:361,0
DA:368,0
DA:376,0
DA:377,0
DA:378,0
DA:379,0
DA:380,0
DA:384,0
DA:385,0
DA:386,0
DA:387,0
DA:390,0
DA:391,0
DA:392,0
DA:393,0
DA:396,0
DA:397,0
DA:398,0
DA:399,0
DA:400,0
DA:401,0
DA:409,0
DA:410,0
DA:411,0
DA:412,0
DA:416,0
DA:417,0
DA:424,0
DA:429,0
DA:430,0
DA:432,0
DA:433,0
DA:434,0
DA:437,0
DA:439,0
DA:440,0
DA:441,0
DA:444,0
DA:445,0
DA:448,0
DA:449,0
DA:459,0
DA:465,0
DA:466,0
DA:467,0
DA:468,0
DA:471,0
DA:472,0
DA:473,0
DA:474,0
DA:475,0
DA:476,0
DA:477,0
DA:478,0
DA:479,0
DA:480,0
DA:481,0
DA:484,0
DA:498,0
DA:510,0
DA:514,0
DA:515,0
DA:516,0
DA:517,0
DA:519,0
DA:523,0
DA:530,0
LF:217
LH:0
BRDA:38,0,0,0
BRDA:52,1,0,0
BRDA:56,2,0,0
BRDA:60,3,0,0
BRDA:64,4,0,0
BRDA:71,5,0,0
BRDA:125,6,0,0
BRDA:132,7,0,0
BRDA:132,7,1,0
BRDA:140,8,0,0
BRDA:140,8,1,0
BRDA:154,9,0,0
BRDA:154,10,0,0
BRDA:154,10,1,0
BRDA:157,11,0,0
BRDA:157,12,0,0
BRDA:157,12,1,0
BRDA:161,13,0,0
BRDA:167,14,0,0
BRDA:167,14,1,0
BRDA:176,15,0,0
BRDA:176,15,1,0
BRDA:176,16,0,0
BRDA:176,16,1,0
BRDA:176,17,0,0
BRDA:176,17,1,0
BRDA:189,18,0,0
BRDA:189,18,1,0
BRDA:217,19,0,0
BRDA:219,20,0,0
BRDA:221,21,0,0
BRDA:221,21,1,0
BRDA:221,22,0,0
BRDA:221,22,1,0
BRDA:233,23,0,0
BRDA:236,24,0,0
BRDA:239,25,0,0
BRDA:242,26,0,0
BRDA:245,27,0,0
BRDA:273,28,0,0
BRDA:279,29,0,0
BRDA:293,30,0,0
BRDA:293,30,1,0
BRDA:293,30,2,0
BRDA:301,31,0,0
BRDA:301,31,1,0
BRDA:319,32,0,0
BRDA:324,33,0,0
BRDA:324,33,1,0
BRDA:326,34,0,0
BRDA:331,35,0,0
BRDA:342,36,0,0
BRDA:346,37,0,0
BRDA:350,38,0,0
BRDA:354,39,0,0
BRDA:360,40,0,0
BRDA:360,40,1,0
BRDA:378,41,0,0
BRDA:378,42,0,0
BRDA:378,42,1,0
BRDA:391,43,0,0
BRDA:398,44,0,0
BRDA:398,44,1,0
BRDA:399,45,0,0
BRDA:399,45,1,0
BRDA:416,46,0,0
BRDA:416,46,1,0
BRDA:432,47,0,0
BRDA:439,48,0,0
BRDA:448,49,0,0
BRDA:448,49,1,0
BRDA:465,50,0,0
BRDA:465,50,1,0
BRDA:466,51,0,0
BRDA:466,51,1,0
BRDA:466,51,2,0
BRDA:472,52,0,0
BRDA:472,52,1,0
BRDA:472,53,0,0
BRDA:472,53,1,0
BRDA:474,54,0,0
BRDA:474,54,1,0
BRDA:474,55,0,0
BRDA:474,55,1,0
BRDA:476,56,0,0
BRDA:476,56,1,0
BRDA:478,57,0,0
BRDA:478,57,1,0
BRDA:478,58,0,0
BRDA:478,58,1,0
BRDA:480,59,0,0
BRDA:499,60,0,0
BRDA:499,60,1,0
BRDA:500,61,0,0
BRDA:500,61,1,0
BRDA:501,62,0,0
BRDA:501,62,1,0
BRDA:502,63,0,0
BRDA:502,63,1,0
BRDA:510,64,0,0
BRDA:510,64,1,0
BRDA:517,65,0,0
BRDA:517,65,1,0
BRDA:517,65,2,0
BRDA:530,66,0,0
BRDA:530,66,1,0
BRF:106
BRH:0
end_of_record
TN:
SF:src/cli/commands/init.ts
FN:38,generateApiKey
FN:42,loadConfig
FN:54,saveConfig
FN:58,registerInitCommand
FN:70,(anonymous_4)
FN:157,(anonymous_5)
FN:193,(anonymous_6)
FNF:7
FNH:0
FNDA:0,generateApiKey
FNDA:0,loadConfig
FNDA:0,saveConfig
FNDA:0,registerInitCommand
FNDA:0,(anonymous_4)
FNDA:0,(anonymous_5)
FNDA:0,(anonymous_6)
DA:12,0
DA:13,0
DA:14,0
DA:15,0
DA:16,0
DA:18,0
DA:19,0
DA:31,0
DA:39,0
DA:43,0
DA:44,0
DA:45,0
DA:46,0
DA:51,0
DA:55,0
DA:58,0
DA:59,0
DA:63,0
DA:71,0
DA:72,0
DA:75,0
DA:76,0
DA:77,0
DA:78,0
DA:79,0
DA:84,0
DA:85,0
DA:86,0
DA:87,0
DA:88,0
DA:89,0
DA:93,0
DA:94,0
DA:95,0
DA:97,0
DA:101,0
DA:104,0
DA:115,0
DA:116,0
DA:119,0
DA:120,0
DA:121,0
DA:122,0
DA:123,0
DA:124,0
DA:129,0
DA:130,0
DA:131,0
DA:132,0
DA:133,0
DA:134,0
DA:135,0
DA:136,0
DA:138,0
DA:139,0
DA:140,0
DA:141,0
DA:142,0
DA:143,0
DA:144,0
DA:145,0
DA:148,0
DA:149,0
DA:153,0
DA:158,0
DA:159,0
DA:161,0
DA:162,0
DA:163,0
DA:164,0
DA:167,0
DA:168,0
DA:169,0
DA:172,0
DA:173,0
DA:174,0
DA:175,0
DA:176,0
DA:177,0
DA:178,0
DA:180,0
DA:181,0
DA:184,0
DA:185,0
DA:189,0
DA:194,0
DA:195,0
DA:196,0
DA:197,0
DA:200,0
DA:201,0
DA:202,0
DA:203,0
DA:206,0
DA:212,0
DA:213,0
DA:214,0
DA:217,0
DA:218,0
DA:224,0
LF:100
LH:0
BRDA:44,0,0,0
BRDA:75,1,0,0
BRDA:77,2,0,0
BRDA:77,3,0,0
BRDA:77,3,1,0
BRDA:77,3,2,0
BRDA:85,4,0,0
BRDA:85,5,0,0
BRDA:85,5,1,0
BRDA:93,6,0,0
BRDA:93,6,1,0
BRDA:101,7,0,0
BRDA:101,7,1,0
BRDA:110,8,0,0
BRDA:110,8,1,0
BRDA:122,9,0,0
BRDA:134,10,0,0
BRDA:134,10,1,0
BRDA:135,11,0,0
BRDA:148,12,0,0
BRDA:148,12,1,0
BRDA:161,13,0,0
BRDA:167,14,0,0
BRDA:176,15,0,0
BRDA:176,15,1,0
BRDA:177,16,0,0
BRDA:184,17,0,0
BRDA:184,17,1,0
BRDA:195,18,0,0
BRDA:200,19,0,0
BRDA:217,20,0,0
BRDA:217,20,1,0
BRF:32
BRH:0
end_of_record
TN:
SF:src/cli/commands/openclaw.ts
FN:768,(anonymous_9)
FN:768,(anonymous_10)
FN:768,(anonymous_11)
FN:49,parseGatewayUrl
FN:75,getGatewayConfig
FN:94,getConnectionMode
FN:114,validateAttachmentPath
FN:140,(anonymous_16)
FN:161,getGatewayClient
FN:184,getSessionManager
FN:191,getAgentExecutor
FN:200,getMockClient
FN:214,isMockMode
FN:222,registerOpenClawCommand
FN:237,(anonymous_23)
FN:360,(anonymous_24)
FN:417,(anonymous_25)
FN:428,(anonymous_26)
FN:499,(anonymous_27)
FN:568,(anonymous_28)
FN:628,(anonymous_29)
FN:655,(anonymous_30)
FN:712,(anonymous_31)
FN:750,formatDuration
FN:757,formatTimeAgo
FN:773,resetOpenClawState
FNF:26
FNH:0
FNDA:0,(anonymous_9)
FNDA:0,(anonymous_10)
FNDA:0,(anonymous_11)
FNDA:0,parseGatewayUrl
FNDA:0,getGatewayConfig
FNDA:0,getConnectionMode
FNDA:0,validateAttachmentPath
FNDA:0,(anonymous_16)
FNDA:0,getGatewayClient
FNDA:0,getSessionManager
FNDA:0,getAgentExecutor
FNDA:0,getMockClient
FNDA:0,isMockMode
FNDA:0,registerOpenClawCommand
FNDA:0,(anonymous_23)
FNDA:0,(anonymous_24)
FNDA:0,(anonymous_25)
FNDA:0,(anonymous_26)
FNDA:0,(anonymous_27)
FNDA:0,(anonymous_28)
FNDA:0,(anonymous_29)
FNDA:0,(anonymous_30)
FNDA:0,(anonymous_31)
FNDA:0,formatDuration
FNDA:0,formatTimeAgo
FNDA:0,resetOpenClawState
DA:17,0
DA:18,0
DA:19,0
DA:29,0
DA:30,0
DA:50,0
DA:51,0
DA:53,0
DA:54,0
DA:55,0
DA:56,0
DA:57,0
DA:58,0
DA:61,0
DA:62,0
DA:63,0
DA:64,0
DA:65,0
DA:68,0
DA:76,0
DA:77,0
DA:79,0
DA:95,0
DA:98,0
DA:99,0
DA:100,0
DA:103,0
DA:115,0
DA:116,0
DA:120,0
DA:123,0
DA:124,0
DA:128,0
DA:129,0
DA:133,0
DA:134,0
DA:140,0
DA:141,0
DA:144,0
DA:145,0
DA:149,0
DA:156,0
DA:157,0
DA:158,0
DA:159,0
DA:162,0
DA:164,0
DA:165,0
DA:167,0
DA:171,0
DA:177,0
DA:179,0
DA:181,0
DA:185,0
DA:186,0
DA:188,0
DA:192,0
DA:193,0
DA:194,0
DA:195,0
DA:197,0
DA:201,0
DA:202,0
DA:205,0
DA:206,0
DA:208,0
DA:211,0
DA:215,0
DA:222,0
DA:223,0
DA:230,0
DA:238,0
DA:241,0
DA:242,0
DA:243,0
DA:245,0
DA:246,0
DA:249,0
DA:257,0
DA:258,0
DA:259,0
DA:260,0
DA:261,0
DA:265,0
DA:267,0
DA:268,0
DA:271,0
DA:272,0
DA:274,0
DA:275,0
DA:277,0
DA:279,0
DA:284,0
DA:287,0
DA:288,0
DA:291,0
DA:299,0
DA:300,0
DA:301,0
DA:302,0
DA:304,0
DA:306,0
DA:309,0
DA:310,0
DA:314,0
DA:316,0
DA:318,0
DA:319,0
DA:320,0
DA:321,0
DA:322,0
DA:323,0
DA:324,0
DA:325,0
DA:329,0
DA:330,0
DA:332,0
DA:335,0
DA:344,0
DA:345,0
DA:346,0
DA:347,0
DA:348,0
DA:349,0
DA:356,0
DA:361,0
DA:363,0
DA:365,0
DA:366,0
DA:367,0
DA:368,0
DA:369,0
DA:370,0
DA:371,0
DA:373,0
DA:376,0
DA:377,0
DA:378,0
DA:379,0
DA:380,0
DA:384,0
DA:385,0
DA:386,0
DA:387,0
DA:388,0
DA:390,0
DA:391,0
DA:393,0
DA:395,0
DA:396,0
DA:397,0
DA:404,0
DA:411,0
DA:418,0
DA:420,0
DA:422,0
DA:423,0
DA:424,0
DA:427,0
DA:428,0
DA:430,0
DA:431,0
DA:432,0
DA:442,0
DA:444,0
DA:445,0
DA:447,0
DA:449,0
DA:452,0
DA:453,0
DA:454,0
DA:457,0
DA:459,0
DA:460,0
DA:461,0
DA:463,0
DA:464,0
DA:467,0
DA:469,0
DA:470,0
DA:471,0
DA:472,0
DA:475,0
DA:477,0
DA:478,0
DA:479,0
DA:480,0
DA:482,0
DA:485,0
DA:486,0
DA:487,0
DA:494,0
DA:500,0
DA:502,0
DA:503,0
DA:504,0
DA:505,0
DA:509,0
DA:510,0
DA:512,0
DA:513,0
DA:514,0
DA:515,0
DA:516,0
DA:517,0
DA:520,0
DA:521,0
DA:522,0
DA:523,0
DA:524,0
DA:525,0
DA:528,0
DA:530,0
DA:532,0
DA:533,0
DA:534,0
DA:537,0
DA:539,0
DA:540,0
DA:541,0
DA:542,0
DA:546,0
DA:549,0
DA:550,0
DA:551,0
DA:558,0
DA:569,0
DA:570,0
DA:573,0
DA:574,0
DA:575,0
DA:576,0
DA:580,0
DA:581,0
DA:583,0
DA:585,0
DA:586,0
DA:598,0
DA:601,0
DA:602,0
DA:603,0
DA:613,0
DA:614,0
DA:615,0
DA:616,0
DA:617,0
DA:618,0
DA:621,0
DA:624,0
DA:628,0
DA:633,0
DA:634,0
DA:635,0
DA:636,0
DA:637,0
DA:639,0
DA:640,0
DA:641,0
DA:648,0
DA:656,0
DA:657,0
DA:660,0
DA:661,0
DA:662,0
DA:663,0
DA:664,0
DA:669,0
DA:670,0
DA:672,0
DA:673,0
DA:674,0
DA:680,0
DA:681,0
DA:682,0
DA:683,0
DA:686,0
DA:688,0
DA:694,0
DA:695,0
DA:696,0
DA:698,0
DA:699,0
DA:700,0
DA:707,0
DA:713,0
DA:714,0
DA:717,0
DA:718,0
DA:720,0
DA:721,0
DA:722,0
DA:723,0
DA:724,0
DA:725,0
DA:727,0
DA:730,0
DA:732,0
DA:734,0
DA:735,0
DA:736,0
DA:739,0
DA:740,0
DA:741,0
DA:751,0
DA:752,0
DA:753,0
DA:754,0
DA:758,0
DA:759,0
DA:761,0
DA:762,0
DA:763,0
DA:764,0
DA:768,0
DA:773,0
DA:774,0
DA:775,0
DA:776,0
DA:777,0
DA:780,0
LF:320
LH:0
BRDA:51,0,0,0
BRDA:56,1,0,0
BRDA:56,1,1,0
BRDA:56,2,0,0
BRDA:56,2,1,0
BRDA:62,3,0,0
BRDA:64,4,0,0
BRDA:75,5,0,0
BRDA:80,6,0,0
BRDA:80,6,1,0
BRDA:80,6,2,0
BRDA:81,7,0,0
BRDA:81,7,1,0
BRDA:81,8,0,0
BRDA:81,8,1,0
BRDA:82,9,0,0
BRDA:82,9,1,0
BRDA:95,10,0,0
BRDA:99,11,0,0
BRDA:99,12,0,0
BRDA:99,12,1,0
BRDA:100,13,0,0
BRDA:100,14,0,0
BRDA:100,14,1,0
BRDA:115,15,0,0
BRDA:115,16,0,0
BRDA:115,16,1,0
BRDA:123,17,0,0
BRDA:128,18,0,0
BRDA:133,19,0,0
BRDA:136,20,0,0
BRDA:136,20,1,0
BRDA:137,21,0,0
BRDA:137,21,1,0
BRDA:141,22,0,0
BRDA:141,22,1,0
BRDA:144,23,0,0
BRDA:162,24,0,0
BRDA:165,25,0,0
BRDA:165,26,0,0
BRDA:165,26,1,0
BRDA:168,27,0,0
BRDA:168,27,1,0
BRDA:169,28,0,0
BRDA:169,28,1,0
BRDA:185,29,0,0
BRDA:192,30,0,0
BRDA:201,31,0,0
BRDA:241,32,0,0
BRDA:267,33,0,0
BRDA:272,34,0,0
BRDA:272,34,1,0
BRDA:301,35,0,0
BRDA:301,35,1,0
BRDA:314,36,0,0
BRDA:314,36,1,0
BRDA:316,37,0,0
BRDA:365,38,0,0
BRDA:365,39,0,0
BRDA:365,39,1,0
BRDA:365,39,2,0
BRDA:370,40,0,0
BRDA:376,41,0,0
BRDA:386,42,0,0
BRDA:386,42,1,0
BRDA:387,43,0,0
BRDA:390,44,0,0
BRDA:396,45,0,0
BRDA:396,45,1,0
BRDA:422,46,0,0
BRDA:422,47,0,0
BRDA:422,47,1,0
BRDA:422,47,2,0
BRDA:431,48,0,0
BRDA:445,49,0,0
BRDA:445,49,1,0
BRDA:446,50,0,0
BRDA:446,50,1,0
BRDA:452,51,0,0
BRDA:460,52,0,0
BRDA:463,53,0,0
BRDA:469,54,0,0
BRDA:469,55,0,0
BRDA:469,55,1,0
BRDA:478,56,0,0
BRDA:478,56,1,0
BRDA:478,57,0,0
BRDA:478,57,1,0
BRDA:479,58,0,0
BRDA:479,58,1,0
BRDA:486,59,0,0
BRDA:486,59,1,0
BRDA:503,60,0,0
BRDA:503,61,0,0
BRDA:503,61,1,0
BRDA:503,61,2,0
BRDA:510,62,0,0
BRDA:510,62,1,0
BRDA:510,62,2,0
BRDA:512,63,0,0
BRDA:515,64,0,0
BRDA:532,65,0,0
BRDA:532,66,0,0
BRDA:532,66,1,0
BRDA:540,67,0,0
BRDA:540,67,1,0
BRDA:540,68,0,0
BRDA:540,68,1,0
BRDA:542,69,0,0
BRDA:542,69,1,0
BRDA:550,70,0,0
BRDA:550,70,1,0
BRDA:574,71,0,0
BRDA:574,72,0,0
BRDA:574,72,1,0
BRDA:574,72,2,0
BRDA:581,73,0,0
BRDA:581,73,1,0
BRDA:581,73,2,0
BRDA:583,74,0,0
BRDA:593,75,0,0
BRDA:593,75,1,0
BRDA:602,76,0,0
BRDA:628,77,0,0
BRDA:628,77,1,0
BRDA:629,78,0,0
BRDA:629,78,1,0
BRDA:640,79,0,0
BRDA:640,79,1,0
BRDA:660,80,0,0
BRDA:662,81,0,0
BRDA:670,82,0,0
BRDA:670,82,1,0
BRDA:670,82,2,0
BRDA:672,83,0,0
BRDA:677,84,0,0
BRDA:677,84,1,0
BRDA:691,85,0,0
BRDA:691,85,1,0
BRDA:699,86,0,0
BRDA:699,86,1,0
BRDA:718,87,0,0
BRDA:718,87,1,0
BRDA:718,87,2,0
BRDA:720,88,0,0
BRDA:724,89,0,0
BRDA:735,90,0,0
BRDA:740,91,0,0
BRDA:740,91,1,0
BRDA:751,92,0,0
BRDA:752,93,0,0
BRDA:753,94,0,0
BRDA:761,95,0,0
BRDA:762,96,0,0
BRDA:763,97,0,0
BRF:155
BRH:0
end_of_record
TN:
SF:src/cli/commands/quality.ts
FN:60,runLintCheck
FN:113,runTypeCheck
FN:150,runSecurityCheck
FN:170,(anonymous_3)
FN:213,handleLint
FN:230,(anonymous_5)
FN:244,handleTypes
FN:258,(anonymous_7)
FN:272,handleSecurity
FN:285,(anonymous_9)
FN:296,handleGate
FN:350,(anonymous_11)
FN:368,handleStatus
FN:408,setupQualityCommand
FN:416,registerQualityCommand
FN:420,setupQualityCommandImpl
FN:439,(anonymous_16)
FN:452,(anonymous_17)
FN:464,(anonymous_18)
FN:477,(anonymous_19)
FN:489,(anonymous_20)
FN:503,qualityCommand
FN:520,(anonymous_22)
FN:533,(anonymous_23)
FN:545,(anonymous_24)
FN:558,(anonymous_25)
FN:577,qualityLintCommand
FN:586,(anonymous_27)
FN:599,qualityTypesCommand
FN:605,(anonymous_29)
FN:618,qualitySecurityCommand
FN:624,(anonymous_31)
FN:637,qualityGateCommand
FN:644,(anonymous_33)
FNF:34
FNH:0
FNDA:0,runLintCheck
FNDA:0,runTypeCheck
FNDA:0,runSecurityCheck
FNDA:0,(anonymous_3)
FNDA:0,handleLint
FNDA:0,(anonymous_5)
FNDA:0,handleTypes
FNDA:0,(anonymous_7)
FNDA:0,handleSecurity
FNDA:0,(anonymous_9)
FNDA:0,handleGate
FNDA:0,(anonymous_11)
FNDA:0,handleStatus
FNDA:0,setupQualityCommand
FNDA:0,registerQualityCommand
FNDA:0,setupQualityCommandImpl
FNDA:0,(anonymous_16)
FNDA:0,(anonymous_17)
FNDA:0,(anonymous_18)
FNDA:0,(anonymous_19)
FNDA:0,(anonymous_20)
FNDA:0,qualityCommand
FNDA:0,(anonymous_22)
FNDA:0,(anonymous_23)
FNDA:0,(anonymous_24)
FNDA:0,(anonymous_25)
FNDA:0,qualityLintCommand
FNDA:0,(anonymous_27)
FNDA:0,qualityTypesCommand
FNDA:0,(anonymous_29)
FNDA:0,qualitySecurityCommand
FNDA:0,(anonymous_31)
FNDA:0,qualityGateCommand
FNDA:0,(anonymous_33)
DA:12,0
DA:13,0
DA:14,0
DA:15,0
DA:19,0
DA:61,0
DA:63,0
DA:64,0
DA:66,0
DA:68,0
DA:69,0
DA:72,0
DA:73,0
DA:74,0
DA:75,0
DA:76,0
DA:81,0
DA:82,0
DA:83,0
DA:84,0
DA:93,0
DA:102,0
DA:103,0
DA:114,0
DA:116,0
DA:117,0
DA:119,0
DA:121,0
DA:122,0
DA:125,0
DA:126,0
DA:127,0
DA:128,0
DA:131,0
DA:139,0
DA:140,0
DA:151,0
DA:153,0
DA:154,0
DA:156,0
DA:158,0
DA:159,0
DA:162,0
DA:163,0
DA:164,0
DA:168,0
DA:169,0
DA:170,0
DA:175,0
DA:178,0
DA:179,0
DA:180,0
DA:181,0
DA:183,0
DA:184,0
DA:187,0
DA:195,0
DA:196,0
DA:214,0
DA:216,0
DA:217,0
DA:218,0
DA:219,0
DA:220,0
DA:221,0
DA:222,0
DA:223,0
DA:225,0
DA:227,0
DA:228,0
DA:229,0
DA:230,0
DA:231,0
DA:232,0
DA:236,0
DA:237,0
DA:245,0
DA:247,0
DA:248,0
DA:249,0
DA:250,0
DA:251,0
DA:252,0
DA:253,0
DA:255,0
DA:256,0
DA:257,0
DA:258,0
DA:259,0
DA:260,0
DA:264,0
DA:265,0
DA:273,0
DA:275,0
DA:276,0
DA:277,0
DA:278,0
DA:279,0
DA:280,0
DA:282,0
DA:283,0
DA:284,0
DA:285,0
DA:288,0
DA:289,0
DA:297,0
DA:298,0
DA:300,0
DA:301,0
DA:304,0
DA:311,0
DA:312,0
DA:313,0
DA:314,0
DA:315,0
DA:320,0
DA:333,0
DA:335,0
DA:336,0
DA:337,0
DA:338,0
DA:339,0
DA:340,0
DA:341,0
DA:342,0
DA:343,0
DA:344,0
DA:345,0
DA:347,0
DA:348,0
DA:349,0
DA:350,0
DA:351,0
DA:355,0
DA:356,0
DA:357,0
DA:358,0
DA:360,0
DA:361,0
DA:369,0
DA:371,0
DA:372,0
DA:373,0
DA:375,0
DA:377,0
DA:378,0
DA:380,0
DA:381,0
DA:382,0
DA:383,0
DA:384,0
DA:385,0
DA:388,0
DA:393,0
DA:396,0
DA:397,0
DA:408,0
DA:409,0
DA:416,0
DA:417,0
DA:421,0
DA:434,0
DA:440,0
DA:441,0
DA:443,0
DA:444,0
DA:448,0
DA:453,0
DA:454,0
DA:456,0
DA:457,0
DA:461,0
DA:465,0
DA:466,0
DA:468,0
DA:469,0
DA:473,0
DA:478,0
DA:479,0
DA:481,0
DA:482,0
DA:486,0
DA:490,0
DA:491,0
DA:493,0
DA:494,0
DA:503,0
DA:504,0
DA:515,0
DA:521,0
DA:522,0
DA:524,0
DA:525,0
DA:529,0
DA:534,0
DA:535,0
DA:537,0
DA:538,0
DA:542,0
DA:546,0
DA:547,0
DA:549,0
DA:550,0
DA:554,0
DA:559,0
DA:560,0
DA:562,0
DA:563,0
DA:567,0
DA:577,0
DA:578,0
DA:587,0
DA:588,0
DA:590,0
DA:591,0
DA:599,0
DA:600,0
DA:606,0
DA:607,0
DA:609,0
DA:610,0
DA:618,0
DA:619,0
DA:625,0
DA:626,0
DA:628,0
DA:629,0
DA:637,0
DA:638,0
DA:645,0
DA:646,0
DA:648,0
DA:649,0
LF:233
LH:0
BRDA:75,0,0,0
BRDA:75,0,1,0
BRDA:75,1,0,0
BRDA:75,1,1,0
BRDA:81,2,0,0
BRDA:81,3,0,0
BRDA:81,3,1,0
BRDA:94,4,0,0
BRDA:94,4,1,0
BRDA:94,4,2,0
BRDA:98,5,0,0
BRDA:98,5,1,0
BRDA:108,6,0,0
BRDA:108,6,1,0
BRDA:127,7,0,0
BRDA:127,7,1,0
BRDA:136,8,0,0
BRDA:136,8,1,0
BRDA:145,9,0,0
BRDA:145,9,1,0
BRDA:169,10,0,0
BRDA:169,10,1,0
BRDA:180,11,0,0
BRDA:180,11,1,0
BRDA:180,12,0,0
BRDA:180,12,1,0
BRDA:183,13,0,0
BRDA:192,14,0,0
BRDA:192,14,1,0
BRDA:201,15,0,0
BRDA:201,15,1,0
BRDA:219,16,0,0
BRDA:219,16,1,0
BRDA:222,17,0,0
BRDA:227,18,0,0
BRDA:227,19,0,0
BRDA:227,19,1,0
BRDA:231,20,0,0
BRDA:236,21,0,0
BRDA:250,22,0,0
BRDA:250,22,1,0
BRDA:255,23,0,0
BRDA:255,24,0,0
BRDA:255,24,1,0
BRDA:259,25,0,0
BRDA:264,26,0,0
BRDA:278,27,0,0
BRDA:278,27,1,0
BRDA:282,28,0,0
BRDA:282,29,0,0
BRDA:282,29,1,0
BRDA:288,30,0,0
BRDA:312,31,0,0
BRDA:326,32,0,0
BRDA:326,32,1,0
BRDA:339,33,0,0
BRDA:339,33,1,0
BRDA:340,34,0,0
BRDA:340,34,1,0
BRDA:341,35,0,0
BRDA:341,35,1,0
BRDA:344,36,0,0
BRDA:344,36,1,0
BRDA:347,37,0,0
BRDA:355,38,0,0
BRDA:355,38,1,0
BRDA:380,39,0,0
BRDA:380,39,1,0
BRDA:381,40,0,0
BRDA:381,40,1,0
BRDA:397,41,0,0
BRDA:397,41,1,0
BRDA:443,42,0,0
BRDA:443,42,1,0
BRDA:456,43,0,0
BRDA:456,43,1,0
BRDA:468,44,0,0
BRDA:468,44,1,0
BRDA:481,45,0,0
BRDA:481,45,1,0
BRDA:493,46,0,0
BRDA:493,46,1,0
BRDA:524,47,0,0
BRDA:524,47,1,0
BRDA:537,48,0,0
BRDA:537,48,1,0
BRDA:549,49,0,0
BRDA:549,49,1,0
BRDA:562,50,0,0
BRDA:562,50,1,0
BRDA:590,51,0,0
BRDA:590,51,1,0
BRDA:609,52,0,0
BRDA:609,52,1,0
BRDA:628,53,0,0
BRDA:628,53,1,0
BRDA:648,54,0,0
BRDA:648,54,1,0
BRF:98
BRH:0
end_of_record
TN:
SF:src/cli/commands/reasoning.ts
FN:8,registerReasoningCommand
FN:19,(anonymous_1)
FN:31,(anonymous_2)
FN:42,(anonymous_3)
FN:52,(anonymous_4)
FNF:5
FNH:0
FNDA:0,registerReasoningCommand
FNDA:0,(anonymous_1)
FNDA:0,(anonymous_2)
FNDA:0,(anonymous_3)
FNDA:0,(anonymous_4)
DA:6,0
DA:8,0
DA:9,0
DA:13,0
DA:20,0
DA:21,0
DA:22,0
DA:23,0
DA:26,0
DA:32,0
DA:33,0
DA:34,0
DA:37,0
DA:43,0
DA:44,0
DA:45,0
DA:48,0
DA:53,0
DA:54,0
LF:19
LH:0
BRDA:21,0,0,0
BRDA:44,1,0,0
BRF:2
BRH:0
end_of_record
TN:
SF:src/cli/commands/safety.ts
FN:7,registerSafetyCommand
FN:15,(anonymous_1)
FN:27,(anonymous_2)
FN:35,(anonymous_3)
FN:46,(anonymous_4)
FNF:5
FNH:0
FNDA:0,registerSafetyCommand
FNDA:0,(anonymous_1)
FNDA:0,(anonymous_2)
FNDA:0,(anonymous_3)
FNDA:0,(anonymous_4)
DA:7,0
DA:8,0
DA:12,0
DA:16,0
DA:17,0
DA:18,0
DA:19,0
DA:20,0
DA:23,0
DA:28,0
DA:29,0
DA:32,0
DA:36,0
DA:37,0
DA:38,0
DA:39,0
DA:42,0
DA:47,0
DA:48,0
DA:49,0
LF:20
LH:0
BRDA:48,0,0,0
BRF:1
BRH:0
end_of_record
TN:
SF:src/cli/commands/self-improve.ts
FN:19,registerSelfImproveCommand
FN:28,(anonymous_1)
FN:63,(anonymous_2)
FN:73,(anonymous_3)
FNF:4
FNH:0
FNDA:0,registerSelfImproveCommand
FNDA:0,(anonymous_1)
FNDA:0,(anonymous_2)
FNDA:0,(anonymous_3)
DA:10,0
DA:11,0
DA:19,0
DA:20,0
DA:29,0
DA:31,0
DA:32,0
DA:34,0
DA:35,0
DA:37,0
DA:38,0
DA:40,0
DA:44,0
DA:45,0
DA:48,0
DA:51,0
DA:52,0
DA:55,0
DA:56,0
DA:64,0
DA:65,0
DA:66,0
DA:67,0
DA:74,0
LF:24
LH:0
BRDA:40,0,0,0
BRDA:40,0,1,0
BRDA:55,1,0,0
BRDA:55,1,1,0
BRF:4
BRH:0
end_of_record
TN:
SF:src/cli/commands/skills.ts
FN:35,formatStars
FN:42,formatDownloads
FN:49,truncate
FN:54,formatSourceBadge
FN:65,formatSkillLine
FN:76,formatActivationState
FN:97,registerSkillsCommand
FN:111,(anonymous_8)
FN:119,(anonymous_9)
FN:124,(anonymous_10)
FN:152,(anonymous_11)
FN:153,(anonymous_12)
FN:163,(anonymous_13)
FN:164,(anonymous_14)
FN:200,(anonymous_15)
FN:230,(anonymous_16)
FN:238,(anonymous_17)
FN:281,(anonymous_18)
FN:345,(anonymous_19)
FN:370,(anonymous_20)
FN:409,(anonymous_21)
FN:499,(anonymous_22)
FN:535,(anonymous_23)
FN:578,(anonymous_24)
FNF:24
FNH:0
FNDA:0,formatStars
FNDA:0,formatDownloads
FNDA:0,truncate
FNDA:0,formatSourceBadge
FNDA:0,formatSkillLine
FNDA:0,formatActivationState
FNDA:0,registerSkillsCommand
FNDA:0,(anonymous_8)
FNDA:0,(anonymous_9)
FNDA:0,(anonymous_10)
FNDA:0,(anonymous_11)
FNDA:0,(anonymous_12)
FNDA:0,(anonymous_13)
FNDA:0,(anonymous_14)
FNDA:0,(anonymous_15)
FNDA:0,(anonymous_16)
FNDA:0,(anonymous_17)
FNDA:0,(anonymous_18)
FNDA:0,(anonymous_19)
FNDA:0,(anonymous_20)
FNDA:0,(anonymous_21)
FNDA:0,(anonymous_22)
FNDA:0,(anonymous_23)
FNDA:0,(anonymous_24)
DA:15,0
DA:16,0
DA:20,0
DA:36,0
DA:37,0
DA:39,0
DA:43,0
DA:44,0
DA:46,0
DA:50,0
DA:51,0
DA:55,0
DA:57,0
DA:59,0
DA:61,0
DA:66,0
DA:67,0
DA:68,0
DA:69,0
DA:73,0
DA:77,0
DA:79,0
DA:81,0
DA:83,0
DA:85,0
DA:87,0
DA:89,0
DA:97,0
DA:98,0
DA:105,0
DA:112,0
DA:113,0
DA:114,0
DA:117,0
DA:118,0
DA:119,0
DA:123,0
DA:124,0
DA:125,0
DA:129,0
DA:130,0
DA:131,0
DA:132,0
DA:133,0
DA:134,0
DA:135,0
DA:136,0
DA:137,0
DA:138,0
DA:140,0
DA:143,0
DA:144,0
DA:145,0
DA:148,0
DA:151,0
DA:152,0
DA:153,0
DA:156,0
DA:157,0
DA:159,0
DA:160,0
DA:163,0
DA:164,0
DA:166,0
DA:167,0
DA:168,0
DA:169,0
DA:173,0
DA:174,0
DA:175,0
DA:179,0
DA:182,0
DA:184,0
DA:185,0
DA:186,0
DA:193,0
DA:201,0
DA:202,0
DA:204,0
DA:206,0
DA:213,0
DA:214,0
DA:215,0
DA:217,0
DA:218,0
DA:219,0
DA:220,0
DA:221,0
DA:222,0
DA:223,0
DA:224,0
DA:225,0
DA:229,0
DA:230,0
DA:232,0
DA:233,0
DA:234,0
DA:238,0
DA:239,0
DA:240,0
DA:241,0
DA:244,0
DA:247,0
DA:249,0
DA:250,0
DA:251,0
DA:252,0
DA:253,0
DA:254,0
DA:255,0
DA:256,0
DA:259,0
DA:261,0
DA:262,0
DA:265,0
DA:266,0
DA:267,0
DA:274,0
DA:282,0
DA:284,0
DA:288,0
DA:290,0
DA:293,0
DA:294,0
DA:295,0
DA:296,0
DA:297,0
DA:301,0
DA:302,0
DA:303,0
DA:304,0
DA:305,0
DA:308,0
DA:309,0
DA:315,0
DA:317,0
DA:318,0
DA:319,0
DA:320,0
DA:321,0
DA:323,0
DA:324,0
DA:327,0
DA:328,0
DA:329,0
DA:330,0
DA:334,0
DA:335,0
DA:336,0
DA:337,0
DA:340,0
DA:343,0
DA:344,0
DA:345,0
DA:346,0
DA:347,0
DA:348,0
DA:349,0
DA:350,0
DA:351,0
DA:352,0
DA:353,0
DA:354,0
DA:356,0
DA:357,0
DA:359,0
DA:366,0
DA:371,0
DA:372,0
DA:375,0
DA:376,0
DA:377,0
DA:378,0
DA:382,0
DA:383,0
DA:384,0
DA:385,0
DA:386,0
DA:387,0
DA:390,0
DA:392,0
DA:394,0
DA:396,0
DA:397,0
DA:398,0
DA:405,0
DA:410,0
DA:411,0
DA:413,0
DA:414,0
DA:415,0
DA:416,0
DA:417,0
DA:420,0
DA:421,0
DA:423,0
DA:424,0
DA:425,0
DA:427,0
DA:428,0
DA:429,0
DA:430,0
DA:432,0
DA:433,0
DA:435,0
DA:436,0
DA:437,0
DA:438,0
DA:440,0
DA:441,0
DA:445,0
DA:446,0
DA:450,0
DA:451,0
DA:453,0
DA:454,0
DA:455,0
DA:457,0
DA:458,0
DA:461,0
DA:462,0
DA:464,0
DA:465,0
DA:466,0
DA:467,0
DA:470,0
DA:472,0
DA:473,0
DA:475,0
DA:476,0
DA:477,0
DA:478,0
DA:480,0
DA:481,0
DA:486,0
DA:487,0
DA:488,0
DA:495,0
DA:500,0
DA:501,0
DA:503,0
DA:506,0
DA:509,0
DA:512,0
DA:513,0
DA:514,0
DA:515,0
DA:517,0
DA:518,0
DA:520,0
DA:521,0
DA:522,0
DA:523,0
DA:524,0
DA:525,0
DA:527,0
DA:529,0
DA:530,0
DA:531,0
DA:533,0
DA:534,0
DA:535,0
DA:536,0
DA:540,0
DA:541,0
DA:542,0
DA:543,0
DA:545,0
DA:546,0
DA:548,0
DA:551,0
DA:552,0
DA:553,0
DA:554,0
DA:555,0
DA:556,0
DA:557,0
DA:560,0
DA:561,0
DA:562,0
DA:563,0
DA:565,0
DA:566,0
DA:568,0
DA:575,0
DA:579,0
DA:580,0
DA:581,0
DA:583,0
DA:585,0
DA:586,0
DA:590,0
DA:591,0
DA:592,0
DA:593,0
DA:596,0
DA:598,0
DA:599,0
DA:600,0
DA:605,0
LF:300
LH:0
BRDA:36,0,0,0
BRDA:43,1,0,0
BRDA:50,2,0,0
BRDA:50,3,0,0
BRDA:50,3,1,0
BRDA:50,4,0,0
BRDA:50,4,1,0
BRDA:55,5,0,0
BRDA:55,5,1,0
BRDA:55,5,2,0
BRDA:65,6,0,0
BRDA:66,7,0,0
BRDA:66,7,1,0
BRDA:69,8,0,0
BRDA:69,8,1,0
BRDA:73,9,0,0
BRDA:73,9,1,0
BRDA:77,10,0,0
BRDA:77,10,1,0
BRDA:77,10,2,0
BRDA:77,10,3,0
BRDA:77,10,4,0
BRDA:77,10,5,0
BRDA:118,11,0,0
BRDA:123,12,0,0
BRDA:125,13,0,0
BRDA:125,13,1,0
BRDA:129,14,0,0
BRDA:143,15,0,0
BRDA:157,16,0,0
BRDA:166,17,0,0
BRDA:168,18,0,0
BRDA:168,18,1,0
BRDA:173,19,0,0
BRDA:175,20,0,0
BRDA:175,20,1,0
BRDA:185,21,0,0
BRDA:185,21,1,0
BRDA:207,22,0,0
BRDA:207,22,1,0
BRDA:210,23,0,0
BRDA:210,23,1,0
BRDA:217,24,0,0
BRDA:232,25,0,0
BRDA:240,26,0,0
BRDA:261,27,0,0
BRDA:266,28,0,0
BRDA:266,28,1,0
BRDA:284,29,0,0
BRDA:284,29,1,0
BRDA:294,30,0,0
BRDA:294,31,0,0
BRDA:294,31,1,0
BRDA:303,32,0,0
BRDA:303,32,1,0
BRDA:317,33,0,0
BRDA:317,33,1,0
BRDA:323,34,0,0
BRDA:327,35,0,0
BRDA:335,36,0,0
BRDA:343,37,0,0
BRDA:343,37,1,0
BRDA:349,38,0,0
BRDA:349,38,1,0
BRDA:353,39,0,0
BRDA:353,39,1,0
BRDA:357,40,0,0
BRDA:357,40,1,0
BRDA:376,41,0,0
BRDA:382,42,0,0
BRDA:397,43,0,0
BRDA:397,43,1,0
BRDA:413,44,0,0
BRDA:413,45,0,0
BRDA:413,45,1,0
BRDA:420,46,0,0
BRDA:420,46,1,0
BRDA:429,47,0,0
BRDA:429,47,1,0
BRDA:432,48,0,0
BRDA:433,49,0,0
BRDA:433,49,1,0
BRDA:436,50,0,0
BRDA:436,50,1,0
BRDA:445,51,0,0
BRDA:445,51,1,0
BRDA:450,52,0,0
BRDA:450,52,1,0
BRDA:450,53,0,0
BRDA:450,53,1,0
BRDA:454,54,0,0
BRDA:457,55,0,0
BRDA:461,56,0,0
BRDA:465,57,0,0
BRDA:472,58,0,0
BRDA:472,58,1,0
BRDA:477,59,0,0
BRDA:477,59,1,0
BRDA:487,60,0,0
BRDA:487,60,1,0
BRDA:512,61,0,0
BRDA:512,61,1,0
BRDA:524,62,0,0
BRDA:524,63,0,0
BRDA:524,63,1,0
BRDA:533,64,0,0
BRDA:541,65,0,0
BRDA:541,65,1,0
BRDA:551,66,0,0
BRDA:551,66,1,0
BRDA:551,67,0,0
BRDA:551,67,1,0
BRDA:556,68,0,0
BRDA:560,69,0,0
BRDA:560,69,1,0
BRDA:566,70,0,0
BRDA:566,70,1,0
BRDA:586,71,0,0
BRDA:586,71,1,0
BRDA:599,72,0,0
BRDA:599,72,1,0
BRF:121
BRH:0
end_of_record
TN:
SF:src/cli/commands/status.ts
FN:31,registerStatusCommand
FN:36,(anonymous_1)
FN:97,gatherSystemStatus
FN:111,(anonymous_3)
FN:116,(anonymous_4)
FN:155,checkOpenClawConnectionFast
FN:176,checkOpenClawConnection
FN:207,determineSystemHealth
FN:213,(anonymous_8)
FN:232,determineSystemHealthFromCounts
FN:256,printStatus
FN:290,createStatusCommand
FN:296,(anonymous_12)
FNF:13
FNH:0
FNDA:0,registerStatusCommand
FNDA:0,(anonymous_1)
FNDA:0,gatherSystemStatus
FNDA:0,(anonymous_3)
FNDA:0,(anonymous_4)
FNDA:0,checkOpenClawConnectionFast
FNDA:0,checkOpenClawConnection
FNDA:0,determineSystemHealth
FNDA:0,(anonymous_8)
FNDA:0,determineSystemHealthFromCounts
FNDA:0,printStatus
FNDA:0,createStatusCommand
FNDA:0,(anonymous_12)
DA:14,0
DA:15,0
DA:21,0
DA:22,0
DA:25,0
DA:26,0
DA:31,0
DA:32,0
DA:37,0
DA:39,0
DA:41,0
DA:42,0
DA:43,0
DA:47,0
DA:50,0
DA:51,0
DA:99,0
DA:102,0
DA:105,0
DA:109,0
DA:110,0
DA:111,0
DA:114,0
DA:115,0
DA:116,0
DA:119,0
DA:122,0
DA:124,0
DA:157,0
DA:158,0
DA:166,0
DA:179,0
DA:181,0
DA:182,0
DA:191,0
DA:197,0
DA:213,0
DA:214,0
DA:217,0
DA:218,0
DA:221,0
DA:222,0
DA:225,0
DA:237,0
DA:238,0
DA:239,0
DA:242,0
DA:243,0
DA:246,0
DA:247,0
DA:250,0
DA:257,0
DA:260,0
DA:263,0
DA:270,0
DA:275,0
DA:276,0
DA:277,0
DA:278,0
DA:279,0
DA:280,0
DA:281,0
DA:282,0
DA:283,0
DA:284,0
DA:290,0
DA:291,0
DA:293,0
DA:297,0
DA:298,0
DA:300,0
DA:301,0
DA:302,0
DA:305,0
DA:308,0
DA:309,0
DA:313,0
DA:316,0
LF:78
LH:0
BRDA:41,0,0,0
BRDA:50,1,0,0
BRDA:50,1,1,0
BRDA:105,2,0,0
BRDA:105,2,1,0
BRDA:105,3,0,0
BRDA:105,3,1,0
BRDA:131,4,0,0
BRDA:131,4,1,0
BRDA:132,5,0,0
BRDA:132,5,1,0
BRDA:134,6,0,0
BRDA:134,6,1,0
BRDA:135,7,0,0
BRDA:135,7,1,0
BRDA:157,8,0,0
BRDA:157,9,0,0
BRDA:157,9,1,0
BRDA:181,10,0,0
BRDA:181,11,0,0
BRDA:181,11,1,0
BRDA:213,12,0,0
BRDA:213,12,1,0
BRDA:214,13,0,0
BRDA:214,13,1,0
BRDA:217,14,0,0
BRDA:217,15,0,0
BRDA:217,15,1,0
BRDA:221,16,0,0
BRDA:237,17,0,0
BRDA:237,17,1,0
BRDA:238,18,0,0
BRDA:238,18,1,0
BRDA:238,19,0,0
BRDA:238,19,1,0
BRDA:238,20,0,0
BRDA:238,20,1,0
BRDA:239,21,0,0
BRDA:239,21,1,0
BRDA:242,22,0,0
BRDA:242,23,0,0
BRDA:242,23,1,0
BRDA:246,24,0,0
BRDA:257,25,0,0
BRDA:257,25,1,0
BRDA:258,26,0,0
BRDA:258,26,1,0
BRDA:260,27,0,0
BRDA:260,27,1,0
BRDA:261,28,0,0
BRDA:261,28,1,0
BRDA:263,29,0,0
BRDA:263,29,1,0
BRDA:265,30,0,0
BRDA:265,30,1,0
BRDA:270,31,0,0
BRDA:270,31,1,0
BRDA:300,32,0,0
BRDA:308,33,0,0
BRDA:308,33,1,0
BRF:60
BRH:0
end_of_record
TN:
SF:src/cli/commands/swarm.ts
FN:24,initializeCore
FN:50,registerSwarmCommand
FN:72,(anonymous_2)
FN:170,(anonymous_3)
FN:211,(anonymous_4)
FN:256,(anonymous_5)
FN:360,(anonymous_6)
FN:407,getStatusEmoji
FNF:8
FNH:0
FNDA:0,initializeCore
FNDA:0,registerSwarmCommand
FNDA:0,(anonymous_2)
FNDA:0,(anonymous_3)
FNDA:0,(anonymous_4)
FNDA:0,(anonymous_5)
FNDA:0,(anonymous_6)
FNDA:0,getStatusEmoji
DA:13,0
DA:14,0
DA:15,0
DA:16,0
DA:17,0
DA:18,0
DA:19,0
DA:30,0
DA:31,0
DA:32,0
DA:35,0
DA:38,0
DA:41,0
DA:44,0
DA:45,0
DA:47,0
DA:50,0
DA:51,0
DA:58,0
DA:73,0
DA:74,0
DA:77,0
DA:78,0
DA:79,0
DA:80,0
DA:81,0
DA:84,0
DA:94,0
DA:95,0
DA:96,0
DA:97,0
DA:98,0
DA:100,0
DA:109,0
DA:114,0
DA:115,0
DA:116,0
DA:117,0
DA:118,0
DA:119,0
DA:120,0
DA:121,0
DA:122,0
DA:123,0
DA:124,0
DA:125,0
DA:127,0
DA:128,0
DA:132,0
DA:133,0
DA:135,0
DA:136,0
DA:137,0
DA:140,0
DA:143,0
DA:145,0
DA:146,0
DA:147,0
DA:148,0
DA:149,0
DA:150,0
DA:151,0
DA:153,0
DA:156,0
DA:157,0
DA:164,0
DA:171,0
DA:173,0
DA:174,0
DA:175,0
DA:177,0
DA:178,0
DA:179,0
DA:180,0
DA:183,0
DA:184,0
DA:185,0
DA:187,0
DA:189,0
DA:190,0
DA:193,0
DA:194,0
DA:195,0
DA:198,0
DA:199,0
DA:206,0
DA:212,0
DA:213,0
DA:214,0
DA:215,0
DA:216,0
DA:220,0
DA:221,0
DA:222,0
DA:224,0
DA:225,0
DA:226,0
DA:227,0
DA:230,0
DA:231,0
DA:232,0
DA:233,0
DA:235,0
DA:237,0
DA:238,0
DA:240,0
DA:243,0
DA:244,0
DA:251,0
DA:257,0
DA:259,0
DA:260,0
DA:261,0
DA:263,0
DA:265,0
DA:266,0
DA:267,0
DA:268,0
DA:271,0
DA:273,0
DA:274,0
DA:275,0
DA:278,0
DA:279,0
DA:280,0
DA:281,0
DA:282,0
DA:283,0
DA:285,0
DA:286,0
DA:287,0
DA:288,0
DA:289,0
DA:290,0
DA:293,0
DA:294,0
DA:295,0
DA:296,0
DA:299,0
DA:300,0
DA:301,0
DA:302,0
DA:303,0
DA:305,0
DA:306,0
DA:312,0
DA:314,0
DA:315,0
DA:316,0
DA:317,0
DA:320,0
DA:321,0
DA:322,0
DA:325,0
DA:326,0
DA:327,0
DA:329,0
DA:330,0
DA:331,0
DA:335,0
DA:347,0
DA:348,0
DA:355,0
DA:361,0
DA:363,0
DA:364,0
DA:365,0
DA:367,0
DA:371,0
DA:372,0
DA:373,0
DA:376,0
DA:377,0
DA:378,0
DA:381,0
DA:382,0
DA:383,0
DA:385,0
DA:386,0
DA:387,0
DA:397,0
DA:398,0
DA:408,0
DA:420,0
LF:184
LH:0
BRDA:31,0,0,0
BRDA:78,1,0,0
BRDA:94,2,0,0
BRDA:96,3,0,0
BRDA:96,4,0,0
BRDA:96,4,1,0
BRDA:114,5,0,0
BRDA:122,6,0,0
BRDA:124,7,0,0
BRDA:124,7,1,0
BRDA:125,8,0,0
BRDA:125,8,1,0
BRDA:127,9,0,0
BRDA:127,9,1,0
BRDA:135,10,0,0
BRDA:150,11,0,0
BRDA:156,12,0,0
BRDA:156,12,1,0
BRDA:178,13,0,0
BRDA:187,14,0,0
BRDA:187,15,0,0
BRDA:187,15,1,0
BRDA:198,16,0,0
BRDA:198,16,1,0
BRDA:214,17,0,0
BRDA:214,18,0,0
BRDA:214,18,1,0
BRDA:225,19,0,0
BRDA:237,20,0,0
BRDA:237,20,1,0
BRDA:243,21,0,0
BRDA:243,21,1,0
BRDA:263,22,0,0
BRDA:263,22,1,0
BRDA:266,23,0,0
BRDA:273,24,0,0
BRDA:285,25,0,0
BRDA:299,26,0,0
BRDA:305,27,0,0
BRDA:314,28,0,0
BRDA:320,29,0,0
BRDA:331,30,0,0
BRDA:331,30,1,0
BRDA:347,31,0,0
BRDA:347,31,1,0
BRDA:367,32,0,0
BRDA:367,32,1,0
BRDA:371,33,0,0
BRDA:376,34,0,0
BRDA:397,35,0,0
BRDA:397,35,1,0
BRDA:420,36,0,0
BRDA:420,36,1,0
BRF:53
BRH:0
end_of_record
TN:
SF:src/cli/commands/tasks.ts
FN:8,registerTasksCommand
FN:18,(anonymous_1)
FN:31,(anonymous_2)
FN:42,(anonymous_3)
FN:50,(anonymous_4)
FN:58,(anonymous_5)
FNF:6
FNH:0
FNDA:0,registerTasksCommand
FNDA:0,(anonymous_1)
FNDA:0,(anonymous_2)
FNDA:0,(anonymous_3)
FNDA:0,(anonymous_4)
FNDA:0,(anonymous_5)
DA:6,0
DA:8,0
DA:9,0
DA:13,0
DA:19,0
DA:20,0
DA:21,0
DA:22,0
DA:25,0
DA:32,0
DA:33,0
DA:34,0
DA:37,0
DA:43,0
DA:46,0
DA:51,0
DA:54,0
DA:59,0
DA:60,0
DA:61,0
LF:20
LH:0
BRDA:20,0,0,0
BRDA:21,1,0,0
BRF:2
BRH:0
end_of_record
TN:
SF:src/cli/commands/tests.ts
FN:8,registerTestsCommand
FN:19,(anonymous_1)
FN:31,(anonymous_2)
FN:43,(anonymous_3)
FN:52,(anonymous_4)
FNF:5
FNH:0
FNDA:0,registerTestsCommand
FNDA:0,(anonymous_1)
FNDA:0,(anonymous_2)
FNDA:0,(anonymous_3)
FNDA:0,(anonymous_4)
DA:6,0
DA:8,0
DA:9,0
DA:13,0
DA:20,0
DA:21,0
DA:22,0
DA:23,0
DA:24,0
DA:27,0
DA:32,0
DA:33,0
DA:34,0
DA:35,0
DA:36,0
DA:39,0
DA:44,0
DA:45,0
DA:48,0
DA:53,0
DA:54,0
DA:55,0
LF:22
LH:0
BRDA:21,0,0,0
BRDA:22,1,0,0
BRDA:23,2,0,0
BRDA:54,3,0,0
BRF:4
BRH:0
end_of_record
TN:
SF:src/concurrency/index.ts
FN:95,(anonymous_0)
FN:113,(anonymous_1)
FN:115,(anonymous_2)
FN:120,(anonymous_3)
FN:128,(anonymous_4)
FN:176,(anonymous_5)
FN:212,(anonymous_6)
FN:216,(anonymous_7)
FN:228,(anonymous_8)
FN:237,(anonymous_9)
FN:245,(anonymous_10)
FN:248,(anonymous_11)
FN:255,(anonymous_12)
FN:256,(anonymous_13)
FN:262,(anonymous_14)
FN:266,(anonymous_15)
FN:273,(anonymous_16)
FN:277,(anonymous_17)
FN:284,(anonymous_18)
FN:300,(anonymous_19)
FN:307,(anonymous_20)
FN:315,(anonymous_21)
FN:351,(anonymous_22)
FN:352,(anonymous_23)
FN:381,(anonymous_24)
FN:402,(anonymous_25)
FN:406,(anonymous_26)
FN:412,(anonymous_27)
FN:430,(anonymous_28)
FN:435,(anonymous_29)
FN:443,(anonymous_30)
FN:491,(anonymous_31)
FN:511,(anonymous_32)
FN:518,(anonymous_33)
FN:525,(anonymous_34)
FN:527,(anonymous_35)
FN:536,(anonymous_36)
FN:537,(anonymous_37)
FN:543,(anonymous_38)
FN:565,getConcurrencyManager
FN:572,createConcurrencyManager
FNF:41
FNH:0
FNDA:0,(anonymous_0)
FNDA:0,(anonymous_1)
FNDA:0,(anonymous_2)
FNDA:0,(anonymous_3)
FNDA:0,(anonymous_4)
FNDA:0,(anonymous_5)
FNDA:0,(anonymous_6)
FNDA:0,(anonymous_7)
FNDA:0,(anonymous_8)
FNDA:0,(anonymous_9)
FNDA:0,(anonymous_10)
FNDA:0,(anonymous_11)
FNDA:0,(anonymous_12)
FNDA:0,(anonymous_13)
FNDA:0,(anonymous_14)
FNDA:0,(anonymous_15)
FNDA:0,(anonymous_16)
FNDA:0,(anonymous_17)
FNDA:0,(anonymous_18)
FNDA:0,(anonymous_19)
FNDA:0,(anonymous_20)
FNDA:0,(anonymous_21)
FNDA:0,(anonymous_22)
FNDA:0,(anonymous_23)
FNDA:0,(anonymous_24)
FNDA:0,(anonymous_25)
FNDA:0,(anonymous_26)
FNDA:0,(anonymous_27)
FNDA:0,(anonymous_28)
FNDA:0,(anonymous_29)
FNDA:0,(anonymous_30)
FNDA:0,(anonymous_31)
FNDA:0,(anonymous_32)
FNDA:0,(anonymous_33)
FNDA:0,(anonymous_34)
FNDA:0,(anonymous_35)
FNDA:0,(anonymous_36)
FNDA:0,(anonymous_37)
FNDA:0,(anonymous_38)
FNDA:0,getConcurrencyManager
FNDA:0,createConcurrencyManager
DA:13,0
DA:76,0
DA:87,0
DA:88,0
DA:89,0
DA:90,0
DA:91,0
DA:92,0
DA:93,0
DA:96,0
DA:98,0
DA:107,0
DA:115,0
DA:116,0
DA:120,0
DA:121,0
DA:129,0
DA:130,0
DA:133,0
DA:134,0
DA:136,0
DA:138,0
DA:139,0
DA:140,0
DA:141,0
DA:143,0
DA:148,0
DA:149,0
DA:150,0
DA:155,0
DA:159,0
DA:160,0
DA:162,0
DA:169,0
DA:170,0
DA:177,0
DA:178,0
DA:179,0
DA:183,0
DA:184,0
DA:189,0
DA:192,0
DA:193,0
DA:195,0
DA:204,0
DA:206,0
DA:213,0
DA:214,0
DA:216,0
DA:217,0
DA:218,0
DA:222,0
DA:229,0
DA:230,0
DA:231,0
DA:238,0
DA:239,0
DA:246,0
DA:247,0
DA:248,0
DA:256,0
DA:263,0
DA:264,0
DA:266,0
DA:267,0
DA:271,0
DA:272,0
DA:273,0
DA:274,0
DA:275,0
DA:277,0
DA:278,0
DA:279,0
DA:283,0
DA:284,0
DA:287,0
DA:301,0
DA:302,0
DA:305,0
DA:307,0
DA:308,0
DA:312,0
DA:313,0
DA:315,0
DA:319,0
DA:320,0
DA:321,0
DA:324,0
DA:325,0
DA:328,0
DA:329,0
DA:330,0
DA:332,0
DA:333,0
DA:334,0
DA:335,0
DA:336,0
DA:340,0
DA:341,0
DA:344,0
DA:345,0
DA:346,0
DA:347,0
DA:350,0
DA:351,0
DA:352,0
DA:354,0
DA:355,0
DA:356,0
DA:357,0
DA:365,0
DA:375,0
DA:382,0
DA:383,0
DA:385,0
DA:386,0
DA:388,0
DA:396,0
DA:403,0
DA:404,0
DA:406,0
DA:407,0
DA:408,0
DA:412,0
DA:413,0
DA:414,0
DA:415,0
DA:421,0
DA:422,0
DA:431,0
DA:432,0
DA:433,0
DA:435,0
DA:436,0
DA:447,0
DA:449,0
DA:451,0
DA:454,0
DA:455,0
DA:457,0
DA:459,0
DA:460,0
DA:461,0
DA:464,0
DA:467,0
DA:468,0
DA:474,0
DA:478,0
DA:485,0
DA:492,0
DA:497,0
DA:512,0
DA:519,0
DA:526,0
DA:527,0
DA:528,0
DA:530,0
DA:537,0
DA:544,0
DA:545,0
DA:547,0
DA:548,0
DA:552,0
DA:553,0
DA:554,0
DA:556,0
DA:563,0
DA:565,0
DA:566,0
DA:567,0
DA:569,0
DA:572,0
DA:573,0
LF:173
LH:0
BRDA:95,0,0,0
BRDA:99,1,0,0
BRDA:99,1,1,0
BRDA:100,2,0,0
BRDA:100,2,1,0
BRDA:101,3,0,0
BRDA:101,3,1,0
BRDA:102,4,0,0
BRDA:102,4,1,0
BRDA:103,5,0,0
BRDA:103,5,1,0
BRDA:104,6,0,0
BRDA:104,6,1,0
BRDA:134,7,0,0
BRDA:136,8,0,0
BRDA:139,9,0,0
BRDA:149,10,0,0
BRDA:178,11,0,0
BRDA:183,12,0,0
BRDA:217,13,0,0
BRDA:231,14,0,0
BRDA:231,14,1,0
BRDA:239,15,0,0
BRDA:239,15,1,0
BRDA:267,16,0,0
BRDA:267,16,1,0
BRDA:275,17,0,0
BRDA:275,17,1,0
BRDA:278,18,0,0
BRDA:283,19,0,0
BRDA:283,19,1,0
BRDA:302,20,0,0
BRDA:319,21,0,0
BRDA:324,22,0,0
BRDA:332,23,0,0
BRDA:332,23,1,0
BRDA:335,24,0,0
BRDA:346,25,0,0
BRDA:354,26,0,0
BRDA:356,27,0,0
BRDA:383,28,0,0
BRDA:407,29,0,0
BRDA:414,30,0,0
BRDA:432,31,0,0
BRDA:432,31,1,0
BRDA:457,32,0,0
BRDA:457,33,0,0
BRDA:457,33,1,0
BRDA:467,34,0,0
BRDA:493,35,0,0
BRDA:493,35,1,0
BRDA:544,36,0,0
BRDA:547,37,0,0
BRDA:566,38,0,0
BRF:54
BRH:0
end_of_record
TN:
SF:src/concurrency/retry.ts
FN:88,retry
FN:157,(anonymous_1)
FN:172,(anonymous_2)
FN:228,(anonymous_3)
FN:235,(anonymous_4)
FN:244,(anonymous_5)
FN:255,(anonymous_6)
FN:270,(anonymous_7)
FN:289,(anonymous_8)
FN:312,(anonymous_9)
FN:314,(anonymous_10)
FN:320,(anonymous_11)
FN:322,(anonymous_12)
FN:335,(anonymous_13)
FN:343,(anonymous_14)
FN:348,(anonymous_15)
FN:349,(anonymous_16)
FN:363,(anonymous_17)
FN:379,(anonymous_18)
FN:391,(anonymous_19)
FN:409,isRetryable
FN:440,calculateDelay
FN:449,sleep
FN:450,(anonymous_23)
FN:458,getDefaultCircuitBreaker
FNF:25
FNH:0
FNDA:0,retry
FNDA:0,(anonymous_1)
FNDA:0,(anonymous_2)
FNDA:0,(anonymous_3)
FNDA:0,(anonymous_4)
FNDA:0,(anonymous_5)
FNDA:0,(anonymous_6)
FNDA:0,(anonymous_7)
FNDA:0,(anonymous_8)
FNDA:0,(anonymous_9)
FNDA:0,(anonymous_10)
FNDA:0,(anonymous_11)
FNDA:0,(anonymous_12)
FNDA:0,(anonymous_13)
FNDA:0,(anonymous_14)
FNDA:0,(anonymous_15)
FNDA:0,(anonymous_16)
FNDA:0,(anonymous_17)
FNDA:0,(anonymous_18)
FNDA:0,(anonymous_19)
FNDA:0,isRetryable
FNDA:0,calculateDelay
FNDA:0,sleep
FNDA:0,(anonymous_23)
FNDA:0,getDefaultCircuitBreaker
DA:13,0
DA:68,0
DA:78,0
DA:88,0
DA:92,0
DA:93,0
DA:94,0
DA:97,0
DA:98,0
DA:100,0
DA:101,0
DA:102,0
DA:110,0
DA:113,0
DA:114,0
DA:124,0
DA:125,0
DA:135,0
DA:136,0
DA:140,0
DA:152,0
DA:155,0
DA:158,0
DA:159,0
DA:160,0
DA:176,0
DA:177,0
DA:178,0
DA:187,0
DA:188,0
DA:189,0
DA:193,0
DA:194,0
DA:195,0
DA:196,0
DA:205,0
DA:206,0
DA:207,0
DA:208,0
DA:215,0
DA:216,0
DA:229,0
DA:236,0
DA:237,0
DA:238,0
DA:245,0
DA:246,0
DA:247,0
DA:248,0
DA:249,0
DA:256,0
DA:263,0
DA:264,0
DA:271,0
DA:272,0
DA:274,0
DA:275,0
DA:276,0
DA:277,0
DA:278,0
DA:279,0
DA:283,0
DA:290,0
DA:291,0
DA:292,0
DA:294,0
DA:295,0
DA:296,0
DA:297,0
DA:298,0
DA:300,0
DA:301,0
DA:302,0
DA:303,0
DA:306,0
DA:313,0
DA:314,0
DA:321,0
DA:322,0
DA:329,0
DA:331,0
DA:332,0
DA:333,0
DA:336,0
DA:337,0
DA:344,0
DA:345,0
DA:348,0
DA:349,0
DA:350,0
DA:351,0
DA:352,0
DA:354,0
DA:364,0
DA:365,0
DA:367,0
DA:368,0
DA:370,0
DA:371,0
DA:372,0
DA:380,0
DA:381,0
DA:382,0
DA:383,0
DA:397,0
DA:410,0
DA:411,0
DA:414,0
DA:417,0
DA:418,0
DA:419,0
DA:423,0
DA:424,0
DA:425,0
DA:429,0
DA:430,0
DA:431,0
DA:434,0
DA:441,0
DA:442,0
DA:443,0
DA:450,0
DA:456,0
DA:458,0
DA:459,0
DA:460,0
DA:462,0
LF:127
LH:0
BRDA:113,0,0,0
BRDA:124,1,0,0
BRDA:176,2,0,0
BRDA:177,3,0,0
BRDA:177,4,0,0
BRDA:177,4,1,0
BRDA:193,5,0,0
BRDA:195,6,0,0
BRDA:274,7,0,0
BRDA:275,8,0,0
BRDA:294,9,0,0
BRDA:294,9,1,0
BRDA:295,10,0,0
BRDA:300,11,0,0
BRDA:335,12,0,0
BRDA:344,13,0,0
BRDA:380,14,0,0
BRDA:380,15,0,0
BRDA:380,15,1,0
BRDA:382,16,0,0
BRDA:410,17,0,0
BRDA:410,18,0,0
BRDA:410,18,1,0
BRDA:418,19,0,0
BRDA:418,20,0,0
BRDA:418,20,1,0
BRDA:424,21,0,0
BRDA:424,22,0,0
BRDA:424,22,1,0
BRDA:429,23,0,0
BRDA:429,23,1,0
BRDA:430,24,0,0
BRDA:430,25,0,0
BRDA:430,25,1,0
BRDA:459,26,0,0
BRF:35
BRH:0
end_of_record
TN:
SF:src/context/analyze.ts
FN:43,getCacheKey
FN:50,getCachedAnalysis
FN:77,setCachedAnalysis
FN:93,clearAnalysisCache
FN:106,analyzeContext
FN:127,(anonymous_14)
FN:128,(anonymous_15)
FN:129,(anonymous_16)
FN:130,(anonymous_17)
FN:174,createContextFile
FN:200,generateRecommendations
FN:210,(anonymous_20)
FN:213,(anonymous_21)
FN:215,(anonymous_22)
FN:221,(anonymous_23)
FN:228,(anonymous_24)
FN:231,(anonymous_25)
FN:237,(anonymous_26)
FN:244,(anonymous_27)
FN:251,(anonymous_28)
FN:257,(anonymous_29)
FN:263,(anonymous_30)
FN:273,(anonymous_31)
FN:275,(anonymous_32)
FN:281,(anonymous_33)
FN:323,groupByDirectory
FN:340,formatAnalysisAsJson
FN:347,formatAnalysisAsString
FN:364,(anonymous_37)
FN:381,formatBytes
FNF:30
FNH:0
FNDA:0,getCacheKey
FNDA:0,getCachedAnalysis
FNDA:0,setCachedAnalysis
FNDA:0,clearAnalysisCache
FNDA:0,analyzeContext
FNDA:0,(anonymous_14)
FNDA:0,(anonymous_15)
FNDA:0,(anonymous_16)
FNDA:0,(anonymous_17)
FNDA:0,createContextFile
FNDA:0,generateRecommendations
FNDA:0,(anonymous_20)
FNDA:0,(anonymous_21)
FNDA:0,(anonymous_22)
FNDA:0,(anonymous_23)
FNDA:0,(anonymous_24)
FNDA:0,(anonymous_25)
FNDA:0,(anonymous_26)
FNDA:0,(anonymous_27)
FNDA:0,(anonymous_28)
FNDA:0,(anonymous_29)
FNDA:0,(anonymous_30)
FNDA:0,(anonymous_31)
FNDA:0,(anonymous_32)
FNDA:0,(anonymous_33)
FNDA:0,groupByDirectory
FNDA:0,formatAnalysisAsJson
FNDA:0,formatAnalysisAsString
FNDA:0,(anonymous_37)
FNDA:0,formatBytes
DA:6,0
DA:7,0
DA:9,0
DA:10,0
DA:38,0
DA:44,0
DA:50,0
DA:51,0
DA:52,0
DA:53,0
DA:55,0
DA:57,0
DA:58,0
DA:61,0
DA:63,0
DA:64,0
DA:65,0
DA:68,0
DA:70,0
DA:78,0
DA:79,0
DA:80,0
DA:84,0
DA:93,0
DA:94,0
DA:95,0
DA:96,0
DA:97,0
DA:106,0
DA:115,0
DA:116,0
DA:117,0
DA:118,0
DA:122,0
DA:123,0
DA:126,0
DA:127,0
DA:128,0
DA:129,0
DA:130,0
DA:134,0
DA:135,0
DA:136,0
DA:139,0
DA:147,0
DA:154,0
DA:166,0
DA:168,0
DA:175,0
DA:178,0
DA:179,0
DA:180,0
DA:181,0
DA:182,0
DA:188,0
DA:206,0
DA:207,0
DA:210,0
DA:213,0
DA:214,0
DA:215,0
DA:216,0
DA:217,0
DA:221,0
DA:226,0
DA:227,0
DA:228,0
DA:230,0
DA:231,0
DA:232,0
DA:233,0
DA:237,0
DA:242,0
DA:243,0
DA:245,0
DA:250,0
DA:251,0
DA:252,0
DA:253,0
DA:257,0
DA:263,0
DA:264,0
DA:265,0
DA:273,0
DA:274,0
DA:275,0
DA:276,0
DA:277,0
DA:281,0
DA:286,0
DA:287,0
DA:288,0
DA:289,0
DA:294,0
DA:299,0
DA:300,0
DA:301,0
DA:309,0
DA:310,0
DA:317,0
DA:324,0
DA:326,0
DA:327,0
DA:328,0
DA:329,0
DA:331,0
DA:334,0
DA:340,0
DA:341,0
DA:347,0
DA:348,0
DA:350,0
DA:351,0
DA:352,0
[...]
BRDA:285,51,0,0
BRDA:308,52,0,0
BRDA:308,52,1,0
BRDA:328,53,0,0
BRDA:328,53,1,0
BRDA:337,54,0,0
BRDA:355,55,0,0
BRDA:355,55,1,0
BRDA:355,55,2,0
BRDA:355,55,3,0
BRDA:355,55,4,0
BRDA:355,55,5,0
BRDA:387,56,0,0
BRDA:388,57,0,0
BRDA:392,58,0,0
BRDA:392,58,1,0
BRDA:393,59,0,0
BRDA:393,59,1,0
BRDA:403,60,0,0
BRDA:404,61,0,0
BRDA:404,61,1,0
BRDA:407,62,0,0
BRDA:407,63,0,0
BRDA:407,63,1,0
BRDA:410,64,0,0
BRDA:410,64,1,0
BRDA:419,65,0,0
BRDA:419,66,0,0
BRDA:419,66,1,0
BRDA:424,67,0,0
BRDA:443,68,0,0
BRDA:444,69,0,0
BRDA:459,70,0,0
BRDA:459,71,0,0
BRDA:459,71,1,0
BRDA:462,72,0,0
BRDA:462,72,1,0
BRDA:469,73,0,0
BRDA:488,74,0,0
BRDA:501,75,0,0
BRDA:501,76,0,0
BRDA:501,76,1,0
BRDA:504,77,0,0
BRDA:504,77,1,0
BRDA:504,78,0,0
BRDA:504,78,1,0
BRDA:511,79,0,0
BRDA:511,80,0,0
BRDA:511,80,1,0
BRDA:530,81,0,0
BRDA:543,82,0,0
BRDA:543,83,0,0
BRDA:543,83,1,0
BRDA:546,84,0,0
BRDA:546,84,1,0
BRDA:546,85,0,0
BRDA:546,85,1,0
BRDA:553,86,0,0
BRDA:553,87,0,0
BRDA:553,87,1,0
BRDA:574,88,0,0
BRDA:574,88,1,0
BRDA:574,88,2,0
BRDA:574,88,3,0
BRDA:662,89,0,0
BRF:143
BRH:0
end_of_record
TN:
SF:src/testing/templates.ts
FN:293,getTemplates
FN:297,(anonymous_10)
FN:303,getTemplate
FN:305,(anonymous_12)
FN:311,listTemplateNames
FN:312,(anonymous_14)
FN:318,generateTest
FN:341,(anonymous_16)
FN:379,generateTestSuite
FNF:9
FNH:0
FNDA:0,getTemplates
FNDA:0,(anonymous_10)
FNDA:0,getTemplate
FNDA:0,(anonymous_12)
FNDA:0,listTemplateNames
FNDA:0,(anonymous_14)
FNDA:0,generateTest
FNDA:0,(anonymous_16)
FNDA:0,generateTestSuite
DA:7,0
DA:8,0
DA:35,0
DA:293,0
DA:294,0
DA:295,0
DA:297,0
DA:303,0
DA:304,0
DA:305,0
DA:311,0
DA:312,0
DA:318,0
DA:324,0
DA:325,0
DA:327,0
DA:328,0
DA:334,0
DA:335,0
DA:338,0
DA:339,0
DA:341,0
DA:345,0
DA:349,0
DA:352,0
DA:359,0
DA:361,0
DA:362,0
DA:365,0
DA:367,0
DA:369,0
DA:379,0
DA:382,0
DA:388,0
DA:390,0
DA:391,0
DA:394,0
LF:37
LH:0
BRDA:294,0,0,0
BRDA:324,1,0,0
BRDA:324,1,1,0
BRDA:327,2,0,0
BRDA:335,3,0,0
BRDA:335,3,1,0
BRDA:361,4,0,0
BRDA:390,5,0,0
BRF:8
BRH:0
end_of_record
TN:
SF:src/testing/cli/commands/tests.ts
FN:34,getDefaultPatterns
FN:50,formatTestSummary
FN:66,findAndParseCoverage
FN:78,listTestTemplates
FN:96,generateTestTemplate
FN:206,testsCommand
FN:221,(anonymous_15)
FN:222,(anonymous_16)
FN:253,(anonymous_17)
FN:269,(anonymous_18)
FN:302,(anonymous_19)
FN:364,(anonymous_20)
FN:392,(anonymous_21)
FN:442,(anonymous_22)
FNF:14
FNH:0
FNDA:0,getDefaultPatterns
FNDA:0,formatTestSummary
FNDA:0,findAndParseCoverage
FNDA:0,listTestTemplates
FNDA:0,generateTestTemplate
FNDA:0,testsCommand
FNDA:0,(anonymous_15)
FNDA:0,(anonymous_16)
FNDA:0,(anonymous_17)
FNDA:0,(anonymous_18)
FNDA:0,(anonymous_19)
FNDA:0,(anonymous_20)
FNDA:0,(anonymous_21)
FNDA:0,(anonymous_22)
DA:12,0
DA:14,0
DA:16,0
DA:17,0
DA:18,0
DA:23,0
DA:34,0
DA:35,0
DA:44,0
DA:50,0
DA:51,0
DA:52,0
DA:53,0
DA:54,0
DA:55,0
DA:56,0
DA:57,0
DA:58,0
DA:60,0
DA:67,0
DA:68,0
DA:69,0
DA:71,0
DA:78,0
DA:79,0
DA:96,0
DA:102,0
DA:193,0
DA:194,0
DA:196,0
DA:197,0
DA:200,0
DA:206,0
DA:207,0
DA:209,0
DA:214,0
DA:221,0
DA:230,0
DA:231,0
DA:232,0
DA:233,0
DA:236,0
DA:237,0
DA:238,0
DA:241,0
DA:244,0
DA:245,0
DA:248,0
DA:249,0
DA:250,0
DA:252,0
DA:253,0
DA:256,0
DA:259,0
DA:266,0
DA:269,0
DA:270,0
DA:282,0
DA:285,0
DA:286,0
DA:290,0
DA:291,0
DA:296,0
DA:307,0
DA:308,0
DA:310,0
DA:311,0
DA:312,0
DA:313,0
DA:314,0
DA:315,0
DA:317,0
DA:320,0
DA:321,0
DA:324,0
DA:325,0
DA:326,0
DA:328,0
DA:329,0
DA:330,0
DA:331,0
DA:332,0
DA:334,0
DA:341,0
DA:342,0
DA:345,0
DA:346,0
DA:347,0
DA:350,0
DA:353,0
DA:354,0
DA:359,0
DA:365,0
DA:366,0
DA:367,0
DA:368,0
DA:371,0
DA:372,0
DA:373,0
DA:374,0
DA:375,0
DA:381,0
DA:382,0
DA:387,0
DA:393,0
DA:394,0
DA:395,0
DA:396,0
DA:399,0
DA:401,0
DA:402,0
DA:404,0
DA:406,0
DA:407,0
DA:408,0
DA:409,0
DA:412,0
DA:414,0
DA:415,0
DA:417,0
DA:418,0
DA:420,0
DA:421,0
DA:423,0
DA:424,0
DA:425,0
DA:427,0
DA:432,0
DA:433,0
DA:438,0
DA:443,0
DA:444,0
DA:445,0
DA:447,0
DA:448,0
DA:451,0
DA:453,0
DA:454,0
DA:456,0
DA:458,0
DA:459,0
DA:461,0
DA:462,0
DA:466,0
DA:469,0
DA:470,0
DA:474,0
DA:477,0
LF:148
LH:0
BRDA:44,0,0,0
BRDA:44,0,1,0
BRDA:54,1,0,0
BRDA:54,1,1,0
BRDA:55,2,0,0
BRDA:55,2,1,0
BRDA:56,3,0,0
BRDA:56,3,1,0
BRDA:57,4,0,0
BRDA:57,4,1,0
BRDA:58,5,0,0
BRDA:58,5,1,0
BRDA:68,6,0,0
BRDA:68,6,1,0
BRDA:69,7,0,0
BRDA:69,7,1,0
BRDA:193,8,0,0
BRDA:193,8,1,0
BRDA:196,9,0,0
BRDA:232,10,0,0
BRDA:245,11,0,0
BRDA:245,11,1,0
BRDA:245,11,2,0
BRDA:249,12,0,0
BRDA:249,12,1,0
BRDA:260,13,0,0
BRDA:260,13,1,0
BRDA:276,14,0,0
BRDA:276,14,1,0
BRDA:277,15,0,0
BRDA:277,15,1,0
BRDA:278,16,0,0
BRDA:278,16,1,0
BRDA:285,17,0,0
BRDA:310,18,0,0
BRDA:320,19,0,0
BRDA:326,20,0,0
BRDA:326,20,1,0
BRDA:329,21,0,0
BRDA:329,21,1,0
BRDA:341,22,0,0
BRDA:367,23,0,0
BRDA:395,24,0,0
BRDA:406,25,0,0
BRDA:414,26,0,0
BRDA:420,27,0,0
BRDA:420,27,1,0
BRDA:445,28,0,0
BRDA:445,28,1,0
BRDA:447,29,0,0
BRDA:453,30,0,0
BRDA:453,30,1,0
BRDA:458,31,0,0
BRDA:458,31,1,0
BRF:54
BRH:0
end_of_record
TN:
SF:src/utils/cache.ts
FN:51,(anonymous_0)
FN:63,(anonymous_1)
FN:93,(anonymous_2)
FN:123,(anonymous_3)
FN:147,(anonymous_4)
FN:156,(anonymous_5)
FN:163,(anonymous_6)
FN:178,(anonymous_7)
FN:187,(anonymous_8)
FN:202,(anonymous_9)
FN:212,(anonymous_10)
FN:236,(anonymous_11)
FN:238,(anonymous_12)
FN:239,(anonymous_13)
FN:247,memoize
FN:252,(anonymous_15)
FN:254,(anonymous_16)
FNF:17
FNH:0
FNDA:0,(anonymous_0)
FNDA:0,(anonymous_1)
FNDA:0,(anonymous_2)
FNDA:0,(anonymous_3)
FNDA:0,(anonymous_4)
FNDA:0,(anonymous_5)
FNDA:0,(anonymous_6)
FNDA:0,(anonymous_7)
FNDA:0,(anonymous_8)
FNDA:0,(anonymous_9)
FNDA:0,(anonymous_10)
FNDA:0,(anonymous_11)
FNDA:0,(anonymous_12)
FNDA:0,(anonymous_13)
FNDA:0,memoize
FNDA:0,(anonymous_15)
FNDA:0,(anonymous_16)
DA:38,0
DA:45,0
DA:46,0
DA:47,0
DA:48,0
DA:49,0
DA:53,0
DA:54,0
DA:55,0
DA:56,0
DA:64,0
DA:66,0
DA:67,0
DA:68,0
DA:72,0
DA:73,0
DA:74,0
DA:75,0
DA:76,0
DA:80,0
DA:81,0
DA:82,0
DA:84,0
DA:86,0
DA:94,0
DA:95,0
DA:97,0
DA:98,0
DA:99,0
DA:100,0
DA:101,0
DA:102,0
DA:104,0
DA:105,0
DA:110,0
DA:111,0
DA:112,0
DA:113,0
DA:116,0
DA:125,0
DA:126,0
DA:127,0
DA:131,0
DA:132,0
DA:133,0
DA:134,0
DA:135,0
DA:139,0
DA:140,0
DA:148,0
DA:149,0
DA:157,0
DA:164,0
DA:165,0
DA:167,0
DA:168,0
DA:169,0
DA:172,0
DA:179,0
DA:180,0
DA:188,0
DA:189,0
DA:203,0
DA:204,0
DA:205,0
DA:213,0
DA:216,0
DA:217,0
DA:220,0
DA:221,0
DA:223,0
DA:224,0
DA:225,0
DA:226,0
DA:230,0
DA:237,0
DA:238,0
DA:239,0
DA:247,0
DA:251,0
DA:252,0
DA:254,0
DA:255,0
DA:256,0
DA:258,0
DA:259,0
DA:262,0
DA:263,0
DA:264,0
DA:268,0
LF:90
LH:0
BRDA:51,0,0,0
BRDA:53,1,0,0
BRDA:53,1,1,0
BRDA:55,2,0,0
BRDA:55,2,1,0
BRDA:56,3,0,0
BRDA:56,3,1,0
BRDA:66,4,0,0
BRDA:67,5,0,0
BRDA:73,6,0,0
BRDA:75,7,0,0
BRDA:84,8,0,0
BRDA:99,9,0,0
BRDA:99,9,1,0
BRDA:99,10,0,0
BRDA:99,10,1,0
BRDA:102,11,0,0
BRDA:104,12,0,0
BRDA:105,13,0,0
BRDA:126,14,0,0
BRDA:131,15,0,0
BRDA:133,16,0,0
BRDA:135,17,0,0
BRDA:139,18,0,0
BRDA:139,18,1,0
BRDA:165,19,0,0
BRDA:167,20,0,0
BRDA:194,21,0,0
BRDA:194,21,1,0
BRDA:216,22,0,0
BRDA:224,23,0,0
BRDA:236,24,0,0
BRDA:249,25,0,0
BRDA:252,26,0,0
BRDA:252,26,1,0
BRDA:258,27,0,0
BRF:36
BRH:0
end_of_record
TN:
SF:src/utils/cli-state.ts
FN:50,ensureStateDir
FN:59,loadState
FN:77,saveState
FN:95,getOpenClawState
FN:103,setOpenClawState
FN:110,clearOpenClawState
FN:119,isOpenClawConnected
FN:127,isOpenClawMockMode
FN:135,getStateFilePath
FN:142,resetState
FN:159,getMockSessions
FN:167,setMockSession
FN:170,(anonymous_21)
FN:184,removeMockSession
FN:187,(anonymous_23)
FNF:15
FNH:0
FNDA:0,ensureStateDir
FNDA:0,loadState
FNDA:0,saveState
FNDA:0,getOpenClawState
FNDA:0,setOpenClawState
FNDA:0,clearOpenClawState
FNDA:0,isOpenClawConnected
FNDA:0,isOpenClawMockMode
FNDA:0,getStateFilePath
FNDA:0,resetState
FNDA:0,getMockSessions
FNDA:0,setMockSession
FNDA:0,(anonymous_21)
FNDA:0,removeMockSession
FNDA:0,(anonymous_23)
DA:8,0
DA:9,0
DA:10,0
DA:13,0
DA:14,0
DA:42,0
DA:51,0
DA:52,0
DA:59,0
DA:60,0
DA:61,0
DA:62,0
DA:63,0
DA:64,0
DA:66,0
DA:69,0
DA:71,0
DA:77,0
DA:78,0
DA:79,0
DA:80,0
DA:81,0
DA:86,0
DA:88,0
DA:95,0
DA:96,0
DA:97,0
DA:103,0
DA:104,0
DA:110,0
DA:111,0
DA:112,0
DA:113,0
DA:119,0
DA:120,0
DA:121,0
DA:127,0
DA:128,0
DA:129,0
DA:135,0
DA:136,0
DA:142,0
DA:143,0
DA:144,0
DA:145,0
DA:148,0
DA:159,0
DA:160,0
DA:161,0
DA:167,0
DA:168,0
DA:169,0
DA:170,0
DA:172,0
DA:173,0
DA:175,0
DA:178,0
DA:184,0
DA:185,0
DA:186,0
DA:187,0
DA:188,0
DA:192,0
LF:63
LH:0
BRDA:51,0,0,0
BRDA:62,1,0,0
BRDA:144,2,0,0
BRDA:161,3,0,0
BRDA:161,3,1,0
BRDA:169,4,0,0
BRDA:169,4,1,0
BRDA:172,5,0,0
BRDA:172,5,1,0
BRDA:186,6,0,0
BRF:10
BRH:0
end_of_record
TN:
SF:src/utils/index.ts
FN:8,(anonymous_0)
FN:8,(anonymous_1)
FN:8,(anonymous_2)
FN:8,(anonymous_3)
FN:12,(anonymous_4)
FN:12,(anonymous_5)
FN:17,(anonymous_6)
FN:18,(anonymous_7)
FN:19,(anonymous_8)
FN:20,(anonymous_9)
FN:21,(anonymous_10)
FN:22,(anonymous_11)
FN:23,(anonymous_12)
FN:24,(anonymous_13)
FN:25,(anonymous_14)
FNF:15
FNH:0
FNDA:0,(anonymous_0)
FNDA:0,(anonymous_1)
FNDA:0,(anonymous_2)
FNDA:0,(anonymous_3)
FNDA:0,(anonymous_4)
FNDA:0,(anonymous_5)
FNDA:0,(anonymous_6)
FNDA:0,(anonymous_7)
FNDA:0,(anonymous_8)
FNDA:0,(anonymous_9)
FNDA:0,(anonymous_10)
FNDA:0,(anonymous_11)
FNDA:0,(anonymous_12)
FNDA:0,(anonymous_13)
FNDA:0,(anonymous_14)
DA:8,0
DA:12,0
DA:16,0
DA:17,0
DA:18,0
DA:19,0
DA:20,0
DA:21,0
DA:22,0
DA:23,0
DA:24,0
DA:25,0
LF:12
LH:0
BRF:0
BRH:0
end_of_record
TN:
SF:src/utils/logger.ts
FN:11,(anonymous_9)
FN:37,(anonymous_10)
FN:55,(anonymous_11)
FN:68,(anonymous_12)
FN:75,(anonymous_13)
FN:88,(anonymous_14)
FN:95,(anonymous_15)
FN:102,(anonymous_16)
FN:120,(anonymous_17)
FN:142,(anonymous_18)
FN:173,(anonymous_19)
FN:199,(anonymous_20)
FN:225,(anonymous_21)
FN:251,(anonymous_22)
FN:274,(anonymous_23)
FNF:15
FNH:0
FNDA:0,(anonymous_9)
FNDA:0,(anonymous_10)
FNDA:0,(anonymous_11)
FNDA:0,(anonymous_12)
FNDA:0,(anonymous_13)
FNDA:0,(anonymous_14)
FNDA:0,(anonymous_15)
FNDA:0,(anonymous_16)
FNDA:0,(anonymous_17)
FNDA:0,(anonymous_18)
FNDA:0,(anonymous_19)
FNDA:0,(anonymous_20)
FNDA:0,(anonymous_21)
FNDA:0,(anonymous_22)
FNDA:0,(anonymous_23)
DA:8,0
DA:9,0
DA:11,0
DA:12,0
DA:13,0
DA:14,0
DA:15,0
DA:31,0
DA:32,0
DA:33,0
DA:39,0
DA:40,0
DA:41,0
DA:44,0
DA:45,0
DA:49,0
DA:56,0
DA:62,0
DA:69,0
DA:76,0
DA:82,0
DA:89,0
DA:96,0
DA:108,0
DA:121,0
DA:122,0
DA:125,0
DA:126,0
DA:127,0
DA:129,0
DA:131,0
DA:132,0
DA:133,0
DA:136,0
DA:143,0
DA:146,0
DA:148,0
DA:149,0
DA:151,0
DA:152,0
DA:154,0
DA:155,0
DA:157,0
DA:158,0
DA:162,0
DA:163,0
DA:174,0
DA:179,0
DA:180,0
DA:181,0
DA:182,0
DA:184,0
DA:185,0
DA:186,0
DA:189,0
DA:190,0
DA:200,0
DA:205,0
DA:206,0
DA:207,0
DA:208,0
DA:210,0
DA:211,0
DA:212,0
DA:215,0
DA:216,0
DA:226,0
DA:231,0
DA:232,0
DA:233,0
DA:234,0
DA:236,0
DA:237,0
DA:238,0
DA:241,0
DA:242,0
DA:252,0
DA:257,0
DA:258,0
DA:259,0
DA:260,0
DA:262,0
DA:263,0
DA:264,0
DA:267,0
DA:268,0
DA:275,0
DA:276,0
DA:282,0
LF:89
LH:0
BRDA:11,0,0,0
BRDA:11,0,1,0
BRDA:39,1,0,0
BRDA:39,1,1,0
BRDA:40,2,0,0
BRDA:40,2,1,0
BRDA:44,3,0,0
BRDA:121,4,0,0
BRDA:131,5,0,0
BRDA:131,6,0,0
BRDA:131,6,1,0
BRDA:146,7,0,0
BRDA:146,7,1,0
BRDA:146,7,2,0
BRDA:146,7,3,0
BRDA:162,8,0,0
BRDA:174,9,0,0
BRDA:179,10,0,0
BRDA:179,10,1,0
BRDA:200,11,0,0
BRDA:205,12,0,0
BRDA:205,12,1,0
BRDA:226,13,0,0
BRDA:231,14,0,0
BRDA:231,14,1,0
BRDA:252,15,0,0
BRDA:257,16,0,0
BRDA:257,16,1,0
BRDA:275,17,0,0
BRF:29
BRH:0
end_of_record
TN:
SF:src/validation/index.ts
FN:26,(anonymous_4)
FN:35,(anonymous_5)
FN:45,(anonymous_6)
FN:58,validate
FN:61,(anonymous_8)
FN:70,validatePartial
FN:82,validateSafe
FN:89,(anonymous_11)
FN:100,formatZodError
FN:102,(anonymous_13)
FN:106,formatValidationErrors
FN:107,(anonymous_15)
FN:110,formatValidationErrorsObject
FN:124,validateRequest
FN:125,(anonymous_18)
FN:144,validateParams
FN:145,(anonymous_20)
FN:164,validateQuery
FN:165,(anonymous_22)
FN:210,(anonymous_23)
FN:219,(anonymous_24)
FN:228,(anonymous_25)
FN:229,(anonymous_26)
FN:230,(anonymous_27)
FN:235,(anonymous_28)
FN:236,(anonymous_29)
FN:239,coerceArray
FN:242,(anonymous_31)
FN:250,(anonymous_32)
FN:251,(anonymous_33)
FN:252,(anonymous_34)
FN:253,(anonymous_35)
FN:254,(anonymous_36)
FN:255,(anonymous_37)
FN:256,(anonymous_38)
FN:257,(anonymous_39)
FN:263,validateCliArgs
FN:281,validateCliArgsResult
FNF:38
FNH:0
FNDA:0,(anonymous_4)
FNDA:0,(anonymous_5)
FNDA:0,(anonymous_6)
FNDA:0,validate
FNDA:0,(anonymous_8)
FNDA:0,validatePartial
FNDA:0,validateSafe
FNDA:0,(anonymous_11)
FNDA:0,formatZodError
FNDA:0,(anonymous_13)
FNDA:0,formatValidationErrors
FNDA:0,(anonymous_15)
FNDA:0,formatValidationErrorsObject
FNDA:0,validateRequest
FNDA:0,(anonymous_18)
FNDA:0,validateParams
FNDA:0,(anonymous_20)
FNDA:0,validateQuery
FNDA:0,(anonymous_22)
FNDA:0,(anonymous_23)
FNDA:0,(anonymous_24)
FNDA:0,(anonymous_25)
FNDA:0,(anonymous_26)
FNDA:0,(anonymous_27)
FNDA:0,(anonymous_28)
FNDA:0,(anonymous_29)
FNDA:0,coerceArray
FNDA:0,(anonymous_31)
FNDA:0,(anonymous_32)
FNDA:0,(anonymous_33)
FNDA:0,(anonymous_34)
FNDA:0,(anonymous_35)
FNDA:0,(anonymous_36)
FNDA:0,(anonymous_37)
FNDA:0,(anonymous_38)
FNDA:0,(anonymous_39)
FNDA:0,validateCliArgs
FNDA:0,validateCliArgsResult
DA:1,0
DA:3,0
DA:25,0
DA:28,0
DA:29,0
DA:31,0
DA:32,0
DA:36,0
DA:44,0
DA:46,0
DA:47,0
DA:49,0
DA:50,0
DA:58,0
DA:59,0
DA:60,0
DA:61,0
DA:65,0
DA:67,0
DA:70,0
DA:74,0
DA:75,0
DA:82,0
DA:83,0
DA:84,0
DA:85,0
DA:87,0
DA:89,0
DA:100,0
DA:101,0
DA:102,0
DA:106,0
DA:107,0
DA:110,0
DA:113,0
DA:114,0
DA:115,0
DA:117,0
DA:124,0
DA:125,0
DA:126,0
DA:127,0
DA:128,0
DA:129,0
DA:131,0
DA:132,0
DA:137,0
DA:139,0
DA:144,0
DA:145,0
DA:146,0
DA:147,0
DA:148,0
DA:149,0
DA:151,0
DA:152,0
DA:157,0
DA:159,0
DA:164,0
DA:165,0
DA:166,0
DA:168,0
DA:169,0
DA:170,0
DA:172,0
DA:173,0
DA:174,0
DA:175,0
DA:176,0
DA:177,0
DA:178,0
DA:180,0
DA:183,0
DA:187,0
DA:188,0
DA:189,0
DA:191,0
DA:192,0
DA:197,0
DA:199,0
DA:208,0
DA:211,0
DA:212,0
DA:213,0
DA:217,0
DA:220,0
DA:221,0
DA:222,0
DA:226,0
DA:228,0
DA:229,0
DA:230,0
DA:233,0
DA:235,0
DA:236,0
DA:239,0
DA:240,0
DA:242,0
DA:250,0
DA:251,0
DA:252,0
DA:253,0
DA:254,0
DA:255,0
DA:256,0
DA:257,0
DA:263,0
DA:264,0
DA:265,0
DA:266,0
DA:267,0
DA:268,0
DA:269,0
DA:270,0
DA:273,0
DA:274,0
DA:276,0
DA:278,0
DA:281,0
DA:284,0
DA:285,0
DA:286,0
DA:287,0
DA:292,0
DA:299,0
LF:125
LH:0
BRDA:29,0,0,0
BRDA:60,1,0,0
BRDA:84,2,0,0
BRDA:131,3,0,0
BRDA:151,4,0,0
BRDA:170,5,0,0
BRDA:170,5,1,0
BRDA:173,6,0,0
BRDA:173,6,1,0
BRDA:173,7,0,0
BRDA:173,7,1,0
BRDA:175,8,0,0
BRDA:175,8,1,0
BRDA:177,9,0,0
BRDA:177,9,1,0
BRDA:191,10,0,0
BRDA:212,11,0,0
BRDA:221,12,0,0
BRDA:265,13,0,0
BRDA:266,14,0,0
BRDA:273,15,0,0
BRDA:285,16,0,0
BRF:22
BRH:0
end_of_record
TN:
SF:src/validation/sanitize.ts
FN:373,(anonymous_0)
FN:15,(anonymous_1)
FN:34,sanitizeString
FN:88,sanitizeStringDetailed
FN:130,containsXssPatterns
FN:144,containsSqlInjection
FN:159,containsPathTraversal
FN:167,validateStringSafety
FN:175,escapeHtml
FN:185,(anonymous_9)
FN:188,unescapeHtml
FN:198,(anonymous_11)
FN:201,sanitizeHtmlContent
FN:221,sanitizeEmail
FN:233,sanitizeUrl
FN:249,sanitizeFilename
FN:265,sanitizeSearchQuery
FN:283,sanitizeObject
FN:297,sanitizeValue
FN:307,(anonymous_19)
FN:335,(anonymous_20)
FN:344,strictSanitize
FN:361,createSanitizedString
FN:362,(anonymous_23)
FN:365,(anonymous_24)
FNF:25
FNH:0
FNDA:0,(anonymous_0)
FNDA:0,(anonymous_1)
FNDA:0,sanitizeString
FNDA:0,sanitizeStringDetailed
FNDA:0,containsXssPatterns
FNDA:0,containsSqlInjection
FNDA:0,containsPathTraversal
FNDA:0,validateStringSafety
FNDA:0,escapeHtml
FNDA:0,(anonymous_9)
FNDA:0,unescapeHtml
FNDA:0,(anonymous_11)
FNDA:0,sanitizeHtmlContent
FNDA:0,sanitizeEmail
FNDA:0,sanitizeUrl
FNDA:0,sanitizeFilename
FNDA:0,sanitizeSearchQuery
FNDA:0,sanitizeObject
FNDA:0,sanitizeValue
FNDA:0,(anonymous_19)
FNDA:0,(anonymous_20)
FNDA:0,strictSanitize
FNDA:0,createSanitizedString
FNDA:0,(anonymous_23)
FNDA:0,(anonymous_24)
DA:1,0
DA:15,0
DA:16,0
DA:17,0
DA:18,0
DA:19,0
DA:20,0
DA:21,0
DA:34,0
DA:44,0
DA:46,0
DA:47,0
DA:50,0
DA:53,0
DA:54,0
DA:58,0
DA:61,0
DA:62,0
DA:64,0
DA:68,0
DA:69,0
DA:73,0
DA:76,0
DA:77,0
DA:81,0
DA:82,0
DA:85,0
DA:88,0
DA:92,0
DA:95,0
DA:96,0
DA:100,0
DA:101,0
DA:105,0
DA:106,0
DA:110,0
DA:111,0
DA:115,0
DA:116,0
DA:119,0
DA:130,0
DA:131,0
DA:133,0
DA:134,0
DA:135,0
DA:136,0
DA:137,0
DA:139,0
DA:140,0
DA:141,0
DA:144,0
DA:145,0
DA:147,0
DA:148,0
DA:149,0
DA:150,0
DA:151,0
DA:152,0
DA:153,0
DA:154,0
DA:155,0
DA:156,0
DA:159,0
DA:161,0
DA:162,0
DA:163,0
DA:164,0
DA:167,0
DA:168,0
DA:175,0
DA:176,0
DA:185,0
DA:188,0
DA:189,0
DA:198,0
DA:201,0
DA:203,0
DA:206,0
DA:209,0
DA:212,0
DA:214,0
DA:221,0
DA:222,0
DA:225,0
DA:226,0
DA:227,0
DA:230,0
DA:233,0
DA:234,0
DA:236,0
DA:237,0
DA:239,0
DA:240,0
DA:243,0
DA:245,0
DA:249,0
DA:251,0
DA:252,0
DA:255,0
DA:258,0
DA:259,0
DA:262,0
DA:265,0
DA:266,0
DA:270,0
DA:283,0
DA:291,0
DA:293,0
DA:294,0
DA:298,0
DA:299,0
DA:302,0
DA:303,0
DA:306,0
DA:307,0
DA:310,0
DA:311,0
DA:312,0
DA:313,0
DA:316,0
DA:317,0
DA:318,0
DA:319,0
DA:321,0
DA:324,0
DA:327,0
DA:334,0
DA:337,0
DA:339,0
DA:340,0
DA:344,0
DA:345,0
DA:347,0
DA:348,0
DA:354,0
DA:361,0
DA:362,0
DA:365,0
DA:366,0
DA:373,0
LF:140
LH:0
BRDA:15,0,0,0
BRDA:15,0,1,0
BRDA:36,1,0,0
BRDA:39,2,0,0
BRDA:40,3,0,0
BRDA:41,4,0,0
BRDA:42,5,0,0
BRDA:43,6,0,0
BRDA:46,7,0,0
BRDA:53,8,0,0
BRDA:61,9,0,0
BRDA:61,9,1,0
BRDA:68,10,0,0
BRDA:76,11,0,0
BRDA:81,12,0,0
BRDA:90,13,0,0
BRDA:95,14,0,0
BRDA:100,15,0,0
BRDA:105,16,0,0
BRDA:110,17,0,0
BRDA:115,18,0,0
BRDA:133,19,0,0
BRDA:134,20,0,0
BRDA:135,21,0,0
BRDA:136,22,0,0
BRDA:137,23,0,0
BRDA:140,24,0,0
BRDA:147,25,0,0
BRDA:148,26,0,0
BRDA:149,27,0,0
BRDA:149,28,0,0
BRDA:149,28,1,0
BRDA:150,29,0,0
BRDA:150,30,0,0
BRDA:150,30,1,0
BRDA:151,31,0,0
BRDA:151,32,0,0
BRDA:151,32,1,0
BRDA:152,33,0,0
BRDA:152,34,0,0
BRDA:152,34,1,0
BRDA:153,35,0,0
BRDA:153,36,0,0
BRDA:153,36,1,0
BRDA:154,37,0,0
BRDA:154,38,0,0
BRDA:154,38,1,0
BRDA:155,39,0,0
BRDA:155,40,0,0
BRDA:155,40,1,0
BRDA:161,41,0,0
BRDA:161,42,0,0
BRDA:161,42,1,0
BRDA:162,43,0,0
BRDA:163,44,0,0
BRDA:163,45,0,0
BRDA:163,45,1,0
BRDA:226,46,0,0
BRDA:233,47,0,0
BRDA:239,48,0,0
BRDA:258,49,0,0
BRDA:258,50,0,0
BRDA:258,50,1,0
BRDA:258,50,2,0
BRDA:285,51,0,0
BRDA:288,52,0,0
BRDA:289,53,0,0
BRDA:290,54,0,0
BRDA:293,55,0,0
BRDA:293,56,0,0
BRDA:293,56,1,0
BRDA:298,57,0,0
BRDA:302,58,0,0
BRDA:306,59,0,0
BRDA:310,60,0,0
BRDA:310,61,0,0
BRDA:310,61,1,0
BRDA:312,62,0,0
BRDA:347,63,0,0
BRF:79
BRH:0
end_of_record
TN:
SF:src/validation/schemas.ts
FN:19,(anonymous_0)
FN:37,(anonymous_1)
FN:52,(anonymous_2)
FN:69,(anonymous_3)
FN:98,(anonymous_4)
FN:115,(anonymous_5)
FN:124,(anonymous_6)
FN:152,(anonymous_7)
FN:169,(anonymous_8)
FN:191,(anonymous_9)
FN:206,(anonymous_10)
FN:229,(anonymous_11)
FN:250,(anonymous_12)
FNF:13
FNH:0
FNDA:0,(anonymous_0)
FNDA:0,(anonymous_1)
FNDA:0,(anonymous_2)
FNDA:0,(anonymous_3)
FNDA:0,(anonymous_4)
FNDA:0,(anonymous_5)
FNDA:0,(anonymous_6)
FNDA:0,(anonymous_7)
FNDA:0,(anonymous_8)
FNDA:0,(anonymous_9)
FNDA:0,(anonymous_10)
FNDA:0,(anonymous_11)
FNDA:0,(anonymous_12)
DA:1,0
DA:7,0
DA:9,0
DA:11,0
DA:16,0
DA:20,0
DA:21,0
DA:23,0
DA:30,0
DA:39,0
DA:41,0
DA:43,0
DA:46,0
DA:54,0
DA:55,0
DA:58,0
DA:59,0
DA:61,0
DA:64,0
DA:71,0
DA:72,0
DA:75,0
DA:76,0
DA:78,0
DA:81,0
DA:91,0
DA:100,0
DA:101,0
DA:104,0
DA:105,0
DA:107,0
DA:110,0
DA:117,0
DA:120,0
DA:126,0
DA:127,0
DA:130,0
DA:131,0
DA:133,0
DA:136,0
DA:145,0
DA:154,0
DA:155,0
DA:156,0
DA:159,0
DA:160,0
DA:162,0
DA:165,0
DA:171,0
DA:174,0
DA:183,0
DA:193,0
DA:194,0
DA:196,0
DA:199,0
DA:207,0
DA:214,0
DA:226,0
DA:229,0
DA:238,0
DA:245,0
DA:252,0
DA:253,0
DA:255,0
LF:64
LH:0
BRDA:20,0,0,0
BRDA:20,1,0,0
BRDA:20,1,1,0
BRDA:39,2,0,0
BRDA:54,3,0,0
BRDA:54,4,0,0
BRDA:54,4,1,0
BRDA:58,5,0,0
BRDA:58,6,0,0
BRDA:58,6,1,0
BRDA:58,6,2,0
BRDA:71,7,0,0
BRDA:71,8,0,0
BRDA:71,8,1,0
BRDA:71,8,2,0
BRDA:71,8,3,0
BRDA:75,9,0,0
BRDA:75,10,0,0
BRDA:75,10,1,0
BRDA:100,11,0,0
BRDA:100,12,0,0
BRDA:100,12,1,0
BRDA:104,13,0,0
BRDA:104,14,0,0
BRDA:104,14,1,0
BRDA:126,15,0,0
BRDA:126,16,0,0
BRDA:126,16,1,0
BRDA:130,17,0,0
BRDA:130,18,0,0
BRDA:130,18,1,0
BRDA:154,19,0,0
BRDA:154,19,1,0
BRDA:154,19,2,0
BRDA:155,20,0,0
BRDA:159,21,0,0
BRDA:159,22,0,0
BRDA:159,22,1,0
BRDA:171,23,0,0
BRDA:171,23,1,0
BRDA:171,23,2,0
BRDA:193,24,0,0
BRDA:193,25,0,0
BRDA:193,25,1,0
BRDA:252,26,0,0
BRDA:252,27,0,0
BRDA:252,27,1,0
BRF:47
BRH:0
end_of_record
